[2020-11-20T14:26:26.507] [INFO] resLogger - 
*************** log start ***************
日志记录：{"resourceUrl":"/api/user/permission","resourceDesc":"","requestType":"GET","requestParams":"{}","responseCode":500,"responseMessage":"你没有该系统使用权限","responseDate":{"code":500,"message":"你没有该系统使用权限"},"serverIp":"当前服务器id","userIp":"127.0.0.1","userId":null,"createTime":"2020-11-20 2:26:26 ├F10: PM┤","executionTime":0}
*************** log end ***************

[2020-11-20T14:26:26.534] [INFO] resLogger - 
*************** log start ***************
日志记录：{"resourceUrl":"/api/user/token","resourceDesc":"","requestType":"GET","requestParams":"{}","responseCode":500,"responseMessage":"你没有该系统使用权限","responseDate":{"code":500,"message":"你没有该系统使用权限"},"serverIp":"当前服务器id","userIp":"127.0.0.1","userId":null,"createTime":"2020-11-20 2:26:26 ├F10: PM┤","executionTime":0}
*************** log end ***************

[2020-11-20T14:27:44.801] [INFO] resLogger - 
*************** log start ***************
日志记录：{"resourceUrl":"/api/user/permission","resourceDesc":"","requestType":"GET","requestParams":"{}","responseCode":500,"responseMessage":"你没有该系统使用权限","responseDate":{"code":500,"message":"你没有该系统使用权限"},"serverIp":"当前服务器id","userIp":"127.0.0.1","userId":null,"createTime":"2020-11-20 2:27:44 ├F10: PM┤","executionTime":0}
*************** log end ***************

[2020-11-20T14:27:44.832] [INFO] resLogger - 
*************** log start ***************
日志记录：{"resourceUrl":"/api/user/token","resourceDesc":"","requestType":"GET","requestParams":"{}","responseCode":500,"responseMessage":"你没有该系统使用权限","responseDate":{"code":500,"message":"你没有该系统使用权限"},"serverIp":"当前服务器id","userIp":"127.0.0.1","userId":null,"createTime":"2020-11-20 2:27:44 ├F10: PM┤","executionTime":0}
*************** log end ***************

[2020-11-20T14:27:48.637] [INFO] resLogger - 
*************** log start ***************
日志记录：{"resourceUrl":"/api/user/permission","resourceDesc":"","requestType":"GET","requestParams":"{}","responseCode":500,"responseMessage":"你没有该系统使用权限","responseDate":{"code":500,"message":"你没有该系统使用权限"},"serverIp":"当前服务器id","userIp":"127.0.0.1","userId":null,"createTime":"2020-11-20 2:27:48 ├F10: PM┤","executionTime":0}
*************** log end ***************

[2020-11-20T14:27:48.660] [INFO] resLogger - 
*************** log start ***************
日志记录：{"resourceUrl":"/api/user/token","resourceDesc":"","requestType":"GET","requestParams":"{}","responseCode":500,"responseMessage":"你没有该系统使用权限","responseDate":{"code":500,"message":"你没有该系统使用权限"},"serverIp":"当前服务器id","userIp":"127.0.0.1","userId":null,"createTime":"2020-11-20 2:27:48 ├F10: PM┤","executionTime":0}
*************** log end ***************

[2020-11-20T14:27:53.367] [INFO] resLogger - 
*************** log start ***************
日志记录：{"resourceUrl":"/api/user/permission","resourceDesc":"","requestType":"GET","requestParams":"{}","responseCode":500,"responseMessage":"你没有该系统使用权限","responseDate":{"code":500,"message":"你没有该系统使用权限"},"serverIp":"当前服务器id","userIp":"127.0.0.1","userId":null,"createTime":"2020-11-20 2:27:53 ├F10: PM┤","executionTime":0}
*************** log end ***************

[2020-11-20T14:27:53.392] [INFO] resLogger - 
*************** log start ***************
日志记录：{"resourceUrl":"/api/user/token","resourceDesc":"","requestType":"GET","requestParams":"{}","responseCode":500,"responseMessage":"你没有该系统使用权限","responseDate":{"code":500,"message":"你没有该系统使用权限"},"serverIp":"当前服务器id","userIp":"127.0.0.1","userId":null,"createTime":"2020-11-20 2:27:53 ├F10: PM┤","executionTime":0}
*************** log end ***************

[2020-11-20T14:28:10.320] [INFO] resLogger - 
*************** log start ***************
日志记录：{"resourceUrl":"/api/user/permission","resourceDesc":"","requestType":"GET","requestParams":"{}","responseCode":500,"responseMessage":"你没有该系统使用权限","responseDate":{"code":500,"message":"你没有该系统使用权限"},"serverIp":"当前服务器id","userIp":"127.0.0.1","userId":null,"createTime":"2020-11-20 2:28:10 ├F10: PM┤","executionTime":0}
*************** log end ***************

[2020-11-20T14:28:10.367] [INFO] resLogger - 
*************** log start ***************
日志记录：{"resourceUrl":"/api/user/token","resourceDesc":"","requestType":"GET","requestParams":"{}","responseCode":500,"responseMessage":"你没有该系统使用权限","responseDate":{"code":500,"message":"你没有该系统使用权限"},"serverIp":"当前服务器id","userIp":"127.0.0.1","userId":null,"createTime":"2020-11-20 2:28:10 ├F10: PM┤","executionTime":0}
*************** log end ***************

[2020-11-20T14:28:49.715] [INFO] resLogger - 
*************** log start ***************
日志记录：{"resourceUrl":"/api/user/permission","resourceDesc":"","requestType":"GET","requestParams":"{}","responseCode":500,"responseMessage":"你没有该系统使用权限","responseDate":{"code":500,"message":"你没有该系统使用权限"},"serverIp":"当前服务器id","userIp":"127.0.0.1","userId":null,"createTime":"2020-11-20 2:28:49 ├F10: PM┤","executionTime":0}
*************** log end ***************

[2020-11-20T14:28:49.753] [INFO] resLogger - 
*************** log start ***************
日志记录：{"resourceUrl":"/api/user/token","resourceDesc":"","requestType":"GET","requestParams":"{}","responseCode":500,"responseMessage":"你没有该系统使用权限","responseDate":{"code":500,"message":"你没有该系统使用权限"},"serverIp":"当前服务器id","userIp":"127.0.0.1","userId":null,"createTime":"2020-11-20 2:28:49 ├F10: PM┤","executionTime":0}
*************** log end ***************

[2020-11-20T14:28:52.436] [INFO] resLogger - 
*************** log start ***************
日志记录：{"resourceUrl":"/api/user/permission","resourceDesc":"","requestType":"GET","requestParams":"{}","responseCode":500,"responseMessage":"你没有该系统使用权限","responseDate":{"code":500,"message":"你没有该系统使用权限"},"serverIp":"当前服务器id","userIp":"127.0.0.1","userId":null,"createTime":"2020-11-20 2:28:52 ├F10: PM┤","executionTime":0}
*************** log end ***************

[2020-11-20T14:28:52.481] [INFO] resLogger - 
*************** log start ***************
日志记录：{"resourceUrl":"/api/user/token","resourceDesc":"","requestType":"GET","requestParams":"{}","responseCode":500,"responseMessage":"你没有该系统使用权限","responseDate":{"code":500,"message":"你没有该系统使用权限"},"serverIp":"当前服务器id","userIp":"127.0.0.1","userId":null,"createTime":"2020-11-20 2:28:52 ├F10: PM┤","executionTime":0}
*************** log end ***************

[2020-11-20T14:28:54.798] [INFO] resLogger - 
*************** log start ***************
日志记录：{"resourceUrl":"/api/user/permission","resourceDesc":"","requestType":"GET","requestParams":"{}","responseCode":500,"responseMessage":"你没有该系统使用权限","responseDate":{"code":500,"message":"你没有该系统使用权限"},"serverIp":"当前服务器id","userIp":"127.0.0.1","userId":null,"createTime":"2020-11-20 2:28:54 ├F10: PM┤","executionTime":0}
*************** log end ***************

[2020-11-20T14:28:54.863] [INFO] resLogger - 
*************** log start ***************
日志记录：{"resourceUrl":"/api/user/token","resourceDesc":"","requestType":"GET","requestParams":"{}","responseCode":500,"responseMessage":"你没有该系统使用权限","responseDate":{"code":500,"message":"你没有该系统使用权限"},"serverIp":"当前服务器id","userIp":"127.0.0.1","userId":null,"createTime":"2020-11-20 2:28:54 ├F10: PM┤","executionTime":0}
*************** log end ***************

[2020-11-20T14:28:59.115] [INFO] resLogger - 
*************** log start ***************
日志记录：{"resourceUrl":"/api/user/permission","resourceDesc":"","requestType":"GET","requestParams":"{}","responseCode":500,"responseMessage":"你没有该系统使用权限","responseDate":{"code":500,"message":"你没有该系统使用权限"},"serverIp":"当前服务器id","userIp":"127.0.0.1","userId":null,"createTime":"2020-11-20 2:28:59 ├F10: PM┤","executionTime":0}
*************** log end ***************

[2020-11-20T14:28:59.166] [INFO] resLogger - 
*************** log start ***************
日志记录：{"resourceUrl":"/api/user/token","resourceDesc":"","requestType":"GET","requestParams":"{}","responseCode":500,"responseMessage":"你没有该系统使用权限","responseDate":{"code":500,"message":"你没有该系统使用权限"},"serverIp":"当前服务器id","userIp":"127.0.0.1","userId":null,"createTime":"2020-11-20 2:28:59 ├F10: PM┤","executionTime":0}
*************** log end ***************

[2020-11-20T14:29:04.579] [INFO] resLogger - 
*************** log start ***************
日志记录：{"resourceUrl":"/api/user/permission","resourceDesc":"","requestType":"GET","requestParams":"{}","responseCode":500,"responseMessage":"你没有该系统使用权限","responseDate":{"code":500,"message":"你没有该系统使用权限"},"serverIp":"当前服务器id","userIp":"127.0.0.1","userId":null,"createTime":"2020-11-20 2:29:04 ├F10: PM┤","executionTime":0}
*************** log end ***************

[2020-11-20T14:29:04.610] [INFO] resLogger - 
*************** log start ***************
日志记录：{"resourceUrl":"/api/user/token","resourceDesc":"","requestType":"GET","requestParams":"{}","responseCode":500,"responseMessage":"你没有该系统使用权限","responseDate":{"code":500,"message":"你没有该系统使用权限"},"serverIp":"当前服务器id","userIp":"127.0.0.1","userId":null,"createTime":"2020-11-20 2:29:04 ├F10: PM┤","executionTime":0}
*************** log end ***************

[2020-11-20T14:29:10.358] [INFO] resLogger - 
*************** log start ***************
日志记录：{"resourceUrl":"/api/user/permission","resourceDesc":"","requestType":"GET","requestParams":"{}","responseCode":500,"responseMessage":"你没有该系统使用权限","responseDate":{"code":500,"message":"你没有该系统使用权限"},"serverIp":"当前服务器id","userIp":"127.0.0.1","userId":null,"createTime":"2020-11-20 2:29:10 ├F10: PM┤","executionTime":0}
*************** log end ***************

[2020-11-20T14:29:10.380] [INFO] resLogger - 
*************** log start ***************
日志记录：{"resourceUrl":"/api/user/token","resourceDesc":"","requestType":"GET","requestParams":"{}","responseCode":500,"responseMessage":"你没有该系统使用权限","responseDate":{"code":500,"message":"你没有该系统使用权限"},"serverIp":"当前服务器id","userIp":"127.0.0.1","userId":null,"createTime":"2020-11-20 2:29:10 ├F10: PM┤","executionTime":0}
*************** log end ***************

[2020-11-20T14:29:23.294] [INFO] resLogger - 
*************** log start ***************
日志记录：{"resourceUrl":"/api/user/permission","resourceDesc":"","requestType":"GET","requestParams":"{}","responseCode":500,"responseMessage":"你没有该系统使用权限","responseDate":{"code":500,"message":"你没有该系统使用权限"},"serverIp":"当前服务器id","userIp":"127.0.0.1","userId":null,"createTime":"2020-11-20 2:29:23 ├F10: PM┤","executionTime":0}
*************** log end ***************

[2020-11-20T14:29:23.328] [INFO] resLogger - 
*************** log start ***************
日志记录：{"resourceUrl":"/api/user/token","resourceDesc":"","requestType":"GET","requestParams":"{}","responseCode":500,"responseMessage":"你没有该系统使用权限","responseDate":{"code":500,"message":"你没有该系统使用权限"},"serverIp":"当前服务器id","userIp":"127.0.0.1","userId":null,"createTime":"2020-11-20 2:29:23 ├F10: PM┤","executionTime":0}
*************** log end ***************

[2020-11-20T14:29:59.348] [INFO] resLogger - 
*************** log start ***************
日志记录：{"resourceUrl":"/api/user/permission","resourceDesc":"","requestType":"GET","requestParams":"{}","responseCode":500,"responseMessage":"你没有该系统使用权限","responseDate":{"code":500,"message":"你没有该系统使用权限"},"serverIp":"当前服务器id","userIp":"127.0.0.1","userId":null,"createTime":"2020-11-20 2:29:59 ├F10: PM┤","executionTime":0}
*************** log end ***************

[2020-11-20T14:29:59.366] [INFO] resLogger - 
*************** log start ***************
日志记录：{"resourceUrl":"/api/user/token","resourceDesc":"","requestType":"GET","requestParams":"{}","responseCode":500,"responseMessage":"你没有该系统使用权限","responseDate":{"code":500,"message":"你没有该系统使用权限"},"serverIp":"当前服务器id","userIp":"127.0.0.1","userId":null,"createTime":"2020-11-20 2:29:59 ├F10: PM┤","executionTime":0}
*************** log end ***************

[2020-11-20T14:30:00.778] [INFO] resLogger - 
*************** log start ***************
日志记录：{"resourceUrl":"/api/user/permission","resourceDesc":"","requestType":"GET","requestParams":"{}","responseCode":500,"responseMessage":"你没有该系统使用权限","responseDate":{"code":500,"message":"你没有该系统使用权限"},"serverIp":"当前服务器id","userIp":"127.0.0.1","userId":null,"createTime":"2020-11-20 2:30:00 ├F10: PM┤","executionTime":0}
*************** log end ***************

[2020-11-20T14:30:00.875] [INFO] resLogger - 
*************** log start ***************
日志记录：{"resourceUrl":"/api/user/token","resourceDesc":"","requestType":"GET","requestParams":"{}","responseCode":500,"responseMessage":"你没有该系统使用权限","responseDate":{"code":500,"message":"你没有该系统使用权限"},"serverIp":"当前服务器id","userIp":"127.0.0.1","userId":null,"createTime":"2020-11-20 2:30:00 ├F10: PM┤","executionTime":0}
*************** log end ***************

[2020-11-20T14:30:01.971] [INFO] resLogger - 
*************** log start ***************
日志记录：{"resourceUrl":"/api/user/permission","resourceDesc":"","requestType":"GET","requestParams":"{}","responseCode":500,"responseMessage":"你没有该系统使用权限","responseDate":{"code":500,"message":"你没有该系统使用权限"},"serverIp":"当前服务器id","userIp":"127.0.0.1","userId":null,"createTime":"2020-11-20 2:30:01 ├F10: PM┤","executionTime":0}
*************** log end ***************

[2020-11-20T14:30:02.005] [INFO] resLogger - 
*************** log start ***************
日志记录：{"resourceUrl":"/api/user/token","resourceDesc":"","requestType":"GET","requestParams":"{}","responseCode":500,"responseMessage":"你没有该系统使用权限","responseDate":{"code":500,"message":"你没有该系统使用权限"},"serverIp":"当前服务器id","userIp":"127.0.0.1","userId":null,"createTime":"2020-11-20 2:30:01 ├F10: PM┤","executionTime":0}
*************** log end ***************

[2020-11-20T14:30:13.747] [INFO] resLogger - 
*************** log start ***************
日志记录：{"resourceUrl":"/api/user/permission","resourceDesc":"","requestType":"GET","requestParams":"{}","responseCode":500,"responseMessage":"你没有该系统使用权限","responseDate":{"code":500,"message":"你没有该系统使用权限"},"serverIp":"当前服务器id","userIp":"127.0.0.1","userId":null,"createTime":"2020-11-20 2:30:13 ├F10: PM┤","executionTime":0}
*************** log end ***************

[2020-11-20T14:30:13.774] [INFO] resLogger - 
*************** log start ***************
日志记录：{"resourceUrl":"/api/user/token","resourceDesc":"","requestType":"GET","requestParams":"{}","responseCode":500,"responseMessage":"你没有该系统使用权限","responseDate":{"code":500,"message":"你没有该系统使用权限"},"serverIp":"当前服务器id","userIp":"127.0.0.1","userId":null,"createTime":"2020-11-20 2:30:13 ├F10: PM┤","executionTime":0}
*************** log end ***************

[2020-11-20T14:31:23.716] [INFO] resLogger - 
*************** log start ***************
日志记录：{"resourceUrl":"/api/user/permission","resourceDesc":"","requestType":"GET","requestParams":"{}","responseCode":500,"responseMessage":"你没有该系统使用权限","responseDate":{"code":500,"message":"你没有该系统使用权限"},"serverIp":"当前服务器id","userIp":"127.0.0.1","userId":null,"createTime":"2020-11-20 2:31:23 ├F10: PM┤","executionTime":0}
*************** log end ***************

[2020-11-20T14:31:23.743] [INFO] resLogger - 
*************** log start ***************
日志记录：{"resourceUrl":"/api/user/token","resourceDesc":"","requestType":"GET","requestParams":"{}","responseCode":500,"responseMessage":"你没有该系统使用权限","responseDate":{"code":500,"message":"你没有该系统使用权限"},"serverIp":"当前服务器id","userIp":"127.0.0.1","userId":null,"createTime":"2020-11-20 2:31:23 ├F10: PM┤","executionTime":0}
*************** log end ***************

[2020-11-20T14:31:54.303] [INFO] resLogger - 
*************** log start ***************
日志记录：{"resourceUrl":"/api/user/permission","resourceDesc":"","requestType":"GET","requestParams":"{}","responseCode":500,"responseMessage":"你没有该系统使用权限","responseDate":{"code":500,"message":"你没有该系统使用权限"},"serverIp":"当前服务器id","userIp":"127.0.0.1","userId":null,"createTime":"2020-11-20 2:31:54 ├F10: PM┤","executionTime":0}
*************** log end ***************

[2020-11-20T14:31:54.329] [INFO] resLogger - 
*************** log start ***************
日志记录：{"resourceUrl":"/api/user/token","resourceDesc":"","requestType":"GET","requestParams":"{}","responseCode":500,"responseMessage":"你没有该系统使用权限","responseDate":{"code":500,"message":"你没有该系统使用权限"},"serverIp":"当前服务器id","userIp":"127.0.0.1","userId":null,"createTime":"2020-11-20 2:31:54 ├F10: PM┤","executionTime":0}
*************** log end ***************

[2020-11-20T14:31:55.718] [INFO] resLogger - 
*************** log start ***************
日志记录：{"resourceUrl":"/api/user/permission","resourceDesc":"","requestType":"GET","requestParams":"{}","responseCode":500,"responseMessage":"你没有该系统使用权限","responseDate":{"code":500,"message":"你没有该系统使用权限"},"serverIp":"当前服务器id","userIp":"127.0.0.1","userId":null,"createTime":"2020-11-20 2:31:55 ├F10: PM┤","executionTime":0}
*************** log end ***************

[2020-11-20T14:31:55.749] [INFO] resLogger - 
*************** log start ***************
日志记录：{"resourceUrl":"/api/user/token","resourceDesc":"","requestType":"GET","requestParams":"{}","responseCode":500,"responseMessage":"你没有该系统使用权限","responseDate":{"code":500,"message":"你没有该系统使用权限"},"serverIp":"当前服务器id","userIp":"127.0.0.1","userId":null,"createTime":"2020-11-20 2:31:55 ├F10: PM┤","executionTime":0}
*************** log end ***************

[2020-11-20T14:32:20.926] [INFO] resLogger - 
*************** log start ***************
日志记录：{"resourceUrl":"/api/user/permission","resourceDesc":"","requestType":"GET","requestParams":"{}","responseCode":500,"responseMessage":"你没有该系统使用权限","responseDate":{"code":500,"message":"你没有该系统使用权限"},"serverIp":"当前服务器id","userIp":"127.0.0.1","userId":null,"createTime":"2020-11-20 2:32:20 ├F10: PM┤","executionTime":0}
*************** log end ***************

[2020-11-20T14:32:20.950] [INFO] resLogger - 
*************** log start ***************
日志记录：{"resourceUrl":"/api/user/token","resourceDesc":"","requestType":"GET","requestParams":"{}","responseCode":500,"responseMessage":"你没有该系统使用权限","responseDate":{"code":500,"message":"你没有该系统使用权限"},"serverIp":"当前服务器id","userIp":"127.0.0.1","userId":null,"createTime":"2020-11-20 2:32:20 ├F10: PM┤","executionTime":0}
*************** log end ***************

[2020-11-20T14:32:22.709] [INFO] resLogger - 
*************** log start ***************
日志记录：{"resourceUrl":"/api/user/permission","resourceDesc":"","requestType":"GET","requestParams":"{}","responseCode":500,"responseMessage":"你没有该系统使用权限","responseDate":{"code":500,"message":"你没有该系统使用权限"},"serverIp":"当前服务器id","userIp":"127.0.0.1","userId":null,"createTime":"2020-11-20 2:32:22 ├F10: PM┤","executionTime":0}
*************** log end ***************

[2020-11-20T14:32:22.759] [INFO] resLogger - 
*************** log start ***************
日志记录：{"resourceUrl":"/api/user/token","resourceDesc":"","requestType":"GET","requestParams":"{}","responseCode":500,"responseMessage":"你没有该系统使用权限","responseDate":{"code":500,"message":"你没有该系统使用权限"},"serverIp":"当前服务器id","userIp":"127.0.0.1","userId":null,"createTime":"2020-11-20 2:32:22 ├F10: PM┤","executionTime":0}
*************** log end ***************

[2020-11-20T14:36:46.042] [INFO] resLogger - 
*************** log start ***************
日志记录：{"resourceUrl":"/api/user/permission","resourceDesc":"","requestType":"GET","requestParams":"{}","responseCode":500,"responseMessage":"你没有该系统使用权限","responseDate":{"code":500,"message":"你没有该系统使用权限"},"serverIp":"当前服务器id","userIp":"127.0.0.1","userId":null,"createTime":"2020-11-20 2:36:46 ├F10: PM┤","executionTime":0}
*************** log end ***************

[2020-11-20T14:36:46.098] [INFO] resLogger - 
*************** log start ***************
日志记录：{"resourceUrl":"/api/user/token","resourceDesc":"","requestType":"GET","requestParams":"{}","responseCode":500,"responseMessage":"你没有该系统使用权限","responseDate":{"code":500,"message":"你没有该系统使用权限"},"serverIp":"当前服务器id","userIp":"127.0.0.1","userId":null,"createTime":"2020-11-20 2:36:46 ├F10: PM┤","executionTime":0}
*************** log end ***************

[2020-11-20T14:37:51.082] [INFO] resLogger - 
*************** log start ***************
日志记录：{"resourceUrl":"/api/user/permission","resourceDesc":"","requestType":"GET","requestParams":"{}","responseCode":500,"responseMessage":"你没有该系统使用权限","responseDate":{"code":500,"message":"你没有该系统使用权限"},"serverIp":"当前服务器id","userIp":"127.0.0.1","userId":null,"createTime":"2020-11-20 2:37:50 ├F10: PM┤","executionTime":0}
*************** log end ***************

[2020-11-20T14:37:51.123] [INFO] resLogger - 
*************** log start ***************
日志记录：{"resourceUrl":"/api/user/token","resourceDesc":"","requestType":"GET","requestParams":"{}","responseCode":500,"responseMessage":"你没有该系统使用权限","responseDate":{"code":500,"message":"你没有该系统使用权限"},"serverIp":"当前服务器id","userIp":"127.0.0.1","userId":null,"createTime":"2020-11-20 2:37:51 ├F10: PM┤","executionTime":0}
*************** log end ***************

[2020-11-20T14:38:16.141] [INFO] resLogger - 
*************** log start ***************
日志记录：{"resourceUrl":"/api/user/permission","resourceDesc":"","requestType":"GET","requestParams":"{}","responseCode":500,"responseMessage":"你没有该系统使用权限","responseDate":{"code":500,"message":"你没有该系统使用权限"},"serverIp":"当前服务器id","userIp":"127.0.0.1","userId":null,"createTime":"2020-11-20 2:38:16 ├F10: PM┤","executionTime":0}
*************** log end ***************

[2020-11-20T14:38:16.161] [INFO] resLogger - 
*************** log start ***************
日志记录：{"resourceUrl":"/api/user/token","resourceDesc":"","requestType":"GET","requestParams":"{}","responseCode":500,"responseMessage":"你没有该系统使用权限","responseDate":{"code":500,"message":"你没有该系统使用权限"},"serverIp":"当前服务器id","userIp":"127.0.0.1","userId":null,"createTime":"2020-11-20 2:38:16 ├F10: PM┤","executionTime":0}
*************** log end ***************

[2020-11-20T14:38:20.735] [INFO] resLogger - 
*************** log start ***************
日志记录：{"resourceUrl":"/api/user/permission","resourceDesc":"","requestType":"GET","requestParams":"{}","responseCode":500,"responseMessage":"你没有该系统使用权限","responseDate":{"code":500,"message":"你没有该系统使用权限"},"serverIp":"当前服务器id","userIp":"127.0.0.1","userId":null,"createTime":"2020-11-20 2:38:20 ├F10: PM┤","executionTime":0}
*************** log end ***************

[2020-11-20T14:38:20.748] [INFO] resLogger - 
*************** log start ***************
日志记录：{"resourceUrl":"/api/user/token","resourceDesc":"","requestType":"GET","requestParams":"{}","responseCode":500,"responseMessage":"你没有该系统使用权限","responseDate":{"code":500,"message":"你没有该系统使用权限"},"serverIp":"当前服务器id","userIp":"127.0.0.1","userId":null,"createTime":"2020-11-20 2:38:20 ├F10: PM┤","executionTime":0}
*************** log end ***************

[2020-11-20T14:39:05.947] [INFO] resLogger - 
*************** log start ***************
日志记录：{"resourceUrl":"/api/user/permission","resourceDesc":"","requestType":"GET","requestParams":"{}","responseCode":590,"responseMessage":"你没有该系统使用权限","responseDate":{"code":590,"message":"你没有该系统使用权限"},"serverIp":"当前服务器id","userIp":"127.0.0.1","userId":null,"createTime":"2020-11-20 2:39:05 ├F10: PM┤","executionTime":0}
*************** log end ***************

[2020-11-20T14:39:05.973] [INFO] resLogger - 
*************** log start ***************
日志记录：{"resourceUrl":"/api/user/token","resourceDesc":"","requestType":"GET","requestParams":"{}","responseCode":590,"responseMessage":"你没有该系统使用权限","responseDate":{"code":590,"message":"你没有该系统使用权限"},"serverIp":"当前服务器id","userIp":"127.0.0.1","userId":null,"createTime":"2020-11-20 2:39:05 ├F10: PM┤","executionTime":0}
*************** log end ***************

[2020-11-20T14:39:07.401] [INFO] resLogger - 
*************** log start ***************
日志记录：{"resourceUrl":"/api/user/permission","resourceDesc":"","requestType":"GET","requestParams":"{}","responseCode":590,"responseMessage":"你没有该系统使用权限","responseDate":{"code":590,"message":"你没有该系统使用权限"},"serverIp":"当前服务器id","userIp":"127.0.0.1","userId":null,"createTime":"2020-11-20 2:39:07 ├F10: PM┤","executionTime":0}
*************** log end ***************

[2020-11-20T14:39:07.425] [INFO] resLogger - 
*************** log start ***************
日志记录：{"resourceUrl":"/api/user/token","resourceDesc":"","requestType":"GET","requestParams":"{}","responseCode":590,"responseMessage":"你没有该系统使用权限","responseDate":{"code":590,"message":"你没有该系统使用权限"},"serverIp":"当前服务器id","userIp":"127.0.0.1","userId":null,"createTime":"2020-11-20 2:39:07 ├F10: PM┤","executionTime":0}
*************** log end ***************

[2020-11-20T14:39:08.642] [INFO] resLogger - 
*************** log start ***************
日志记录：{"resourceUrl":"/api/user/permission","resourceDesc":"","requestType":"GET","requestParams":"{}","responseCode":590,"responseMessage":"你没有该系统使用权限","responseDate":{"code":590,"message":"你没有该系统使用权限"},"serverIp":"当前服务器id","userIp":"127.0.0.1","userId":null,"createTime":"2020-11-20 2:39:08 ├F10: PM┤","executionTime":0}
*************** log end ***************

[2020-11-20T14:39:08.670] [INFO] resLogger - 
*************** log start ***************
日志记录：{"resourceUrl":"/api/user/token","resourceDesc":"","requestType":"GET","requestParams":"{}","responseCode":590,"responseMessage":"你没有该系统使用权限","responseDate":{"code":590,"message":"你没有该系统使用权限"},"serverIp":"当前服务器id","userIp":"127.0.0.1","userId":null,"createTime":"2020-11-20 2:39:08 ├F10: PM┤","executionTime":0}
*************** log end ***************

[2020-11-20T14:39:10.831] [INFO] resLogger - 
*************** log start ***************
日志记录：{"resourceUrl":"/api/user/permission","resourceDesc":"","requestType":"GET","requestParams":"{}","responseCode":590,"responseMessage":"你没有该系统使用权限","responseDate":{"code":590,"message":"你没有该系统使用权限"},"serverIp":"当前服务器id","userIp":"127.0.0.1","userId":null,"createTime":"2020-11-20 2:39:10 ├F10: PM┤","executionTime":0}
*************** log end ***************

[2020-11-20T14:39:10.971] [INFO] resLogger - 
*************** log start ***************
日志记录：{"resourceUrl":"/api/user/token","resourceDesc":"","requestType":"GET","requestParams":"{}","responseCode":590,"responseMessage":"你没有该系统使用权限","responseDate":{"code":590,"message":"你没有该系统使用权限"},"serverIp":"当前服务器id","userIp":"127.0.0.1","userId":null,"createTime":"2020-11-20 2:39:10 ├F10: PM┤","executionTime":0}
*************** log end ***************

[2020-11-20T14:39:11.741] [INFO] resLogger - 
*************** log start ***************
日志记录：{"resourceUrl":"/api/user/permission","resourceDesc":"","requestType":"GET","requestParams":"{}","responseCode":590,"responseMessage":"你没有该系统使用权限","responseDate":{"code":590,"message":"你没有该系统使用权限"},"serverIp":"当前服务器id","userIp":"127.0.0.1","userId":null,"createTime":"2020-11-20 2:39:11 ├F10: PM┤","executionTime":0}
*************** log end ***************

[2020-11-20T14:39:11.760] [INFO] resLogger - 
*************** log start ***************
日志记录：{"resourceUrl":"/api/user/token","resourceDesc":"","requestType":"GET","requestParams":"{}","responseCode":590,"responseMessage":"你没有该系统使用权限","responseDate":{"code":590,"message":"你没有该系统使用权限"},"serverIp":"当前服务器id","userIp":"127.0.0.1","userId":null,"createTime":"2020-11-20 2:39:11 ├F10: PM┤","executionTime":0}
*************** log end ***************

[2020-11-20T14:39:12.594] [INFO] resLogger - 
*************** log start ***************
日志记录：{"resourceUrl":"/api/user/permission","resourceDesc":"","requestType":"GET","requestParams":"{}","responseCode":590,"responseMessage":"你没有该系统使用权限","responseDate":{"code":590,"message":"你没有该系统使用权限"},"serverIp":"当前服务器id","userIp":"127.0.0.1","userId":null,"createTime":"2020-11-20 2:39:12 ├F10: PM┤","executionTime":0}
*************** log end ***************

[2020-11-20T14:39:12.613] [INFO] resLogger - 
*************** log start ***************
日志记录：{"resourceUrl":"/api/user/token","resourceDesc":"","requestType":"GET","requestParams":"{}","responseCode":590,"responseMessage":"你没有该系统使用权限","responseDate":{"code":590,"message":"你没有该系统使用权限"},"serverIp":"当前服务器id","userIp":"127.0.0.1","userId":null,"createTime":"2020-11-20 2:39:12 ├F10: PM┤","executionTime":0}
*************** log end ***************

[2020-11-20T14:39:37.304] [INFO] resLogger - 
*************** log start ***************
日志记录：{"resourceUrl":"/api/user/permission","resourceDesc":"","requestType":"GET","requestParams":"{}","responseCode":590,"responseMessage":"你没有该系统使用权限","responseDate":{"code":590,"message":"你没有该系统使用权限"},"serverIp":"当前服务器id","userIp":"127.0.0.1","userId":null,"createTime":"2020-11-20 2:39:37 ├F10: PM┤","executionTime":0}
*************** log end ***************

[2020-11-20T14:39:37.342] [INFO] resLogger - 
*************** log start ***************
日志记录：{"resourceUrl":"/api/user/token","resourceDesc":"","requestType":"GET","requestParams":"{}","responseCode":590,"responseMessage":"你没有该系统使用权限","responseDate":{"code":590,"message":"你没有该系统使用权限"},"serverIp":"当前服务器id","userIp":"127.0.0.1","userId":null,"createTime":"2020-11-20 2:39:37 ├F10: PM┤","executionTime":0}
*************** log end ***************

[2020-11-20T14:39:50.326] [INFO] resLogger - 
*************** log start ***************
日志记录：{"resourceUrl":"/api/user/permission","resourceDesc":"","requestType":"GET","requestParams":"{}","responseCode":590,"responseMessage":"你没有该系统使用权限","responseDate":{"code":590,"message":"你没有该系统使用权限"},"serverIp":"当前服务器id","userIp":"127.0.0.1","userId":null,"createTime":"2020-11-20 2:39:50 ├F10: PM┤","executionTime":0}
*************** log end ***************

[2020-11-20T14:39:50.366] [INFO] resLogger - 
*************** log start ***************
日志记录：{"resourceUrl":"/api/user/token","resourceDesc":"","requestType":"GET","requestParams":"{}","responseCode":590,"responseMessage":"你没有该系统使用权限","responseDate":{"code":590,"message":"你没有该系统使用权限"},"serverIp":"当前服务器id","userIp":"127.0.0.1","userId":null,"createTime":"2020-11-20 2:39:50 ├F10: PM┤","executionTime":0}
*************** log end ***************

[2020-11-20T14:42:47.376] [INFO] resLogger - 
*************** log start ***************
日志记录：{"resourceUrl":"/api/user/permission","resourceDesc":"","requestType":"GET","requestParams":"{}","responseCode":590,"responseMessage":"你没有该系统使用权限","responseDate":{"code":590,"message":"你没有该系统使用权限"},"serverIp":"当前服务器id","userIp":"127.0.0.1","userId":null,"createTime":"2020-11-20 2:42:47 ├F10: PM┤","executionTime":0}
*************** log end ***************

[2020-11-20T14:42:47.404] [INFO] resLogger - 
*************** log start ***************
日志记录：{"resourceUrl":"/api/user/token","resourceDesc":"","requestType":"GET","requestParams":"{}","responseCode":590,"responseMessage":"你没有该系统使用权限","responseDate":{"code":590,"message":"你没有该系统使用权限"},"serverIp":"当前服务器id","userIp":"127.0.0.1","userId":null,"createTime":"2020-11-20 2:42:47 ├F10: PM┤","executionTime":0}
*************** log end ***************

[2020-11-20T14:42:52.485] [INFO] resLogger - 
*************** log start ***************
日志记录：{"resourceUrl":"/api/user/permission","resourceDesc":"","requestType":"GET","requestParams":"{}","responseCode":590,"responseMessage":"你没有该系统使用权限","responseDate":{"code":590,"message":"你没有该系统使用权限"},"serverIp":"当前服务器id","userIp":"127.0.0.1","userId":null,"createTime":"2020-11-20 2:42:52 ├F10: PM┤","executionTime":0}
*************** log end ***************

[2020-11-20T14:42:52.503] [INFO] resLogger - 
*************** log start ***************
日志记录：{"resourceUrl":"/api/user/token","resourceDesc":"","requestType":"GET","requestParams":"{}","responseCode":590,"responseMessage":"你没有该系统使用权限","responseDate":{"code":590,"message":"你没有该系统使用权限"},"serverIp":"当前服务器id","userIp":"127.0.0.1","userId":null,"createTime":"2020-11-20 2:42:52 ├F10: PM┤","executionTime":0}
*************** log end ***************

[2020-11-20T14:43:36.490] [INFO] resLogger - 
*************** log start ***************
日志记录：{"resourceUrl":"/api/user/permission","resourceDesc":"","requestType":"GET","requestParams":"{}","responseCode":590,"responseMessage":"你没有该系统使用权限","responseDate":{"code":590,"message":"你没有该系统使用权限"},"serverIp":"当前服务器id","userIp":"127.0.0.1","userId":null,"createTime":"2020-11-20 2:43:36 ├F10: PM┤","executionTime":0}
*************** log end ***************

[2020-11-20T14:43:36.509] [INFO] resLogger - 
*************** log start ***************
日志记录：{"resourceUrl":"/api/user/token","resourceDesc":"","requestType":"GET","requestParams":"{}","responseCode":590,"responseMessage":"你没有该系统使用权限","responseDate":{"code":590,"message":"你没有该系统使用权限"},"serverIp":"当前服务器id","userIp":"127.0.0.1","userId":null,"createTime":"2020-11-20 2:43:36 ├F10: PM┤","executionTime":0}
*************** log end ***************

[2020-11-20T14:43:45.437] [INFO] resLogger - 
*************** log start ***************
日志记录：{"resourceUrl":"/api/user/permission","resourceDesc":"","requestType":"GET","requestParams":"{}","responseCode":590,"responseMessage":"你没有该系统使用权限","responseDate":{"code":590,"message":"你没有该系统使用权限"},"serverIp":"当前服务器id","userIp":"127.0.0.1","userId":null,"createTime":"2020-11-20 2:43:45 ├F10: PM┤","executionTime":0}
*************** log end ***************

[2020-11-20T14:43:45.455] [INFO] resLogger - 
*************** log start ***************
日志记录：{"resourceUrl":"/api/user/token","resourceDesc":"","requestType":"GET","requestParams":"{}","responseCode":590,"responseMessage":"你没有该系统使用权限","responseDate":{"code":590,"message":"你没有该系统使用权限"},"serverIp":"当前服务器id","userIp":"127.0.0.1","userId":null,"createTime":"2020-11-20 2:43:45 ├F10: PM┤","executionTime":0}
*************** log end ***************

[2020-11-20T14:44:17.259] [INFO] resLogger - 
*************** log start ***************
日志记录：{"resourceUrl":"/api/user/permission","resourceDesc":"","requestType":"GET","requestParams":"{}","responseCode":590,"responseMessage":"你没有该系统使用权限","responseDate":{"code":590,"message":"你没有该系统使用权限"},"serverIp":"当前服务器id","userIp":"127.0.0.1","userId":null,"createTime":"2020-11-20 2:44:17 ├F10: PM┤","executionTime":0}
*************** log end ***************

[2020-11-20T14:44:17.287] [INFO] resLogger - 
*************** log start ***************
日志记录：{"resourceUrl":"/api/user/token","resourceDesc":"","requestType":"GET","requestParams":"{}","responseCode":590,"responseMessage":"你没有该系统使用权限","responseDate":{"code":590,"message":"你没有该系统使用权限"},"serverIp":"当前服务器id","userIp":"127.0.0.1","userId":null,"createTime":"2020-11-20 2:44:17 ├F10: PM┤","executionTime":0}
*************** log end ***************

[2020-11-20T14:44:20.875] [INFO] resLogger - 
*************** log start ***************
日志记录：{"resourceUrl":"/api/user/permission","resourceDesc":"","requestType":"GET","requestParams":"{}","responseCode":590,"responseMessage":"你没有该系统使用权限","responseDate":{"code":590,"message":"你没有该系统使用权限"},"serverIp":"当前服务器id","userIp":"127.0.0.1","userId":null,"createTime":"2020-11-20 2:44:20 ├F10: PM┤","executionTime":0}
*************** log end ***************

[2020-11-20T14:44:20.903] [INFO] resLogger - 
*************** log start ***************
日志记录：{"resourceUrl":"/api/user/token","resourceDesc":"","requestType":"GET","requestParams":"{}","responseCode":590,"responseMessage":"你没有该系统使用权限","responseDate":{"code":590,"message":"你没有该系统使用权限"},"serverIp":"当前服务器id","userIp":"127.0.0.1","userId":null,"createTime":"2020-11-20 2:44:20 ├F10: PM┤","executionTime":0}
*************** log end ***************

[2020-11-20T14:45:15.010] [INFO] resLogger - 
*************** log start ***************
日志记录：{"resourceUrl":"/api/user/permission","resourceDesc":"","requestType":"GET","requestParams":"{}","responseCode":590,"responseMessage":"你没有该系统使用权限","responseDate":{"code":590,"message":"你没有该系统使用权限"},"serverIp":"当前服务器id","userIp":"127.0.0.1","userId":null,"createTime":"2020-11-20 2:45:14 ├F10: PM┤","executionTime":0}
*************** log end ***************

[2020-11-20T14:45:15.061] [INFO] resLogger - 
*************** log start ***************
日志记录：{"resourceUrl":"/api/user/token","resourceDesc":"","requestType":"GET","requestParams":"{}","responseCode":590,"responseMessage":"你没有该系统使用权限","responseDate":{"code":590,"message":"你没有该系统使用权限"},"serverIp":"当前服务器id","userIp":"127.0.0.1","userId":null,"createTime":"2020-11-20 2:45:15 ├F10: PM┤","executionTime":0}
*************** log end ***************

[2020-11-20T14:45:50.917] [INFO] resLogger - 
*************** log start ***************
日志记录：{"resourceUrl":"/api/user/permission","resourceDesc":"","requestType":"GET","requestParams":"{}","responseCode":590,"responseMessage":"你没有该系统使用权限","responseDate":{"code":590,"message":"你没有该系统使用权限"},"serverIp":"当前服务器id","userIp":"127.0.0.1","userId":null,"createTime":"2020-11-20 2:45:50 ├F10: PM┤","executionTime":0}
*************** log end ***************

[2020-11-20T14:45:50.953] [INFO] resLogger - 
*************** log start ***************
日志记录：{"resourceUrl":"/api/user/token","resourceDesc":"","requestType":"GET","requestParams":"{}","responseCode":590,"responseMessage":"你没有该系统使用权限","responseDate":{"code":590,"message":"你没有该系统使用权限"},"serverIp":"当前服务器id","userIp":"127.0.0.1","userId":null,"createTime":"2020-11-20 2:45:50 ├F10: PM┤","executionTime":0}
*************** log end ***************

[2020-11-20T14:45:55.474] [INFO] resLogger - 
*************** log start ***************
日志记录：{"resourceUrl":"/api/user/permission","resourceDesc":"","requestType":"GET","requestParams":"{}","responseCode":590,"responseMessage":"你没有该系统使用权限","responseDate":{"code":590,"message":"你没有该系统使用权限"},"serverIp":"当前服务器id","userIp":"127.0.0.1","userId":null,"createTime":"2020-11-20 2:45:55 ├F10: PM┤","executionTime":0}
*************** log end ***************

[2020-11-20T14:45:55.507] [INFO] resLogger - 
*************** log start ***************
日志记录：{"resourceUrl":"/api/user/token","resourceDesc":"","requestType":"GET","requestParams":"{}","responseCode":590,"responseMessage":"你没有该系统使用权限","responseDate":{"code":590,"message":"你没有该系统使用权限"},"serverIp":"当前服务器id","userIp":"127.0.0.1","userId":null,"createTime":"2020-11-20 2:45:55 ├F10: PM┤","executionTime":0}
*************** log end ***************

[2020-11-20T14:47:03.501] [INFO] resLogger - 
*************** log start ***************
日志记录：{"resourceUrl":"/api/user/permission","resourceDesc":"","requestType":"GET","requestParams":"{}","responseCode":590,"responseMessage":"你没有该系统使用权限","responseDate":{"code":590,"message":"你没有该系统使用权限"},"serverIp":"当前服务器id","userIp":"127.0.0.1","userId":null,"createTime":"2020-11-20 2:47:03 ├F10: PM┤","executionTime":0}
*************** log end ***************

[2020-11-20T14:47:03.541] [INFO] resLogger - 
*************** log start ***************
日志记录：{"resourceUrl":"/api/user/token","resourceDesc":"","requestType":"GET","requestParams":"{}","responseCode":590,"responseMessage":"你没有该系统使用权限","responseDate":{"code":590,"message":"你没有该系统使用权限"},"serverIp":"当前服务器id","userIp":"127.0.0.1","userId":null,"createTime":"2020-11-20 2:47:03 ├F10: PM┤","executionTime":0}
*************** log end ***************

[2020-11-20T14:47:05.330] [INFO] resLogger - 
*************** log start ***************
日志记录：{"resourceUrl":"/api/user/permission","resourceDesc":"","requestType":"GET","requestParams":"{}","responseCode":590,"responseMessage":"你没有该系统使用权限","responseDate":{"code":590,"message":"你没有该系统使用权限"},"serverIp":"当前服务器id","userIp":"127.0.0.1","userId":null,"createTime":"2020-11-20 2:47:05 ├F10: PM┤","executionTime":0}
*************** log end ***************

[2020-11-20T14:47:05.372] [INFO] resLogger - 
*************** log start ***************
日志记录：{"resourceUrl":"/api/user/token","resourceDesc":"","requestType":"GET","requestParams":"{}","responseCode":590,"responseMessage":"你没有该系统使用权限","responseDate":{"code":590,"message":"你没有该系统使用权限"},"serverIp":"当前服务器id","userIp":"127.0.0.1","userId":null,"createTime":"2020-11-20 2:47:05 ├F10: PM┤","executionTime":0}
*************** log end ***************

[2020-11-20T14:49:02.428] [INFO] resLogger - 
*************** log start ***************
日志记录：{"resourceUrl":"/api/user/permission","resourceDesc":"","requestType":"GET","requestParams":"{}","responseCode":590,"responseMessage":"你没有该系统使用权限","responseDate":{"code":590,"message":"你没有该系统使用权限"},"serverIp":"当前服务器id","userIp":"127.0.0.1","userId":null,"createTime":"2020-11-20 2:49:02 ├F10: PM┤","executionTime":0}
*************** log end ***************

[2020-11-20T14:49:02.485] [INFO] resLogger - 
*************** log start ***************
日志记录：{"resourceUrl":"/api/user/token","resourceDesc":"","requestType":"GET","requestParams":"{}","responseCode":590,"responseMessage":"你没有该系统使用权限","responseDate":{"code":590,"message":"你没有该系统使用权限"},"serverIp":"当前服务器id","userIp":"127.0.0.1","userId":null,"createTime":"2020-11-20 2:49:02 ├F10: PM┤","executionTime":0}
*************** log end ***************

[2020-11-20T14:49:05.182] [INFO] resLogger - 
*************** log start ***************
日志记录：{"resourceUrl":"/api/user/permission","resourceDesc":"","requestType":"GET","requestParams":"{}","responseCode":590,"responseMessage":"你没有该系统使用权限","responseDate":{"code":590,"message":"你没有该系统使用权限"},"serverIp":"当前服务器id","userIp":"127.0.0.1","userId":null,"createTime":"2020-11-20 2:49:05 ├F10: PM┤","executionTime":0}
*************** log end ***************

[2020-11-20T14:49:05.253] [INFO] resLogger - 
*************** log start ***************
日志记录：{"resourceUrl":"/api/user/token","resourceDesc":"","requestType":"GET","requestParams":"{}","responseCode":590,"responseMessage":"你没有该系统使用权限","responseDate":{"code":590,"message":"你没有该系统使用权限"},"serverIp":"当前服务器id","userIp":"127.0.0.1","userId":null,"createTime":"2020-11-20 2:49:05 ├F10: PM┤","executionTime":0}
*************** log end ***************

[2020-11-20T14:49:22.310] [INFO] resLogger - 
*************** log start ***************
日志记录：{"resourceUrl":"/api/user/permission","resourceDesc":"","requestType":"GET","requestParams":"{}","responseCode":590,"responseMessage":"你没有该系统使用权限","responseDate":{"code":590,"message":"你没有该系统使用权限"},"serverIp":"当前服务器id","userIp":"127.0.0.1","userId":null,"createTime":"2020-11-20 2:49:22 ├F10: PM┤","executionTime":0}
*************** log end ***************

[2020-11-20T14:49:22.350] [INFO] resLogger - 
*************** log start ***************
日志记录：{"resourceUrl":"/api/user/token","resourceDesc":"","requestType":"GET","requestParams":"{}","responseCode":590,"responseMessage":"你没有该系统使用权限","responseDate":{"code":590,"message":"你没有该系统使用权限"},"serverIp":"当前服务器id","userIp":"127.0.0.1","userId":null,"createTime":"2020-11-20 2:49:22 ├F10: PM┤","executionTime":0}
*************** log end ***************

[2020-11-20T14:49:59.222] [INFO] resLogger - 
*************** log start ***************
日志记录：{"resourceUrl":"/api/user/permission","resourceDesc":"","requestType":"GET","requestParams":"{}","responseCode":590,"responseMessage":"你没有该系统使用权限","responseDate":{"code":590,"message":"你没有该系统使用权限"},"serverIp":"当前服务器id","userIp":"127.0.0.1","userId":null,"createTime":"2020-11-20 2:49:59 ├F10: PM┤","executionTime":0}
*************** log end ***************

[2020-11-20T14:49:59.265] [INFO] resLogger - 
*************** log start ***************
日志记录：{"resourceUrl":"/api/user/token","resourceDesc":"","requestType":"GET","requestParams":"{}","responseCode":590,"responseMessage":"你没有该系统使用权限","responseDate":{"code":590,"message":"你没有该系统使用权限"},"serverIp":"当前服务器id","userIp":"127.0.0.1","userId":null,"createTime":"2020-11-20 2:49:59 ├F10: PM┤","executionTime":0}
*************** log end ***************

[2020-11-20T14:52:35.306] [INFO] resLogger - 
*************** log start ***************
日志记录：{"resourceUrl":"/api/user/permission","resourceDesc":"","requestType":"GET","requestParams":"{}","responseCode":590,"responseMessage":"你没有该系统使用权限","responseDate":{"code":590,"message":"你没有该系统使用权限"},"serverIp":"当前服务器id","userIp":"127.0.0.1","userId":null,"createTime":"2020-11-20 2:52:35 ├F10: PM┤","executionTime":0}
*************** log end ***************

[2020-11-20T14:52:35.339] [INFO] resLogger - 
*************** log start ***************
日志记录：{"resourceUrl":"/api/user/token","resourceDesc":"","requestType":"GET","requestParams":"{}","responseCode":590,"responseMessage":"你没有该系统使用权限","responseDate":{"code":590,"message":"你没有该系统使用权限"},"serverIp":"当前服务器id","userIp":"127.0.0.1","userId":null,"createTime":"2020-11-20 2:52:35 ├F10: PM┤","executionTime":0}
*************** log end ***************

[2020-11-20T14:53:19.122] [INFO] resLogger - 
*************** log start ***************
日志记录：{"resourceUrl":"/api/user/permission","resourceDesc":"","requestType":"GET","requestParams":"{}","responseCode":590,"responseMessage":"你没有该系统使用权限","responseDate":{"code":590,"message":"你没有该系统使用权限"},"serverIp":"当前服务器id","userIp":"127.0.0.1","userId":null,"createTime":"2020-11-20 2:53:19 ├F10: PM┤","executionTime":0}
*************** log end ***************

[2020-11-20T14:53:19.334] [INFO] resLogger - 
*************** log start ***************
日志记录：{"resourceUrl":"/api/user/token","resourceDesc":"","requestType":"GET","requestParams":"{}","responseCode":590,"responseMessage":"你没有该系统使用权限","responseDate":{"code":590,"message":"你没有该系统使用权限"},"serverIp":"当前服务器id","userIp":"127.0.0.1","userId":null,"createTime":"2020-11-20 2:53:19 ├F10: PM┤","executionTime":0}
*************** log end ***************

[2020-11-20T14:53:24.170] [INFO] resLogger - 
*************** log start ***************
日志记录：{"resourceUrl":"/api/user/permission","resourceDesc":"","requestType":"GET","requestParams":"{}","responseCode":590,"responseMessage":"你没有该系统使用权限","responseDate":{"code":590,"message":"你没有该系统使用权限"},"serverIp":"当前服务器id","userIp":"127.0.0.1","userId":null,"createTime":"2020-11-20 2:53:24 ├F10: PM┤","executionTime":0}
*************** log end ***************

[2020-11-20T14:53:24.477] [INFO] resLogger - 
*************** log start ***************
日志记录：{"resourceUrl":"/api/user/token","resourceDesc":"","requestType":"GET","requestParams":"{}","responseCode":590,"responseMessage":"你没有该系统使用权限","responseDate":{"code":590,"message":"你没有该系统使用权限"},"serverIp":"当前服务器id","userIp":"127.0.0.1","userId":null,"createTime":"2020-11-20 2:53:24 ├F10: PM┤","executionTime":0}
*************** log end ***************

[2020-11-20T14:53:39.234] [INFO] resLogger - 
*************** log start ***************
日志记录：{"resourceUrl":"/api/user/permission","resourceDesc":"","requestType":"GET","requestParams":"{}","responseCode":590,"responseMessage":"你没有该系统使用权限","responseDate":{"code":590,"message":"你没有该系统使用权限"},"serverIp":"当前服务器id","userIp":"127.0.0.1","userId":null,"createTime":"2020-11-20 2:53:39 ├F10: PM┤","executionTime":0}
*************** log end ***************

[2020-11-20T14:53:39.270] [INFO] resLogger - 
*************** log start ***************
日志记录：{"resourceUrl":"/api/user/token","resourceDesc":"","requestType":"GET","requestParams":"{}","responseCode":590,"responseMessage":"你没有该系统使用权限","responseDate":{"code":590,"message":"你没有该系统使用权限"},"serverIp":"当前服务器id","userIp":"127.0.0.1","userId":null,"createTime":"2020-11-20 2:53:39 ├F10: PM┤","executionTime":0}
*************** log end ***************

[2020-11-20T14:53:58.934] [INFO] resLogger - 
*************** log start ***************
日志记录：{"resourceUrl":"/api/user/permission","resourceDesc":"","requestType":"GET","requestParams":"{}","responseCode":590,"responseMessage":"你没有该系统使用权限","responseDate":{"code":590,"message":"你没有该系统使用权限"},"serverIp":"当前服务器id","userIp":"127.0.0.1","userId":null,"createTime":"2020-11-20 2:53:58 ├F10: PM┤","executionTime":0}
*************** log end ***************

[2020-11-20T14:53:58.974] [INFO] resLogger - 
*************** log start ***************
日志记录：{"resourceUrl":"/api/user/token","resourceDesc":"","requestType":"GET","requestParams":"{}","responseCode":590,"responseMessage":"你没有该系统使用权限","responseDate":{"code":590,"message":"你没有该系统使用权限"},"serverIp":"当前服务器id","userIp":"127.0.0.1","userId":null,"createTime":"2020-11-20 2:53:58 ├F10: PM┤","executionTime":0}
*************** log end ***************

[2020-11-20T14:55:03.503] [INFO] resLogger - 
*************** log start ***************
日志记录：{"resourceUrl":"/api/user/permission","resourceDesc":"","requestType":"GET","requestParams":"{}","responseCode":590,"responseMessage":"你没有该系统使用权限","responseDate":{"code":590,"message":"你没有该系统使用权限"},"serverIp":"当前服务器id","userIp":"127.0.0.1","userId":null,"createTime":"2020-11-20 2:55:03 ├F10: PM┤","executionTime":0}
*************** log end ***************

[2020-11-20T14:55:03.558] [INFO] resLogger - 
*************** log start ***************
日志记录：{"resourceUrl":"/api/user/token","resourceDesc":"","requestType":"GET","requestParams":"{}","responseCode":590,"responseMessage":"你没有该系统使用权限","responseDate":{"code":590,"message":"你没有该系统使用权限"},"serverIp":"当前服务器id","userIp":"127.0.0.1","userId":null,"createTime":"2020-11-20 2:55:03 ├F10: PM┤","executionTime":0}
*************** log end ***************

[2020-11-20T14:55:48.498] [INFO] resLogger - 
*************** log start ***************
日志记录：{"resourceUrl":"/api/user/permission","resourceDesc":"","requestType":"GET","requestParams":"{}","responseCode":590,"responseMessage":"你没有该系统使用权限","responseDate":{"code":590,"message":"你没有该系统使用权限"},"serverIp":"当前服务器id","userIp":"127.0.0.1","userId":null,"createTime":"2020-11-20 2:55:48 ├F10: PM┤","executionTime":0}
*************** log end ***************

[2020-11-20T14:55:48.524] [INFO] resLogger - 
*************** log start ***************
日志记录：{"resourceUrl":"/api/user/token","resourceDesc":"","requestType":"GET","requestParams":"{}","responseCode":590,"responseMessage":"你没有该系统使用权限","responseDate":{"code":590,"message":"你没有该系统使用权限"},"serverIp":"当前服务器id","userIp":"127.0.0.1","userId":null,"createTime":"2020-11-20 2:55:48 ├F10: PM┤","executionTime":0}
*************** log end ***************

[2020-11-20T14:57:36.940] [INFO] resLogger - 
*************** log start ***************
日志记录：{"resourceUrl":"/api/user/permission","resourceDesc":"","requestType":"GET","requestParams":"{}","responseCode":590,"responseMessage":"你没有该系统使用权限","responseDate":{"code":590,"message":"你没有该系统使用权限"},"serverIp":"当前服务器id","userIp":"127.0.0.1","userId":null,"createTime":"2020-11-20 2:57:36 ├F10: PM┤","executionTime":0}
*************** log end ***************

[2020-11-20T14:57:36.983] [INFO] resLogger - 
*************** log start ***************
日志记录：{"resourceUrl":"/api/user/token","resourceDesc":"","requestType":"GET","requestParams":"{}","responseCode":590,"responseMessage":"你没有该系统使用权限","responseDate":{"code":590,"message":"你没有该系统使用权限"},"serverIp":"当前服务器id","userIp":"127.0.0.1","userId":null,"createTime":"2020-11-20 2:57:36 ├F10: PM┤","executionTime":0}
*************** log end ***************

[2020-11-20T14:57:51.465] [INFO] resLogger - 
*************** log start ***************
日志记录：{"resourceUrl":"/api/user/permission","resourceDesc":"","requestType":"GET","requestParams":"{}","responseCode":590,"responseMessage":"你没有该系统使用权限","responseDate":{"code":590,"message":"你没有该系统使用权限"},"serverIp":"当前服务器id","userIp":"127.0.0.1","userId":null,"createTime":"2020-11-20 2:57:51 ├F10: PM┤","executionTime":0}
*************** log end ***************

[2020-11-20T14:57:51.495] [INFO] resLogger - 
*************** log start ***************
日志记录：{"resourceUrl":"/api/user/token","resourceDesc":"","requestType":"GET","requestParams":"{}","responseCode":590,"responseMessage":"你没有该系统使用权限","responseDate":{"code":590,"message":"你没有该系统使用权限"},"serverIp":"当前服务器id","userIp":"127.0.0.1","userId":null,"createTime":"2020-11-20 2:57:51 ├F10: PM┤","executionTime":0}
*************** log end ***************

[2020-11-20T14:59:13.286] [INFO] resLogger - 
*************** log start ***************
日志记录：{"resourceUrl":"/api/user/permission","resourceDesc":"","requestType":"GET","requestParams":"{}","responseCode":590,"responseMessage":"你没有该系统使用权限","responseDate":{"code":590,"message":"你没有该系统使用权限"},"serverIp":"当前服务器id","userIp":"127.0.0.1","userId":null,"createTime":"2020-11-20 2:59:13 ├F10: PM┤","executionTime":0}
*************** log end ***************

[2020-11-20T14:59:13.340] [INFO] resLogger - 
*************** log start ***************
日志记录：{"resourceUrl":"/api/user/token","resourceDesc":"","requestType":"GET","requestParams":"{}","responseCode":590,"responseMessage":"你没有该系统使用权限","responseDate":{"code":590,"message":"你没有该系统使用权限"},"serverIp":"当前服务器id","userIp":"127.0.0.1","userId":null,"createTime":"2020-11-20 2:59:13 ├F10: PM┤","executionTime":0}
*************** log end ***************

[2020-11-20T15:30:17.691] [INFO] resLogger - 
*************** log start ***************
日志记录：{"resourceUrl":"/api/user/token","resourceDesc":"","requestType":"GET","requestParams":"{}","responseCode":590,"responseMessage":"","responseDate":{"code":590,"message":"权限异常"},"serverIp":"当前服务器id","userIp":"127.0.0.1","userId":null,"createTime":"2020-11-20 3:30:17 ├F10: PM┤","executionTime":0}
*************** log end ***************

[2020-11-20T15:30:18.001] [INFO] resLogger - 
*************** log start ***************
日志记录：{"resourceUrl":"/api/user/token","resourceDesc":"","requestType":"GET","requestParams":"{}","responseCode":590,"responseMessage":"","responseDate":{"code":590,"message":"权限异常"},"serverIp":"当前服务器id","userIp":"127.0.0.1","userId":null,"createTime":"2020-11-20 3:30:17 ├F10: PM┤","executionTime":0}
*************** log end ***************

[2020-11-20T15:30:22.526] [INFO] resLogger - 
*************** log start ***************
日志记录：{"resourceUrl":"/api/user/token","resourceDesc":"","requestType":"GET","requestParams":"{}","responseCode":590,"responseMessage":"","responseDate":{"code":590,"message":"权限异常"},"serverIp":"当前服务器id","userIp":"127.0.0.1","userId":null,"createTime":"2020-11-20 3:30:22 ├F10: PM┤","executionTime":0}
*************** log end ***************

[2020-11-20T15:30:46.280] [INFO] resLogger - 
*************** log start ***************
日志记录：{"resourceUrl":"/api/user/token","resourceDesc":"","requestType":"GET","requestParams":"{}","responseCode":590,"responseMessage":"","responseDate":{"code":590,"message":"权限异常"},"serverIp":"当前服务器id","userIp":"127.0.0.1","userId":null,"createTime":"2020-11-20 3:30:46 ├F10: PM┤","executionTime":0}
*************** log end ***************

[2020-11-20T15:30:46.388] [INFO] resLogger - 
*************** log start ***************
日志记录：{"resourceUrl":"/api/user/token","resourceDesc":"","requestType":"GET","requestParams":"{}","responseCode":590,"responseMessage":"","responseDate":{"code":590,"message":"权限异常"},"serverIp":"当前服务器id","userIp":"127.0.0.1","userId":null,"createTime":"2020-11-20 3:30:46 ├F10: PM┤","executionTime":0}
*************** log end ***************

[2020-11-20T15:31:58.181] [INFO] resLogger - 
*************** log start ***************
日志记录：{"resourceUrl":"/api/user/login","resourceDesc":"","requestType":"POST","requestParams":"{\"username\":\"zhangzongchu\",\"password\":\"281317\"}","responseCode":200,"responseMessage":"","responseDate":{"code":200,"message":"登录成功","data":{"token":"eyJhbGciOiJIUzI1NiIsInR5cCI6IkpXVCJ9.eyJpZCI6NzksInN0YXR1cyI6MSwiY3JlYXRlX3VzZXJfaWQiOm51bGwsInVwZGF0ZV91c2VyX2lkIjpudWxsLCJjcmVhdGVfdGltZSI6IjIwMTktMDctMTdUMDY6MDc6NTcuMDAwWiIsInVwZGF0ZV90aW1lIjoiMjAyMC0wOS0xN1QwMzoyODozNi4yMzRaIiwidXNlcm5hbWUiOiJ6aGFuZ3pvbmdjaHUiLCJwYXNzd29yZCI6bnVsbCwibmlja19uYW1lIjoi5byg5a6X5qWaIiwiYXZhdGFyIjoiaHR0cHM6Ly93ZXdvcmsucXBpYy5jbi93d2hlYWQvbk1sOXNzb3d0aWJWR3lybXZCaWFpYnpEbE5NeHhpYVdHU2pTR0c0VXpPT1MyVHJBWHA1cm8xemZxQ0ZQanlrYWY0UHhjRTBjU2pSd1JXQS8xMDAiLCJlbWFpbCI6InpoYW5nem9uZ2NodUBmYW5jeWd1by5jbiIsInNvdXJjZSI6MiwiYWxpYXMiOiLplb_mvpzmnIgiLCJwaG9uZSI6IjEzMTY2ODgyNDAwIiwid2VjaGF0X3VzZXJfaWQiOiJZZUh1YWlDaHUiLCJsb2dpblR5cGUiOmZhbHNlLCJpYXQiOjE2MDU4NTc1MTgsImV4cCI6MTYzNzQxNTExOH0.TwLV-qhoXLSmMi-36wRC4tLvgN95B_5lg67x1Wuhc0Y"}},"serverIp":"当前服务器id","userIp":"127.0.0.1","userId":null,"createTime":"2020-11-20 3:31:50 ├F10: PM┤","executionTime":0}
*************** log end ***************

[2020-11-20T15:32:00.113] [INFO] resLogger - 
*************** log start ***************
日志记录：{"resourceUrl":"/api/user/permission?username=","resourceDesc":"根据id查找数据","requestType":"GET","requestParams":"{\"username\":\"\"}","responseCode":200,"responseMessage":"","responseDate":{"code":200,"message":"查找成功","data":{"routes":[{"name":"区服管理","children":[{"url":"/zoneManagement/zoneSettings","meta":"1","name":"区服设置"}]},{"name":"角色管理","children":[{"url":"/roleManagement/roleQuery","meta":"1","name":"角色查询"},{"url":"/roleManagement/chatQuery","meta":"1","name":"聊天查询"},{"url":"/roleManagement/prosumingQuery","meta":"1","name":"产消查询"},{"url":"/roleManagement/rucksackQuery","meta":"1","name":"背包查询"}]},{"name":"充值管理","children":[{"url":"/rechargeManagement/rechargeDetails","meta":"1","name":"充值明细"}]},{"name":"公告管理","children":[{"url":"/announcedManagement/index","meta":"1","name":"公告管理"}]},{"name":"邮件管理","children":[{"url":"/mailManagement/index","meta":"1","name":"邮件管理"}]},{"name":"活动管理","children":[{"url":"/activityManagement/index","meta":"1","name":"活动管理"}]},{"name":"CDK管理","children":[{"url":"/CDKManagement/index","meta":"1","name":"CDK管理"},{"url":"/CDKManagement/cdkDetail","meta":"1","name":"CDK详情"}]},{"name":"白名单管理","children":[{"url":"/whiteListManagement/index","meta":"1","name":"白名单管理"},{"url":"/whiteListManagement/whiteListMail","meta":"1","name":"白名单邮件"},{"url":"/whiteListManagement/whiterecording","meta":"1","name":"白名单记录"}]},{"name":"客户端管理","children":[{"url":"/clientManagement","meta":"1","name":"客户端管理"}]},{"name":"GM管理","children":[{"url":"/GMManagement/gameManagement","meta":"1","name":"游戏管理"},{"url":"/GMManagement/userManagement","meta":"1","name":"用户管理"},{"url":"/GMManagement/operationRecord","meta":"1","name":"操作日志"}]}],"games":["空翼冒险团","KOG测试"],"gamename":"空翼冒险团","gameid":1,"imgUrl":"https://timgsa.baidu.com/timg?image&quality=80&size=b9999_10000&sec=1604477627621&di=882a29d8d1e769a0c71086e14360555a&imgtype=0&src=http%3A%2F%2Fimg2.40407.com%2Fupload%2F202004%2F25%2F2515223062ecd8TQokrsbeUpo6a.jpg"}},"serverIp":"当前服务器id","userIp":"127.0.0.1","userId":null,"createTime":"2020-11-20 3:31:58 ├F10: PM┤","executionTime":0}
*************** log end ***************

[2020-11-20T15:32:00.264] [INFO] resLogger - 
*************** log start ***************
日志记录：{"resourceUrl":"/api/user/token","resourceDesc":"返回用户姓名 头像 花名","requestType":"GET","requestParams":"{}","responseCode":200,"responseMessage":"","responseDate":{"code":200,"message":"查找成功","data":{"username":"zhangzongchu","avatar":"https://wework.qpic.cn/wwhead/nMl9ssowtibVGyrmvBiaibzDlNMxxiaWGSjSGG4UzOOS2TrAXp5ro1zfqCFPjykaf4PxcE0cSjRwRWA/100","alias":"长澜月"}},"serverIp":"当前服务器id","userIp":"127.0.0.1","userId":null,"createTime":"2020-11-20 3:32:00 ├F10: PM┤","executionTime":0}
*************** log end ***************

[2020-11-20T15:32:12.967] [INFO] resLogger - 
*************** log start ***************
日志记录：{"resourceUrl":"/api/user/login","resourceDesc":"","requestType":"POST","requestParams":"{\"username\":\"zhangzongchu\",\"password\":\"281317\"}","responseCode":200,"responseMessage":"","responseDate":{"code":200,"message":"登录成功","data":{"token":"eyJhbGciOiJIUzI1NiIsInR5cCI6IkpXVCJ9.eyJpZCI6NzksInN0YXR1cyI6MSwiY3JlYXRlX3VzZXJfaWQiOm51bGwsInVwZGF0ZV91c2VyX2lkIjpudWxsLCJjcmVhdGVfdGltZSI6IjIwMTktMDctMTdUMDY6MDc6NTcuMDAwWiIsInVwZGF0ZV90aW1lIjoiMjAyMC0wOS0xN1QwMzoyODozNi4yMzRaIiwidXNlcm5hbWUiOiJ6aGFuZ3pvbmdjaHUiLCJwYXNzd29yZCI6bnVsbCwibmlja19uYW1lIjoi5byg5a6X5qWaIiwiYXZhdGFyIjoiaHR0cHM6Ly93ZXdvcmsucXBpYy5jbi93d2hlYWQvbk1sOXNzb3d0aWJWR3lybXZCaWFpYnpEbE5NeHhpYVdHU2pTR0c0VXpPT1MyVHJBWHA1cm8xemZxQ0ZQanlrYWY0UHhjRTBjU2pSd1JXQS8xMDAiLCJlbWFpbCI6InpoYW5nem9uZ2NodUBmYW5jeWd1by5jbiIsInNvdXJjZSI6MiwiYWxpYXMiOiLplb_mvpzmnIgiLCJwaG9uZSI6IjEzMTY2ODgyNDAwIiwid2VjaGF0X3VzZXJfaWQiOiJZZUh1YWlDaHUiLCJsb2dpblR5cGUiOmZhbHNlLCJpYXQiOjE2MDU4NTc1MzIsImV4cCI6MTYzNzQxNTEzMn0.XxIPsDZicA0DGXZd4e3KH0ALMaBEgyNQYXamLKXLkhI"}},"serverIp":"当前服务器id","userIp":"127.0.0.1","userId":null,"createTime":"2020-11-20 3:32:11 ├F10: PM┤","executionTime":0}
*************** log end ***************

[2020-11-20T15:32:13.357] [INFO] resLogger - 
*************** log start ***************
日志记录：{"resourceUrl":"/api/user/permission","resourceDesc":"根据id查找数据","requestType":"GET","requestParams":"{}","responseCode":200,"responseMessage":"","responseDate":{"code":200,"message":"查找成功","data":{"routes":[{"name":"区服管理","children":[{"url":"/zoneManagement/zoneSettings","meta":"1","name":"区服设置"}]},{"name":"角色管理","children":[{"url":"/roleManagement/roleQuery","meta":"1","name":"角色查询"},{"url":"/roleManagement/chatQuery","meta":"1","name":"聊天查询"},{"url":"/roleManagement/prosumingQuery","meta":"1","name":"产消查询"},{"url":"/roleManagement/rucksackQuery","meta":"1","name":"背包查询"}]},{"name":"充值管理","children":[{"url":"/rechargeManagement/rechargeDetails","meta":"1","name":"充值明细"}]},{"name":"公告管理","children":[{"url":"/announcedManagement/index","meta":"1","name":"公告管理"}]},{"name":"邮件管理","children":[{"url":"/mailManagement/index","meta":"1","name":"邮件管理"}]},{"name":"活动管理","children":[{"url":"/activityManagement/index","meta":"1","name":"活动管理"}]},{"name":"CDK管理","children":[{"url":"/CDKManagement/index","meta":"1","name":"CDK管理"},{"url":"/CDKManagement/cdkDetail","meta":"1","name":"CDK详情"}]},{"name":"白名单管理","children":[{"url":"/whiteListManagement/index","meta":"1","name":"白名单管理"},{"url":"/whiteListManagement/whiteListMail","meta":"1","name":"白名单邮件"},{"url":"/whiteListManagement/whiterecording","meta":"1","name":"白名单记录"}]},{"name":"客户端管理","children":[{"url":"/clientManagement","meta":"1","name":"客户端管理"}]},{"name":"GM管理","children":[{"url":"/GMManagement/gameManagement","meta":"1","name":"游戏管理"},{"url":"/GMManagement/userManagement","meta":"1","name":"用户管理"},{"url":"/GMManagement/operationRecord","meta":"1","name":"操作日志"}]}],"games":["空翼冒险团","KOG测试"],"gamename":"空翼冒险团","gameid":1,"imgUrl":"https://timgsa.baidu.com/timg?image&quality=80&size=b9999_10000&sec=1604477627621&di=882a29d8d1e769a0c71086e14360555a&imgtype=0&src=http%3A%2F%2Fimg2.40407.com%2Fupload%2F202004%2F25%2F2515223062ecd8TQokrsbeUpo6a.jpg"}},"serverIp":"当前服务器id","userIp":"127.0.0.1","userId":null,"createTime":"2020-11-20 3:32:13 ├F10: PM┤","executionTime":0}
*************** log end ***************

[2020-11-20T15:32:13.650] [INFO] resLogger - 
*************** log start ***************
日志记录：{"resourceUrl":"/api/user/token","resourceDesc":"返回用户姓名 头像 花名","requestType":"GET","requestParams":"{}","responseCode":200,"responseMessage":"","responseDate":{"code":200,"message":"查找成功","data":{"username":"zhangzongchu","avatar":"https://wework.qpic.cn/wwhead/nMl9ssowtibVGyrmvBiaibzDlNMxxiaWGSjSGG4UzOOS2TrAXp5ro1zfqCFPjykaf4PxcE0cSjRwRWA/100","alias":"长澜月"}},"serverIp":"当前服务器id","userIp":"127.0.0.1","userId":null,"createTime":"2020-11-20 3:32:13 ├F10: PM┤","executionTime":0}
*************** log end ***************

[2020-11-20T18:23:25.857] [INFO] resLogger - 
*************** log start ***************
日志记录：{"resourceUrl":"/api/user/login","resourceDesc":"","requestType":"POST","requestParams":"{\"username\":\"zhangzongchu\",\"password\":\"281317\"}","responseCode":200,"responseMessage":"","responseDate":{"code":200,"message":"登录成功","data":{"token":"eyJhbGciOiJIUzI1NiIsInR5cCI6IkpXVCJ9.eyJpZCI6NzksInN0YXR1cyI6MSwiY3JlYXRlX3VzZXJfaWQiOm51bGwsInVwZGF0ZV91c2VyX2lkIjpudWxsLCJjcmVhdGVfdGltZSI6IjIwMTktMDctMTdUMDY6MDc6NTcuMDAwWiIsInVwZGF0ZV90aW1lIjoiMjAyMC0wOS0xN1QwMzoyODozNi4yMzRaIiwidXNlcm5hbWUiOiJ6aGFuZ3pvbmdjaHUiLCJwYXNzd29yZCI6bnVsbCwibmlja19uYW1lIjoi5byg5a6X5qWaIiwiYXZhdGFyIjoiaHR0cHM6Ly93ZXdvcmsucXBpYy5jbi93d2hlYWQvbk1sOXNzb3d0aWJWR3lybXZCaWFpYnpEbE5NeHhpYVdHU2pTR0c0VXpPT1MyVHJBWHA1cm8xemZxQ0ZQanlrYWY0UHhjRTBjU2pSd1JXQS8xMDAiLCJlbWFpbCI6InpoYW5nem9uZ2NodUBmYW5jeWd1by5jbiIsInNvdXJjZSI6MiwiYWxpYXMiOiLplb_mvpzmnIgiLCJwaG9uZSI6IjEzMTY2ODgyNDAwIiwid2VjaGF0X3VzZXJfaWQiOiJZZUh1YWlDaHUiLCJsb2dpblR5cGUiOmZhbHNlLCJpYXQiOjE2MDU4Njc4MDUsImV4cCI6MTYzNzQyNTQwNX0.0-VKiqCRmUnTZkjV_7bIWu1uMtlXBdFdqAwVhE2s1AE"}},"serverIp":"当前服务器id","userIp":"127.0.0.1","userId":null,"createTime":"2020-11-20 6:23:25 ├F10: PM┤","executionTime":0}
*************** log end ***************

[2020-11-20T18:23:25.966] [INFO] resLogger - 
*************** log start ***************
日志记录：{"resourceUrl":"/api/user/permission?username=","resourceDesc":"根据id查找数据","requestType":"GET","requestParams":"{\"username\":\"\"}","responseCode":200,"responseMessage":"","responseDate":{"code":200,"message":"查找成功","data":{"routes":[{"name":"区服管理","children":[{"url":"/zoneManagement/zoneSettings","meta":"1","name":"区服设置"}]},{"name":"角色管理","children":[{"url":"/roleManagement/roleQuery","meta":"1","name":"角色查询"},{"url":"/roleManagement/chatQuery","meta":"1","name":"聊天查询"},{"url":"/roleManagement/prosumingQuery","meta":"1","name":"产消查询"},{"url":"/roleManagement/rucksackQuery","meta":"1","name":"背包查询"}]},{"name":"充值管理","children":[{"url":"/rechargeManagement/rechargeDetails","meta":"1","name":"充值明细"}]},{"name":"公告管理","children":[{"url":"/announcedManagement/index","meta":"1","name":"公告管理"}]},{"name":"邮件管理","children":[{"url":"/mailManagement/index","meta":"1","name":"邮件管理"}]},{"name":"活动管理","children":[{"url":"/activityManagement/index","meta":"1","name":"活动管理"}]},{"name":"CDK管理","children":[{"url":"/CDKManagement/index","meta":"1","name":"CDK管理"},{"url":"/CDKManagement/cdkDetail","meta":"1","name":"CDK详情"}]},{"name":"白名单管理","children":[{"url":"/whiteListManagement/index","meta":"1","name":"白名单管理"},{"url":"/whiteListManagement/whiteListMail","meta":"1","name":"白名单邮件"},{"url":"/whiteListManagement/whiterecording","meta":"1","name":"白名单记录"}]},{"name":"客户端管理","children":[{"url":"/clientManagement","meta":"1","name":"客户端管理"}]},{"name":"GM管理","children":[{"url":"/GMManagement/gameManagement","meta":"1","name":"游戏管理"},{"url":"/GMManagement/userManagement","meta":"1","name":"用户管理"},{"url":"/GMManagement/operationRecord","meta":"1","name":"操作日志"}]}],"games":["空翼冒险团","KOG测试"],"gamename":"空翼冒险团","gameid":1,"imgUrl":"https://timgsa.baidu.com/timg?image&quality=80&size=b9999_10000&sec=1604477627621&di=882a29d8d1e769a0c71086e14360555a&imgtype=0&src=http%3A%2F%2Fimg2.40407.com%2Fupload%2F202004%2F25%2F2515223062ecd8TQokrsbeUpo6a.jpg"}},"serverIp":"当前服务器id","userIp":"127.0.0.1","userId":null,"createTime":"2020-11-20 6:23:25 ├F10: PM┤","executionTime":0}
*************** log end ***************

[2020-11-20T18:23:26.299] [INFO] resLogger - 
*************** log start ***************
日志记录：{"resourceUrl":"/api/user/token","resourceDesc":"返回用户姓名 头像 花名","requestType":"GET","requestParams":"{}","responseCode":200,"responseMessage":"","responseDate":{"code":200,"message":"查找成功","data":{"username":"zhangzongchu","avatar":"https://wework.qpic.cn/wwhead/nMl9ssowtibVGyrmvBiaibzDlNMxxiaWGSjSGG4UzOOS2TrAXp5ro1zfqCFPjykaf4PxcE0cSjRwRWA/100","alias":"长澜月"}},"serverIp":"当前服务器id","userIp":"127.0.0.1","userId":null,"createTime":"2020-11-20 6:23:26 ├F10: PM┤","executionTime":0}
*************** log end ***************

[2020-11-20T18:23:28.250] [INFO] resLogger - 
*************** log start ***************
日志记录：{"resourceUrl":"/api/server/selectComponent?code=areaclothing&gameid=1","resourceDesc":"根据游戏ID 组件名称搜索 区服组件","requestType":"GET","requestParams":"{\"code\":\"areaclothing\",\"gameid\":\"1\"}","responseCode":200,"responseMessage":"","responseDate":{"code":200,"message":"查找成功","data":{"values":["测试渠道二渠道","测试渠道三渠道","测试渠道四渠道","测试渠道五渠道","测试渠道六渠道","测试渠道一渠道","fancyguo"]}},"serverIp":"当前服务器id","userIp":"127.0.0.1","userId":null,"createTime":"2020-11-20 6:23:28 ├F10: PM┤","executionTime":0}
*************** log end ***************

[2020-11-20T18:23:28.272] [INFO] resLogger - 
*************** log start ***************
日志记录：{"resourceUrl":"/api/server/findServer?display=&load=&srttime=&key=serverid&value=&test=0&mergeserver=&page=1&pagesize=20","resourceDesc":"","requestType":"GET","requestParams":"{\"display\":\"\",\"load\":\"\",\"srttime\":\"\",\"key\":\"serverid\",\"value\":\"\",\"test\":\"0\",\"mergeserver\":\"\",\"page\":\"1\",\"pagesize\":\"20\"}","responseCode":200,"responseMessage":"","responseDate":{"code":200,"message":"查找","data":{"total":"1","table":[{"id":150,"status":1,"create_user_id":79,"update_user_id":null,"create_time":"2020-11-12T03:30:33.660Z","update_time":"2020-11-12T03:30:33.660Z","servername":"1","ip_port":"127.0.0.1:24024","address":"","plaform":["1"],"display":"1","srttime":"2020-11-12T03:23:50.000Z","gamename":"","pid":null,"serverid":"1","test":"0","load":"2","gameid":1,"childrens":null,"port":"80","ip":"s99981.mrhx.hz.37.com.cn","channel":["fancyguo"],"serverTrue":false,"securityGroup":null}],"displayNum":[{"max":"1","display":"流畅"},{"max":"0","display":"爆满"},{"max":"0","display":"繁忙"},{"max":"0","display":"维护"}],"page":"1"}},"serverIp":"当前服务器id","userIp":"127.0.0.1","userId":null,"createTime":"2020-11-20 6:23:28 ├F10: PM┤","executionTime":0}
*************** log end ***************

[2020-11-20T18:23:29.400] [INFO] resLogger - 
*************** log start ***************
日志记录：{"resourceUrl":"/api/server/selectComponent?code=areaclothing","resourceDesc":"根据游戏ID 组件名称搜索 区服组件","requestType":"GET","requestParams":"{\"code\":\"areaclothing\"}","responseCode":200,"responseMessage":"","responseDate":{"code":200,"message":"查找成功","data":{"values":["测试渠道二渠道","测试渠道三渠道","测试渠道四渠道","测试渠道五渠道","测试渠道六渠道","测试渠道一渠道","fancyguo"]}},"serverIp":"当前服务器id","userIp":"127.0.0.1","userId":null,"createTime":"2020-11-20 6:23:29 ├F10: PM┤","executionTime":0}
*************** log end ***************

[2020-11-20T18:23:29.402] [INFO] resLogger - 
*************** log start ***************
日志记录：{"resourceUrl":"/api/character/findServername","resourceDesc":"区服名称获取","requestType":"GET","requestParams":"{}","responseCode":200,"responseMessage":"","responseDate":{"code":200,"message":"查询成功","data":[{"label":"测试机一","value":"测试机一"},{"label":"1","value":"1"}]},"serverIp":"当前服务器id","userIp":"127.0.0.1","userId":null,"createTime":"2020-11-20 6:23:29 ├F10: PM┤","executionTime":0}
*************** log end ***************

