[2020-10-31T15:24:36.219] [DEBUG] debugLogger - Executing (default): CREATE TABLE IF NOT EXISTS "gm_announcement" ("id" INTEGER NOT NULL , "status" INTEGER DEFAULT 1, "create_user_id" INTEGER, "update_user_id" INTEGER, "create_time" TIMESTAMP WITH TIME ZONE DEFAULT CURRENT_TIMESTAMP, "update_time" TIMESTAMP WITH TIME ZONE DEFAULT CURRENT_TIMESTAMP, "type" VARCHAR(255), "end_time" TIMESTAMP WITH TIME ZONE, "start_time" TIMESTAMP WITH TIME ZONE, "anno_status" VARCHAR(255), "title" VARCHAR(255), "area_server_id" VARCHAR(255), "client" VARCHAR(255), "platform" INTEGER, "game_id" INTEGER, "text" VARCHAR(255), "time_interval " VARCHAR(255), "img_url" VARCHAR(255), "weights" INTEGER, "link" VARCHAR(255), PRIMARY KEY ("id"));
[2020-10-31T15:24:36.222] [DEBUG] debugLogger - Executing (default): CREATE TABLE IF NOT EXISTS "gm_area_server" ("id" INTEGER NOT NULL , "status" INTEGER DEFAULT 1, "create_user_id" INTEGER, "update_user_id" INTEGER, "create_time" TIMESTAMP WITH TIME ZONE DEFAULT CURRENT_TIMESTAMP, "update_time" TIMESTAMP WITH TIME ZONE DEFAULT CURRENT_TIMESTAMP, "server_id" INTEGER, "parent_server_id" INTEGER, "name" VARCHAR(255), "platform" INTEGER, "code_show" INTEGER, "code_load" INTEGER, "is_new_server" VARCHAR(255), "open_time" TIMESTAMP WITH TIME ZONE, "resource_adde" VARCHAR(255), "ip_port" VARCHAR(255), "game_id" INTEGER, "client" VARCHAR(255)[], PRIMARY KEY ("id"));
[2020-10-31T15:24:36.222] [DEBUG] debugLogger - Executing (default): CREATE TABLE IF NOT EXISTS "gm_cdk_depot" ("id" INTEGER NOT NULL , "status" INTEGER DEFAULT 1, "create_user_id" INTEGER, "update_user_id" INTEGER, "create_time" TIMESTAMP WITH TIME ZONE DEFAULT CURRENT_TIMESTAMP, "update_time" TIMESTAMP WITH TIME ZONE DEFAULT CURRENT_TIMESTAMP, "cdkid" INTEGER, "value" VARCHAR(255), PRIMARY KEY ("id"));
[2020-10-31T15:24:36.227] [DEBUG] debugLogger - Executing (default): CREATE TABLE IF NOT EXISTS "gm_cdk" ("id" INTEGER NOT NULL , "status" INTEGER DEFAULT 1, "create_user_id" INTEGER, "update_user_id" INTEGER, "create_time" TIMESTAMP WITH TIME ZONE DEFAULT CURRENT_TIMESTAMP, "update_time" TIMESTAMP WITH TIME ZONE DEFAULT CURRENT_TIMESTAMP, "cdkid" INTEGER, "name " VARCHAR(255), "platform" VARCHAR(255), "client" VARCHAR(255), "type" VARCHAR(255), "num" INTEGER, "start_time" TIMESTAMP WITH TIME ZONE, "end_time " TIMESTAMP WITH TIME ZONE, "content" VARCHAR(255), "game_id" INTEGER, PRIMARY KEY ("id"));
[2020-10-31T15:24:36.228] [DEBUG] debugLogger - Executing (default): CREATE TABLE IF NOT EXISTS "gm_dict" ("id" INTEGER NOT NULL , "status" INTEGER DEFAULT 1, "create_user_id" INTEGER, "update_user_id" INTEGER, "create_time" TIMESTAMP WITH TIME ZONE DEFAULT CURRENT_TIMESTAMP, "update_time" TIMESTAMP WITH TIME ZONE DEFAULT CURRENT_TIMESTAMP, "code" VARCHAR(255), "desc" VARCHAR(255), "priority" VARCHAR(255), "values" VARCHAR(255)[], "gameid" INTEGER, PRIMARY KEY ("id"));
[2020-10-31T15:24:36.232] [DEBUG] debugLogger - Executing (default): CREATE TABLE IF NOT EXISTS "gm_game" ("id" INTEGER NOT NULL , "status" INTEGER DEFAULT 1, "create_user_id" INTEGER, "update_user_id" INTEGER, "create_time" TIMESTAMP WITH TIME ZONE DEFAULT CURRENT_TIMESTAMP, "update_time" TIMESTAMP WITH TIME ZONE DEFAULT CURRENT_TIMESTAMP, "game_name" VARCHAR(255), "code" VARCHAR(255), PRIMARY KEY ("id"));
[2020-10-31T15:24:36.233] [DEBUG] debugLogger - Executing (default): CREATE TABLE IF NOT EXISTS "gm_purview" ("id" INTEGER NOT NULL , "status" INTEGER DEFAULT 1, "create_user_id" INTEGER, "update_user_id" INTEGER, "create_time" TIMESTAMP WITH TIME ZONE DEFAULT CURRENT_TIMESTAMP, "update_time" TIMESTAMP WITH TIME ZONE DEFAULT CURRENT_TIMESTAMP, "uid" INTEGER, "gid" INTEGER, PRIMARY KEY ("id"));
[2020-10-31T15:24:36.233] [DEBUG] debugLogger - Executing (default): CREATE TABLE IF NOT EXISTS "gm_smtp" ("id" INTEGER NOT NULL , "status" INTEGER DEFAULT 1, "create_user_id" INTEGER, "update_user_id" INTEGER, "create_time" TIMESTAMP WITH TIME ZONE DEFAULT CURRENT_TIMESTAMP, "update_time" TIMESTAMP WITH TIME ZONE DEFAULT CURRENT_TIMESTAMP, "smtp_id" VARCHAR(255), "title" VARCHAR(255), "platform" VARCHAR(255), "client" VARCHAR(255), "player" VARCHAR(255), "content" VARCHAR(255), "sendtime" TIMESTAMP WITH TIME ZONE, "annex" VARCHAR(255)[], "game_id" INTEGER, PRIMARY KEY ("id"));
[2020-10-31T15:24:36.236] [DEBUG] debugLogger - Executing (default): CREATE TABLE IF NOT EXISTS "gm_url_purview" ("id" INTEGER NOT NULL , "status" INTEGER DEFAULT 1, "create_user_id" INTEGER, "update_user_id" INTEGER, "create_time" TIMESTAMP WITH TIME ZONE DEFAULT CURRENT_TIMESTAMP, "update_time" TIMESTAMP WITH TIME ZONE DEFAULT CURRENT_TIMESTAMP, "purview_id" INTEGER, "url_id" INTEGER, "grede" INTEGER, PRIMARY KEY ("id"));
[2020-10-31T15:24:36.237] [DEBUG] debugLogger - Executing (default): CREATE TABLE IF NOT EXISTS "gm_url" ("id" INTEGER NOT NULL , "status" INTEGER DEFAULT 1, "create_user_id" INTEGER, "update_user_id" INTEGER, "create_time" TIMESTAMP WITH TIME ZONE DEFAULT CURRENT_TIMESTAMP, "update_time" TIMESTAMP WITH TIME ZONE DEFAULT CURRENT_TIMESTAMP, "purview" VARCHAR(255), "url" VARCHAR(255), "pid" INTEGER, "name" VARCHAR(255), "priority" INTEGER, PRIMARY KEY ("id"));
[2020-10-31T15:24:36.239] [DEBUG] debugLogger - Executing (default): CREATE TABLE IF NOT EXISTS "gm_user" ("status" INTEGER NOT NULL DEFAULT 1 , "create_user_id" INTEGER, "update_user_id" INTEGER, "create_time" TIMESTAMP WITH TIME ZONE DEFAULT CURRENT_TIMESTAMP, "update_time" TIMESTAMP WITH TIME ZONE DEFAULT CURRENT_TIMESTAMP, "username" VARCHAR(255), "password" VARCHAR(255), "nick_name" VARCHAR(255), "avatar" VARCHAR(255), "email" VARCHAR(255), "source" INTEGER NOT NULL DEFAULT 1, "alias" VARCHAR(255), "phone" VARCHAR(255), "wechat_user_id" VARCHAR(255), "id" INTEGER NOT NULL, PRIMARY KEY ("status"));
[2020-10-31T15:24:36.240] [DEBUG] debugLogger - Executing (default): CREATE TABLE IF NOT EXISTS "gm_server" ("id"  SERIAL , "status" INTEGER DEFAULT 1, "create_user_id" INTEGER, "update_user_id" INTEGER, "create_time" TIMESTAMP WITH TIME ZONE DEFAULT CURRENT_TIMESTAMP, "update_time" TIMESTAMP WITH TIME ZONE DEFAULT CURRENT_TIMESTAMP, "servername" VARCHAR(255), "ip" VARCHAR(255), "address" VARCHAR(255), "plaform" VARCHAR(255), "display" VARCHAR(255), "srttime" TIMESTAMP WITH TIME ZONE, "channel" VARCHAR(255)[], "gamename" VARCHAR(255), "pid" VARCHAR(255), "serverid" VARCHAR(255), "test" VARCHAR(255), "load" VARCHAR(255), "gameid" INTEGER, PRIMARY KEY ("id"));
[2020-10-31T15:24:36.242] [DEBUG] debugLogger - Executing (default): CREATE TABLE IF NOT EXISTS "auth_user" ("id"   SERIAL , "username" VARCHAR(255) NOT NULL, "password" VARCHAR(255) NOT NULL, "source" VARCHAR(255), "nick_name" VARCHAR(255), "status" VARCHAR(255), "version" VARCHAR(255), "create_time" TIMESTAMP WITH TIME ZONE DEFAULT CURRENT_TIMESTAMP, "update_time" TIMESTAMP WITH TIME ZONE DEFAULT CURRENT_TIMESTAMP, PRIMARY KEY ("id"));
[2020-10-31T15:24:36.244] [DEBUG] debugLogger - Executing (default): SELECT i.relname AS name, ix.indisprimary AS primary, ix.indisunique AS unique, ix.indkey AS indkey, array_agg(a.attnum) as column_indexes, array_agg(a.attname) AS column_names, pg_get_indexdef(ix.indexrelid) AS definition FROM pg_class t, pg_class i, pg_index ix, pg_attribute a WHERE t.oid = ix.indrelid AND i.oid = ix.indexrelid AND a.attrelid = t.oid AND t.relkind = 'r' and t.relname = 'gm_announcement' GROUP BY i.relname, ix.indexrelid, ix.indisprimary, ix.indisunique, ix.indkey ORDER BY i.relname;
[2020-10-31T15:24:36.245] [DEBUG] debugLogger - Executing (default): SELECT i.relname AS name, ix.indisprimary AS primary, ix.indisunique AS unique, ix.indkey AS indkey, array_agg(a.attnum) as column_indexes, array_agg(a.attname) AS column_names, pg_get_indexdef(ix.indexrelid) AS definition FROM pg_class t, pg_class i, pg_index ix, pg_attribute a WHERE t.oid = ix.indrelid AND i.oid = ix.indexrelid AND a.attrelid = t.oid AND t.relkind = 'r' and t.relname = 'gm_area_server' GROUP BY i.relname, ix.indexrelid, ix.indisprimary, ix.indisunique, ix.indkey ORDER BY i.relname;
[2020-10-31T15:24:36.247] [DEBUG] debugLogger - Executing (default): SELECT i.relname AS name, ix.indisprimary AS primary, ix.indisunique AS unique, ix.indkey AS indkey, array_agg(a.attnum) as column_indexes, array_agg(a.attname) AS column_names, pg_get_indexdef(ix.indexrelid) AS definition FROM pg_class t, pg_class i, pg_index ix, pg_attribute a WHERE t.oid = ix.indrelid AND i.oid = ix.indexrelid AND a.attrelid = t.oid AND t.relkind = 'r' and t.relname = 'gm_cdk_depot' GROUP BY i.relname, ix.indexrelid, ix.indisprimary, ix.indisunique, ix.indkey ORDER BY i.relname;
[2020-10-31T15:24:36.248] [DEBUG] debugLogger - Executing (default): SELECT i.relname AS name, ix.indisprimary AS primary, ix.indisunique AS unique, ix.indkey AS indkey, array_agg(a.attnum) as column_indexes, array_agg(a.attname) AS column_names, pg_get_indexdef(ix.indexrelid) AS definition FROM pg_class t, pg_class i, pg_index ix, pg_attribute a WHERE t.oid = ix.indrelid AND i.oid = ix.indexrelid AND a.attrelid = t.oid AND t.relkind = 'r' and t.relname = 'gm_cdk' GROUP BY i.relname, ix.indexrelid, ix.indisprimary, ix.indisunique, ix.indkey ORDER BY i.relname;
[2020-10-31T15:24:36.251] [DEBUG] debugLogger - Executing (default): SELECT i.relname AS name, ix.indisprimary AS primary, ix.indisunique AS unique, ix.indkey AS indkey, array_agg(a.attnum) as column_indexes, array_agg(a.attname) AS column_names, pg_get_indexdef(ix.indexrelid) AS definition FROM pg_class t, pg_class i, pg_index ix, pg_attribute a WHERE t.oid = ix.indrelid AND i.oid = ix.indexrelid AND a.attrelid = t.oid AND t.relkind = 'r' and t.relname = 'gm_dict' GROUP BY i.relname, ix.indexrelid, ix.indisprimary, ix.indisunique, ix.indkey ORDER BY i.relname;
[2020-10-31T15:24:36.270] [DEBUG] debugLogger - Executing (default): SELECT i.relname AS name, ix.indisprimary AS primary, ix.indisunique AS unique, ix.indkey AS indkey, array_agg(a.attnum) as column_indexes, array_agg(a.attname) AS column_names, pg_get_indexdef(ix.indexrelid) AS definition FROM pg_class t, pg_class i, pg_index ix, pg_attribute a WHERE t.oid = ix.indrelid AND i.oid = ix.indexrelid AND a.attrelid = t.oid AND t.relkind = 'r' and t.relname = 'gm_game' GROUP BY i.relname, ix.indexrelid, ix.indisprimary, ix.indisunique, ix.indkey ORDER BY i.relname;
[2020-10-31T15:24:36.276] [DEBUG] debugLogger - Executing (default): SELECT i.relname AS name, ix.indisprimary AS primary, ix.indisunique AS unique, ix.indkey AS indkey, array_agg(a.attnum) as column_indexes, array_agg(a.attname) AS column_names, pg_get_indexdef(ix.indexrelid) AS definition FROM pg_class t, pg_class i, pg_index ix, pg_attribute a WHERE t.oid = ix.indrelid AND i.oid = ix.indexrelid AND a.attrelid = t.oid AND t.relkind = 'r' and t.relname = 'gm_purview' GROUP BY i.relname, ix.indexrelid, ix.indisprimary, ix.indisunique, ix.indkey ORDER BY i.relname;
[2020-10-31T15:24:36.276] [DEBUG] debugLogger - Executing (default): SELECT i.relname AS name, ix.indisprimary AS primary, ix.indisunique AS unique, ix.indkey AS indkey, array_agg(a.attnum) as column_indexes, array_agg(a.attname) AS column_names, pg_get_indexdef(ix.indexrelid) AS definition FROM pg_class t, pg_class i, pg_index ix, pg_attribute a WHERE t.oid = ix.indrelid AND i.oid = ix.indexrelid AND a.attrelid = t.oid AND t.relkind = 'r' and t.relname = 'gm_smtp' GROUP BY i.relname, ix.indexrelid, ix.indisprimary, ix.indisunique, ix.indkey ORDER BY i.relname;
[2020-10-31T15:24:36.276] [DEBUG] debugLogger - Executing (default): SELECT i.relname AS name, ix.indisprimary AS primary, ix.indisunique AS unique, ix.indkey AS indkey, array_agg(a.attnum) as column_indexes, array_agg(a.attname) AS column_names, pg_get_indexdef(ix.indexrelid) AS definition FROM pg_class t, pg_class i, pg_index ix, pg_attribute a WHERE t.oid = ix.indrelid AND i.oid = ix.indexrelid AND a.attrelid = t.oid AND t.relkind = 'r' and t.relname = 'gm_url_purview' GROUP BY i.relname, ix.indexrelid, ix.indisprimary, ix.indisunique, ix.indkey ORDER BY i.relname;
[2020-10-31T15:24:36.277] [DEBUG] debugLogger - Executing (default): SELECT i.relname AS name, ix.indisprimary AS primary, ix.indisunique AS unique, ix.indkey AS indkey, array_agg(a.attnum) as column_indexes, array_agg(a.attname) AS column_names, pg_get_indexdef(ix.indexrelid) AS definition FROM pg_class t, pg_class i, pg_index ix, pg_attribute a WHERE t.oid = ix.indrelid AND i.oid = ix.indexrelid AND a.attrelid = t.oid AND t.relkind = 'r' and t.relname = 'gm_url' GROUP BY i.relname, ix.indexrelid, ix.indisprimary, ix.indisunique, ix.indkey ORDER BY i.relname;
[2020-10-31T15:24:36.281] [DEBUG] debugLogger - Executing (default): SELECT i.relname AS name, ix.indisprimary AS primary, ix.indisunique AS unique, ix.indkey AS indkey, array_agg(a.attnum) as column_indexes, array_agg(a.attname) AS column_names, pg_get_indexdef(ix.indexrelid) AS definition FROM pg_class t, pg_class i, pg_index ix, pg_attribute a WHERE t.oid = ix.indrelid AND i.oid = ix.indexrelid AND a.attrelid = t.oid AND t.relkind = 'r' and t.relname = 'gm_user' GROUP BY i.relname, ix.indexrelid, ix.indisprimary, ix.indisunique, ix.indkey ORDER BY i.relname;
[2020-10-31T15:24:36.284] [DEBUG] debugLogger - Executing (default): SELECT i.relname AS name, ix.indisprimary AS primary, ix.indisunique AS unique, ix.indkey AS indkey, array_agg(a.attnum) as column_indexes, array_agg(a.attname) AS column_names, pg_get_indexdef(ix.indexrelid) AS definition FROM pg_class t, pg_class i, pg_index ix, pg_attribute a WHERE t.oid = ix.indrelid AND i.oid = ix.indexrelid AND a.attrelid = t.oid AND t.relkind = 'r' and t.relname = 'gm_server' GROUP BY i.relname, ix.indexrelid, ix.indisprimary, ix.indisunique, ix.indkey ORDER BY i.relname;
[2020-10-31T15:24:36.285] [DEBUG] debugLogger - Executing (default): SELECT i.relname AS name, ix.indisprimary AS primary, ix.indisunique AS unique, ix.indkey AS indkey, array_agg(a.attnum) as column_indexes, array_agg(a.attname) AS column_names, pg_get_indexdef(ix.indexrelid) AS definition FROM pg_class t, pg_class i, pg_index ix, pg_attribute a WHERE t.oid = ix.indrelid AND i.oid = ix.indexrelid AND a.attrelid = t.oid AND t.relkind = 'r' and t.relname = 'auth_user' GROUP BY i.relname, ix.indexrelid, ix.indisprimary, ix.indisunique, ix.indkey ORDER BY i.relname;
[2020-10-31T15:26:25.668] [DEBUG] debugLogger - Executing (default): select * from auth_user where username = 'zhangzongchu' and password = md5(encode('281317', 'BASE64'))
[2020-10-31T15:26:25.861] [DEBUG] debugLogger - Executing (default): with qwe as (select   jsonb_array_elements_text(uids) as id  from gm_purview   ),
asd as (select a.* from gm_user a  where a.username = 'zhangzongchu')
select * from asd where id::varchar in (select id from qwe GROUP BY id )
[2020-10-31T15:26:26.210] [DEBUG] debugLogger - Executing (default): select a.id,a.game_name ,a.image_url as img from gm_game a join gm_purview b on b.gid = a.id where b.uids @> '79' and a.status = '1'    limit 1
[2020-10-31T15:26:26.217] [DEBUG] debugLogger - Executing (default): with qwe as (select a.url,a.pid,a.name,d.game_name,d.id as gameid, a.id,b.grede , b.purview_id,c.uid,c.gid from gm_url a join gm_url_purview  b on  a.id = b.url_id  join gm_purview c on c.id = b.purview_id join gm_game d on d.id = c.gid where  c.uids @> '79' and d.id = '1' and d.status = 1 and b.grede != 827 and c.status = 1 order by id ),
					qwer as (select * from qwe a where (select count(*) > 1 from qwe b where b.id = a.id )),
					asd as (select * from qwe a where (select count(*) =  1 from qwe b where b.id = a.id )),
					zxc as (select * from qwer where grede = '1'),
					wer as (select * from qwer where id not in (select id from zxc )
					union 
					select * from qwer where id not in (select id from zxc )),
					sdf as (select url,pid,name,gameid,grede,id from asd 
					union 
					select url,pid,name,gameid,grede,id from zxc 
					union 
					select url,pid,name,gameid,grede,id from wer ),
					ewq as (select * from sdf ORDER BY id )
					select name,(select json_agg(concat('{"url":"',url,'","name":"',name,'","meta":"',grede,'"}')::jsonb) from ewq  where ewq.pid = d.id) as children from ewq as d where pid = 0 ORDER BY d.id
[2020-10-31T15:26:26.228] [DEBUG] debugLogger - Executing (default): select string_to_array(string_agg(game_name, ','), ',')  as games from (
			select  DISTINCT game_name,b.id from gm_purview a join gm_game b on a.gid = b.id  where uids @> '79' and b.status = '1'  ORDER BY id 
		) a
[2020-10-31T15:26:31.598] [DEBUG] debugLogger - Executing (default): select string_to_array(string_agg(channel, ','), ',')  as values  from gm_game_channel where gameid = '1' and status = '1'
[2020-10-31T15:26:31.604] [DEBUG] debugLogger - Executing (default): select * from gm_server  where gameid='1' and status = 1 and (pid is null or  trim(pid) ='') order by id limit 20 offset (20*0)
[2020-10-31T15:26:31.614] [DEBUG] debugLogger - Executing (default): select count(*) as total from gm_server where gameid='1' and status = 1 and (pid is null or  trim(pid) ='')
[2020-10-31T15:26:31.624] [DEBUG] debugLogger - Executing (default): select max(num), display from (SELECT count(display) as num,
		case 
		when display='1' then '空闲'
		when display='2' then '繁忙'
		when display='3' then '维护'
		when display='4' then '爆满'
		end
		as display
		from gm_server where id in ( SELECT id from gm_server  where gameid='1' and  status = 1 and (pid is null or  trim(pid) ='')  ORDER BY id limit 20 offset (20*0)  ) GROUP BY display 
		union 
		select 0 as num ,'繁忙' as display
		union 
		select 0 as num ,'空闲' as display
		union
		select 0 as num ,'维护' as display
		union
		select 0 as num ,'爆满' as display
		)a GROUP BY display
[2020-10-31T16:50:12.407] [DEBUG] debugLogger - Executing (default): select a.id,a.game_name ,a.image_url as img from gm_game a join gm_purview b on b.gid = a.id where b.uids @> '79' and a.status = '1'    limit 1
[2020-10-31T16:50:12.416] [DEBUG] debugLogger - Executing (default): with qwe as (select a.url,a.pid,a.name,d.game_name,d.id as gameid, a.id,b.grede , b.purview_id,c.uid,c.gid from gm_url a join gm_url_purview  b on  a.id = b.url_id  join gm_purview c on c.id = b.purview_id join gm_game d on d.id = c.gid where  c.uids @> '79' and d.id = '1' and d.status = 1 and b.grede != 827 and c.status = 1 order by id ),
					qwer as (select * from qwe a where (select count(*) > 1 from qwe b where b.id = a.id )),
					asd as (select * from qwe a where (select count(*) =  1 from qwe b where b.id = a.id )),
					zxc as (select * from qwer where grede = '1'),
					wer as (select * from qwer where id not in (select id from zxc )
					union 
					select * from qwer where id not in (select id from zxc )),
					sdf as (select url,pid,name,gameid,grede,id from asd 
					union 
					select url,pid,name,gameid,grede,id from zxc 
					union 
					select url,pid,name,gameid,grede,id from wer ),
					ewq as (select * from sdf ORDER BY id )
					select name,(select json_agg(concat('{"url":"',url,'","name":"',name,'","meta":"',grede,'"}')::jsonb) from ewq  where ewq.pid = d.id) as children from ewq as d where pid = 0 ORDER BY d.id
[2020-10-31T16:50:12.429] [DEBUG] debugLogger - Executing (default): select string_to_array(string_agg(game_name, ','), ',')  as games from (
			select  DISTINCT game_name,b.id from gm_purview a join gm_game b on a.gid = b.id  where uids @> '79' and b.status = '1'  ORDER BY id 
		) a
[2020-10-31T16:50:13.242] [DEBUG] debugLogger - Executing (default): select a.id,a.game_name ,a.image_url as img from gm_game a join gm_purview b on b.gid = a.id where b.uids @> '79' and a.status = '1'    limit 1
[2020-10-31T16:50:13.250] [DEBUG] debugLogger - Executing (default): with qwe as (select a.url,a.pid,a.name,d.game_name,d.id as gameid, a.id,b.grede , b.purview_id,c.uid,c.gid from gm_url a join gm_url_purview  b on  a.id = b.url_id  join gm_purview c on c.id = b.purview_id join gm_game d on d.id = c.gid where  c.uids @> '79' and d.id = '1' and d.status = 1 and b.grede != 827 and c.status = 1 order by id ),
					qwer as (select * from qwe a where (select count(*) > 1 from qwe b where b.id = a.id )),
					asd as (select * from qwe a where (select count(*) =  1 from qwe b where b.id = a.id )),
					zxc as (select * from qwer where grede = '1'),
					wer as (select * from qwer where id not in (select id from zxc )
					union 
					select * from qwer where id not in (select id from zxc )),
					sdf as (select url,pid,name,gameid,grede,id from asd 
					union 
					select url,pid,name,gameid,grede,id from zxc 
					union 
					select url,pid,name,gameid,grede,id from wer ),
					ewq as (select * from sdf ORDER BY id )
					select name,(select json_agg(concat('{"url":"',url,'","name":"',name,'","meta":"',grede,'"}')::jsonb) from ewq  where ewq.pid = d.id) as children from ewq as d where pid = 0 ORDER BY d.id
[2020-10-31T16:50:13.259] [DEBUG] debugLogger - Executing (default): select string_to_array(string_agg(game_name, ','), ',')  as games from (
			select  DISTINCT game_name,b.id from gm_purview a join gm_game b on a.gid = b.id  where uids @> '79' and b.status = '1'  ORDER BY id 
		) a
[2020-10-31T16:50:13.980] [DEBUG] debugLogger - Executing (default): select string_to_array(string_agg(channel, ','), ',')  as values  from gm_game_channel where gameid = '1' and status = '1'
[2020-10-31T16:50:13.993] [DEBUG] debugLogger - Executing (default): select * from gm_server  where gameid='1' and status = 1 and (pid is null or  trim(pid) ='') order by id limit 20 offset (20*0)
[2020-10-31T16:50:14.005] [DEBUG] debugLogger - Executing (default): select count(*) as total from gm_server where gameid='1' and status = 1 and (pid is null or  trim(pid) ='')
[2020-10-31T16:50:14.014] [DEBUG] debugLogger - Executing (default): select max(num), display from (SELECT count(display) as num,
		case 
		when display='1' then '空闲'
		when display='2' then '繁忙'
		when display='3' then '维护'
		when display='4' then '爆满'
		end
		as display
		from gm_server where id in ( SELECT id from gm_server  where gameid='1' and  status = 1 and (pid is null or  trim(pid) ='')  ORDER BY id limit 20 offset (20*0)  ) GROUP BY display 
		union 
		select 0 as num ,'繁忙' as display
		union 
		select 0 as num ,'空闲' as display
		union
		select 0 as num ,'维护' as display
		union
		select 0 as num ,'爆满' as display
		)a GROUP BY display
[2020-10-31T16:58:42.625] [DEBUG] debugLogger - Executing (default): CREATE TABLE IF NOT EXISTS "gm_announcement" ("id" INTEGER NOT NULL , "status" INTEGER DEFAULT 1, "create_user_id" INTEGER, "update_user_id" INTEGER, "create_time" TIMESTAMP WITH TIME ZONE DEFAULT CURRENT_TIMESTAMP, "update_time" TIMESTAMP WITH TIME ZONE DEFAULT CURRENT_TIMESTAMP, "type" VARCHAR(255), "end_time" TIMESTAMP WITH TIME ZONE, "start_time" TIMESTAMP WITH TIME ZONE, "anno_status" VARCHAR(255), "title" VARCHAR(255), "area_server_id" VARCHAR(255), "client" VARCHAR(255), "platform" INTEGER, "game_id" INTEGER, "text" VARCHAR(255), "time_interval " VARCHAR(255), "img_url" VARCHAR(255), "weights" INTEGER, "link" VARCHAR(255), PRIMARY KEY ("id"));
[2020-10-31T16:58:42.627] [DEBUG] debugLogger - Executing (default): CREATE TABLE IF NOT EXISTS "gm_area_server" ("id" INTEGER NOT NULL , "status" INTEGER DEFAULT 1, "create_user_id" INTEGER, "update_user_id" INTEGER, "create_time" TIMESTAMP WITH TIME ZONE DEFAULT CURRENT_TIMESTAMP, "update_time" TIMESTAMP WITH TIME ZONE DEFAULT CURRENT_TIMESTAMP, "server_id" INTEGER, "parent_server_id" INTEGER, "name" VARCHAR(255), "platform" INTEGER, "code_show" INTEGER, "code_load" INTEGER, "is_new_server" VARCHAR(255), "open_time" TIMESTAMP WITH TIME ZONE, "resource_adde" VARCHAR(255), "ip_port" VARCHAR(255), "game_id" INTEGER, "client" VARCHAR(255)[], PRIMARY KEY ("id"));
[2020-10-31T16:58:42.628] [DEBUG] debugLogger - Executing (default): CREATE TABLE IF NOT EXISTS "gm_cdk_depot" ("id" INTEGER NOT NULL , "status" INTEGER DEFAULT 1, "create_user_id" INTEGER, "update_user_id" INTEGER, "create_time" TIMESTAMP WITH TIME ZONE DEFAULT CURRENT_TIMESTAMP, "update_time" TIMESTAMP WITH TIME ZONE DEFAULT CURRENT_TIMESTAMP, "cdkid" INTEGER, "value" VARCHAR(255), PRIMARY KEY ("id"));
[2020-10-31T16:58:42.629] [DEBUG] debugLogger - Executing (default): CREATE TABLE IF NOT EXISTS "gm_cdk" ("id" INTEGER NOT NULL , "status" INTEGER DEFAULT 1, "create_user_id" INTEGER, "update_user_id" INTEGER, "create_time" TIMESTAMP WITH TIME ZONE DEFAULT CURRENT_TIMESTAMP, "update_time" TIMESTAMP WITH TIME ZONE DEFAULT CURRENT_TIMESTAMP, "cdkid" INTEGER, "name " VARCHAR(255), "platform" VARCHAR(255), "client" VARCHAR(255), "type" VARCHAR(255), "num" INTEGER, "start_time" TIMESTAMP WITH TIME ZONE, "end_time " TIMESTAMP WITH TIME ZONE, "content" VARCHAR(255), "game_id" INTEGER, PRIMARY KEY ("id"));
[2020-10-31T16:58:42.632] [DEBUG] debugLogger - Executing (default): CREATE TABLE IF NOT EXISTS "gm_dict" ("id" INTEGER NOT NULL , "status" INTEGER DEFAULT 1, "create_user_id" INTEGER, "update_user_id" INTEGER, "create_time" TIMESTAMP WITH TIME ZONE DEFAULT CURRENT_TIMESTAMP, "update_time" TIMESTAMP WITH TIME ZONE DEFAULT CURRENT_TIMESTAMP, "code" VARCHAR(255), "desc" VARCHAR(255), "priority" VARCHAR(255), "values" VARCHAR(255)[], "gameid" INTEGER, PRIMARY KEY ("id"));
[2020-10-31T16:58:42.642] [DEBUG] debugLogger - Executing (default): CREATE TABLE IF NOT EXISTS "gm_game" ("id" INTEGER NOT NULL , "status" INTEGER DEFAULT 1, "create_user_id" INTEGER, "update_user_id" INTEGER, "create_time" TIMESTAMP WITH TIME ZONE DEFAULT CURRENT_TIMESTAMP, "update_time" TIMESTAMP WITH TIME ZONE DEFAULT CURRENT_TIMESTAMP, "game_name" VARCHAR(255), "code" VARCHAR(255), PRIMARY KEY ("id"));
[2020-10-31T16:58:42.642] [DEBUG] debugLogger - Executing (default): CREATE TABLE IF NOT EXISTS "gm_purview" ("id" INTEGER NOT NULL , "status" INTEGER DEFAULT 1, "create_user_id" INTEGER, "update_user_id" INTEGER, "create_time" TIMESTAMP WITH TIME ZONE DEFAULT CURRENT_TIMESTAMP, "update_time" TIMESTAMP WITH TIME ZONE DEFAULT CURRENT_TIMESTAMP, "uid" INTEGER, "gid" INTEGER, PRIMARY KEY ("id"));
[2020-10-31T16:58:42.643] [DEBUG] debugLogger - Executing (default): CREATE TABLE IF NOT EXISTS "gm_smtp" ("id" INTEGER NOT NULL , "status" INTEGER DEFAULT 1, "create_user_id" INTEGER, "update_user_id" INTEGER, "create_time" TIMESTAMP WITH TIME ZONE DEFAULT CURRENT_TIMESTAMP, "update_time" TIMESTAMP WITH TIME ZONE DEFAULT CURRENT_TIMESTAMP, "smtp_id" VARCHAR(255), "title" VARCHAR(255), "platform" VARCHAR(255), "client" VARCHAR(255), "player" VARCHAR(255), "content" VARCHAR(255), "sendtime" TIMESTAMP WITH TIME ZONE, "annex" VARCHAR(255)[], "game_id" INTEGER, PRIMARY KEY ("id"));
[2020-10-31T16:58:42.645] [DEBUG] debugLogger - Executing (default): CREATE TABLE IF NOT EXISTS "gm_url_purview" ("id" INTEGER NOT NULL , "status" INTEGER DEFAULT 1, "create_user_id" INTEGER, "update_user_id" INTEGER, "create_time" TIMESTAMP WITH TIME ZONE DEFAULT CURRENT_TIMESTAMP, "update_time" TIMESTAMP WITH TIME ZONE DEFAULT CURRENT_TIMESTAMP, "purview_id" INTEGER, "url_id" INTEGER, "grede" INTEGER, PRIMARY KEY ("id"));
[2020-10-31T16:58:42.647] [DEBUG] debugLogger - Executing (default): CREATE TABLE IF NOT EXISTS "gm_url" ("id" INTEGER NOT NULL , "status" INTEGER DEFAULT 1, "create_user_id" INTEGER, "update_user_id" INTEGER, "create_time" TIMESTAMP WITH TIME ZONE DEFAULT CURRENT_TIMESTAMP, "update_time" TIMESTAMP WITH TIME ZONE DEFAULT CURRENT_TIMESTAMP, "purview" VARCHAR(255), "url" VARCHAR(255), "pid" INTEGER, "name" VARCHAR(255), "priority" INTEGER, PRIMARY KEY ("id"));
[2020-10-31T16:58:42.653] [DEBUG] debugLogger - Executing (default): CREATE TABLE IF NOT EXISTS "gm_user" ("status" INTEGER NOT NULL DEFAULT 1 , "create_user_id" INTEGER, "update_user_id" INTEGER, "create_time" TIMESTAMP WITH TIME ZONE DEFAULT CURRENT_TIMESTAMP, "update_time" TIMESTAMP WITH TIME ZONE DEFAULT CURRENT_TIMESTAMP, "username" VARCHAR(255), "password" VARCHAR(255), "nick_name" VARCHAR(255), "avatar" VARCHAR(255), "email" VARCHAR(255), "source" INTEGER NOT NULL DEFAULT 1, "alias" VARCHAR(255), "phone" VARCHAR(255), "wechat_user_id" VARCHAR(255), "id" INTEGER NOT NULL, PRIMARY KEY ("status"));
[2020-10-31T16:58:42.655] [DEBUG] debugLogger - Executing (default): CREATE TABLE IF NOT EXISTS "gm_server" ("id"  SERIAL , "status" INTEGER DEFAULT 1, "create_user_id" INTEGER, "update_user_id" INTEGER, "create_time" TIMESTAMP WITH TIME ZONE DEFAULT CURRENT_TIMESTAMP, "update_time" TIMESTAMP WITH TIME ZONE DEFAULT CURRENT_TIMESTAMP, "servername" VARCHAR(255), "ip" VARCHAR(255), "address" VARCHAR(255), "plaform" VARCHAR(255), "display" VARCHAR(255), "srttime" TIMESTAMP WITH TIME ZONE, "channel" VARCHAR(255)[], "gamename" VARCHAR(255), "pid" VARCHAR(255), "serverid" VARCHAR(255), "test" VARCHAR(255), "load" VARCHAR(255), "gameid" INTEGER, PRIMARY KEY ("id"));
[2020-10-31T16:58:42.656] [DEBUG] debugLogger - Executing (default): CREATE TABLE IF NOT EXISTS "auth_user" ("id"   SERIAL , "username" VARCHAR(255) NOT NULL, "password" VARCHAR(255) NOT NULL, "source" VARCHAR(255), "nick_name" VARCHAR(255), "status" VARCHAR(255), "version" VARCHAR(255), "create_time" TIMESTAMP WITH TIME ZONE DEFAULT CURRENT_TIMESTAMP, "update_time" TIMESTAMP WITH TIME ZONE DEFAULT CURRENT_TIMESTAMP, PRIMARY KEY ("id"));
[2020-10-31T16:58:42.658] [DEBUG] debugLogger - Executing (default): SELECT i.relname AS name, ix.indisprimary AS primary, ix.indisunique AS unique, ix.indkey AS indkey, array_agg(a.attnum) as column_indexes, array_agg(a.attname) AS column_names, pg_get_indexdef(ix.indexrelid) AS definition FROM pg_class t, pg_class i, pg_index ix, pg_attribute a WHERE t.oid = ix.indrelid AND i.oid = ix.indexrelid AND a.attrelid = t.oid AND t.relkind = 'r' and t.relname = 'gm_announcement' GROUP BY i.relname, ix.indexrelid, ix.indisprimary, ix.indisunique, ix.indkey ORDER BY i.relname;
[2020-10-31T16:58:42.658] [DEBUG] debugLogger - Executing (default): SELECT i.relname AS name, ix.indisprimary AS primary, ix.indisunique AS unique, ix.indkey AS indkey, array_agg(a.attnum) as column_indexes, array_agg(a.attname) AS column_names, pg_get_indexdef(ix.indexrelid) AS definition FROM pg_class t, pg_class i, pg_index ix, pg_attribute a WHERE t.oid = ix.indrelid AND i.oid = ix.indexrelid AND a.attrelid = t.oid AND t.relkind = 'r' and t.relname = 'gm_area_server' GROUP BY i.relname, ix.indexrelid, ix.indisprimary, ix.indisunique, ix.indkey ORDER BY i.relname;
[2020-10-31T16:58:42.660] [DEBUG] debugLogger - Executing (default): SELECT i.relname AS name, ix.indisprimary AS primary, ix.indisunique AS unique, ix.indkey AS indkey, array_agg(a.attnum) as column_indexes, array_agg(a.attname) AS column_names, pg_get_indexdef(ix.indexrelid) AS definition FROM pg_class t, pg_class i, pg_index ix, pg_attribute a WHERE t.oid = ix.indrelid AND i.oid = ix.indexrelid AND a.attrelid = t.oid AND t.relkind = 'r' and t.relname = 'gm_cdk_depot' GROUP BY i.relname, ix.indexrelid, ix.indisprimary, ix.indisunique, ix.indkey ORDER BY i.relname;
[2020-10-31T16:58:42.664] [DEBUG] debugLogger - Executing (default): SELECT i.relname AS name, ix.indisprimary AS primary, ix.indisunique AS unique, ix.indkey AS indkey, array_agg(a.attnum) as column_indexes, array_agg(a.attname) AS column_names, pg_get_indexdef(ix.indexrelid) AS definition FROM pg_class t, pg_class i, pg_index ix, pg_attribute a WHERE t.oid = ix.indrelid AND i.oid = ix.indexrelid AND a.attrelid = t.oid AND t.relkind = 'r' and t.relname = 'gm_cdk' GROUP BY i.relname, ix.indexrelid, ix.indisprimary, ix.indisunique, ix.indkey ORDER BY i.relname;
[2020-10-31T16:58:42.666] [DEBUG] debugLogger - Executing (default): SELECT i.relname AS name, ix.indisprimary AS primary, ix.indisunique AS unique, ix.indkey AS indkey, array_agg(a.attnum) as column_indexes, array_agg(a.attname) AS column_names, pg_get_indexdef(ix.indexrelid) AS definition FROM pg_class t, pg_class i, pg_index ix, pg_attribute a WHERE t.oid = ix.indrelid AND i.oid = ix.indexrelid AND a.attrelid = t.oid AND t.relkind = 'r' and t.relname = 'gm_dict' GROUP BY i.relname, ix.indexrelid, ix.indisprimary, ix.indisunique, ix.indkey ORDER BY i.relname;
[2020-10-31T16:58:42.670] [DEBUG] debugLogger - Executing (default): SELECT i.relname AS name, ix.indisprimary AS primary, ix.indisunique AS unique, ix.indkey AS indkey, array_agg(a.attnum) as column_indexes, array_agg(a.attname) AS column_names, pg_get_indexdef(ix.indexrelid) AS definition FROM pg_class t, pg_class i, pg_index ix, pg_attribute a WHERE t.oid = ix.indrelid AND i.oid = ix.indexrelid AND a.attrelid = t.oid AND t.relkind = 'r' and t.relname = 'gm_game' GROUP BY i.relname, ix.indexrelid, ix.indisprimary, ix.indisunique, ix.indkey ORDER BY i.relname;
[2020-10-31T16:58:42.672] [DEBUG] debugLogger - Executing (default): SELECT i.relname AS name, ix.indisprimary AS primary, ix.indisunique AS unique, ix.indkey AS indkey, array_agg(a.attnum) as column_indexes, array_agg(a.attname) AS column_names, pg_get_indexdef(ix.indexrelid) AS definition FROM pg_class t, pg_class i, pg_index ix, pg_attribute a WHERE t.oid = ix.indrelid AND i.oid = ix.indexrelid AND a.attrelid = t.oid AND t.relkind = 'r' and t.relname = 'gm_purview' GROUP BY i.relname, ix.indexrelid, ix.indisprimary, ix.indisunique, ix.indkey ORDER BY i.relname;
[2020-10-31T16:58:42.679] [DEBUG] debugLogger - Executing (default): SELECT i.relname AS name, ix.indisprimary AS primary, ix.indisunique AS unique, ix.indkey AS indkey, array_agg(a.attnum) as column_indexes, array_agg(a.attname) AS column_names, pg_get_indexdef(ix.indexrelid) AS definition FROM pg_class t, pg_class i, pg_index ix, pg_attribute a WHERE t.oid = ix.indrelid AND i.oid = ix.indexrelid AND a.attrelid = t.oid AND t.relkind = 'r' and t.relname = 'gm_smtp' GROUP BY i.relname, ix.indexrelid, ix.indisprimary, ix.indisunique, ix.indkey ORDER BY i.relname;
[2020-10-31T16:58:42.681] [DEBUG] debugLogger - Executing (default): SELECT i.relname AS name, ix.indisprimary AS primary, ix.indisunique AS unique, ix.indkey AS indkey, array_agg(a.attnum) as column_indexes, array_agg(a.attname) AS column_names, pg_get_indexdef(ix.indexrelid) AS definition FROM pg_class t, pg_class i, pg_index ix, pg_attribute a WHERE t.oid = ix.indrelid AND i.oid = ix.indexrelid AND a.attrelid = t.oid AND t.relkind = 'r' and t.relname = 'gm_url' GROUP BY i.relname, ix.indexrelid, ix.indisprimary, ix.indisunique, ix.indkey ORDER BY i.relname;
[2020-10-31T16:58:42.685] [DEBUG] debugLogger - Executing (default): SELECT i.relname AS name, ix.indisprimary AS primary, ix.indisunique AS unique, ix.indkey AS indkey, array_agg(a.attnum) as column_indexes, array_agg(a.attname) AS column_names, pg_get_indexdef(ix.indexrelid) AS definition FROM pg_class t, pg_class i, pg_index ix, pg_attribute a WHERE t.oid = ix.indrelid AND i.oid = ix.indexrelid AND a.attrelid = t.oid AND t.relkind = 'r' and t.relname = 'gm_url_purview' GROUP BY i.relname, ix.indexrelid, ix.indisprimary, ix.indisunique, ix.indkey ORDER BY i.relname;
[2020-10-31T16:58:42.685] [DEBUG] debugLogger - Executing (default): SELECT i.relname AS name, ix.indisprimary AS primary, ix.indisunique AS unique, ix.indkey AS indkey, array_agg(a.attnum) as column_indexes, array_agg(a.attname) AS column_names, pg_get_indexdef(ix.indexrelid) AS definition FROM pg_class t, pg_class i, pg_index ix, pg_attribute a WHERE t.oid = ix.indrelid AND i.oid = ix.indexrelid AND a.attrelid = t.oid AND t.relkind = 'r' and t.relname = 'gm_user' GROUP BY i.relname, ix.indexrelid, ix.indisprimary, ix.indisunique, ix.indkey ORDER BY i.relname;
[2020-10-31T16:58:42.687] [DEBUG] debugLogger - Executing (default): SELECT i.relname AS name, ix.indisprimary AS primary, ix.indisunique AS unique, ix.indkey AS indkey, array_agg(a.attnum) as column_indexes, array_agg(a.attname) AS column_names, pg_get_indexdef(ix.indexrelid) AS definition FROM pg_class t, pg_class i, pg_index ix, pg_attribute a WHERE t.oid = ix.indrelid AND i.oid = ix.indexrelid AND a.attrelid = t.oid AND t.relkind = 'r' and t.relname = 'gm_server' GROUP BY i.relname, ix.indexrelid, ix.indisprimary, ix.indisunique, ix.indkey ORDER BY i.relname;
[2020-10-31T16:58:42.690] [DEBUG] debugLogger - Executing (default): SELECT i.relname AS name, ix.indisprimary AS primary, ix.indisunique AS unique, ix.indkey AS indkey, array_agg(a.attnum) as column_indexes, array_agg(a.attname) AS column_names, pg_get_indexdef(ix.indexrelid) AS definition FROM pg_class t, pg_class i, pg_index ix, pg_attribute a WHERE t.oid = ix.indrelid AND i.oid = ix.indexrelid AND a.attrelid = t.oid AND t.relkind = 'r' and t.relname = 'auth_user' GROUP BY i.relname, ix.indexrelid, ix.indisprimary, ix.indisunique, ix.indkey ORDER BY i.relname;
