[2020-09-18T11:01:15.752] [DEBUG] debugLogger - Executing (default): select * from gm_server  where gameid='1' and NOT(childrens is null) and (pid is null or  trim(pid) ='') order by id limit 20 offset (20*0)
[2020-09-18T11:01:15.816] [DEBUG] debugLogger - Executing (default): select count(*) as total from gm_server where gameid='1' and NOT(childrens is null) and (pid is null or  trim(pid) ='')
[2020-09-18T11:01:15.818] [DEBUG] debugLogger - Executing (default): SELECT count(display) as num,display  from gm_server where id in ( SELECT id from gm_server where gameid='1' and NOT(childrens is null) and (pid is null or  trim(pid) ='')  ORDER BY id limit 20 offset (20*0) ) GROUP BY display
[2020-09-18T11:01:16.710] [DEBUG] debugLogger - Executing (default): select * from gm_server  where gameid='1' and (pid is null or  trim(pid) ='') order by id limit 20 offset (20*0)
[2020-09-18T11:01:16.716] [DEBUG] debugLogger - Executing (default): select count(*) as total from gm_server where gameid='1' and (pid is null or  trim(pid) ='')
[2020-09-18T11:01:16.764] [DEBUG] debugLogger - Executing (default): SELECT count(display) as num,display  from gm_server where id in ( SELECT id from gm_server where gameid='1' and (pid is null or  trim(pid) ='')  ORDER BY id limit 20 offset (20*0) ) GROUP BY display
[2020-09-18T11:01:18.114] [DEBUG] debugLogger - Executing (default): select * from gm_server  where gameid='1' and (childrens is null) and (pid is null or  trim(pid) ='') order by id limit 20 offset (20*0)
[2020-09-18T11:01:18.120] [DEBUG] debugLogger - Executing (default): select count(*) as total from gm_server where gameid='1' and (childrens is null) and (pid is null or  trim(pid) ='')
[2020-09-18T11:01:18.126] [DEBUG] debugLogger - Executing (default): SELECT count(display) as num,display  from gm_server where id in ( SELECT id from gm_server where gameid='1' and (childrens is null) and (pid is null or  trim(pid) ='')  ORDER BY id limit 20 offset (20*0) ) GROUP BY display
[2020-09-18T11:01:21.536] [DEBUG] debugLogger - Executing (default): select * from gm_server  where gameid='1' and (pid is null or  trim(pid) ='') order by id limit 20 offset (20*0)
[2020-09-18T11:01:21.540] [DEBUG] debugLogger - Executing (default): select count(*) as total from gm_server where gameid='1' and (pid is null or  trim(pid) ='')
[2020-09-18T11:01:21.542] [DEBUG] debugLogger - Executing (default): SELECT count(display) as num,display  from gm_server where id in ( SELECT id from gm_server where gameid='1' and (pid is null or  trim(pid) ='')  ORDER BY id limit 20 offset (20*0) ) GROUP BY display
[2020-09-18T11:01:24.482] [DEBUG] debugLogger - Executing (default): select * from gm_server  where load='1' and gameid='1' and (pid is null or  trim(pid) ='') order by id limit 20 offset (20*0)
[2020-09-18T11:01:24.484] [DEBUG] debugLogger - Executing (default): select count(*) as total from gm_server where load='1' and gameid='1' and (pid is null or  trim(pid) ='')
[2020-09-18T11:01:24.485] [DEBUG] debugLogger - Executing (default): SELECT count(display) as num,display  from gm_server where id in ( SELECT id from gm_server where load='1' and gameid='1' and (pid is null or  trim(pid) ='')  ORDER BY id limit 20 offset (20*0) ) GROUP BY display
[2020-09-18T11:01:25.705] [DEBUG] debugLogger - Executing (default): select * from gm_server  where gameid='1' and (pid is null or  trim(pid) ='') order by id limit 20 offset (20*0)
[2020-09-18T11:01:25.708] [DEBUG] debugLogger - Executing (default): select count(*) as total from gm_server where gameid='1' and (pid is null or  trim(pid) ='')
[2020-09-18T11:01:25.710] [DEBUG] debugLogger - Executing (default): SELECT count(display) as num,display  from gm_server where id in ( SELECT id from gm_server where gameid='1' and (pid is null or  trim(pid) ='')  ORDER BY id limit 20 offset (20*0) ) GROUP BY display
[2020-09-18T11:01:27.784] [DEBUG] debugLogger - Executing (default): select * from gm_server  where display='1' and gameid='1' and (pid is null or  trim(pid) ='') order by id limit 20 offset (20*0)
[2020-09-18T11:01:27.788] [DEBUG] debugLogger - Executing (default): select count(*) as total from gm_server where display='1' and gameid='1' and (pid is null or  trim(pid) ='')
[2020-09-18T11:01:27.790] [DEBUG] debugLogger - Executing (default): SELECT count(display) as num,display  from gm_server where id in ( SELECT id from gm_server where display='1' and gameid='1' and (pid is null or  trim(pid) ='')  ORDER BY id limit 20 offset (20*0) ) GROUP BY display
[2020-09-18T11:01:29.105] [DEBUG] debugLogger - Executing (default): select * from gm_server  where display='2' and gameid='1' and (pid is null or  trim(pid) ='') order by id limit 20 offset (20*0)
[2020-09-18T11:01:29.109] [DEBUG] debugLogger - Executing (default): select count(*) as total from gm_server where display='2' and gameid='1' and (pid is null or  trim(pid) ='')
[2020-09-18T11:01:29.111] [DEBUG] debugLogger - Executing (default): SELECT count(display) as num,display  from gm_server where id in ( SELECT id from gm_server where display='2' and gameid='1' and (pid is null or  trim(pid) ='')  ORDER BY id limit 20 offset (20*0) ) GROUP BY display
[2020-09-18T11:01:30.605] [DEBUG] debugLogger - Executing (default): select * from gm_server  where display='3' and gameid='1' and (pid is null or  trim(pid) ='') order by id limit 20 offset (20*0)
[2020-09-18T11:01:30.607] [DEBUG] debugLogger - Executing (default): select count(*) as total from gm_server where display='3' and gameid='1' and (pid is null or  trim(pid) ='')
[2020-09-18T11:01:30.608] [DEBUG] debugLogger - Executing (default): SELECT count(display) as num,display  from gm_server where id in ( SELECT id from gm_server where display='3' and gameid='1' and (pid is null or  trim(pid) ='')  ORDER BY id limit 20 offset (20*0) ) GROUP BY display
[2020-09-18T11:01:31.674] [DEBUG] debugLogger - Executing (default): select * from gm_server  where display='4' and gameid='1' and (pid is null or  trim(pid) ='') order by id limit 20 offset (20*0)
[2020-09-18T11:01:31.678] [DEBUG] debugLogger - Executing (default): select count(*) as total from gm_server where display='4' and gameid='1' and (pid is null or  trim(pid) ='')
[2020-09-18T11:01:31.680] [DEBUG] debugLogger - Executing (default): SELECT count(display) as num,display  from gm_server where id in ( SELECT id from gm_server where display='4' and gameid='1' and (pid is null or  trim(pid) ='')  ORDER BY id limit 20 offset (20*0) ) GROUP BY display
[2020-09-18T11:01:33.087] [DEBUG] debugLogger - Executing (default): select * from gm_server  where display='5' and gameid='1' and (pid is null or  trim(pid) ='') order by id limit 20 offset (20*0)
[2020-09-18T11:01:33.088] [DEBUG] debugLogger - Executing (default): select count(*) as total from gm_server where display='5' and gameid='1' and (pid is null or  trim(pid) ='')
[2020-09-18T11:01:33.090] [DEBUG] debugLogger - Executing (default): SELECT count(display) as num,display  from gm_server where id in ( SELECT id from gm_server where display='5' and gameid='1' and (pid is null or  trim(pid) ='')  ORDER BY id limit 20 offset (20*0) ) GROUP BY display
[2020-09-18T11:01:33.913] [DEBUG] debugLogger - Executing (default): select * from gm_server  where gameid='1' and (pid is null or  trim(pid) ='') order by id limit 20 offset (20*0)
[2020-09-18T11:01:33.916] [DEBUG] debugLogger - Executing (default): select count(*) as total from gm_server where gameid='1' and (pid is null or  trim(pid) ='')
[2020-09-18T11:01:33.917] [DEBUG] debugLogger - Executing (default): SELECT count(display) as num,display  from gm_server where id in ( SELECT id from gm_server where gameid='1' and (pid is null or  trim(pid) ='')  ORDER BY id limit 20 offset (20*0) ) GROUP BY display
[2020-09-18T11:01:35.719] [DEBUG] debugLogger - Executing (default): select * from gm_server  where gameid='1' and  channel = '["小米"]'  and (pid is null or  trim(pid) ='') order by id limit 20 offset (20*0)
[2020-09-18T11:01:35.724] [DEBUG] debugLogger - Executing (default): select count(*) as total from gm_server where gameid='1' and  channel = '["小米"]'  and (pid is null or  trim(pid) ='')
[2020-09-18T11:01:35.727] [DEBUG] debugLogger - Executing (default): SELECT count(display) as num,display  from gm_server where id in ( SELECT id from gm_server where gameid='1' and  channel = '["小米"]'  and (pid is null or  trim(pid) ='')  ORDER BY id limit 20 offset (20*0) ) GROUP BY display
[2020-09-18T11:01:35.970] [DEBUG] debugLogger - Executing (default): select * from gm_server  where gameid='1' and channel @> '["小米","1"]'  and  jsonb_array_length(channel) = jsonb_array_length('["小米","1"]'::jsonb)  and (pid is null or  trim(pid) ='') order by id limit 20 offset (20*0)
[2020-09-18T11:01:35.971] [DEBUG] debugLogger - Executing (default): select count(*) as total from gm_server where gameid='1' and channel @> '["小米","1"]'  and  jsonb_array_length(channel) = jsonb_array_length('["小米","1"]'::jsonb)  and (pid is null or  trim(pid) ='')
[2020-09-18T11:01:35.973] [DEBUG] debugLogger - Executing (default): SELECT count(display) as num,display  from gm_server where id in ( SELECT id from gm_server where gameid='1' and channel @> '["小米","1"]'  and  jsonb_array_length(channel) = jsonb_array_length('["小米","1"]'::jsonb)  and (pid is null or  trim(pid) ='')  ORDER BY id limit 20 offset (20*0) ) GROUP BY display
[2020-09-18T11:01:36.095] [DEBUG] debugLogger - Executing (default): select * from gm_server  where gameid='1' and channel @> '["小米","1","3"]'  and  jsonb_array_length(channel) = jsonb_array_length('["小米","1","3"]'::jsonb)  and (pid is null or  trim(pid) ='') order by id limit 20 offset (20*0)
[2020-09-18T11:01:36.098] [DEBUG] debugLogger - Executing (default): select count(*) as total from gm_server where gameid='1' and channel @> '["小米","1","3"]'  and  jsonb_array_length(channel) = jsonb_array_length('["小米","1","3"]'::jsonb)  and (pid is null or  trim(pid) ='')
[2020-09-18T11:01:36.100] [DEBUG] debugLogger - Executing (default): SELECT count(display) as num,display  from gm_server where id in ( SELECT id from gm_server where gameid='1' and channel @> '["小米","1","3"]'  and  jsonb_array_length(channel) = jsonb_array_length('["小米","1","3"]'::jsonb)  and (pid is null or  trim(pid) ='')  ORDER BY id limit 20 offset (20*0) ) GROUP BY display
[2020-09-18T11:01:37.163] [DEBUG] debugLogger - Executing (default): select * from gm_server  where gameid='1' and channel @> '["小米","1","3","久游"]'  and  jsonb_array_length(channel) = jsonb_array_length('["小米","1","3","久游"]'::jsonb)  and (pid is null or  trim(pid) ='') order by id limit 20 offset (20*0)
[2020-09-18T11:01:37.165] [DEBUG] debugLogger - Executing (default): select count(*) as total from gm_server where gameid='1' and channel @> '["小米","1","3","久游"]'  and  jsonb_array_length(channel) = jsonb_array_length('["小米","1","3","久游"]'::jsonb)  and (pid is null or  trim(pid) ='')
[2020-09-18T11:01:37.166] [DEBUG] debugLogger - Executing (default): SELECT count(display) as num,display  from gm_server where id in ( SELECT id from gm_server where gameid='1' and channel @> '["小米","1","3","久游"]'  and  jsonb_array_length(channel) = jsonb_array_length('["小米","1","3","久游"]'::jsonb)  and (pid is null or  trim(pid) ='')  ORDER BY id limit 20 offset (20*0) ) GROUP BY display
[2020-09-18T11:01:37.414] [DEBUG] debugLogger - Executing (default): select * from gm_server  where gameid='1' and channel @> '["1","3","久游"]'  and  jsonb_array_length(channel) = jsonb_array_length('["1","3","久游"]'::jsonb)  and (pid is null or  trim(pid) ='') order by id limit 20 offset (20*0)
[2020-09-18T11:01:37.416] [DEBUG] debugLogger - Executing (default): select count(*) as total from gm_server where gameid='1' and channel @> '["1","3","久游"]'  and  jsonb_array_length(channel) = jsonb_array_length('["1","3","久游"]'::jsonb)  and (pid is null or  trim(pid) ='')
[2020-09-18T11:01:37.417] [DEBUG] debugLogger - Executing (default): SELECT count(display) as num,display  from gm_server where id in ( SELECT id from gm_server where gameid='1' and channel @> '["1","3","久游"]'  and  jsonb_array_length(channel) = jsonb_array_length('["1","3","久游"]'::jsonb)  and (pid is null or  trim(pid) ='')  ORDER BY id limit 20 offset (20*0) ) GROUP BY display
[2020-09-18T11:01:37.620] [DEBUG] debugLogger - Executing (default): select * from gm_server  where gameid='1' and channel @> '["1","3"]'  and  jsonb_array_length(channel) = jsonb_array_length('["1","3"]'::jsonb)  and (pid is null or  trim(pid) ='') order by id limit 20 offset (20*0)
[2020-09-18T11:01:37.622] [DEBUG] debugLogger - Executing (default): select count(*) as total from gm_server where gameid='1' and channel @> '["1","3"]'  and  jsonb_array_length(channel) = jsonb_array_length('["1","3"]'::jsonb)  and (pid is null or  trim(pid) ='')
[2020-09-18T11:01:37.624] [DEBUG] debugLogger - Executing (default): SELECT count(display) as num,display  from gm_server where id in ( SELECT id from gm_server where gameid='1' and channel @> '["1","3"]'  and  jsonb_array_length(channel) = jsonb_array_length('["1","3"]'::jsonb)  and (pid is null or  trim(pid) ='')  ORDER BY id limit 20 offset (20*0) ) GROUP BY display
[2020-09-18T11:01:38.394] [DEBUG] debugLogger - Executing (default): select * from gm_server  where gameid='1' and  channel = '["3"]'  and (pid is null or  trim(pid) ='') order by id limit 20 offset (20*0)
[2020-09-18T11:01:38.396] [DEBUG] debugLogger - Executing (default): select count(*) as total from gm_server where gameid='1' and  channel = '["3"]'  and (pid is null or  trim(pid) ='')
[2020-09-18T11:01:38.397] [DEBUG] debugLogger - Executing (default): SELECT count(display) as num,display  from gm_server where id in ( SELECT id from gm_server where gameid='1' and  channel = '["3"]'  and (pid is null or  trim(pid) ='')  ORDER BY id limit 20 offset (20*0) ) GROUP BY display
[2020-09-18T11:01:38.646] [DEBUG] debugLogger - Executing (default): select * from gm_server  where gameid='1' and (pid is null or  trim(pid) ='') order by id limit 20 offset (20*0)
[2020-09-18T11:01:38.649] [DEBUG] debugLogger - Executing (default): select count(*) as total from gm_server where gameid='1' and (pid is null or  trim(pid) ='')
[2020-09-18T11:01:38.651] [DEBUG] debugLogger - Executing (default): SELECT count(display) as num,display  from gm_server where id in ( SELECT id from gm_server where gameid='1' and (pid is null or  trim(pid) ='')  ORDER BY id limit 20 offset (20*0) ) GROUP BY display
[2020-09-18T11:01:41.082] [DEBUG] debugLogger - Executing (default): select * from gm_server  where gameid='1' and plaform =  '["1"]'  and (pid is null or  trim(pid) ='') order by id limit 20 offset (20*0)
[2020-09-18T11:01:41.085] [DEBUG] debugLogger - Executing (default): select count(*) as total from gm_server where gameid='1' and plaform =  '["1"]'  and (pid is null or  trim(pid) ='')
[2020-09-18T11:01:41.086] [DEBUG] debugLogger - Executing (default): SELECT count(display) as num,display  from gm_server where id in ( SELECT id from gm_server where gameid='1' and plaform =  '["1"]'  and (pid is null or  trim(pid) ='')  ORDER BY id limit 20 offset (20*0) ) GROUP BY display
[2020-09-18T11:01:42.677] [DEBUG] debugLogger - Executing (default): select * from gm_server  where gameid='1'  and plaform @> '["1","2"]'  and (pid is null or  trim(pid) ='') order by id limit 20 offset (20*0)
[2020-09-18T11:01:42.678] [DEBUG] debugLogger - Executing (default): select count(*) as total from gm_server where gameid='1'  and plaform @> '["1","2"]'  and (pid is null or  trim(pid) ='')
[2020-09-18T11:01:42.680] [DEBUG] debugLogger - Executing (default): SELECT count(display) as num,display  from gm_server where id in ( SELECT id from gm_server where gameid='1'  and plaform @> '["1","2"]'  and (pid is null or  trim(pid) ='')  ORDER BY id limit 20 offset (20*0) ) GROUP BY display
[2020-09-18T11:01:43.295] [DEBUG] debugLogger - Executing (default): select * from gm_server  where gameid='1' and plaform =  '["2"]'  and (pid is null or  trim(pid) ='') order by id limit 20 offset (20*0)
[2020-09-18T11:01:43.299] [DEBUG] debugLogger - Executing (default): select count(*) as total from gm_server where gameid='1' and plaform =  '["2"]'  and (pid is null or  trim(pid) ='')
[2020-09-18T11:01:43.302] [DEBUG] debugLogger - Executing (default): SELECT count(display) as num,display  from gm_server where id in ( SELECT id from gm_server where gameid='1' and plaform =  '["2"]'  and (pid is null or  trim(pid) ='')  ORDER BY id limit 20 offset (20*0) ) GROUP BY display
[2020-09-18T11:01:45.371] [DEBUG] debugLogger - Executing (default): select * from gm_server  where gameid='1'  and plaform @> '["2","1"]'  and (pid is null or  trim(pid) ='') order by id limit 20 offset (20*0)
[2020-09-18T11:01:45.373] [DEBUG] debugLogger - Executing (default): select count(*) as total from gm_server where gameid='1'  and plaform @> '["2","1"]'  and (pid is null or  trim(pid) ='')
[2020-09-18T11:01:45.375] [DEBUG] debugLogger - Executing (default): SELECT count(display) as num,display  from gm_server where id in ( SELECT id from gm_server where gameid='1'  and plaform @> '["2","1"]'  and (pid is null or  trim(pid) ='')  ORDER BY id limit 20 offset (20*0) ) GROUP BY display
[2020-09-18T11:01:45.877] [DEBUG] debugLogger - Executing (default): select * from gm_server  where gameid='1' and plaform =  '["2"]'  and (pid is null or  trim(pid) ='') order by id limit 20 offset (20*0)
[2020-09-18T11:01:45.879] [DEBUG] debugLogger - Executing (default): select count(*) as total from gm_server where gameid='1' and plaform =  '["2"]'  and (pid is null or  trim(pid) ='')
[2020-09-18T11:01:45.880] [DEBUG] debugLogger - Executing (default): SELECT count(display) as num,display  from gm_server where id in ( SELECT id from gm_server where gameid='1' and plaform =  '["2"]'  and (pid is null or  trim(pid) ='')  ORDER BY id limit 20 offset (20*0) ) GROUP BY display
[2020-09-18T11:01:46.819] [DEBUG] debugLogger - Executing (default): select * from gm_server  where gameid='1' and (pid is null or  trim(pid) ='') order by id limit 20 offset (20*0)
[2020-09-18T11:01:46.821] [DEBUG] debugLogger - Executing (default): select count(*) as total from gm_server where gameid='1' and (pid is null or  trim(pid) ='')
[2020-09-18T11:01:46.823] [DEBUG] debugLogger - Executing (default): SELECT count(display) as num,display  from gm_server where id in ( SELECT id from gm_server where gameid='1' and (pid is null or  trim(pid) ='')  ORDER BY id limit 20 offset (20*0) ) GROUP BY display
