[2020-11-16T11:14:55.533] [ERROR] errorLogger - 
*************** error log start ***************
request method: GET
request originalUrl:  /api/character/query?key=role_id&value=&regtime=&stime=&platform=&channel=&servername=&banned_type=&banned_area=&page=1&pagesize=10
request client ip:  ::ffff:127.0.0.1
request query:  {"key":"role_id","value":"","regtime":"","stime":"","platform":"","channel":"","servername":"","banned_type":"","banned_area":"","page":"1","pagesize":"10","gameid":"1"}
response time: 1605496495532
err name: Error
err message: connect ETIMEDOUT 103.210.21.117:8992
err stack: Error: connect ETIMEDOUT 103.210.21.117:8992
    at TCPConnectWrap.afterConnect [as oncomplete] (net.js:1141:16)
*************** error log end ***************

[2020-11-16T11:15:44.407] [ERROR] errorLogger - 
*************** error log start ***************
request method: GET
request originalUrl:  /api/character/query?key=role_id&value=&regtime=&stime=&platform=&channel=&servername=&banned_type=&banned_area=&page=1&pagesize=10
request client ip:  ::ffff:127.0.0.1
request query:  {"key":"role_id","value":"","regtime":"","stime":"","platform":"","channel":"","servername":"","banned_type":"","banned_area":"","page":"1","pagesize":"10","gameid":"1"}
response time: 1605496544407
err name: Error
err message: read ECONNRESET
err stack: Error: read ECONNRESET
    at TCP.onStreamRead (internal/stream_base_commons.js:205:27)
*************** error log end ***************

