[2020-11-25T16:57:15.136] [ERROR] errorLogger - 
*************** error log start ***************
request method: GET
request originalUrl:  /api/server/findServer?plaform=3&display=&load=&srttime=&key=serverid&value=&test=0&mergeserver=&page=1&pagesize=20
request client ip:  ::ffff:127.0.0.1
request query:  {"plaform":"3","display":"","load":"","srttime":"","key":"serverid","value":"","test":"0","mergeserver":"","page":"1","pagesize":"20","gameid":"1"}
response time: 1606294635135
err name: SequelizeDatabaseError
err message: cannot get array length of a scalar
err stack: SequelizeDatabaseError: cannot get array length of a scalar
    at Query.formatError (H:\致命代码\fancyguo-gm\server\node_modules\sequelize\lib\dialects\postgres\query.js:366:16)
    at H:\致命代码\fancyguo-gm\server\node_modules\sequelize\lib\dialects\postgres\query.js:72:18
From previous event:
    at Query.run (H:\致命代码\fancyguo-gm\server\node_modules\sequelize\lib\dialects\postgres\query.js:64:23)
    at H:\致命代码\fancyguo-gm\server\node_modules\sequelize\lib\sequelize.js:655:29
From previous event:
    at H:\致命代码\fancyguo-gm\server\node_modules\sequelize\lib\sequelize.js:655:12
    at processImmediate (internal/timers.js:456:21)
From previous event:
    at H:\致命代码\fancyguo-gm\server\node_modules\sequelize\lib\sequelize.js:651:10
    at H:\致命代码\fancyguo-gm\server\node_modules\retry-as-promised\index.js:70:21
    at new Promise (<anonymous>)
    at retryAsPromised (H:\致命代码\fancyguo-gm\server\node_modules\retry-as-promised\index.js:60:10)
    at H:\致命代码\fancyguo-gm\server\node_modules\sequelize\lib\sequelize.js:641:30
From previous event:
    at Sequelize.query (H:\致命代码\fancyguo-gm\server\node_modules\sequelize\lib\sequelize.js:590:23)
    at GmServerService._callee$ (H:\致命代码\fancyguo-gm\server\src\app\service\/server.js:67:32)
    at tryCatch (H:\致命代码\fancyguo-gm\server\node_modules\regenerator-runtime\runtime.js:45:40)
    at Generator.invoke [as _invoke] (H:\致命代码\fancyguo-gm\server\node_modules\regenerator-runtime\runtime.js:281:22)
    at Generator.prototype.<computed> [as next] (H:\致命代码\fancyguo-gm\server\node_modules\regenerator-runtime\runtime.js:106:21)
    at asyncGeneratorStep (H:\致命代码\fancyguo-gm\server\node_modules\@babel\runtime\helpers\asyncToGenerator.js:3:24)
    at _next (H:\致命代码\fancyguo-gm\server\node_modules\@babel\runtime\helpers\asyncToGenerator.js:25:9)
    at H:\致命代码\fancyguo-gm\server\node_modules\@babel\runtime\helpers\asyncToGenerator.js:32:7
    at new Promise (<anonymous>)
    at GmServerService.<anonymous> (H:\致命代码\fancyguo-gm\server\node_modules\@babel\runtime\helpers\asyncToGenerator.js:21:12)
    at GmServerService.serverFindByParam (H:\致命代码\fancyguo-gm\server\src\app\service\server.js:239:35)
    at _callee12$ (H:\致命代码\fancyguo-gm\server\src\app\controllers\/server.js:151:38)
    at tryCatch (H:\致命代码\fancyguo-gm\server\node_modules\regenerator-runtime\runtime.js:45:40)
    at Generator.invoke [as _invoke] (H:\致命代码\fancyguo-gm\server\node_modules\regenerator-runtime\runtime.js:281:22)
    at Generator.prototype.<computed> [as next] (H:\致命代码\fancyguo-gm\server\node_modules\regenerator-runtime\runtime.js:106:21)
    at asyncGeneratorStep (H:\致命代码\fancyguo-gm\server\node_modules\@babel\runtime\helpers\asyncToGenerator.js:3:24)
    at _next (H:\致命代码\fancyguo-gm\server\node_modules\@babel\runtime\helpers\asyncToGenerator.js:25:9)
    at H:\致命代码\fancyguo-gm\server\node_modules\@babel\runtime\helpers\asyncToGenerator.js:32:7
    at new Promise (<anonymous>)
    at H:\致命代码\fancyguo-gm\server\node_modules\@babel\runtime\helpers\asyncToGenerator.js:21:12
    at findServer (H:\致命代码\fancyguo-gm\server\src\app\controllers\server.js:510:28)
    at dispatch (H:\致命代码\fancyguo-gm\server\node_modules\koa-compose\index.js:44:32)
    at next (H:\致命代码\fancyguo-gm\server\node_modules\koa-compose\index.js:45:18)
    at H:\致命代码\fancyguo-gm\server\node_modules\koa-router\lib\router.js:346:16
    at dispatch (H:\致命代码\fancyguo-gm\server\node_modules\koa-compose\index.js:44:32)
    at H:\致命代码\fancyguo-gm\server\node_modules\koa-compose\index.js:36:12
    at dispatch (H:\致命代码\fancyguo-gm\server\node_modules\koa-router\lib\router.js:351:31)
    at next (H:\致命代码\fancyguo-gm\server\node_modules\koa\node_modules\koa-compose\index.js:42:32)
    at _callee$ (H:\致命代码\fancyguo-gm\server\src\middleware\/index.js:48:11)
    at tryCatch (H:\致命代码\fancyguo-gm\server\node_modules\regenerator-runtime\runtime.js:45:40)
    at Generator.invoke [as _invoke] (H:\致命代码\fancyguo-gm\server\node_modules\regenerator-runtime\runtime.js:281:22)
    at Generator.prototype.<computed> [as next] (H:\致命代码\fancyguo-gm\server\node_modules\regenerator-runtime\runtime.js:106:21)
    at asyncGeneratorStep (H:\致命代码\fancyguo-gm\server\node_modules\@babel\runtime\helpers\asyncToGenerator.js:3:24)
    at _next (H:\致命代码\fancyguo-gm\server\node_modules\@babel\runtime\helpers\asyncToGenerator.js:25:9)
    at H:\致命代码\fancyguo-gm\server\node_modules\@babel\runtime\helpers\asyncToGenerator.js:32:7
    at new Promise (<anonymous>)
    at H:\致命代码\fancyguo-gm\server\node_modules\@babel\runtime\helpers\asyncToGenerator.js:21:12
    at H:\致命代码\fancyguo-gm\server\src\middleware\/index.js:43:2
*************** error log end ***************

[2020-11-25T16:57:28.181] [ERROR] errorLogger - 
*************** error log start ***************
request method: GET
request originalUrl:  /api/server/findServer?plaform=3&display=&load=&srttime=&key=serverid&value=&test=0&mergeserver=&page=1&pagesize=20
request client ip:  ::ffff:127.0.0.1
request query:  {"plaform":"3","display":"","load":"","srttime":"","key":"serverid","value":"","test":"0","mergeserver":"","page":"1","pagesize":"20","gameid":"1"}
response time: 1606294648180
err name: SequelizeDatabaseError
err message: cannot get array length of a scalar
err stack: SequelizeDatabaseError: cannot get array length of a scalar
    at Query.formatError (H:\致命代码\fancyguo-gm\server\node_modules\sequelize\lib\dialects\postgres\query.js:366:16)
    at H:\致命代码\fancyguo-gm\server\node_modules\sequelize\lib\dialects\postgres\query.js:72:18
From previous event:
    at Query.run (H:\致命代码\fancyguo-gm\server\node_modules\sequelize\lib\dialects\postgres\query.js:64:23)
    at H:\致命代码\fancyguo-gm\server\node_modules\sequelize\lib\sequelize.js:655:29
From previous event:
    at H:\致命代码\fancyguo-gm\server\node_modules\sequelize\lib\sequelize.js:655:12
    at processImmediate (internal/timers.js:456:21)
From previous event:
    at H:\致命代码\fancyguo-gm\server\node_modules\sequelize\lib\sequelize.js:651:10
    at H:\致命代码\fancyguo-gm\server\node_modules\retry-as-promised\index.js:70:21
    at new Promise (<anonymous>)
    at retryAsPromised (H:\致命代码\fancyguo-gm\server\node_modules\retry-as-promised\index.js:60:10)
    at H:\致命代码\fancyguo-gm\server\node_modules\sequelize\lib\sequelize.js:641:30
From previous event:
    at Sequelize.query (H:\致命代码\fancyguo-gm\server\node_modules\sequelize\lib\sequelize.js:590:23)
    at GmServerService._callee$ (H:\致命代码\fancyguo-gm\server\src\app\service\/server.js:67:32)
    at tryCatch (H:\致命代码\fancyguo-gm\server\node_modules\regenerator-runtime\runtime.js:45:40)
    at Generator.invoke [as _invoke] (H:\致命代码\fancyguo-gm\server\node_modules\regenerator-runtime\runtime.js:281:22)
    at Generator.prototype.<computed> [as next] (H:\致命代码\fancyguo-gm\server\node_modules\regenerator-runtime\runtime.js:106:21)
    at asyncGeneratorStep (H:\致命代码\fancyguo-gm\server\node_modules\@babel\runtime\helpers\asyncToGenerator.js:3:24)
    at _next (H:\致命代码\fancyguo-gm\server\node_modules\@babel\runtime\helpers\asyncToGenerator.js:25:9)
    at H:\致命代码\fancyguo-gm\server\node_modules\@babel\runtime\helpers\asyncToGenerator.js:32:7
    at new Promise (<anonymous>)
    at GmServerService.<anonymous> (H:\致命代码\fancyguo-gm\server\node_modules\@babel\runtime\helpers\asyncToGenerator.js:21:12)
    at GmServerService.serverFindByParam (H:\致命代码\fancyguo-gm\server\src\app\service\server.js:239:35)
    at _callee12$ (H:\致命代码\fancyguo-gm\server\src\app\controllers\/server.js:151:38)
    at tryCatch (H:\致命代码\fancyguo-gm\server\node_modules\regenerator-runtime\runtime.js:45:40)
    at Generator.invoke [as _invoke] (H:\致命代码\fancyguo-gm\server\node_modules\regenerator-runtime\runtime.js:281:22)
    at Generator.prototype.<computed> [as next] (H:\致命代码\fancyguo-gm\server\node_modules\regenerator-runtime\runtime.js:106:21)
    at asyncGeneratorStep (H:\致命代码\fancyguo-gm\server\node_modules\@babel\runtime\helpers\asyncToGenerator.js:3:24)
    at _next (H:\致命代码\fancyguo-gm\server\node_modules\@babel\runtime\helpers\asyncToGenerator.js:25:9)
    at H:\致命代码\fancyguo-gm\server\node_modules\@babel\runtime\helpers\asyncToGenerator.js:32:7
    at new Promise (<anonymous>)
    at H:\致命代码\fancyguo-gm\server\node_modules\@babel\runtime\helpers\asyncToGenerator.js:21:12
    at findServer (H:\致命代码\fancyguo-gm\server\src\app\controllers\server.js:510:28)
    at dispatch (H:\致命代码\fancyguo-gm\server\node_modules\koa-compose\index.js:44:32)
    at next (H:\致命代码\fancyguo-gm\server\node_modules\koa-compose\index.js:45:18)
    at H:\致命代码\fancyguo-gm\server\node_modules\koa-router\lib\router.js:346:16
    at dispatch (H:\致命代码\fancyguo-gm\server\node_modules\koa-compose\index.js:44:32)
    at H:\致命代码\fancyguo-gm\server\node_modules\koa-compose\index.js:36:12
    at dispatch (H:\致命代码\fancyguo-gm\server\node_modules\koa-router\lib\router.js:351:31)
    at next (H:\致命代码\fancyguo-gm\server\node_modules\koa\node_modules\koa-compose\index.js:42:32)
    at _callee$ (H:\致命代码\fancyguo-gm\server\src\middleware\/index.js:48:11)
    at tryCatch (H:\致命代码\fancyguo-gm\server\node_modules\regenerator-runtime\runtime.js:45:40)
    at Generator.invoke [as _invoke] (H:\致命代码\fancyguo-gm\server\node_modules\regenerator-runtime\runtime.js:281:22)
    at Generator.prototype.<computed> [as next] (H:\致命代码\fancyguo-gm\server\node_modules\regenerator-runtime\runtime.js:106:21)
    at asyncGeneratorStep (H:\致命代码\fancyguo-gm\server\node_modules\@babel\runtime\helpers\asyncToGenerator.js:3:24)
    at _next (H:\致命代码\fancyguo-gm\server\node_modules\@babel\runtime\helpers\asyncToGenerator.js:25:9)
    at H:\致命代码\fancyguo-gm\server\node_modules\@babel\runtime\helpers\asyncToGenerator.js:32:7
    at new Promise (<anonymous>)
    at H:\致命代码\fancyguo-gm\server\node_modules\@babel\runtime\helpers\asyncToGenerator.js:21:12
    at H:\致命代码\fancyguo-gm\server\src\middleware\/index.js:43:2
*************** error log end ***************

[2020-11-25T19:28:05.935] [ERROR] errorLogger - 
*************** error log start ***************
request method: GET
request originalUrl:  /api/server/findServer
request client ip:  ::ffff:127.0.0.1
request query:  {"gameid":"1"}
response time: 1606303685934
err name: SequelizeDatabaseError
err message: column "undefined" does not exist
err stack: SequelizeDatabaseError: column "undefined" does not exist
    at Query.formatError (H:\致命代码\fancyguo-gm\server\node_modules\sequelize\lib\dialects\postgres\query.js:366:16)
    at H:\致命代码\fancyguo-gm\server\node_modules\sequelize\lib\dialects\postgres\query.js:72:18
From previous event:
    at Query.run (H:\致命代码\fancyguo-gm\server\node_modules\sequelize\lib\dialects\postgres\query.js:64:23)
    at H:\致命代码\fancyguo-gm\server\node_modules\sequelize\lib\sequelize.js:655:29
From previous event:
    at H:\致命代码\fancyguo-gm\server\node_modules\sequelize\lib\sequelize.js:655:12
    at processImmediate (internal/timers.js:456:21)
From previous event:
    at H:\致命代码\fancyguo-gm\server\node_modules\sequelize\lib\sequelize.js:651:10
    at H:\致命代码\fancyguo-gm\server\node_modules\retry-as-promised\index.js:70:21
    at new Promise (<anonymous>)
    at retryAsPromised (H:\致命代码\fancyguo-gm\server\node_modules\retry-as-promised\index.js:60:10)
    at H:\致命代码\fancyguo-gm\server\node_modules\sequelize\lib\sequelize.js:641:30
From previous event:
    at Sequelize.query (H:\致命代码\fancyguo-gm\server\node_modules\sequelize\lib\sequelize.js:590:23)
    at _callee$ (H:\致命代码\fancyguo-gm\server\src\app\service\/server.js:77:32)
    at tryCatch (H:\致命代码\fancyguo-gm\server\node_modules\regenerator-runtime\runtime.js:45:40)
    at Generator.invoke [as _invoke] (H:\致命代码\fancyguo-gm\server\node_modules\regenerator-runtime\runtime.js:281:22)
    at Generator.prototype.<computed> [as next] (H:\致命代码\fancyguo-gm\server\node_modules\regenerator-runtime\runtime.js:106:21)
    at asyncGeneratorStep (H:\致命代码\fancyguo-gm\server\node_modules\@babel\runtime\helpers\asyncToGenerator.js:3:24)
    at _next (H:\致命代码\fancyguo-gm\server\node_modules\@babel\runtime\helpers\asyncToGenerator.js:25:9)
    at H:\致命代码\fancyguo-gm\server\node_modules\@babel\runtime\helpers\asyncToGenerator.js:32:7
    at new Promise (<anonymous>)
    at GmServerService.<anonymous> (H:\致命代码\fancyguo-gm\server\node_modules\@babel\runtime\helpers\asyncToGenerator.js:21:12)
    at GmServerService.serverFindByParam (H:\致命代码\fancyguo-gm\server\src\app\service\server.js:272:35)
    at _callee12$ (H:\致命代码\fancyguo-gm\server\src\app\controllers\/server.js:151:38)
    at tryCatch (H:\致命代码\fancyguo-gm\server\node_modules\regenerator-runtime\runtime.js:45:40)
    at Generator.invoke [as _invoke] (H:\致命代码\fancyguo-gm\server\node_modules\regenerator-runtime\runtime.js:281:22)
    at Generator.prototype.<computed> [as next] (H:\致命代码\fancyguo-gm\server\node_modules\regenerator-runtime\runtime.js:106:21)
    at asyncGeneratorStep (H:\致命代码\fancyguo-gm\server\node_modules\@babel\runtime\helpers\asyncToGenerator.js:3:24)
    at _next (H:\致命代码\fancyguo-gm\server\node_modules\@babel\runtime\helpers\asyncToGenerator.js:25:9)
    at H:\致命代码\fancyguo-gm\server\node_modules\@babel\runtime\helpers\asyncToGenerator.js:32:7
    at new Promise (<anonymous>)
    at H:\致命代码\fancyguo-gm\server\node_modules\@babel\runtime\helpers\asyncToGenerator.js:21:12
    at findServer (H:\致命代码\fancyguo-gm\server\src\app\controllers\server.js:510:28)
    at dispatch (H:\致命代码\fancyguo-gm\server\node_modules\koa-compose\index.js:44:32)
    at next (H:\致命代码\fancyguo-gm\server\node_modules\koa-compose\index.js:45:18)
    at H:\致命代码\fancyguo-gm\server\node_modules\koa-router\lib\router.js:346:16
    at dispatch (H:\致命代码\fancyguo-gm\server\node_modules\koa-compose\index.js:44:32)
    at H:\致命代码\fancyguo-gm\server\node_modules\koa-compose\index.js:36:12
    at dispatch (H:\致命代码\fancyguo-gm\server\node_modules\koa-router\lib\router.js:351:31)
    at next (H:\致命代码\fancyguo-gm\server\node_modules\koa\node_modules\koa-compose\index.js:42:32)
    at _callee$ (H:\致命代码\fancyguo-gm\server\src\middleware\/index.js:48:11)
    at tryCatch (H:\致命代码\fancyguo-gm\server\node_modules\regenerator-runtime\runtime.js:45:40)
    at Generator.invoke [as _invoke] (H:\致命代码\fancyguo-gm\server\node_modules\regenerator-runtime\runtime.js:281:22)
    at Generator.prototype.<computed> [as next] (H:\致命代码\fancyguo-gm\server\node_modules\regenerator-runtime\runtime.js:106:21)
    at asyncGeneratorStep (H:\致命代码\fancyguo-gm\server\node_modules\@babel\runtime\helpers\asyncToGenerator.js:3:24)
    at _next (H:\致命代码\fancyguo-gm\server\node_modules\@babel\runtime\helpers\asyncToGenerator.js:25:9)
    at H:\致命代码\fancyguo-gm\server\node_modules\@babel\runtime\helpers\asyncToGenerator.js:32:7
    at new Promise (<anonymous>)
    at H:\致命代码\fancyguo-gm\server\node_modules\@babel\runtime\helpers\asyncToGenerator.js:21:12
    at H:\致命代码\fancyguo-gm\server\src\middleware\/index.js:43:2
*************** error log end ***************

[2020-11-25T21:06:50.460] [ERROR] errorLogger - 
*************** error log start ***************
request method: POST
request originalUrl:  /api/server/batchCreate
request client ip:  ::ffff:127.0.0.1
request body: 
{"value":[{"serverid":"211","servername":"asdasd1","platform":"[\"2\"]","srttime":"2020-12-13 12:00:00","display":1,"test":"1","address":"127.0.0.1","key":2,"change":false,"channel":["fancyguo"],"success":true,"plaform":"[\"2\"]","gameid":"1"},{"serverid":"123","servername":"驱蚊器恶趣味","platform":"[\"1\",\"2\"]","srttime":"2020-12-13 12:00:00","display":1,"test":"1","address":"127.0.0.1:24024","key":3,"change":false,"channel":["测试渠道一渠道"],"success":true,"plaform":"[\"1\",\"2\"]","gameid":"1"}],"gameid":"1"}
response time: 1606309610460
err name: undefined
err message: Cp交互失败,请确认交互地址
err stack: undefined
*************** error log end ***************

[2020-11-25T21:10:28.543] [ERROR] errorLogger - 
*************** error log start ***************
request method: POST
request originalUrl:  /api/server/batchCreate
request client ip:  ::ffff:127.0.0.1
request body: 
{"value":[{"serverid":"211","servername":"asdasd1","platform":"[\"2\"]","srttime":"2020-12-13 12:00:00","display":1,"test":"1","address":"127.0.0.1:2","key":2,"change":false,"channel":["fancyguo"],"success":true,"plaform":"[\"2\"]","gameid":"1"},{"serverid":"123","servername":"驱蚊器恶趣味","platform":"[\"1\",\"2\"]","srttime":"2020-12-13 12:00:00","display":1,"test":"1","address":"127.0.0.1:24024","key":3,"change":false,"channel":["测试渠道一渠道"],"success":true,"plaform":"[\"1\",\"2\"]","gameid":"1"}],"gameid":"1"}
response time: 1606309828543
err name: undefined
err message: [object Object]
err stack: undefined
*************** error log end ***************

[2020-11-25T21:23:08.658] [ERROR] errorLogger - 
*************** error log start ***************
request method: GET
request originalUrl:  /api/server/batchCreate
request client ip:  ::ffff:127.0.0.1
request query:  {}
response time: 1606310588658
err name: undefined
err message: 你没有该系统使用权限
err stack: undefined
*************** error log end ***************

