[2020-10-09T11:10:36.484] [ERROR] errorLogger - 
*************** error log start ***************
request method: POST
request originalUrl:  /api/gm/game/creategame
request client ip:  ::ffff:127.0.0.1
request body: 
{"userId":"79","gameName":"疯猴子砍猪比","gameid":"5"}
response time: 1602213036481
err name: SequelizeDatabaseError
err message: syntax error at or near "select"
err stack: SequelizeDatabaseError: syntax error at or near "select"
    at Query.formatError (H:\致命代码\fancyguo-gm\server\node_modules\sequelize\lib\dialects\postgres\query.js:366:16)
    at H:\致命代码\fancyguo-gm\server\node_modules\sequelize\lib\dialects\postgres\query.js:72:18
From previous event:
    at Query.run (H:\致命代码\fancyguo-gm\server\node_modules\sequelize\lib\dialects\postgres\query.js:64:23)
    at H:\致命代码\fancyguo-gm\server\node_modules\sequelize\lib\sequelize.js:655:29
From previous event:
    at H:\致命代码\fancyguo-gm\server\node_modules\sequelize\lib\sequelize.js:655:12
    at processImmediate (internal/timers.js:456:21)
From previous event:
    at H:\致命代码\fancyguo-gm\server\node_modules\sequelize\lib\sequelize.js:651:10
    at H:\致命代码\fancyguo-gm\server\node_modules\retry-as-promised\index.js:70:21
    at new Promise (<anonymous>)
    at retryAsPromised (H:\致命代码\fancyguo-gm\server\node_modules\retry-as-promised\index.js:60:10)
    at H:\致命代码\fancyguo-gm\server\node_modules\sequelize\lib\sequelize.js:641:30
From previous event:
    at Sequelize.query (H:\致命代码\fancyguo-gm\server\node_modules\sequelize\lib\sequelize.js:590:23)
    at _callee4$ (H:\致命代码\fancyguo-gm\server\src\app\service\/gm_game.js:68:31)
    at tryCatch (H:\致命代码\fancyguo-gm\server\node_modules\regenerator-runtime\runtime.js:45:40)
    at Generator.invoke [as _invoke] (H:\致命代码\fancyguo-gm\server\node_modules\regenerator-runtime\runtime.js:281:22)
    at Generator.prototype.<computed> [as next] (H:\致命代码\fancyguo-gm\server\node_modules\regenerator-runtime\runtime.js:106:21)
    at asyncGeneratorStep (H:\致命代码\fancyguo-gm\server\node_modules\@babel\runtime\helpers\asyncToGenerator.js:3:24)
    at _next (H:\致命代码\fancyguo-gm\server\node_modules\@babel\runtime\helpers\asyncToGenerator.js:25:9)
    at processTicksAndRejections (internal/process/task_queues.js:97:5)
*************** error log end ***************

[2020-10-09T11:11:48.867] [ERROR] errorLogger - 
*************** error log start ***************
request method: POST
request originalUrl:  /api/gm/game/creategame
request client ip:  ::ffff:127.0.0.1
request body: 
{"userId":"79","gameName":"疯猴子砍猪比","gameid":"5"}
response time: 1602213108867
err name: SequelizeDatabaseError
err message: syntax error at or near "select"
err stack: SequelizeDatabaseError: syntax error at or near "select"
    at Query.formatError (H:\致命代码\fancyguo-gm\server\node_modules\sequelize\lib\dialects\postgres\query.js:366:16)
    at H:\致命代码\fancyguo-gm\server\node_modules\sequelize\lib\dialects\postgres\query.js:72:18
From previous event:
    at Query.run (H:\致命代码\fancyguo-gm\server\node_modules\sequelize\lib\dialects\postgres\query.js:64:23)
    at H:\致命代码\fancyguo-gm\server\node_modules\sequelize\lib\sequelize.js:655:29
From previous event:
    at H:\致命代码\fancyguo-gm\server\node_modules\sequelize\lib\sequelize.js:655:12
    at processImmediate (internal/timers.js:456:21)
From previous event:
    at H:\致命代码\fancyguo-gm\server\node_modules\sequelize\lib\sequelize.js:651:10
    at H:\致命代码\fancyguo-gm\server\node_modules\retry-as-promised\index.js:70:21
    at new Promise (<anonymous>)
    at retryAsPromised (H:\致命代码\fancyguo-gm\server\node_modules\retry-as-promised\index.js:60:10)
    at H:\致命代码\fancyguo-gm\server\node_modules\sequelize\lib\sequelize.js:641:30
From previous event:
    at Sequelize.query (H:\致命代码\fancyguo-gm\server\node_modules\sequelize\lib\sequelize.js:590:23)
    at _callee4$ (H:\致命代码\fancyguo-gm\server\src\app\service\/gm_game.js:69:31)
    at tryCatch (H:\致命代码\fancyguo-gm\server\node_modules\regenerator-runtime\runtime.js:45:40)
    at Generator.invoke [as _invoke] (H:\致命代码\fancyguo-gm\server\node_modules\regenerator-runtime\runtime.js:281:22)
    at Generator.prototype.<computed> [as next] (H:\致命代码\fancyguo-gm\server\node_modules\regenerator-runtime\runtime.js:106:21)
    at asyncGeneratorStep (H:\致命代码\fancyguo-gm\server\node_modules\@babel\runtime\helpers\asyncToGenerator.js:3:24)
    at _next (H:\致命代码\fancyguo-gm\server\node_modules\@babel\runtime\helpers\asyncToGenerator.js:25:9)
    at processTicksAndRejections (internal/process/task_queues.js:97:5)
*************** error log end ***************

[2020-10-09T12:06:40.497] [ERROR] errorLogger - 
*************** error log start ***************
request method: GET
request originalUrl:  /api/user/permission
request client ip:  ::ffff:127.0.0.1
request query:  {}
response time: 1602216400496
err name: SequelizeDatabaseError
err message: operator does not exist: jsonb @> integer
err stack: SequelizeDatabaseError: operator does not exist: jsonb @> integer
    at Query.formatError (H:\致命代码\fancyguo-gm\server\node_modules\sequelize\lib\dialects\postgres\query.js:366:16)
    at H:\致命代码\fancyguo-gm\server\node_modules\sequelize\lib\dialects\postgres\query.js:72:18
From previous event:
    at Query.run (H:\致命代码\fancyguo-gm\server\node_modules\sequelize\lib\dialects\postgres\query.js:64:23)
    at H:\致命代码\fancyguo-gm\server\node_modules\sequelize\lib\sequelize.js:655:29
From previous event:
    at H:\致命代码\fancyguo-gm\server\node_modules\sequelize\lib\sequelize.js:655:12
    at processImmediate (internal/timers.js:456:21)
From previous event:
    at H:\致命代码\fancyguo-gm\server\node_modules\sequelize\lib\sequelize.js:651:10
    at H:\致命代码\fancyguo-gm\server\node_modules\retry-as-promised\index.js:70:21
    at new Promise (<anonymous>)
    at retryAsPromised (H:\致命代码\fancyguo-gm\server\node_modules\retry-as-promised\index.js:60:10)
    at H:\致命代码\fancyguo-gm\server\node_modules\sequelize\lib\sequelize.js:641:30
From previous event:
    at Sequelize.query (H:\致命代码\fancyguo-gm\server\node_modules\sequelize\lib\sequelize.js:590:23)
    at _callee$ (H:\致命代码\fancyguo-gm\server\src\app\service\/user.js:60:34)
    at tryCatch (H:\致命代码\fancyguo-gm\server\node_modules\regenerator-runtime\runtime.js:45:40)
    at Generator.invoke [as _invoke] (H:\致命代码\fancyguo-gm\server\node_modules\regenerator-runtime\runtime.js:281:22)
    at Generator.prototype.<computed> [as next] (H:\致命代码\fancyguo-gm\server\node_modules\regenerator-runtime\runtime.js:106:21)
    at asyncGeneratorStep (H:\致命代码\fancyguo-gm\server\node_modules\@babel\runtime\helpers\asyncToGenerator.js:3:24)
    at _next (H:\致命代码\fancyguo-gm\server\node_modules\@babel\runtime\helpers\asyncToGenerator.js:25:9)
*************** error log end ***************

[2020-10-09T12:07:19.054] [ERROR] errorLogger - 
*************** error log start ***************
request method: GET
request originalUrl:  /api/user/permission
request client ip:  ::ffff:127.0.0.1
request query:  {}
response time: 1602216439053
err name: SequelizeDatabaseError
err message: operator does not exist: jsonb @> integer
err stack: SequelizeDatabaseError: operator does not exist: jsonb @> integer
    at Query.formatError (H:\致命代码\fancyguo-gm\server\node_modules\sequelize\lib\dialects\postgres\query.js:366:16)
    at H:\致命代码\fancyguo-gm\server\node_modules\sequelize\lib\dialects\postgres\query.js:72:18
From previous event:
    at Query.run (H:\致命代码\fancyguo-gm\server\node_modules\sequelize\lib\dialects\postgres\query.js:64:23)
    at H:\致命代码\fancyguo-gm\server\node_modules\sequelize\lib\sequelize.js:655:29
From previous event:
    at H:\致命代码\fancyguo-gm\server\node_modules\sequelize\lib\sequelize.js:655:12
    at processImmediate (internal/timers.js:456:21)
From previous event:
    at H:\致命代码\fancyguo-gm\server\node_modules\sequelize\lib\sequelize.js:651:10
    at H:\致命代码\fancyguo-gm\server\node_modules\retry-as-promised\index.js:70:21
    at new Promise (<anonymous>)
    at retryAsPromised (H:\致命代码\fancyguo-gm\server\node_modules\retry-as-promised\index.js:60:10)
    at H:\致命代码\fancyguo-gm\server\node_modules\sequelize\lib\sequelize.js:641:30
From previous event:
    at Sequelize.query (H:\致命代码\fancyguo-gm\server\node_modules\sequelize\lib\sequelize.js:590:23)
    at _callee$ (H:\致命代码\fancyguo-gm\server\src\app\service\/user.js:61:34)
    at tryCatch (H:\致命代码\fancyguo-gm\server\node_modules\regenerator-runtime\runtime.js:45:40)
    at Generator.invoke [as _invoke] (H:\致命代码\fancyguo-gm\server\node_modules\regenerator-runtime\runtime.js:281:22)
    at Generator.prototype.<computed> [as next] (H:\致命代码\fancyguo-gm\server\node_modules\regenerator-runtime\runtime.js:106:21)
    at asyncGeneratorStep (H:\致命代码\fancyguo-gm\server\node_modules\@babel\runtime\helpers\asyncToGenerator.js:3:24)
    at _next (H:\致命代码\fancyguo-gm\server\node_modules\@babel\runtime\helpers\asyncToGenerator.js:25:9)
*************** error log end ***************

[2020-10-09T14:35:42.417] [ERROR] errorLogger - 
*************** error log start ***************
request method: GET
request originalUrl:  /api/user/permission?game=%E7%A9%BA%E7%BF%BC%E5%86%92%E9%99%A9%E5%9B%A2&username=
request client ip:  ::ffff:127.0.0.1
request query:  {"game":"空翼冒险团","username":""}
response time: 1602225342416
err name: TypeError
err message: Cannot read property 'id' of undefined
err stack: TypeError: Cannot read property 'id' of undefined
    at _callee$ (H:\致命代码\fancyguo-gm\server\src\app\service\/user.js:50:12)
    at tryCatch (H:\致命代码\fancyguo-gm\server\node_modules\regenerator-runtime\runtime.js:45:40)
    at Generator.invoke [as _invoke] (H:\致命代码\fancyguo-gm\server\node_modules\regenerator-runtime\runtime.js:281:22)
    at Generator.prototype.<computed> [as next] (H:\致命代码\fancyguo-gm\server\node_modules\regenerator-runtime\runtime.js:106:21)
    at asyncGeneratorStep (H:\致命代码\fancyguo-gm\server\node_modules\@babel\runtime\helpers\asyncToGenerator.js:3:24)
    at _next (H:\致命代码\fancyguo-gm\server\node_modules\@babel\runtime\helpers\asyncToGenerator.js:25:9)
*************** error log end ***************

[2020-10-09T14:35:44.277] [ERROR] errorLogger - 
*************** error log start ***************
request method: GET
request originalUrl:  /api/user/permission?game=%E7%A9%BA%E7%BF%BC%E5%86%92%E9%99%A9%E5%9B%A2&username=
request client ip:  ::ffff:127.0.0.1
request query:  {"game":"空翼冒险团","username":""}
response time: 1602225344277
err name: TypeError
err message: Cannot read property 'id' of undefined
err stack: TypeError: Cannot read property 'id' of undefined
    at _callee$ (H:\致命代码\fancyguo-gm\server\src\app\service\/user.js:50:12)
    at tryCatch (H:\致命代码\fancyguo-gm\server\node_modules\regenerator-runtime\runtime.js:45:40)
    at Generator.invoke [as _invoke] (H:\致命代码\fancyguo-gm\server\node_modules\regenerator-runtime\runtime.js:281:22)
    at Generator.prototype.<computed> [as next] (H:\致命代码\fancyguo-gm\server\node_modules\regenerator-runtime\runtime.js:106:21)
    at asyncGeneratorStep (H:\致命代码\fancyguo-gm\server\node_modules\@babel\runtime\helpers\asyncToGenerator.js:3:24)
    at _next (H:\致命代码\fancyguo-gm\server\node_modules\@babel\runtime\helpers\asyncToGenerator.js:25:9)
*************** error log end ***************

[2020-10-09T14:35:45.009] [ERROR] errorLogger - 
*************** error log start ***************
request method: GET
request originalUrl:  /api/user/permission?game=%E7%A9%BA%E7%BF%BC%E5%86%92%E9%99%A9%E5%9B%A2&username=
request client ip:  ::ffff:127.0.0.1
request query:  {"game":"空翼冒险团","username":""}
response time: 1602225345009
err name: TypeError
err message: Cannot read property 'id' of undefined
err stack: TypeError: Cannot read property 'id' of undefined
    at _callee$ (H:\致命代码\fancyguo-gm\server\src\app\service\/user.js:50:12)
    at tryCatch (H:\致命代码\fancyguo-gm\server\node_modules\regenerator-runtime\runtime.js:45:40)
    at Generator.invoke [as _invoke] (H:\致命代码\fancyguo-gm\server\node_modules\regenerator-runtime\runtime.js:281:22)
    at Generator.prototype.<computed> [as next] (H:\致命代码\fancyguo-gm\server\node_modules\regenerator-runtime\runtime.js:106:21)
    at asyncGeneratorStep (H:\致命代码\fancyguo-gm\server\node_modules\@babel\runtime\helpers\asyncToGenerator.js:3:24)
    at _next (H:\致命代码\fancyguo-gm\server\node_modules\@babel\runtime\helpers\asyncToGenerator.js:25:9)
*************** error log end ***************

[2020-10-09T14:35:45.959] [ERROR] errorLogger - 
*************** error log start ***************
request method: GET
request originalUrl:  /api/user/permission?game=%E7%A9%BA%E7%BF%BC%E5%86%92%E9%99%A9%E5%9B%A2&username=
request client ip:  ::ffff:127.0.0.1
request query:  {"game":"空翼冒险团","username":""}
response time: 1602225345959
err name: TypeError
err message: Cannot read property 'id' of undefined
err stack: TypeError: Cannot read property 'id' of undefined
    at _callee$ (H:\致命代码\fancyguo-gm\server\src\app\service\/user.js:50:12)
    at tryCatch (H:\致命代码\fancyguo-gm\server\node_modules\regenerator-runtime\runtime.js:45:40)
    at Generator.invoke [as _invoke] (H:\致命代码\fancyguo-gm\server\node_modules\regenerator-runtime\runtime.js:281:22)
    at Generator.prototype.<computed> [as next] (H:\致命代码\fancyguo-gm\server\node_modules\regenerator-runtime\runtime.js:106:21)
    at asyncGeneratorStep (H:\致命代码\fancyguo-gm\server\node_modules\@babel\runtime\helpers\asyncToGenerator.js:3:24)
    at _next (H:\致命代码\fancyguo-gm\server\node_modules\@babel\runtime\helpers\asyncToGenerator.js:25:9)
*************** error log end ***************

[2020-10-09T14:46:39.003] [ERROR] errorLogger - 
*************** error log start ***************
request method: GET
request originalUrl:  /api/user/permission?game=%E7%A9%BA%E7%BF%BC%E5%86%92%E9%99%A9%E5%9B%A2&username=zhangzongchu
request client ip:  ::ffff:127.0.0.1
request query:  {"game":"空翼冒险团","username":"zhangzongchu"}
response time: 1602225999003
err name: TypeError
err message: Cannot read property 'id' of undefined
err stack: TypeError: Cannot read property 'id' of undefined
    at _callee$ (H:\致命代码\fancyguo-gm\server\src\app\service\/user.js:58:11)
    at tryCatch (H:\致命代码\fancyguo-gm\server\node_modules\regenerator-runtime\runtime.js:45:40)
    at Generator.invoke [as _invoke] (H:\致命代码\fancyguo-gm\server\node_modules\regenerator-runtime\runtime.js:281:22)
    at Generator.prototype.<computed> [as next] (H:\致命代码\fancyguo-gm\server\node_modules\regenerator-runtime\runtime.js:106:21)
    at asyncGeneratorStep (H:\致命代码\fancyguo-gm\server\node_modules\@babel\runtime\helpers\asyncToGenerator.js:3:24)
    at _next (H:\致命代码\fancyguo-gm\server\node_modules\@babel\runtime\helpers\asyncToGenerator.js:25:9)
*************** error log end ***************

[2020-10-09T14:48:55.759] [ERROR] errorLogger - 
*************** error log start ***************
request method: GET
request originalUrl:  /api/user/permission?game=%E7%A9%BA%E7%BF%BC%E5%86%92%E9%99%A9%E5%9B%A2&username=zhangzongchu
request client ip:  ::ffff:127.0.0.1
request query:  {"game":"空翼冒险团","username":"zhangzongchu"}
response time: 1602226135758
err name: TypeError
err message: Cannot read property 'id' of undefined
err stack: TypeError: Cannot read property 'id' of undefined
    at _callee$ (H:\致命代码\fancyguo-gm\server\src\app\service\/user.js:58:11)
    at tryCatch (H:\致命代码\fancyguo-gm\server\node_modules\regenerator-runtime\runtime.js:45:40)
    at Generator.invoke [as _invoke] (H:\致命代码\fancyguo-gm\server\node_modules\regenerator-runtime\runtime.js:281:22)
    at Generator.prototype.<computed> [as next] (H:\致命代码\fancyguo-gm\server\node_modules\regenerator-runtime\runtime.js:106:21)
    at asyncGeneratorStep (H:\致命代码\fancyguo-gm\server\node_modules\@babel\runtime\helpers\asyncToGenerator.js:3:24)
    at _next (H:\致命代码\fancyguo-gm\server\node_modules\@babel\runtime\helpers\asyncToGenerator.js:25:9)
*************** error log end ***************

[2020-10-09T14:49:44.055] [ERROR] errorLogger - 
*************** error log start ***************
request method: GET
request originalUrl:  /api/user/permission?game=%E7%A9%BA%E7%BF%BC%E5%86%92%E9%99%A9%E5%9B%A2&username=zhangzongchu
request client ip:  ::ffff:127.0.0.1
request query:  {"game":"空翼冒险团","username":"zhangzongchu"}
response time: 1602226184054
err name: undefined
err message: 您没有这个权限。
err stack: undefined
*************** error log end ***************

[2020-10-09T14:50:38.386] [ERROR] errorLogger - 
*************** error log start ***************
request method: GET
request originalUrl:  /api/user/permission?game=%E7%A9%BA%E7%BF%BC%E5%86%92%E9%99%A9%E5%9B%A2&username=zhangzongchu
request client ip:  ::ffff:127.0.0.1
request query:  {"game":"空翼冒险团","username":"zhangzongchu"}
response time: 1602226238385
err name: undefined
err message: 您没有这个权限。
err stack: undefined
*************** error log end ***************

[2020-10-09T14:52:05.872] [ERROR] errorLogger - 
*************** error log start ***************
request method: GET
request originalUrl:  /api/user/permission?game=%E7%A9%BA%E7%BF%BC%E5%86%92%E9%99%A9%E5%9B%A2&username=zhangzongchu
request client ip:  ::ffff:127.0.0.1
request query:  {"game":"空翼冒险团","username":"zhangzongchu"}
response time: 1602226325872
err name: undefined
err message: 您没有这个权限。
err stack: undefined
*************** error log end ***************

[2020-10-09T14:52:17.943] [ERROR] errorLogger - 
*************** error log start ***************
request method: GET
request originalUrl:  /api/user/permission?game=%E7%A9%BA%E7%BF%BC%E5%86%92%E9%99%A9%E5%9B%A2&username=zhangzongchu
request client ip:  ::ffff:127.0.0.1
request query:  {"game":"空翼冒险团","username":"zhangzongchu"}
response time: 1602226337943
err name: undefined
err message: 您没有这个权限。
err stack: undefined
*************** error log end ***************

[2020-10-09T14:52:23.700] [ERROR] errorLogger - 
*************** error log start ***************
request method: GET
request originalUrl:  /api/user/permission?game=%E7%A9%BA%E7%BF%BC%E5%86%92%E9%99%A9%E5%9B%A2&username=zhangzongchu
request client ip:  ::ffff:127.0.0.1
request query:  {"game":"空翼冒险团","username":"zhangzongchu"}
response time: 1602226343700
err name: undefined
err message: 您没有这个权限。
err stack: undefined
*************** error log end ***************

[2020-10-09T14:53:54.199] [ERROR] errorLogger - 
*************** error log start ***************
request method: GET
request originalUrl:  /api/user/permission?game=%E7%A9%BA%E7%BF%BC%E5%86%92%E9%99%A9%E5%9B%A2&username=zhangzongchu
request client ip:  ::ffff:127.0.0.1
request query:  {"game":"空翼冒险团","username":"zhangzongchu"}
response time: 1602226434199
err name: undefined
err message: 您没有这个权限。
err stack: undefined
*************** error log end ***************

[2020-10-09T14:54:04.242] [ERROR] errorLogger - 
*************** error log start ***************
request method: GET
request originalUrl:  /api/user/permission?game=%E7%A9%BA%E7%BF%BC%E5%86%92%E9%99%A9%E5%9B%A2&username=zhangzongchu
request client ip:  ::ffff:127.0.0.1
request query:  {"game":"空翼冒险团","username":"zhangzongchu"}
response time: 1602226444242
err name: undefined
err message: 您没有这个权限。
err stack: undefined
*************** error log end ***************

[2020-10-09T14:55:02.714] [ERROR] errorLogger - 
*************** error log start ***************
request method: GET
request originalUrl:  /api/user/permission?game=%E7%A9%BA%E7%BF%BC%E5%86%92%E9%99%A9%E5%9B%A2&username=zhangzongchu
request client ip:  ::ffff:127.0.0.1
request query:  {"game":"空翼冒险团","username":"zhangzongchu"}
response time: 1602226502714
err name: undefined
err message: 您没有这个权限。
err stack: undefined
*************** error log end ***************

[2020-10-09T14:55:11.804] [ERROR] errorLogger - 
*************** error log start ***************
request method: GET
request originalUrl:  /api/user/permission?game=%E7%A9%BA%E7%BF%BC%E5%86%92%E9%99%A9%E5%9B%A2&username=zhangzongchu
request client ip:  ::ffff:127.0.0.1
request query:  {"game":"空翼冒险团","username":"zhangzongchu"}
response time: 1602226511804
err name: undefined
err message: 您没有这个权限。
err stack: undefined
*************** error log end ***************

[2020-10-09T14:55:13.838] [ERROR] errorLogger - 
*************** error log start ***************
request method: GET
request originalUrl:  /api/user/permission?game=%E7%A9%BA%E7%BF%BC%E5%86%92%E9%99%A9%E5%9B%A2&username=zhangzongchu
request client ip:  ::ffff:127.0.0.1
request query:  {"game":"空翼冒险团","username":"zhangzongchu"}
response time: 1602226513837
err name: undefined
err message: 您没有这个权限。
err stack: undefined
*************** error log end ***************

[2020-10-09T14:55:14.912] [ERROR] errorLogger - 
*************** error log start ***************
request method: GET
request originalUrl:  /api/user/permission?game=%E7%A9%BA%E7%BF%BC%E5%86%92%E9%99%A9%E5%9B%A2&username=zhangzongchu
request client ip:  ::ffff:127.0.0.1
request query:  {"game":"空翼冒险团","username":"zhangzongchu"}
response time: 1602226514911
err name: undefined
err message: 您没有这个权限。
err stack: undefined
*************** error log end ***************

[2020-10-09T14:56:11.836] [ERROR] errorLogger - 
*************** error log start ***************
request method: GET
request originalUrl:  /api/user/permission?game=%E7%A9%BA%E7%BF%BC%E5%86%92%E9%99%A9%E5%9B%A2&username=
request client ip:  ::ffff:127.0.0.1
request query:  {"game":"空翼冒险团","username":""}
response time: 1602226571836
err name: undefined
err message: 您没有这个权限。
err stack: undefined
*************** error log end ***************

