[2020-09-12T11:01:45.274] [ERROR] errorLogger - 
*************** error log start ***************
request method: PUT
request originalUrl:  /api/white/whiteStopMail
request client ip:  ::ffff:127.0.0.1
request body: 
{"id":11,"gameid":"1"}
response time: 1599879705273
err name: SequelizeDatabaseError
err message: 语法错误 在 "status" 或附近的
err stack: SequelizeDatabaseError: 语法错误 在 "status" 或附近的
    at Query.formatError (H:\fancyguo-gm\server\node_modules\sequelize\lib\dialects\postgres\query.js:366:16)
    at H:\fancyguo-gm\server\node_modules\sequelize\lib\dialects\postgres\query.js:72:18
From previous event:
    at Query.run (H:\fancyguo-gm\server\node_modules\sequelize\lib\dialects\postgres\query.js:64:23)
    at H:\fancyguo-gm\server\node_modules\sequelize\lib\sequelize.js:655:29
From previous event:
    at H:\fancyguo-gm\server\node_modules\sequelize\lib\sequelize.js:655:12
    at processImmediate (internal/timers.js:456:21)
From previous event:
    at H:\fancyguo-gm\server\node_modules\sequelize\lib\sequelize.js:651:10
    at H:\fancyguo-gm\server\node_modules\retry-as-promised\index.js:70:21
    at new Promise (<anonymous>)
    at retryAsPromised (H:\fancyguo-gm\server\node_modules\retry-as-promised\index.js:60:10)
    at H:\fancyguo-gm\server\node_modules\sequelize\lib\sequelize.js:641:30
From previous event:
    at Sequelize.query (H:\fancyguo-gm\server\node_modules\sequelize\lib\sequelize.js:590:23)
    at _callee4$ (H:\fancyguo-gm\server\src\app\service\/white.js:76:31)
    at tryCatch (H:\fancyguo-gm\server\node_modules\regenerator-runtime\runtime.js:45:40)
    at Generator.invoke [as _invoke] (H:\fancyguo-gm\server\node_modules\regenerator-runtime\runtime.js:281:22)
    at Generator.prototype.<computed> [as next] (H:\fancyguo-gm\server\node_modules\regenerator-runtime\runtime.js:106:21)
    at asyncGeneratorStep (H:\fancyguo-gm\server\node_modules\@babel\runtime\helpers\asyncToGenerator.js:3:24)
    at _next (H:\fancyguo-gm\server\node_modules\@babel\runtime\helpers\asyncToGenerator.js:25:9)
    at H:\fancyguo-gm\server\node_modules\@babel\runtime\helpers\asyncToGenerator.js:32:7
    at new Promise (<anonymous>)
    at whiteServer.<anonymous> (H:\fancyguo-gm\server\node_modules\@babel\runtime\helpers\asyncToGenerator.js:21:12)
    at whiteServer.whiteStopMail (H:\fancyguo-gm\server\src\app\service\white.js:237:31)
    at _callee4$ (H:\fancyguo-gm\server\src\app\controllers\/white.js:37:37)
    at tryCatch (H:\fancyguo-gm\server\node_modules\regenerator-runtime\runtime.js:45:40)
    at Generator.invoke [as _invoke] (H:\fancyguo-gm\server\node_modules\regenerator-runtime\runtime.js:281:22)
    at Generator.prototype.<computed> [as next] (H:\fancyguo-gm\server\node_modules\regenerator-runtime\runtime.js:106:21)
    at asyncGeneratorStep (H:\fancyguo-gm\server\node_modules\@babel\runtime\helpers\asyncToGenerator.js:3:24)
    at _next (H:\fancyguo-gm\server\node_modules\@babel\runtime\helpers\asyncToGenerator.js:25:9)
    at H:\fancyguo-gm\server\node_modules\@babel\runtime\helpers\asyncToGenerator.js:32:7
    at new Promise (<anonymous>)
    at H:\fancyguo-gm\server\node_modules\@babel\runtime\helpers\asyncToGenerator.js:21:12
    at whiteStopMail (H:\fancyguo-gm\server\src\app\controllers\white.js:174:31)
    at dispatch (H:\fancyguo-gm\server\node_modules\koa-compose\index.js:44:32)
    at next (H:\fancyguo-gm\server\node_modules\koa-compose\index.js:45:18)
    at H:\fancyguo-gm\server\node_modules\koa-router\lib\router.js:346:16
    at dispatch (H:\fancyguo-gm\server\node_modules\koa-compose\index.js:44:32)
    at H:\fancyguo-gm\server\node_modules\koa-compose\index.js:36:12
    at dispatch (H:\fancyguo-gm\server\node_modules\koa-router\lib\router.js:351:31)
    at next (H:\fancyguo-gm\server\node_modules\koa\node_modules\koa-compose\index.js:42:32)
    at _callee$ (H:\fancyguo-gm\server\src\middleware\/index.js:48:11)
    at tryCatch (H:\fancyguo-gm\server\node_modules\regenerator-runtime\runtime.js:45:40)
    at Generator.invoke [as _invoke] (H:\fancyguo-gm\server\node_modules\regenerator-runtime\runtime.js:281:22)
    at Generator.prototype.<computed> [as next] (H:\fancyguo-gm\server\node_modules\regenerator-runtime\runtime.js:106:21)
    at asyncGeneratorStep (H:\fancyguo-gm\server\node_modules\@babel\runtime\helpers\asyncToGenerator.js:3:24)
    at _next (H:\fancyguo-gm\server\node_modules\@babel\runtime\helpers\asyncToGenerator.js:25:9)
    at H:\fancyguo-gm\server\node_modules\@babel\runtime\helpers\asyncToGenerator.js:32:7
    at new Promise (<anonymous>)
    at H:\fancyguo-gm\server\node_modules\@babel\runtime\helpers\asyncToGenerator.js:21:12
    at H:\fancyguo-gm\server\src\middleware\/index.js:43:2
*************** error log end ***************

