[2020-10-20T11:11:56.663] [ERROR] errorLogger - 
*************** error log start ***************
request method: POST
request originalUrl:  /api/announcement/create
request client ip:  ::ffff:127.0.0.1
request body: 
{"bulletinid":"","stime":"","etime":"","plaform":"","channel":"","servername":"","interval":"","weights":"","title":"2","images":"","a":"'wwe'","text":"1","range":"1","type":"2","gameid":"1"}
response time: 1603163516663
err name: SequelizeDatabaseError
err message: syntax error at or near "wwe"
err stack: SequelizeDatabaseError: syntax error at or near "wwe"
    at Query.formatError (H:\致命代码\fancyguo-gm\server\node_modules\sequelize\lib\dialects\postgres\query.js:366:16)
    at H:\致命代码\fancyguo-gm\server\node_modules\sequelize\lib\dialects\postgres\query.js:72:18
From previous event:
    at Query.run (H:\致命代码\fancyguo-gm\server\node_modules\sequelize\lib\dialects\postgres\query.js:64:23)
    at H:\致命代码\fancyguo-gm\server\node_modules\sequelize\lib\sequelize.js:655:29
From previous event:
    at H:\致命代码\fancyguo-gm\server\node_modules\sequelize\lib\sequelize.js:655:12
    at processImmediate (internal/timers.js:456:21)
From previous event:
    at H:\致命代码\fancyguo-gm\server\node_modules\sequelize\lib\sequelize.js:651:10
    at H:\致命代码\fancyguo-gm\server\node_modules\retry-as-promised\index.js:70:21
    at new Promise (<anonymous>)
    at retryAsPromised (H:\致命代码\fancyguo-gm\server\node_modules\retry-as-promised\index.js:60:10)
    at H:\致命代码\fancyguo-gm\server\node_modules\sequelize\lib\sequelize.js:641:30
From previous event:
    at Sequelize.query (H:\致命代码\fancyguo-gm\server\node_modules\sequelize\lib\sequelize.js:590:23)
    at _callee3$ (H:\致命代码\fancyguo-gm\server\src\app\service\/gm-announcement.js:80:31)
    at tryCatch (H:\致命代码\fancyguo-gm\server\node_modules\regenerator-runtime\runtime.js:45:40)
    at Generator.invoke [as _invoke] (H:\致命代码\fancyguo-gm\server\node_modules\regenerator-runtime\runtime.js:281:22)
    at Generator.prototype.<computed> [as next] (H:\致命代码\fancyguo-gm\server\node_modules\regenerator-runtime\runtime.js:106:21)
    at asyncGeneratorStep (H:\致命代码\fancyguo-gm\server\node_modules\@babel\runtime\helpers\asyncToGenerator.js:3:24)
    at _next (H:\致命代码\fancyguo-gm\server\node_modules\@babel\runtime\helpers\asyncToGenerator.js:25:9)
    at H:\致命代码\fancyguo-gm\server\node_modules\@babel\runtime\helpers\asyncToGenerator.js:32:7
    at new Promise (<anonymous>)
    at GmAnnouncementService.<anonymous> (H:\致命代码\fancyguo-gm\server\node_modules\@babel\runtime\helpers\asyncToGenerator.js:21:12)
    at GmAnnouncementService.createBulletin (H:\致命代码\fancyguo-gm\server\src\app\service\gm-announcement.js:285:32)
    at _callee$ (H:\致命代码\fancyguo-gm\server\src\app\controllers\/gm-announcement.js:16:51)
    at tryCatch (H:\致命代码\fancyguo-gm\server\node_modules\regenerator-runtime\runtime.js:45:40)
    at Generator.invoke [as _invoke] (H:\致命代码\fancyguo-gm\server\node_modules\regenerator-runtime\runtime.js:281:22)
    at Generator.prototype.<computed> [as next] (H:\致命代码\fancyguo-gm\server\node_modules\regenerator-runtime\runtime.js:106:21)
    at asyncGeneratorStep (H:\致命代码\fancyguo-gm\server\node_modules\@babel\runtime\helpers\asyncToGenerator.js:3:24)
    at _next (H:\致命代码\fancyguo-gm\server\node_modules\@babel\runtime\helpers\asyncToGenerator.js:25:9)
    at H:\致命代码\fancyguo-gm\server\node_modules\@babel\runtime\helpers\asyncToGenerator.js:32:7
    at new Promise (<anonymous>)
    at H:\致命代码\fancyguo-gm\server\node_modules\@babel\runtime\helpers\asyncToGenerator.js:21:12
    at create (H:\致命代码\fancyguo-gm\server\src\app\controllers\gm-announcement.js:108:24)
    at dispatch (H:\致命代码\fancyguo-gm\server\node_modules\koa-compose\index.js:44:32)
    at next (H:\致命代码\fancyguo-gm\server\node_modules\koa-compose\index.js:45:18)
    at H:\致命代码\fancyguo-gm\server\node_modules\koa-router\lib\router.js:346:16
    at dispatch (H:\致命代码\fancyguo-gm\server\node_modules\koa-compose\index.js:44:32)
    at H:\致命代码\fancyguo-gm\server\node_modules\koa-compose\index.js:36:12
    at dispatch (H:\致命代码\fancyguo-gm\server\node_modules\koa-router\lib\router.js:351:31)
    at next (H:\致命代码\fancyguo-gm\server\node_modules\koa\node_modules\koa-compose\index.js:42:32)
    at _callee$ (H:\致命代码\fancyguo-gm\server\src\middleware\/index.js:47:11)
    at tryCatch (H:\致命代码\fancyguo-gm\server\node_modules\regenerator-runtime\runtime.js:45:40)
    at Generator.invoke [as _invoke] (H:\致命代码\fancyguo-gm\server\node_modules\regenerator-runtime\runtime.js:281:22)
    at Generator.prototype.<computed> [as next] (H:\致命代码\fancyguo-gm\server\node_modules\regenerator-runtime\runtime.js:106:21)
    at asyncGeneratorStep (H:\致命代码\fancyguo-gm\server\node_modules\@babel\runtime\helpers\asyncToGenerator.js:3:24)
    at _next (H:\致命代码\fancyguo-gm\server\node_modules\@babel\runtime\helpers\asyncToGenerator.js:25:9)
    at H:\致命代码\fancyguo-gm\server\node_modules\@babel\runtime\helpers\asyncToGenerator.js:32:7
    at new Promise (<anonymous>)
    at H:\致命代码\fancyguo-gm\server\node_modules\@babel\runtime\helpers\asyncToGenerator.js:21:12
    at H:\致命代码\fancyguo-gm\server\src\middleware\/index.js:42:2
*************** error log end ***************

[2020-10-20T13:59:18.977] [ERROR] errorLogger - 
*************** error log start ***************
request method: POST
request originalUrl:  /api/announcement/create
request client ip:  ::ffff:127.0.0.1
request body: 
{"bulletinid":"","stime":"","etime":"","plaform":"1,2","channel":"久游","servername":"测试一服,测试耳福","interval":"","weights":"","title":"公告标题‘cesh’","a":"www.baidu.com","text":"公告正文","range":"1","type":"2","gameid":"1"}
response time: 1603173558977
err name: SequelizeDatabaseError
err message: invalid input syntax for type smallint: "1,2"
err stack: SequelizeDatabaseError: invalid input syntax for type smallint: "1,2"
    at Query.formatError (H:\致命代码\fancyguo-gm\server\node_modules\sequelize\lib\dialects\postgres\query.js:366:16)
    at H:\致命代码\fancyguo-gm\server\node_modules\sequelize\lib\dialects\postgres\query.js:72:18
From previous event:
    at Query.run (H:\致命代码\fancyguo-gm\server\node_modules\sequelize\lib\dialects\postgres\query.js:64:23)
    at H:\致命代码\fancyguo-gm\server\node_modules\sequelize\lib\sequelize.js:655:29
From previous event:
    at H:\致命代码\fancyguo-gm\server\node_modules\sequelize\lib\sequelize.js:655:12
    at processImmediate (internal/timers.js:456:21)
From previous event:
    at H:\致命代码\fancyguo-gm\server\node_modules\sequelize\lib\sequelize.js:651:10
    at H:\致命代码\fancyguo-gm\server\node_modules\retry-as-promised\index.js:70:21
    at new Promise (<anonymous>)
    at retryAsPromised (H:\致命代码\fancyguo-gm\server\node_modules\retry-as-promised\index.js:60:10)
    at H:\致命代码\fancyguo-gm\server\node_modules\sequelize\lib\sequelize.js:641:30
From previous event:
    at Sequelize.query (H:\致命代码\fancyguo-gm\server\node_modules\sequelize\lib\sequelize.js:590:23)
    at _callee3$ (H:\致命代码\fancyguo-gm\server\src\app\service\/gm-announcement.js:80:31)
    at tryCatch (H:\致命代码\fancyguo-gm\server\node_modules\regenerator-runtime\runtime.js:45:40)
    at Generator.invoke [as _invoke] (H:\致命代码\fancyguo-gm\server\node_modules\regenerator-runtime\runtime.js:281:22)
    at Generator.prototype.<computed> [as next] (H:\致命代码\fancyguo-gm\server\node_modules\regenerator-runtime\runtime.js:106:21)
    at asyncGeneratorStep (H:\致命代码\fancyguo-gm\server\node_modules\@babel\runtime\helpers\asyncToGenerator.js:3:24)
    at _next (H:\致命代码\fancyguo-gm\server\node_modules\@babel\runtime\helpers\asyncToGenerator.js:25:9)
    at runMicrotasks (<anonymous>)
    at processTicksAndRejections (internal/process/task_queues.js:97:5)
*************** error log end ***************

[2020-10-20T13:59:20.015] [ERROR] errorLogger - 
*************** error log start ***************
request method: POST
request originalUrl:  /api/announcement/create
request client ip:  ::ffff:127.0.0.1
request body: 
{"bulletinid":"","stime":"","etime":"","plaform":"1,2","channel":"久游","servername":"测试一服,测试耳福","interval":"","weights":"","title":"公告标题‘cesh’","a":"www.baidu.com","text":"公告正文","range":"1","type":"2","gameid":"1"}
response time: 1603173560015
err name: SequelizeDatabaseError
err message: invalid input syntax for type smallint: "1,2"
err stack: SequelizeDatabaseError: invalid input syntax for type smallint: "1,2"
    at Query.formatError (H:\致命代码\fancyguo-gm\server\node_modules\sequelize\lib\dialects\postgres\query.js:366:16)
    at H:\致命代码\fancyguo-gm\server\node_modules\sequelize\lib\dialects\postgres\query.js:72:18
From previous event:
    at Query.run (H:\致命代码\fancyguo-gm\server\node_modules\sequelize\lib\dialects\postgres\query.js:64:23)
    at H:\致命代码\fancyguo-gm\server\node_modules\sequelize\lib\sequelize.js:655:29
From previous event:
    at H:\致命代码\fancyguo-gm\server\node_modules\sequelize\lib\sequelize.js:655:12
    at processImmediate (internal/timers.js:456:21)
From previous event:
    at H:\致命代码\fancyguo-gm\server\node_modules\sequelize\lib\sequelize.js:651:10
    at H:\致命代码\fancyguo-gm\server\node_modules\retry-as-promised\index.js:70:21
    at new Promise (<anonymous>)
    at retryAsPromised (H:\致命代码\fancyguo-gm\server\node_modules\retry-as-promised\index.js:60:10)
    at H:\致命代码\fancyguo-gm\server\node_modules\sequelize\lib\sequelize.js:641:30
From previous event:
    at Sequelize.query (H:\致命代码\fancyguo-gm\server\node_modules\sequelize\lib\sequelize.js:590:23)
    at _callee3$ (H:\致命代码\fancyguo-gm\server\src\app\service\/gm-announcement.js:80:31)
    at tryCatch (H:\致命代码\fancyguo-gm\server\node_modules\regenerator-runtime\runtime.js:45:40)
    at Generator.invoke [as _invoke] (H:\致命代码\fancyguo-gm\server\node_modules\regenerator-runtime\runtime.js:281:22)
    at Generator.prototype.<computed> [as next] (H:\致命代码\fancyguo-gm\server\node_modules\regenerator-runtime\runtime.js:106:21)
    at asyncGeneratorStep (H:\致命代码\fancyguo-gm\server\node_modules\@babel\runtime\helpers\asyncToGenerator.js:3:24)
    at _next (H:\致命代码\fancyguo-gm\server\node_modules\@babel\runtime\helpers\asyncToGenerator.js:25:9)
    at runMicrotasks (<anonymous>)
    at processTicksAndRejections (internal/process/task_queues.js:97:5)
*************** error log end ***************

[2020-10-20T14:02:30.953] [ERROR] errorLogger - 
*************** error log start ***************
request method: POST
request originalUrl:  /api/announcement/create
request client ip:  ::ffff:127.0.0.1
request body: 
{"bulletinid":"","stime":"","etime":"","plaform":"1,2","channel":"","servername":"","interval":"","weights":"","title":"1","images":"","a":"1","text":"1","range":"1","type":"2","gameid":"1"}
response time: 1603173750952
err name: SequelizeDatabaseError
err message: syntax error at or near "1"
err stack: SequelizeDatabaseError: syntax error at or near "1"
    at Query.formatError (H:\致命代码\fancyguo-gm\server\node_modules\sequelize\lib\dialects\postgres\query.js:366:16)
    at H:\致命代码\fancyguo-gm\server\node_modules\sequelize\lib\dialects\postgres\query.js:72:18
From previous event:
    at Query.run (H:\致命代码\fancyguo-gm\server\node_modules\sequelize\lib\dialects\postgres\query.js:64:23)
    at H:\致命代码\fancyguo-gm\server\node_modules\sequelize\lib\sequelize.js:655:29
From previous event:
    at H:\致命代码\fancyguo-gm\server\node_modules\sequelize\lib\sequelize.js:655:12
    at processImmediate (internal/timers.js:456:21)
From previous event:
    at H:\致命代码\fancyguo-gm\server\node_modules\sequelize\lib\sequelize.js:651:10
    at H:\致命代码\fancyguo-gm\server\node_modules\retry-as-promised\index.js:70:21
    at new Promise (<anonymous>)
    at retryAsPromised (H:\致命代码\fancyguo-gm\server\node_modules\retry-as-promised\index.js:60:10)
    at H:\致命代码\fancyguo-gm\server\node_modules\sequelize\lib\sequelize.js:641:30
From previous event:
    at Sequelize.query (H:\致命代码\fancyguo-gm\server\node_modules\sequelize\lib\sequelize.js:590:23)
    at _callee3$ (H:\致命代码\fancyguo-gm\server\src\app\service\/gm-announcement.js:89:31)
    at tryCatch (H:\致命代码\fancyguo-gm\server\node_modules\regenerator-runtime\runtime.js:45:40)
    at Generator.invoke [as _invoke] (H:\致命代码\fancyguo-gm\server\node_modules\regenerator-runtime\runtime.js:281:22)
    at Generator.prototype.<computed> [as next] (H:\致命代码\fancyguo-gm\server\node_modules\regenerator-runtime\runtime.js:106:21)
    at asyncGeneratorStep (H:\致命代码\fancyguo-gm\server\node_modules\@babel\runtime\helpers\asyncToGenerator.js:3:24)
    at _next (H:\致命代码\fancyguo-gm\server\node_modules\@babel\runtime\helpers\asyncToGenerator.js:25:9)
    at H:\致命代码\fancyguo-gm\server\node_modules\@babel\runtime\helpers\asyncToGenerator.js:32:7
    at new Promise (<anonymous>)
    at GmAnnouncementService.<anonymous> (H:\致命代码\fancyguo-gm\server\node_modules\@babel\runtime\helpers\asyncToGenerator.js:21:12)
    at GmAnnouncementService.createBulletin (H:\致命代码\fancyguo-gm\server\src\app\service\gm-announcement.js:308:32)
    at _callee$ (H:\致命代码\fancyguo-gm\server\src\app\controllers\/gm-announcement.js:16:51)
    at tryCatch (H:\致命代码\fancyguo-gm\server\node_modules\regenerator-runtime\runtime.js:45:40)
    at Generator.invoke [as _invoke] (H:\致命代码\fancyguo-gm\server\node_modules\regenerator-runtime\runtime.js:281:22)
    at Generator.prototype.<computed> [as next] (H:\致命代码\fancyguo-gm\server\node_modules\regenerator-runtime\runtime.js:106:21)
    at asyncGeneratorStep (H:\致命代码\fancyguo-gm\server\node_modules\@babel\runtime\helpers\asyncToGenerator.js:3:24)
    at _next (H:\致命代码\fancyguo-gm\server\node_modules\@babel\runtime\helpers\asyncToGenerator.js:25:9)
    at H:\致命代码\fancyguo-gm\server\node_modules\@babel\runtime\helpers\asyncToGenerator.js:32:7
    at new Promise (<anonymous>)
    at H:\致命代码\fancyguo-gm\server\node_modules\@babel\runtime\helpers\asyncToGenerator.js:21:12
    at create (H:\致命代码\fancyguo-gm\server\src\app\controllers\gm-announcement.js:108:24)
    at dispatch (H:\致命代码\fancyguo-gm\server\node_modules\koa-compose\index.js:44:32)
    at next (H:\致命代码\fancyguo-gm\server\node_modules\koa-compose\index.js:45:18)
    at H:\致命代码\fancyguo-gm\server\node_modules\koa-router\lib\router.js:346:16
    at dispatch (H:\致命代码\fancyguo-gm\server\node_modules\koa-compose\index.js:44:32)
    at H:\致命代码\fancyguo-gm\server\node_modules\koa-compose\index.js:36:12
    at dispatch (H:\致命代码\fancyguo-gm\server\node_modules\koa-router\lib\router.js:351:31)
    at next (H:\致命代码\fancyguo-gm\server\node_modules\koa\node_modules\koa-compose\index.js:42:32)
    at _callee$ (H:\致命代码\fancyguo-gm\server\src\middleware\/index.js:47:11)
    at tryCatch (H:\致命代码\fancyguo-gm\server\node_modules\regenerator-runtime\runtime.js:45:40)
    at Generator.invoke [as _invoke] (H:\致命代码\fancyguo-gm\server\node_modules\regenerator-runtime\runtime.js:281:22)
    at Generator.prototype.<computed> [as next] (H:\致命代码\fancyguo-gm\server\node_modules\regenerator-runtime\runtime.js:106:21)
    at asyncGeneratorStep (H:\致命代码\fancyguo-gm\server\node_modules\@babel\runtime\helpers\asyncToGenerator.js:3:24)
    at _next (H:\致命代码\fancyguo-gm\server\node_modules\@babel\runtime\helpers\asyncToGenerator.js:25:9)
    at H:\致命代码\fancyguo-gm\server\node_modules\@babel\runtime\helpers\asyncToGenerator.js:32:7
    at new Promise (<anonymous>)
    at H:\致命代码\fancyguo-gm\server\node_modules\@babel\runtime\helpers\asyncToGenerator.js:21:12
    at H:\致命代码\fancyguo-gm\server\src\middleware\/index.js:42:2
*************** error log end ***************

[2020-10-20T14:03:22.015] [ERROR] errorLogger - 
*************** error log start ***************
request method: GET
request originalUrl:  /api/announcement/query?bulletinid=&setime=&plaform=&servername=&type=&page=1&pagesize=10
request client ip:  ::ffff:127.0.0.1
request query:  {"bulletinid":"","setime":"","plaform":"","servername":"","type":"","page":"1","pagesize":"10","gameid":"1"}
response time: 1603173802014
err name: SequelizeDatabaseError
err message: cannot cast jsonb array to type integer
err stack: SequelizeDatabaseError: cannot cast jsonb array to type integer
    at Query.formatError (H:\致命代码\fancyguo-gm\server\node_modules\sequelize\lib\dialects\postgres\query.js:366:16)
    at H:\致命代码\fancyguo-gm\server\node_modules\sequelize\lib\dialects\postgres\query.js:72:18
From previous event:
    at Query.run (H:\致命代码\fancyguo-gm\server\node_modules\sequelize\lib\dialects\postgres\query.js:64:23)
    at H:\致命代码\fancyguo-gm\server\node_modules\sequelize\lib\sequelize.js:655:29
From previous event:
    at H:\致命代码\fancyguo-gm\server\node_modules\sequelize\lib\sequelize.js:655:12
    at processImmediate (internal/timers.js:456:21)
From previous event:
    at H:\致命代码\fancyguo-gm\server\node_modules\sequelize\lib\sequelize.js:651:10
    at H:\致命代码\fancyguo-gm\server\node_modules\retry-as-promised\index.js:70:21
    at new Promise (<anonymous>)
    at retryAsPromised (H:\致命代码\fancyguo-gm\server\node_modules\retry-as-promised\index.js:60:10)
    at H:\致命代码\fancyguo-gm\server\node_modules\sequelize\lib\sequelize.js:641:30
From previous event:
    at Sequelize.query (H:\致命代码\fancyguo-gm\server\node_modules\sequelize\lib\sequelize.js:590:23)
    at _callee$ (H:\致命代码\fancyguo-gm\server\src\app\service\/gm-announcement.js:35:31)
    at tryCatch (H:\致命代码\fancyguo-gm\server\node_modules\regenerator-runtime\runtime.js:45:40)
    at Generator.invoke [as _invoke] (H:\致命代码\fancyguo-gm\server\node_modules\regenerator-runtime\runtime.js:281:22)
    at Generator.prototype.<computed> [as next] (H:\致命代码\fancyguo-gm\server\node_modules\regenerator-runtime\runtime.js:106:21)
    at asyncGeneratorStep (H:\致命代码\fancyguo-gm\server\node_modules\@babel\runtime\helpers\asyncToGenerator.js:3:24)
    at _next (H:\致命代码\fancyguo-gm\server\node_modules\@babel\runtime\helpers\asyncToGenerator.js:25:9)
    at H:\致命代码\fancyguo-gm\server\node_modules\@babel\runtime\helpers\asyncToGenerator.js:32:7
    at new Promise (<anonymous>)
    at GmAnnouncementService.<anonymous> (H:\致命代码\fancyguo-gm\server\node_modules\@babel\runtime\helpers\asyncToGenerator.js:21:12)
    at GmAnnouncementService.queryBulletin (H:\致命代码\fancyguo-gm\server\src\app\service\gm-announcement.js:160:31)
    at _callee2$ (H:\致命代码\fancyguo-gm\server\src\app\controllers\/gm-announcement.js:33:44)
    at tryCatch (H:\致命代码\fancyguo-gm\server\node_modules\regenerator-runtime\runtime.js:45:40)
    at Generator.invoke [as _invoke] (H:\致命代码\fancyguo-gm\server\node_modules\regenerator-runtime\runtime.js:281:22)
    at Generator.prototype.<computed> [as next] (H:\致命代码\fancyguo-gm\server\node_modules\regenerator-runtime\runtime.js:106:21)
    at asyncGeneratorStep (H:\致命代码\fancyguo-gm\server\node_modules\@babel\runtime\helpers\asyncToGenerator.js:3:24)
    at _next (H:\致命代码\fancyguo-gm\server\node_modules\@babel\runtime\helpers\asyncToGenerator.js:25:9)
    at H:\致命代码\fancyguo-gm\server\node_modules\@babel\runtime\helpers\asyncToGenerator.js:32:7
    at new Promise (<anonymous>)
    at H:\致命代码\fancyguo-gm\server\node_modules\@babel\runtime\helpers\asyncToGenerator.js:21:12
    at query (H:\致命代码\fancyguo-gm\server\src\app\controllers\gm-announcement.js:139:23)
    at dispatch (H:\致命代码\fancyguo-gm\server\node_modules\koa-compose\index.js:44:32)
    at next (H:\致命代码\fancyguo-gm\server\node_modules\koa-compose\index.js:45:18)
    at H:\致命代码\fancyguo-gm\server\node_modules\koa-router\lib\router.js:346:16
    at dispatch (H:\致命代码\fancyguo-gm\server\node_modules\koa-compose\index.js:44:32)
    at H:\致命代码\fancyguo-gm\server\node_modules\koa-compose\index.js:36:12
    at dispatch (H:\致命代码\fancyguo-gm\server\node_modules\koa-router\lib\router.js:351:31)
    at next (H:\致命代码\fancyguo-gm\server\node_modules\koa\node_modules\koa-compose\index.js:42:32)
    at _callee$ (H:\致命代码\fancyguo-gm\server\src\middleware\/index.js:47:11)
    at tryCatch (H:\致命代码\fancyguo-gm\server\node_modules\regenerator-runtime\runtime.js:45:40)
    at Generator.invoke [as _invoke] (H:\致命代码\fancyguo-gm\server\node_modules\regenerator-runtime\runtime.js:281:22)
    at Generator.prototype.<computed> [as next] (H:\致命代码\fancyguo-gm\server\node_modules\regenerator-runtime\runtime.js:106:21)
    at asyncGeneratorStep (H:\致命代码\fancyguo-gm\server\node_modules\@babel\runtime\helpers\asyncToGenerator.js:3:24)
    at _next (H:\致命代码\fancyguo-gm\server\node_modules\@babel\runtime\helpers\asyncToGenerator.js:25:9)
    at H:\致命代码\fancyguo-gm\server\node_modules\@babel\runtime\helpers\asyncToGenerator.js:32:7
    at new Promise (<anonymous>)
    at H:\致命代码\fancyguo-gm\server\node_modules\@babel\runtime\helpers\asyncToGenerator.js:21:12
    at H:\致命代码\fancyguo-gm\server\src\middleware\/index.js:42:2
*************** error log end ***************

[2020-10-20T14:04:01.492] [ERROR] errorLogger - 
*************** error log start ***************
request method: GET
request originalUrl:  /api/announcement/query?bulletinid=&setime=&plaform=&servername=&type=&page=1&pagesize=10
request client ip:  ::ffff:127.0.0.1
request query:  {"bulletinid":"","setime":"","plaform":"","servername":"","type":"","page":"1","pagesize":"10","gameid":"1"}
response time: 1603173841490
err name: SequelizeDatabaseError
err message: cannot cast jsonb array to type integer
err stack: SequelizeDatabaseError: cannot cast jsonb array to type integer
    at Query.formatError (H:\致命代码\fancyguo-gm\server\node_modules\sequelize\lib\dialects\postgres\query.js:366:16)
    at H:\致命代码\fancyguo-gm\server\node_modules\sequelize\lib\dialects\postgres\query.js:72:18
From previous event:
    at Query.run (H:\致命代码\fancyguo-gm\server\node_modules\sequelize\lib\dialects\postgres\query.js:64:23)
    at H:\致命代码\fancyguo-gm\server\node_modules\sequelize\lib\sequelize.js:655:29
From previous event:
    at H:\致命代码\fancyguo-gm\server\node_modules\sequelize\lib\sequelize.js:655:12
    at processImmediate (internal/timers.js:456:21)
From previous event:
    at H:\致命代码\fancyguo-gm\server\node_modules\sequelize\lib\sequelize.js:651:10
    at H:\致命代码\fancyguo-gm\server\node_modules\retry-as-promised\index.js:70:21
    at new Promise (<anonymous>)
    at retryAsPromised (H:\致命代码\fancyguo-gm\server\node_modules\retry-as-promised\index.js:60:10)
    at H:\致命代码\fancyguo-gm\server\node_modules\sequelize\lib\sequelize.js:641:30
From previous event:
    at Sequelize.query (H:\致命代码\fancyguo-gm\server\node_modules\sequelize\lib\sequelize.js:590:23)
    at _callee$ (H:\致命代码\fancyguo-gm\server\src\app\service\/gm-announcement.js:35:31)
    at tryCatch (H:\致命代码\fancyguo-gm\server\node_modules\regenerator-runtime\runtime.js:45:40)
    at Generator.invoke [as _invoke] (H:\致命代码\fancyguo-gm\server\node_modules\regenerator-runtime\runtime.js:281:22)
    at Generator.prototype.<computed> [as next] (H:\致命代码\fancyguo-gm\server\node_modules\regenerator-runtime\runtime.js:106:21)
    at asyncGeneratorStep (H:\致命代码\fancyguo-gm\server\node_modules\@babel\runtime\helpers\asyncToGenerator.js:3:24)
    at _next (H:\致命代码\fancyguo-gm\server\node_modules\@babel\runtime\helpers\asyncToGenerator.js:25:9)
    at H:\致命代码\fancyguo-gm\server\node_modules\@babel\runtime\helpers\asyncToGenerator.js:32:7
    at new Promise (<anonymous>)
    at GmAnnouncementService.<anonymous> (H:\致命代码\fancyguo-gm\server\node_modules\@babel\runtime\helpers\asyncToGenerator.js:21:12)
    at GmAnnouncementService.queryBulletin (H:\致命代码\fancyguo-gm\server\src\app\service\gm-announcement.js:160:31)
    at _callee2$ (H:\致命代码\fancyguo-gm\server\src\app\controllers\/gm-announcement.js:33:44)
    at tryCatch (H:\致命代码\fancyguo-gm\server\node_modules\regenerator-runtime\runtime.js:45:40)
    at Generator.invoke [as _invoke] (H:\致命代码\fancyguo-gm\server\node_modules\regenerator-runtime\runtime.js:281:22)
    at Generator.prototype.<computed> [as next] (H:\致命代码\fancyguo-gm\server\node_modules\regenerator-runtime\runtime.js:106:21)
    at asyncGeneratorStep (H:\致命代码\fancyguo-gm\server\node_modules\@babel\runtime\helpers\asyncToGenerator.js:3:24)
    at _next (H:\致命代码\fancyguo-gm\server\node_modules\@babel\runtime\helpers\asyncToGenerator.js:25:9)
    at H:\致命代码\fancyguo-gm\server\node_modules\@babel\runtime\helpers\asyncToGenerator.js:32:7
    at new Promise (<anonymous>)
    at H:\致命代码\fancyguo-gm\server\node_modules\@babel\runtime\helpers\asyncToGenerator.js:21:12
    at query (H:\致命代码\fancyguo-gm\server\src\app\controllers\gm-announcement.js:139:23)
    at dispatch (H:\致命代码\fancyguo-gm\server\node_modules\koa-compose\index.js:44:32)
    at next (H:\致命代码\fancyguo-gm\server\node_modules\koa-compose\index.js:45:18)
    at H:\致命代码\fancyguo-gm\server\node_modules\koa-router\lib\router.js:346:16
    at dispatch (H:\致命代码\fancyguo-gm\server\node_modules\koa-compose\index.js:44:32)
    at H:\致命代码\fancyguo-gm\server\node_modules\koa-compose\index.js:36:12
    at dispatch (H:\致命代码\fancyguo-gm\server\node_modules\koa-router\lib\router.js:351:31)
    at next (H:\致命代码\fancyguo-gm\server\node_modules\koa\node_modules\koa-compose\index.js:42:32)
    at _callee$ (H:\致命代码\fancyguo-gm\server\src\middleware\/index.js:47:11)
    at tryCatch (H:\致命代码\fancyguo-gm\server\node_modules\regenerator-runtime\runtime.js:45:40)
    at Generator.invoke [as _invoke] (H:\致命代码\fancyguo-gm\server\node_modules\regenerator-runtime\runtime.js:281:22)
    at Generator.prototype.<computed> [as next] (H:\致命代码\fancyguo-gm\server\node_modules\regenerator-runtime\runtime.js:106:21)
    at asyncGeneratorStep (H:\致命代码\fancyguo-gm\server\node_modules\@babel\runtime\helpers\asyncToGenerator.js:3:24)
    at _next (H:\致命代码\fancyguo-gm\server\node_modules\@babel\runtime\helpers\asyncToGenerator.js:25:9)
    at H:\致命代码\fancyguo-gm\server\node_modules\@babel\runtime\helpers\asyncToGenerator.js:32:7
    at new Promise (<anonymous>)
    at H:\致命代码\fancyguo-gm\server\node_modules\@babel\runtime\helpers\asyncToGenerator.js:21:12
    at H:\致命代码\fancyguo-gm\server\src\middleware\/index.js:42:2
*************** error log end ***************

[2020-10-20T14:04:33.866] [ERROR] errorLogger - 
*************** error log start ***************
request method: POST
request originalUrl:  /api/announcement/create
request client ip:  ::ffff:127.0.0.1
request body: 
{"bulletinid":"","stime":"","etime":"","plaform":"1","channel":"","servername":"","interval":"","weights":"","title":"1","images":"","a":"1","text":"1","range":"1","type":"2","gameid":"1"}
response time: 1603173873864
err name: SequelizeDatabaseError
err message: syntax error at or near "1"
err stack: SequelizeDatabaseError: syntax error at or near "1"
    at Query.formatError (H:\致命代码\fancyguo-gm\server\node_modules\sequelize\lib\dialects\postgres\query.js:366:16)
    at H:\致命代码\fancyguo-gm\server\node_modules\sequelize\lib\dialects\postgres\query.js:72:18
From previous event:
    at Query.run (H:\致命代码\fancyguo-gm\server\node_modules\sequelize\lib\dialects\postgres\query.js:64:23)
    at H:\致命代码\fancyguo-gm\server\node_modules\sequelize\lib\sequelize.js:655:29
From previous event:
    at H:\致命代码\fancyguo-gm\server\node_modules\sequelize\lib\sequelize.js:655:12
    at processImmediate (internal/timers.js:456:21)
From previous event:
    at H:\致命代码\fancyguo-gm\server\node_modules\sequelize\lib\sequelize.js:651:10
    at H:\致命代码\fancyguo-gm\server\node_modules\retry-as-promised\index.js:70:21
    at new Promise (<anonymous>)
    at retryAsPromised (H:\致命代码\fancyguo-gm\server\node_modules\retry-as-promised\index.js:60:10)
    at H:\致命代码\fancyguo-gm\server\node_modules\sequelize\lib\sequelize.js:641:30
From previous event:
    at Sequelize.query (H:\致命代码\fancyguo-gm\server\node_modules\sequelize\lib\sequelize.js:590:23)
    at _callee3$ (H:\致命代码\fancyguo-gm\server\src\app\service\/gm-announcement.js:89:31)
    at tryCatch (H:\致命代码\fancyguo-gm\server\node_modules\regenerator-runtime\runtime.js:45:40)
    at Generator.invoke [as _invoke] (H:\致命代码\fancyguo-gm\server\node_modules\regenerator-runtime\runtime.js:281:22)
    at Generator.prototype.<computed> [as next] (H:\致命代码\fancyguo-gm\server\node_modules\regenerator-runtime\runtime.js:106:21)
    at asyncGeneratorStep (H:\致命代码\fancyguo-gm\server\node_modules\@babel\runtime\helpers\asyncToGenerator.js:3:24)
    at _next (H:\致命代码\fancyguo-gm\server\node_modules\@babel\runtime\helpers\asyncToGenerator.js:25:9)
    at H:\致命代码\fancyguo-gm\server\node_modules\@babel\runtime\helpers\asyncToGenerator.js:32:7
    at new Promise (<anonymous>)
    at GmAnnouncementService.<anonymous> (H:\致命代码\fancyguo-gm\server\node_modules\@babel\runtime\helpers\asyncToGenerator.js:21:12)
    at GmAnnouncementService.createBulletin (H:\致命代码\fancyguo-gm\server\src\app\service\gm-announcement.js:308:32)
    at _callee$ (H:\致命代码\fancyguo-gm\server\src\app\controllers\/gm-announcement.js:16:51)
    at tryCatch (H:\致命代码\fancyguo-gm\server\node_modules\regenerator-runtime\runtime.js:45:40)
    at Generator.invoke [as _invoke] (H:\致命代码\fancyguo-gm\server\node_modules\regenerator-runtime\runtime.js:281:22)
    at Generator.prototype.<computed> [as next] (H:\致命代码\fancyguo-gm\server\node_modules\regenerator-runtime\runtime.js:106:21)
    at asyncGeneratorStep (H:\致命代码\fancyguo-gm\server\node_modules\@babel\runtime\helpers\asyncToGenerator.js:3:24)
    at _next (H:\致命代码\fancyguo-gm\server\node_modules\@babel\runtime\helpers\asyncToGenerator.js:25:9)
    at H:\致命代码\fancyguo-gm\server\node_modules\@babel\runtime\helpers\asyncToGenerator.js:32:7
    at new Promise (<anonymous>)
    at H:\致命代码\fancyguo-gm\server\node_modules\@babel\runtime\helpers\asyncToGenerator.js:21:12
    at create (H:\致命代码\fancyguo-gm\server\src\app\controllers\gm-announcement.js:108:24)
    at dispatch (H:\致命代码\fancyguo-gm\server\node_modules\koa-compose\index.js:44:32)
    at next (H:\致命代码\fancyguo-gm\server\node_modules\koa-compose\index.js:45:18)
    at H:\致命代码\fancyguo-gm\server\node_modules\koa-router\lib\router.js:346:16
    at dispatch (H:\致命代码\fancyguo-gm\server\node_modules\koa-compose\index.js:44:32)
    at H:\致命代码\fancyguo-gm\server\node_modules\koa-compose\index.js:36:12
    at dispatch (H:\致命代码\fancyguo-gm\server\node_modules\koa-router\lib\router.js:351:31)
    at next (H:\致命代码\fancyguo-gm\server\node_modules\koa\node_modules\koa-compose\index.js:42:32)
    at _callee$ (H:\致命代码\fancyguo-gm\server\src\middleware\/index.js:47:11)
    at tryCatch (H:\致命代码\fancyguo-gm\server\node_modules\regenerator-runtime\runtime.js:45:40)
    at Generator.invoke [as _invoke] (H:\致命代码\fancyguo-gm\server\node_modules\regenerator-runtime\runtime.js:281:22)
    at Generator.prototype.<computed> [as next] (H:\致命代码\fancyguo-gm\server\node_modules\regenerator-runtime\runtime.js:106:21)
    at asyncGeneratorStep (H:\致命代码\fancyguo-gm\server\node_modules\@babel\runtime\helpers\asyncToGenerator.js:3:24)
    at _next (H:\致命代码\fancyguo-gm\server\node_modules\@babel\runtime\helpers\asyncToGenerator.js:25:9)
    at H:\致命代码\fancyguo-gm\server\node_modules\@babel\runtime\helpers\asyncToGenerator.js:32:7
    at new Promise (<anonymous>)
    at H:\致命代码\fancyguo-gm\server\node_modules\@babel\runtime\helpers\asyncToGenerator.js:21:12
    at H:\致命代码\fancyguo-gm\server\src\middleware\/index.js:42:2
*************** error log end ***************

[2020-10-20T14:05:05.549] [ERROR] errorLogger - 
*************** error log start ***************
request method: GET
request originalUrl:  /api/announcement/query?bulletinid=&setime=&plaform=&servername=&type=&page=1&pagesize=10
request client ip:  ::ffff:127.0.0.1
request query:  {"bulletinid":"","setime":"","plaform":"","servername":"","type":"","page":"1","pagesize":"10","gameid":"1"}
response time: 1603173905549
err name: SequelizeDatabaseError
err message: cannot cast jsonb array to type integer
err stack: SequelizeDatabaseError: cannot cast jsonb array to type integer
    at Query.formatError (H:\致命代码\fancyguo-gm\server\node_modules\sequelize\lib\dialects\postgres\query.js:366:16)
    at H:\致命代码\fancyguo-gm\server\node_modules\sequelize\lib\dialects\postgres\query.js:72:18
From previous event:
    at Query.run (H:\致命代码\fancyguo-gm\server\node_modules\sequelize\lib\dialects\postgres\query.js:64:23)
    at H:\致命代码\fancyguo-gm\server\node_modules\sequelize\lib\sequelize.js:655:29
From previous event:
    at H:\致命代码\fancyguo-gm\server\node_modules\sequelize\lib\sequelize.js:655:12
    at processImmediate (internal/timers.js:456:21)
From previous event:
    at H:\致命代码\fancyguo-gm\server\node_modules\sequelize\lib\sequelize.js:651:10
    at H:\致命代码\fancyguo-gm\server\node_modules\retry-as-promised\index.js:70:21
    at new Promise (<anonymous>)
    at retryAsPromised (H:\致命代码\fancyguo-gm\server\node_modules\retry-as-promised\index.js:60:10)
    at H:\致命代码\fancyguo-gm\server\node_modules\sequelize\lib\sequelize.js:641:30
From previous event:
    at Sequelize.query (H:\致命代码\fancyguo-gm\server\node_modules\sequelize\lib\sequelize.js:590:23)
    at _callee$ (H:\致命代码\fancyguo-gm\server\src\app\service\/gm-announcement.js:35:31)
    at tryCatch (H:\致命代码\fancyguo-gm\server\node_modules\regenerator-runtime\runtime.js:45:40)
    at Generator.invoke [as _invoke] (H:\致命代码\fancyguo-gm\server\node_modules\regenerator-runtime\runtime.js:281:22)
    at Generator.prototype.<computed> [as next] (H:\致命代码\fancyguo-gm\server\node_modules\regenerator-runtime\runtime.js:106:21)
    at asyncGeneratorStep (H:\致命代码\fancyguo-gm\server\node_modules\@babel\runtime\helpers\asyncToGenerator.js:3:24)
    at _next (H:\致命代码\fancyguo-gm\server\node_modules\@babel\runtime\helpers\asyncToGenerator.js:25:9)
    at H:\致命代码\fancyguo-gm\server\node_modules\@babel\runtime\helpers\asyncToGenerator.js:32:7
    at new Promise (<anonymous>)
    at GmAnnouncementService.<anonymous> (H:\致命代码\fancyguo-gm\server\node_modules\@babel\runtime\helpers\asyncToGenerator.js:21:12)
    at GmAnnouncementService.queryBulletin (H:\致命代码\fancyguo-gm\server\src\app\service\gm-announcement.js:160:31)
    at _callee2$ (H:\致命代码\fancyguo-gm\server\src\app\controllers\/gm-announcement.js:33:44)
    at tryCatch (H:\致命代码\fancyguo-gm\server\node_modules\regenerator-runtime\runtime.js:45:40)
    at Generator.invoke [as _invoke] (H:\致命代码\fancyguo-gm\server\node_modules\regenerator-runtime\runtime.js:281:22)
    at Generator.prototype.<computed> [as next] (H:\致命代码\fancyguo-gm\server\node_modules\regenerator-runtime\runtime.js:106:21)
    at asyncGeneratorStep (H:\致命代码\fancyguo-gm\server\node_modules\@babel\runtime\helpers\asyncToGenerator.js:3:24)
    at _next (H:\致命代码\fancyguo-gm\server\node_modules\@babel\runtime\helpers\asyncToGenerator.js:25:9)
    at H:\致命代码\fancyguo-gm\server\node_modules\@babel\runtime\helpers\asyncToGenerator.js:32:7
    at new Promise (<anonymous>)
    at H:\致命代码\fancyguo-gm\server\node_modules\@babel\runtime\helpers\asyncToGenerator.js:21:12
    at query (H:\致命代码\fancyguo-gm\server\src\app\controllers\gm-announcement.js:139:23)
    at dispatch (H:\致命代码\fancyguo-gm\server\node_modules\koa-compose\index.js:44:32)
    at next (H:\致命代码\fancyguo-gm\server\node_modules\koa-compose\index.js:45:18)
    at H:\致命代码\fancyguo-gm\server\node_modules\koa-router\lib\router.js:346:16
    at dispatch (H:\致命代码\fancyguo-gm\server\node_modules\koa-compose\index.js:44:32)
    at H:\致命代码\fancyguo-gm\server\node_modules\koa-compose\index.js:36:12
    at dispatch (H:\致命代码\fancyguo-gm\server\node_modules\koa-router\lib\router.js:351:31)
    at next (H:\致命代码\fancyguo-gm\server\node_modules\koa\node_modules\koa-compose\index.js:42:32)
    at _callee$ (H:\致命代码\fancyguo-gm\server\src\middleware\/index.js:47:11)
    at tryCatch (H:\致命代码\fancyguo-gm\server\node_modules\regenerator-runtime\runtime.js:45:40)
    at Generator.invoke [as _invoke] (H:\致命代码\fancyguo-gm\server\node_modules\regenerator-runtime\runtime.js:281:22)
    at Generator.prototype.<computed> [as next] (H:\致命代码\fancyguo-gm\server\node_modules\regenerator-runtime\runtime.js:106:21)
    at asyncGeneratorStep (H:\致命代码\fancyguo-gm\server\node_modules\@babel\runtime\helpers\asyncToGenerator.js:3:24)
    at _next (H:\致命代码\fancyguo-gm\server\node_modules\@babel\runtime\helpers\asyncToGenerator.js:25:9)
    at H:\致命代码\fancyguo-gm\server\node_modules\@babel\runtime\helpers\asyncToGenerator.js:32:7
    at new Promise (<anonymous>)
    at H:\致命代码\fancyguo-gm\server\node_modules\@babel\runtime\helpers\asyncToGenerator.js:21:12
    at H:\致命代码\fancyguo-gm\server\src\middleware\/index.js:42:2
*************** error log end ***************

[2020-10-20T14:05:17.441] [ERROR] errorLogger - 
*************** error log start ***************
request method: GET
request originalUrl:  /api/announcement/query?bulletinid=&setime=&plaform=&channel=&servername=&type=&page=1&pagesize=10
request client ip:  ::ffff:127.0.0.1
request query:  {"bulletinid":"","setime":"","plaform":"","channel":"","servername":"","type":"","page":"1","pagesize":"10","gameid":"1"}
response time: 1603173917441
err name: SequelizeDatabaseError
err message: cannot cast jsonb array to type integer
err stack: SequelizeDatabaseError: cannot cast jsonb array to type integer
    at Query.formatError (H:\致命代码\fancyguo-gm\server\node_modules\sequelize\lib\dialects\postgres\query.js:366:16)
    at H:\致命代码\fancyguo-gm\server\node_modules\sequelize\lib\dialects\postgres\query.js:72:18
From previous event:
    at Query.run (H:\致命代码\fancyguo-gm\server\node_modules\sequelize\lib\dialects\postgres\query.js:64:23)
    at H:\致命代码\fancyguo-gm\server\node_modules\sequelize\lib\sequelize.js:655:29
From previous event:
    at H:\致命代码\fancyguo-gm\server\node_modules\sequelize\lib\sequelize.js:655:12
    at processImmediate (internal/timers.js:456:21)
From previous event:
    at H:\致命代码\fancyguo-gm\server\node_modules\sequelize\lib\sequelize.js:651:10
    at H:\致命代码\fancyguo-gm\server\node_modules\retry-as-promised\index.js:70:21
    at new Promise (<anonymous>)
    at retryAsPromised (H:\致命代码\fancyguo-gm\server\node_modules\retry-as-promised\index.js:60:10)
    at H:\致命代码\fancyguo-gm\server\node_modules\sequelize\lib\sequelize.js:641:30
From previous event:
    at Sequelize.query (H:\致命代码\fancyguo-gm\server\node_modules\sequelize\lib\sequelize.js:590:23)
    at _callee$ (H:\致命代码\fancyguo-gm\server\src\app\service\/gm-announcement.js:35:31)
    at tryCatch (H:\致命代码\fancyguo-gm\server\node_modules\regenerator-runtime\runtime.js:45:40)
    at Generator.invoke [as _invoke] (H:\致命代码\fancyguo-gm\server\node_modules\regenerator-runtime\runtime.js:281:22)
    at Generator.prototype.<computed> [as next] (H:\致命代码\fancyguo-gm\server\node_modules\regenerator-runtime\runtime.js:106:21)
    at asyncGeneratorStep (H:\致命代码\fancyguo-gm\server\node_modules\@babel\runtime\helpers\asyncToGenerator.js:3:24)
    at _next (H:\致命代码\fancyguo-gm\server\node_modules\@babel\runtime\helpers\asyncToGenerator.js:25:9)
    at H:\致命代码\fancyguo-gm\server\node_modules\@babel\runtime\helpers\asyncToGenerator.js:32:7
    at new Promise (<anonymous>)
    at GmAnnouncementService.<anonymous> (H:\致命代码\fancyguo-gm\server\node_modules\@babel\runtime\helpers\asyncToGenerator.js:21:12)
    at GmAnnouncementService.queryBulletin (H:\致命代码\fancyguo-gm\server\src\app\service\gm-announcement.js:160:31)
    at _callee2$ (H:\致命代码\fancyguo-gm\server\src\app\controllers\/gm-announcement.js:33:44)
    at tryCatch (H:\致命代码\fancyguo-gm\server\node_modules\regenerator-runtime\runtime.js:45:40)
    at Generator.invoke [as _invoke] (H:\致命代码\fancyguo-gm\server\node_modules\regenerator-runtime\runtime.js:281:22)
    at Generator.prototype.<computed> [as next] (H:\致命代码\fancyguo-gm\server\node_modules\regenerator-runtime\runtime.js:106:21)
    at asyncGeneratorStep (H:\致命代码\fancyguo-gm\server\node_modules\@babel\runtime\helpers\asyncToGenerator.js:3:24)
    at _next (H:\致命代码\fancyguo-gm\server\node_modules\@babel\runtime\helpers\asyncToGenerator.js:25:9)
    at H:\致命代码\fancyguo-gm\server\node_modules\@babel\runtime\helpers\asyncToGenerator.js:32:7
    at new Promise (<anonymous>)
    at H:\致命代码\fancyguo-gm\server\node_modules\@babel\runtime\helpers\asyncToGenerator.js:21:12
    at query (H:\致命代码\fancyguo-gm\server\src\app\controllers\gm-announcement.js:139:23)
    at dispatch (H:\致命代码\fancyguo-gm\server\node_modules\koa-compose\index.js:44:32)
    at next (H:\致命代码\fancyguo-gm\server\node_modules\koa-compose\index.js:45:18)
    at H:\致命代码\fancyguo-gm\server\node_modules\koa-router\lib\router.js:346:16
    at dispatch (H:\致命代码\fancyguo-gm\server\node_modules\koa-compose\index.js:44:32)
    at H:\致命代码\fancyguo-gm\server\node_modules\koa-compose\index.js:36:12
    at dispatch (H:\致命代码\fancyguo-gm\server\node_modules\koa-router\lib\router.js:351:31)
    at next (H:\致命代码\fancyguo-gm\server\node_modules\koa\node_modules\koa-compose\index.js:42:32)
    at _callee$ (H:\致命代码\fancyguo-gm\server\src\middleware\/index.js:47:11)
    at tryCatch (H:\致命代码\fancyguo-gm\server\node_modules\regenerator-runtime\runtime.js:45:40)
    at Generator.invoke [as _invoke] (H:\致命代码\fancyguo-gm\server\node_modules\regenerator-runtime\runtime.js:281:22)
    at Generator.prototype.<computed> [as next] (H:\致命代码\fancyguo-gm\server\node_modules\regenerator-runtime\runtime.js:106:21)
    at asyncGeneratorStep (H:\致命代码\fancyguo-gm\server\node_modules\@babel\runtime\helpers\asyncToGenerator.js:3:24)
    at _next (H:\致命代码\fancyguo-gm\server\node_modules\@babel\runtime\helpers\asyncToGenerator.js:25:9)
    at H:\致命代码\fancyguo-gm\server\node_modules\@babel\runtime\helpers\asyncToGenerator.js:32:7
    at new Promise (<anonymous>)
    at H:\致命代码\fancyguo-gm\server\node_modules\@babel\runtime\helpers\asyncToGenerator.js:21:12
    at H:\致命代码\fancyguo-gm\server\src\middleware\/index.js:42:2
*************** error log end ***************

[2020-10-20T14:05:54.667] [ERROR] errorLogger - 
*************** error log start ***************
request method: GET
request originalUrl:  /api/announcement/query?bulletinid=&setime=&plaform=&channel=&servername=&type=&page=1&pagesize=10
request client ip:  ::ffff:127.0.0.1
request query:  {"bulletinid":"","setime":"","plaform":"","channel":"","servername":"","type":"","page":"1","pagesize":"10","gameid":"1"}
response time: 1603173954667
err name: SequelizeDatabaseError
err message: cannot cast jsonb array to type integer
err stack: SequelizeDatabaseError: cannot cast jsonb array to type integer
    at Query.formatError (H:\致命代码\fancyguo-gm\server\node_modules\sequelize\lib\dialects\postgres\query.js:366:16)
    at H:\致命代码\fancyguo-gm\server\node_modules\sequelize\lib\dialects\postgres\query.js:72:18
From previous event:
    at Query.run (H:\致命代码\fancyguo-gm\server\node_modules\sequelize\lib\dialects\postgres\query.js:64:23)
    at H:\致命代码\fancyguo-gm\server\node_modules\sequelize\lib\sequelize.js:655:29
From previous event:
    at H:\致命代码\fancyguo-gm\server\node_modules\sequelize\lib\sequelize.js:655:12
    at processImmediate (internal/timers.js:456:21)
From previous event:
    at H:\致命代码\fancyguo-gm\server\node_modules\sequelize\lib\sequelize.js:651:10
    at H:\致命代码\fancyguo-gm\server\node_modules\retry-as-promised\index.js:70:21
    at new Promise (<anonymous>)
    at retryAsPromised (H:\致命代码\fancyguo-gm\server\node_modules\retry-as-promised\index.js:60:10)
    at H:\致命代码\fancyguo-gm\server\node_modules\sequelize\lib\sequelize.js:641:30
From previous event:
    at Sequelize.query (H:\致命代码\fancyguo-gm\server\node_modules\sequelize\lib\sequelize.js:590:23)
    at _callee$ (H:\致命代码\fancyguo-gm\server\src\app\service\/gm-announcement.js:36:31)
    at tryCatch (H:\致命代码\fancyguo-gm\server\node_modules\regenerator-runtime\runtime.js:45:40)
    at Generator.invoke [as _invoke] (H:\致命代码\fancyguo-gm\server\node_modules\regenerator-runtime\runtime.js:281:22)
    at Generator.prototype.<computed> [as next] (H:\致命代码\fancyguo-gm\server\node_modules\regenerator-runtime\runtime.js:106:21)
    at asyncGeneratorStep (H:\致命代码\fancyguo-gm\server\node_modules\@babel\runtime\helpers\asyncToGenerator.js:3:24)
    at _next (H:\致命代码\fancyguo-gm\server\node_modules\@babel\runtime\helpers\asyncToGenerator.js:25:9)
    at H:\致命代码\fancyguo-gm\server\node_modules\@babel\runtime\helpers\asyncToGenerator.js:32:7
    at new Promise (<anonymous>)
    at GmAnnouncementService.<anonymous> (H:\致命代码\fancyguo-gm\server\node_modules\@babel\runtime\helpers\asyncToGenerator.js:21:12)
    at GmAnnouncementService.queryBulletin (H:\致命代码\fancyguo-gm\server\src\app\service\gm-announcement.js:161:31)
    at _callee2$ (H:\致命代码\fancyguo-gm\server\src\app\controllers\/gm-announcement.js:33:44)
    at tryCatch (H:\致命代码\fancyguo-gm\server\node_modules\regenerator-runtime\runtime.js:45:40)
    at Generator.invoke [as _invoke] (H:\致命代码\fancyguo-gm\server\node_modules\regenerator-runtime\runtime.js:281:22)
    at Generator.prototype.<computed> [as next] (H:\致命代码\fancyguo-gm\server\node_modules\regenerator-runtime\runtime.js:106:21)
    at asyncGeneratorStep (H:\致命代码\fancyguo-gm\server\node_modules\@babel\runtime\helpers\asyncToGenerator.js:3:24)
    at _next (H:\致命代码\fancyguo-gm\server\node_modules\@babel\runtime\helpers\asyncToGenerator.js:25:9)
    at H:\致命代码\fancyguo-gm\server\node_modules\@babel\runtime\helpers\asyncToGenerator.js:32:7
    at new Promise (<anonymous>)
    at H:\致命代码\fancyguo-gm\server\node_modules\@babel\runtime\helpers\asyncToGenerator.js:21:12
    at query (H:\致命代码\fancyguo-gm\server\src\app\controllers\gm-announcement.js:139:23)
    at dispatch (H:\致命代码\fancyguo-gm\server\node_modules\koa-compose\index.js:44:32)
    at next (H:\致命代码\fancyguo-gm\server\node_modules\koa-compose\index.js:45:18)
    at H:\致命代码\fancyguo-gm\server\node_modules\koa-router\lib\router.js:346:16
    at dispatch (H:\致命代码\fancyguo-gm\server\node_modules\koa-compose\index.js:44:32)
    at H:\致命代码\fancyguo-gm\server\node_modules\koa-compose\index.js:36:12
    at dispatch (H:\致命代码\fancyguo-gm\server\node_modules\koa-router\lib\router.js:351:31)
    at next (H:\致命代码\fancyguo-gm\server\node_modules\koa\node_modules\koa-compose\index.js:42:32)
    at _callee$ (H:\致命代码\fancyguo-gm\server\src\middleware\/index.js:47:11)
    at tryCatch (H:\致命代码\fancyguo-gm\server\node_modules\regenerator-runtime\runtime.js:45:40)
    at Generator.invoke [as _invoke] (H:\致命代码\fancyguo-gm\server\node_modules\regenerator-runtime\runtime.js:281:22)
    at Generator.prototype.<computed> [as next] (H:\致命代码\fancyguo-gm\server\node_modules\regenerator-runtime\runtime.js:106:21)
    at asyncGeneratorStep (H:\致命代码\fancyguo-gm\server\node_modules\@babel\runtime\helpers\asyncToGenerator.js:3:24)
    at _next (H:\致命代码\fancyguo-gm\server\node_modules\@babel\runtime\helpers\asyncToGenerator.js:25:9)
    at H:\致命代码\fancyguo-gm\server\node_modules\@babel\runtime\helpers\asyncToGenerator.js:32:7
    at new Promise (<anonymous>)
    at H:\致命代码\fancyguo-gm\server\node_modules\@babel\runtime\helpers\asyncToGenerator.js:21:12
    at H:\致命代码\fancyguo-gm\server\src\middleware\/index.js:42:2
*************** error log end ***************

[2020-10-20T14:06:00.088] [ERROR] errorLogger - 
*************** error log start ***************
request method: GET
request originalUrl:  /api/announcement/query?bulletinid=&setime=&plaform=&channel=&servername=&type=&page=1&pagesize=10
request client ip:  ::ffff:127.0.0.1
request query:  {"bulletinid":"","setime":"","plaform":"","channel":"","servername":"","type":"","page":"1","pagesize":"10","gameid":"1"}
response time: 1603173960088
err name: SequelizeDatabaseError
err message: cannot cast jsonb array to type integer
err stack: SequelizeDatabaseError: cannot cast jsonb array to type integer
    at Query.formatError (H:\致命代码\fancyguo-gm\server\node_modules\sequelize\lib\dialects\postgres\query.js:366:16)
    at H:\致命代码\fancyguo-gm\server\node_modules\sequelize\lib\dialects\postgres\query.js:72:18
From previous event:
    at Query.run (H:\致命代码\fancyguo-gm\server\node_modules\sequelize\lib\dialects\postgres\query.js:64:23)
    at H:\致命代码\fancyguo-gm\server\node_modules\sequelize\lib\sequelize.js:655:29
From previous event:
    at H:\致命代码\fancyguo-gm\server\node_modules\sequelize\lib\sequelize.js:655:12
    at processImmediate (internal/timers.js:456:21)
From previous event:
    at H:\致命代码\fancyguo-gm\server\node_modules\sequelize\lib\sequelize.js:651:10
    at H:\致命代码\fancyguo-gm\server\node_modules\retry-as-promised\index.js:70:21
    at new Promise (<anonymous>)
    at retryAsPromised (H:\致命代码\fancyguo-gm\server\node_modules\retry-as-promised\index.js:60:10)
    at H:\致命代码\fancyguo-gm\server\node_modules\sequelize\lib\sequelize.js:641:30
From previous event:
    at Sequelize.query (H:\致命代码\fancyguo-gm\server\node_modules\sequelize\lib\sequelize.js:590:23)
    at _callee$ (H:\致命代码\fancyguo-gm\server\src\app\service\/gm-announcement.js:36:31)
    at tryCatch (H:\致命代码\fancyguo-gm\server\node_modules\regenerator-runtime\runtime.js:45:40)
    at Generator.invoke [as _invoke] (H:\致命代码\fancyguo-gm\server\node_modules\regenerator-runtime\runtime.js:281:22)
    at Generator.prototype.<computed> [as next] (H:\致命代码\fancyguo-gm\server\node_modules\regenerator-runtime\runtime.js:106:21)
    at asyncGeneratorStep (H:\致命代码\fancyguo-gm\server\node_modules\@babel\runtime\helpers\asyncToGenerator.js:3:24)
    at _next (H:\致命代码\fancyguo-gm\server\node_modules\@babel\runtime\helpers\asyncToGenerator.js:25:9)
    at H:\致命代码\fancyguo-gm\server\node_modules\@babel\runtime\helpers\asyncToGenerator.js:32:7
    at new Promise (<anonymous>)
    at GmAnnouncementService.<anonymous> (H:\致命代码\fancyguo-gm\server\node_modules\@babel\runtime\helpers\asyncToGenerator.js:21:12)
    at GmAnnouncementService.queryBulletin (H:\致命代码\fancyguo-gm\server\src\app\service\gm-announcement.js:161:31)
    at _callee2$ (H:\致命代码\fancyguo-gm\server\src\app\controllers\/gm-announcement.js:33:44)
    at tryCatch (H:\致命代码\fancyguo-gm\server\node_modules\regenerator-runtime\runtime.js:45:40)
    at Generator.invoke [as _invoke] (H:\致命代码\fancyguo-gm\server\node_modules\regenerator-runtime\runtime.js:281:22)
    at Generator.prototype.<computed> [as next] (H:\致命代码\fancyguo-gm\server\node_modules\regenerator-runtime\runtime.js:106:21)
    at asyncGeneratorStep (H:\致命代码\fancyguo-gm\server\node_modules\@babel\runtime\helpers\asyncToGenerator.js:3:24)
    at _next (H:\致命代码\fancyguo-gm\server\node_modules\@babel\runtime\helpers\asyncToGenerator.js:25:9)
    at H:\致命代码\fancyguo-gm\server\node_modules\@babel\runtime\helpers\asyncToGenerator.js:32:7
    at new Promise (<anonymous>)
    at H:\致命代码\fancyguo-gm\server\node_modules\@babel\runtime\helpers\asyncToGenerator.js:21:12
    at query (H:\致命代码\fancyguo-gm\server\src\app\controllers\gm-announcement.js:139:23)
    at dispatch (H:\致命代码\fancyguo-gm\server\node_modules\koa-compose\index.js:44:32)
    at next (H:\致命代码\fancyguo-gm\server\node_modules\koa-compose\index.js:45:18)
    at H:\致命代码\fancyguo-gm\server\node_modules\koa-router\lib\router.js:346:16
    at dispatch (H:\致命代码\fancyguo-gm\server\node_modules\koa-compose\index.js:44:32)
    at H:\致命代码\fancyguo-gm\server\node_modules\koa-compose\index.js:36:12
    at dispatch (H:\致命代码\fancyguo-gm\server\node_modules\koa-router\lib\router.js:351:31)
    at next (H:\致命代码\fancyguo-gm\server\node_modules\koa\node_modules\koa-compose\index.js:42:32)
    at _callee$ (H:\致命代码\fancyguo-gm\server\src\middleware\/index.js:47:11)
    at tryCatch (H:\致命代码\fancyguo-gm\server\node_modules\regenerator-runtime\runtime.js:45:40)
    at Generator.invoke [as _invoke] (H:\致命代码\fancyguo-gm\server\node_modules\regenerator-runtime\runtime.js:281:22)
    at Generator.prototype.<computed> [as next] (H:\致命代码\fancyguo-gm\server\node_modules\regenerator-runtime\runtime.js:106:21)
    at asyncGeneratorStep (H:\致命代码\fancyguo-gm\server\node_modules\@babel\runtime\helpers\asyncToGenerator.js:3:24)
    at _next (H:\致命代码\fancyguo-gm\server\node_modules\@babel\runtime\helpers\asyncToGenerator.js:25:9)
    at H:\致命代码\fancyguo-gm\server\node_modules\@babel\runtime\helpers\asyncToGenerator.js:32:7
    at new Promise (<anonymous>)
    at H:\致命代码\fancyguo-gm\server\node_modules\@babel\runtime\helpers\asyncToGenerator.js:21:12
    at H:\致命代码\fancyguo-gm\server\src\middleware\/index.js:42:2
*************** error log end ***************

[2020-10-20T14:06:03.121] [ERROR] errorLogger - 
*************** error log start ***************
request method: GET
request originalUrl:  /api/announcement/query?bulletinid=&setime=&plaform=&channel=&servername=&type=&page=1&pagesize=10
request client ip:  ::ffff:127.0.0.1
request query:  {"bulletinid":"","setime":"","plaform":"","channel":"","servername":"","type":"","page":"1","pagesize":"10","gameid":"1"}
response time: 1603173963121
err name: SequelizeDatabaseError
err message: cannot cast jsonb array to type integer
err stack: SequelizeDatabaseError: cannot cast jsonb array to type integer
    at Query.formatError (H:\致命代码\fancyguo-gm\server\node_modules\sequelize\lib\dialects\postgres\query.js:366:16)
    at H:\致命代码\fancyguo-gm\server\node_modules\sequelize\lib\dialects\postgres\query.js:72:18
From previous event:
    at Query.run (H:\致命代码\fancyguo-gm\server\node_modules\sequelize\lib\dialects\postgres\query.js:64:23)
    at H:\致命代码\fancyguo-gm\server\node_modules\sequelize\lib\sequelize.js:655:29
From previous event:
    at H:\致命代码\fancyguo-gm\server\node_modules\sequelize\lib\sequelize.js:655:12
    at processImmediate (internal/timers.js:456:21)
From previous event:
    at H:\致命代码\fancyguo-gm\server\node_modules\sequelize\lib\sequelize.js:651:10
    at H:\致命代码\fancyguo-gm\server\node_modules\retry-as-promised\index.js:70:21
    at new Promise (<anonymous>)
    at retryAsPromised (H:\致命代码\fancyguo-gm\server\node_modules\retry-as-promised\index.js:60:10)
    at H:\致命代码\fancyguo-gm\server\node_modules\sequelize\lib\sequelize.js:641:30
From previous event:
    at Sequelize.query (H:\致命代码\fancyguo-gm\server\node_modules\sequelize\lib\sequelize.js:590:23)
    at _callee$ (H:\致命代码\fancyguo-gm\server\src\app\service\/gm-announcement.js:36:31)
    at tryCatch (H:\致命代码\fancyguo-gm\server\node_modules\regenerator-runtime\runtime.js:45:40)
    at Generator.invoke [as _invoke] (H:\致命代码\fancyguo-gm\server\node_modules\regenerator-runtime\runtime.js:281:22)
    at Generator.prototype.<computed> [as next] (H:\致命代码\fancyguo-gm\server\node_modules\regenerator-runtime\runtime.js:106:21)
    at asyncGeneratorStep (H:\致命代码\fancyguo-gm\server\node_modules\@babel\runtime\helpers\asyncToGenerator.js:3:24)
    at _next (H:\致命代码\fancyguo-gm\server\node_modules\@babel\runtime\helpers\asyncToGenerator.js:25:9)
    at H:\致命代码\fancyguo-gm\server\node_modules\@babel\runtime\helpers\asyncToGenerator.js:32:7
    at new Promise (<anonymous>)
    at GmAnnouncementService.<anonymous> (H:\致命代码\fancyguo-gm\server\node_modules\@babel\runtime\helpers\asyncToGenerator.js:21:12)
    at GmAnnouncementService.queryBulletin (H:\致命代码\fancyguo-gm\server\src\app\service\gm-announcement.js:161:31)
    at _callee2$ (H:\致命代码\fancyguo-gm\server\src\app\controllers\/gm-announcement.js:33:44)
    at tryCatch (H:\致命代码\fancyguo-gm\server\node_modules\regenerator-runtime\runtime.js:45:40)
    at Generator.invoke [as _invoke] (H:\致命代码\fancyguo-gm\server\node_modules\regenerator-runtime\runtime.js:281:22)
    at Generator.prototype.<computed> [as next] (H:\致命代码\fancyguo-gm\server\node_modules\regenerator-runtime\runtime.js:106:21)
    at asyncGeneratorStep (H:\致命代码\fancyguo-gm\server\node_modules\@babel\runtime\helpers\asyncToGenerator.js:3:24)
    at _next (H:\致命代码\fancyguo-gm\server\node_modules\@babel\runtime\helpers\asyncToGenerator.js:25:9)
    at H:\致命代码\fancyguo-gm\server\node_modules\@babel\runtime\helpers\asyncToGenerator.js:32:7
    at new Promise (<anonymous>)
    at H:\致命代码\fancyguo-gm\server\node_modules\@babel\runtime\helpers\asyncToGenerator.js:21:12
    at query (H:\致命代码\fancyguo-gm\server\src\app\controllers\gm-announcement.js:139:23)
    at dispatch (H:\致命代码\fancyguo-gm\server\node_modules\koa-compose\index.js:44:32)
    at next (H:\致命代码\fancyguo-gm\server\node_modules\koa-compose\index.js:45:18)
    at H:\致命代码\fancyguo-gm\server\node_modules\koa-router\lib\router.js:346:16
    at dispatch (H:\致命代码\fancyguo-gm\server\node_modules\koa-compose\index.js:44:32)
    at H:\致命代码\fancyguo-gm\server\node_modules\koa-compose\index.js:36:12
    at dispatch (H:\致命代码\fancyguo-gm\server\node_modules\koa-router\lib\router.js:351:31)
    at next (H:\致命代码\fancyguo-gm\server\node_modules\koa\node_modules\koa-compose\index.js:42:32)
    at _callee$ (H:\致命代码\fancyguo-gm\server\src\middleware\/index.js:47:11)
    at tryCatch (H:\致命代码\fancyguo-gm\server\node_modules\regenerator-runtime\runtime.js:45:40)
    at Generator.invoke [as _invoke] (H:\致命代码\fancyguo-gm\server\node_modules\regenerator-runtime\runtime.js:281:22)
    at Generator.prototype.<computed> [as next] (H:\致命代码\fancyguo-gm\server\node_modules\regenerator-runtime\runtime.js:106:21)
    at asyncGeneratorStep (H:\致命代码\fancyguo-gm\server\node_modules\@babel\runtime\helpers\asyncToGenerator.js:3:24)
    at _next (H:\致命代码\fancyguo-gm\server\node_modules\@babel\runtime\helpers\asyncToGenerator.js:25:9)
    at H:\致命代码\fancyguo-gm\server\node_modules\@babel\runtime\helpers\asyncToGenerator.js:32:7
    at new Promise (<anonymous>)
    at H:\致命代码\fancyguo-gm\server\node_modules\@babel\runtime\helpers\asyncToGenerator.js:21:12
    at H:\致命代码\fancyguo-gm\server\src\middleware\/index.js:42:2
*************** error log end ***************

[2020-10-20T14:06:06.389] [ERROR] errorLogger - 
*************** error log start ***************
request method: GET
request originalUrl:  /api/announcement/query?bulletinid=&setime=&plaform=&channel=&servername=&type=&page=1&pagesize=10
request client ip:  ::ffff:127.0.0.1
request query:  {"bulletinid":"","setime":"","plaform":"","channel":"","servername":"","type":"","page":"1","pagesize":"10","gameid":"1"}
response time: 1603173966389
err name: SequelizeDatabaseError
err message: cannot cast jsonb array to type integer
err stack: SequelizeDatabaseError: cannot cast jsonb array to type integer
    at Query.formatError (H:\致命代码\fancyguo-gm\server\node_modules\sequelize\lib\dialects\postgres\query.js:366:16)
    at H:\致命代码\fancyguo-gm\server\node_modules\sequelize\lib\dialects\postgres\query.js:72:18
From previous event:
    at Query.run (H:\致命代码\fancyguo-gm\server\node_modules\sequelize\lib\dialects\postgres\query.js:64:23)
    at H:\致命代码\fancyguo-gm\server\node_modules\sequelize\lib\sequelize.js:655:29
From previous event:
    at H:\致命代码\fancyguo-gm\server\node_modules\sequelize\lib\sequelize.js:655:12
    at processImmediate (internal/timers.js:456:21)
From previous event:
    at H:\致命代码\fancyguo-gm\server\node_modules\sequelize\lib\sequelize.js:651:10
    at H:\致命代码\fancyguo-gm\server\node_modules\retry-as-promised\index.js:70:21
    at new Promise (<anonymous>)
    at retryAsPromised (H:\致命代码\fancyguo-gm\server\node_modules\retry-as-promised\index.js:60:10)
    at H:\致命代码\fancyguo-gm\server\node_modules\sequelize\lib\sequelize.js:641:30
From previous event:
    at Sequelize.query (H:\致命代码\fancyguo-gm\server\node_modules\sequelize\lib\sequelize.js:590:23)
    at _callee$ (H:\致命代码\fancyguo-gm\server\src\app\service\/gm-announcement.js:36:31)
    at tryCatch (H:\致命代码\fancyguo-gm\server\node_modules\regenerator-runtime\runtime.js:45:40)
    at Generator.invoke [as _invoke] (H:\致命代码\fancyguo-gm\server\node_modules\regenerator-runtime\runtime.js:281:22)
    at Generator.prototype.<computed> [as next] (H:\致命代码\fancyguo-gm\server\node_modules\regenerator-runtime\runtime.js:106:21)
    at asyncGeneratorStep (H:\致命代码\fancyguo-gm\server\node_modules\@babel\runtime\helpers\asyncToGenerator.js:3:24)
    at _next (H:\致命代码\fancyguo-gm\server\node_modules\@babel\runtime\helpers\asyncToGenerator.js:25:9)
    at H:\致命代码\fancyguo-gm\server\node_modules\@babel\runtime\helpers\asyncToGenerator.js:32:7
    at new Promise (<anonymous>)
    at GmAnnouncementService.<anonymous> (H:\致命代码\fancyguo-gm\server\node_modules\@babel\runtime\helpers\asyncToGenerator.js:21:12)
    at GmAnnouncementService.queryBulletin (H:\致命代码\fancyguo-gm\server\src\app\service\gm-announcement.js:161:31)
    at _callee2$ (H:\致命代码\fancyguo-gm\server\src\app\controllers\/gm-announcement.js:33:44)
    at tryCatch (H:\致命代码\fancyguo-gm\server\node_modules\regenerator-runtime\runtime.js:45:40)
    at Generator.invoke [as _invoke] (H:\致命代码\fancyguo-gm\server\node_modules\regenerator-runtime\runtime.js:281:22)
    at Generator.prototype.<computed> [as next] (H:\致命代码\fancyguo-gm\server\node_modules\regenerator-runtime\runtime.js:106:21)
    at asyncGeneratorStep (H:\致命代码\fancyguo-gm\server\node_modules\@babel\runtime\helpers\asyncToGenerator.js:3:24)
    at _next (H:\致命代码\fancyguo-gm\server\node_modules\@babel\runtime\helpers\asyncToGenerator.js:25:9)
    at H:\致命代码\fancyguo-gm\server\node_modules\@babel\runtime\helpers\asyncToGenerator.js:32:7
    at new Promise (<anonymous>)
    at H:\致命代码\fancyguo-gm\server\node_modules\@babel\runtime\helpers\asyncToGenerator.js:21:12
    at query (H:\致命代码\fancyguo-gm\server\src\app\controllers\gm-announcement.js:139:23)
    at dispatch (H:\致命代码\fancyguo-gm\server\node_modules\koa-compose\index.js:44:32)
    at next (H:\致命代码\fancyguo-gm\server\node_modules\koa-compose\index.js:45:18)
    at H:\致命代码\fancyguo-gm\server\node_modules\koa-router\lib\router.js:346:16
    at dispatch (H:\致命代码\fancyguo-gm\server\node_modules\koa-compose\index.js:44:32)
    at H:\致命代码\fancyguo-gm\server\node_modules\koa-compose\index.js:36:12
    at dispatch (H:\致命代码\fancyguo-gm\server\node_modules\koa-router\lib\router.js:351:31)
    at next (H:\致命代码\fancyguo-gm\server\node_modules\koa\node_modules\koa-compose\index.js:42:32)
    at _callee$ (H:\致命代码\fancyguo-gm\server\src\middleware\/index.js:47:11)
    at tryCatch (H:\致命代码\fancyguo-gm\server\node_modules\regenerator-runtime\runtime.js:45:40)
    at Generator.invoke [as _invoke] (H:\致命代码\fancyguo-gm\server\node_modules\regenerator-runtime\runtime.js:281:22)
    at Generator.prototype.<computed> [as next] (H:\致命代码\fancyguo-gm\server\node_modules\regenerator-runtime\runtime.js:106:21)
    at asyncGeneratorStep (H:\致命代码\fancyguo-gm\server\node_modules\@babel\runtime\helpers\asyncToGenerator.js:3:24)
    at _next (H:\致命代码\fancyguo-gm\server\node_modules\@babel\runtime\helpers\asyncToGenerator.js:25:9)
    at H:\致命代码\fancyguo-gm\server\node_modules\@babel\runtime\helpers\asyncToGenerator.js:32:7
    at new Promise (<anonymous>)
    at H:\致命代码\fancyguo-gm\server\node_modules\@babel\runtime\helpers\asyncToGenerator.js:21:12
    at H:\致命代码\fancyguo-gm\server\src\middleware\/index.js:42:2
*************** error log end ***************

[2020-10-20T14:06:40.255] [ERROR] errorLogger - 
*************** error log start ***************
request method: GET
request originalUrl:  /api/announcement/query?bulletinid=&setime=&plaform=&channel=&servername=&type=&page=1&pagesize=10
request client ip:  ::ffff:127.0.0.1
request query:  {"bulletinid":"","setime":"","plaform":"","channel":"","servername":"","type":"","page":"1","pagesize":"10","gameid":"1"}
response time: 1603174000254
err name: SequelizeDatabaseError
err message: cannot cast jsonb array to type integer
err stack: SequelizeDatabaseError: cannot cast jsonb array to type integer
    at Query.formatError (H:\致命代码\fancyguo-gm\server\node_modules\sequelize\lib\dialects\postgres\query.js:366:16)
    at H:\致命代码\fancyguo-gm\server\node_modules\sequelize\lib\dialects\postgres\query.js:72:18
From previous event:
    at Query.run (H:\致命代码\fancyguo-gm\server\node_modules\sequelize\lib\dialects\postgres\query.js:64:23)
    at H:\致命代码\fancyguo-gm\server\node_modules\sequelize\lib\sequelize.js:655:29
From previous event:
    at H:\致命代码\fancyguo-gm\server\node_modules\sequelize\lib\sequelize.js:655:12
    at processImmediate (internal/timers.js:456:21)
From previous event:
    at H:\致命代码\fancyguo-gm\server\node_modules\sequelize\lib\sequelize.js:651:10
    at H:\致命代码\fancyguo-gm\server\node_modules\retry-as-promised\index.js:70:21
    at new Promise (<anonymous>)
    at retryAsPromised (H:\致命代码\fancyguo-gm\server\node_modules\retry-as-promised\index.js:60:10)
    at H:\致命代码\fancyguo-gm\server\node_modules\sequelize\lib\sequelize.js:641:30
From previous event:
    at Sequelize.query (H:\致命代码\fancyguo-gm\server\node_modules\sequelize\lib\sequelize.js:590:23)
    at _callee$ (H:\致命代码\fancyguo-gm\server\src\app\service\/gm-announcement.js:36:31)
    at tryCatch (H:\致命代码\fancyguo-gm\server\node_modules\regenerator-runtime\runtime.js:45:40)
    at Generator.invoke [as _invoke] (H:\致命代码\fancyguo-gm\server\node_modules\regenerator-runtime\runtime.js:281:22)
    at Generator.prototype.<computed> [as next] (H:\致命代码\fancyguo-gm\server\node_modules\regenerator-runtime\runtime.js:106:21)
    at asyncGeneratorStep (H:\致命代码\fancyguo-gm\server\node_modules\@babel\runtime\helpers\asyncToGenerator.js:3:24)
    at _next (H:\致命代码\fancyguo-gm\server\node_modules\@babel\runtime\helpers\asyncToGenerator.js:25:9)
    at H:\致命代码\fancyguo-gm\server\node_modules\@babel\runtime\helpers\asyncToGenerator.js:32:7
    at new Promise (<anonymous>)
    at GmAnnouncementService.<anonymous> (H:\致命代码\fancyguo-gm\server\node_modules\@babel\runtime\helpers\asyncToGenerator.js:21:12)
    at GmAnnouncementService.queryBulletin (H:\致命代码\fancyguo-gm\server\src\app\service\gm-announcement.js:161:31)
    at _callee2$ (H:\致命代码\fancyguo-gm\server\src\app\controllers\/gm-announcement.js:33:44)
    at tryCatch (H:\致命代码\fancyguo-gm\server\node_modules\regenerator-runtime\runtime.js:45:40)
    at Generator.invoke [as _invoke] (H:\致命代码\fancyguo-gm\server\node_modules\regenerator-runtime\runtime.js:281:22)
    at Generator.prototype.<computed> [as next] (H:\致命代码\fancyguo-gm\server\node_modules\regenerator-runtime\runtime.js:106:21)
    at asyncGeneratorStep (H:\致命代码\fancyguo-gm\server\node_modules\@babel\runtime\helpers\asyncToGenerator.js:3:24)
    at _next (H:\致命代码\fancyguo-gm\server\node_modules\@babel\runtime\helpers\asyncToGenerator.js:25:9)
    at H:\致命代码\fancyguo-gm\server\node_modules\@babel\runtime\helpers\asyncToGenerator.js:32:7
    at new Promise (<anonymous>)
    at H:\致命代码\fancyguo-gm\server\node_modules\@babel\runtime\helpers\asyncToGenerator.js:21:12
    at query (H:\致命代码\fancyguo-gm\server\src\app\controllers\gm-announcement.js:139:23)
    at dispatch (H:\致命代码\fancyguo-gm\server\node_modules\koa-compose\index.js:44:32)
    at next (H:\致命代码\fancyguo-gm\server\node_modules\koa-compose\index.js:45:18)
    at H:\致命代码\fancyguo-gm\server\node_modules\koa-router\lib\router.js:346:16
    at dispatch (H:\致命代码\fancyguo-gm\server\node_modules\koa-compose\index.js:44:32)
    at H:\致命代码\fancyguo-gm\server\node_modules\koa-compose\index.js:36:12
    at dispatch (H:\致命代码\fancyguo-gm\server\node_modules\koa-router\lib\router.js:351:31)
    at next (H:\致命代码\fancyguo-gm\server\node_modules\koa\node_modules\koa-compose\index.js:42:32)
    at _callee$ (H:\致命代码\fancyguo-gm\server\src\middleware\/index.js:47:11)
    at tryCatch (H:\致命代码\fancyguo-gm\server\node_modules\regenerator-runtime\runtime.js:45:40)
    at Generator.invoke [as _invoke] (H:\致命代码\fancyguo-gm\server\node_modules\regenerator-runtime\runtime.js:281:22)
    at Generator.prototype.<computed> [as next] (H:\致命代码\fancyguo-gm\server\node_modules\regenerator-runtime\runtime.js:106:21)
    at asyncGeneratorStep (H:\致命代码\fancyguo-gm\server\node_modules\@babel\runtime\helpers\asyncToGenerator.js:3:24)
    at _next (H:\致命代码\fancyguo-gm\server\node_modules\@babel\runtime\helpers\asyncToGenerator.js:25:9)
    at H:\致命代码\fancyguo-gm\server\node_modules\@babel\runtime\helpers\asyncToGenerator.js:32:7
    at new Promise (<anonymous>)
    at H:\致命代码\fancyguo-gm\server\node_modules\@babel\runtime\helpers\asyncToGenerator.js:21:12
    at H:\致命代码\fancyguo-gm\server\src\middleware\/index.js:42:2
*************** error log end ***************

[2020-10-20T14:49:56.062] [ERROR] errorLogger - 
*************** error log start ***************
request method: GET
request originalUrl:  /api/announcement/query?bulletinid=&setime=&plaform[]=1&plaform[]=2&servername=&type=&page=1&pagesize=10
request client ip:  ::ffff:127.0.0.1
request query:  {"bulletinid":"","setime":"","plaform[]":["1","2"],"servername":"","type":"","page":"1","pagesize":"10","plaform":["1","2"],"gameid":"1"}
response time: 1603176596061
err name: SequelizeDatabaseError
err message: invalid input syntax for type json
err stack: SequelizeDatabaseError: invalid input syntax for type json
    at Query.formatError (H:\致命代码\fancyguo-gm\server\node_modules\sequelize\lib\dialects\postgres\query.js:366:16)
    at H:\致命代码\fancyguo-gm\server\node_modules\sequelize\lib\dialects\postgres\query.js:72:18
From previous event:
    at Query.run (H:\致命代码\fancyguo-gm\server\node_modules\sequelize\lib\dialects\postgres\query.js:64:23)
    at H:\致命代码\fancyguo-gm\server\node_modules\sequelize\lib\sequelize.js:655:29
From previous event:
    at H:\致命代码\fancyguo-gm\server\node_modules\sequelize\lib\sequelize.js:655:12
    at processImmediate (internal/timers.js:456:21)
From previous event:
    at H:\致命代码\fancyguo-gm\server\node_modules\sequelize\lib\sequelize.js:651:10
    at H:\致命代码\fancyguo-gm\server\node_modules\retry-as-promised\index.js:70:21
    at new Promise (<anonymous>)
    at retryAsPromised (H:\致命代码\fancyguo-gm\server\node_modules\retry-as-promised\index.js:60:10)
    at H:\致命代码\fancyguo-gm\server\node_modules\sequelize\lib\sequelize.js:641:30
From previous event:
    at Sequelize.query (H:\致命代码\fancyguo-gm\server\node_modules\sequelize\lib\sequelize.js:590:23)
    at _callee$ (H:\致命代码\fancyguo-gm\server\src\app\service\/gm-announcement.js:42:31)
    at tryCatch (H:\致命代码\fancyguo-gm\server\node_modules\regenerator-runtime\runtime.js:45:40)
    at Generator.invoke [as _invoke] (H:\致命代码\fancyguo-gm\server\node_modules\regenerator-runtime\runtime.js:281:22)
    at Generator.prototype.<computed> [as next] (H:\致命代码\fancyguo-gm\server\node_modules\regenerator-runtime\runtime.js:106:21)
    at asyncGeneratorStep (H:\致命代码\fancyguo-gm\server\node_modules\@babel\runtime\helpers\asyncToGenerator.js:3:24)
    at _next (H:\致命代码\fancyguo-gm\server\node_modules\@babel\runtime\helpers\asyncToGenerator.js:25:9)
    at H:\致命代码\fancyguo-gm\server\node_modules\@babel\runtime\helpers\asyncToGenerator.js:32:7
    at new Promise (<anonymous>)
    at GmAnnouncementService.<anonymous> (H:\致命代码\fancyguo-gm\server\node_modules\@babel\runtime\helpers\asyncToGenerator.js:21:12)
    at GmAnnouncementService.queryBulletin (H:\致命代码\fancyguo-gm\server\src\app\service\gm-announcement.js:161:31)
    at _callee2$ (H:\致命代码\fancyguo-gm\server\src\app\controllers\/gm-announcement.js:33:44)
    at tryCatch (H:\致命代码\fancyguo-gm\server\node_modules\regenerator-runtime\runtime.js:45:40)
    at Generator.invoke [as _invoke] (H:\致命代码\fancyguo-gm\server\node_modules\regenerator-runtime\runtime.js:281:22)
    at Generator.prototype.<computed> [as next] (H:\致命代码\fancyguo-gm\server\node_modules\regenerator-runtime\runtime.js:106:21)
    at asyncGeneratorStep (H:\致命代码\fancyguo-gm\server\node_modules\@babel\runtime\helpers\asyncToGenerator.js:3:24)
    at _next (H:\致命代码\fancyguo-gm\server\node_modules\@babel\runtime\helpers\asyncToGenerator.js:25:9)
    at H:\致命代码\fancyguo-gm\server\node_modules\@babel\runtime\helpers\asyncToGenerator.js:32:7
    at new Promise (<anonymous>)
    at H:\致命代码\fancyguo-gm\server\node_modules\@babel\runtime\helpers\asyncToGenerator.js:21:12
    at query (H:\致命代码\fancyguo-gm\server\src\app\controllers\gm-announcement.js:139:23)
    at dispatch (H:\致命代码\fancyguo-gm\server\node_modules\koa-compose\index.js:44:32)
    at next (H:\致命代码\fancyguo-gm\server\node_modules\koa-compose\index.js:45:18)
    at H:\致命代码\fancyguo-gm\server\node_modules\koa-router\lib\router.js:346:16
    at dispatch (H:\致命代码\fancyguo-gm\server\node_modules\koa-compose\index.js:44:32)
    at H:\致命代码\fancyguo-gm\server\node_modules\koa-compose\index.js:36:12
    at dispatch (H:\致命代码\fancyguo-gm\server\node_modules\koa-router\lib\router.js:351:31)
    at next (H:\致命代码\fancyguo-gm\server\node_modules\koa\node_modules\koa-compose\index.js:42:32)
    at _callee$ (H:\致命代码\fancyguo-gm\server\src\middleware\/index.js:47:11)
    at tryCatch (H:\致命代码\fancyguo-gm\server\node_modules\regenerator-runtime\runtime.js:45:40)
    at Generator.invoke [as _invoke] (H:\致命代码\fancyguo-gm\server\node_modules\regenerator-runtime\runtime.js:281:22)
    at Generator.prototype.<computed> [as next] (H:\致命代码\fancyguo-gm\server\node_modules\regenerator-runtime\runtime.js:106:21)
    at asyncGeneratorStep (H:\致命代码\fancyguo-gm\server\node_modules\@babel\runtime\helpers\asyncToGenerator.js:3:24)
    at _next (H:\致命代码\fancyguo-gm\server\node_modules\@babel\runtime\helpers\asyncToGenerator.js:25:9)
    at H:\致命代码\fancyguo-gm\server\node_modules\@babel\runtime\helpers\asyncToGenerator.js:32:7
    at new Promise (<anonymous>)
    at H:\致命代码\fancyguo-gm\server\node_modules\@babel\runtime\helpers\asyncToGenerator.js:21:12
    at H:\致命代码\fancyguo-gm\server\src\middleware\/index.js:42:2
*************** error log end ***************

[2020-10-20T16:08:38.503] [ERROR] errorLogger - 
*************** error log start ***************
request method: GET
request originalUrl:  /api/announcement/query?bulletinid=&setime=&plaform=&channel=&servername=&type=&page=1&pagesize=10
request client ip:  ::ffff:127.0.0.1
request query:  {"bulletinid":"","setime":"","plaform":"","channel":"","servername":"","type":"","page":"1","pagesize":"10","gameid":"1"}
response time: 1603181318501
err name: SequelizeDatabaseError
err message: cannot extract elements from a scalar
err stack: SequelizeDatabaseError: cannot extract elements from a scalar
    at Query.formatError (H:\致命代码\fancyguo-gm\server\node_modules\sequelize\lib\dialects\postgres\query.js:366:16)
    at H:\致命代码\fancyguo-gm\server\node_modules\sequelize\lib\dialects\postgres\query.js:72:18
From previous event:
    at Query.run (H:\致命代码\fancyguo-gm\server\node_modules\sequelize\lib\dialects\postgres\query.js:64:23)
    at H:\致命代码\fancyguo-gm\server\node_modules\sequelize\lib\sequelize.js:655:29
From previous event:
    at H:\致命代码\fancyguo-gm\server\node_modules\sequelize\lib\sequelize.js:655:12
    at processImmediate (internal/timers.js:456:21)
From previous event:
    at H:\致命代码\fancyguo-gm\server\node_modules\sequelize\lib\sequelize.js:651:10
    at H:\致命代码\fancyguo-gm\server\node_modules\retry-as-promised\index.js:70:21
    at new Promise (<anonymous>)
    at retryAsPromised (H:\致命代码\fancyguo-gm\server\node_modules\retry-as-promised\index.js:60:10)
    at H:\致命代码\fancyguo-gm\server\node_modules\sequelize\lib\sequelize.js:641:30
From previous event:
    at Sequelize.query (H:\致命代码\fancyguo-gm\server\node_modules\sequelize\lib\sequelize.js:590:23)
    at _callee$ (H:\致命代码\fancyguo-gm\server\src\app\service\/gm-announcement.js:45:31)
    at tryCatch (H:\致命代码\fancyguo-gm\server\node_modules\regenerator-runtime\runtime.js:45:40)
    at Generator.invoke [as _invoke] (H:\致命代码\fancyguo-gm\server\node_modules\regenerator-runtime\runtime.js:281:22)
    at Generator.prototype.<computed> [as next] (H:\致命代码\fancyguo-gm\server\node_modules\regenerator-runtime\runtime.js:106:21)
    at asyncGeneratorStep (H:\致命代码\fancyguo-gm\server\node_modules\@babel\runtime\helpers\asyncToGenerator.js:3:24)
    at _next (H:\致命代码\fancyguo-gm\server\node_modules\@babel\runtime\helpers\asyncToGenerator.js:25:9)
    at H:\致命代码\fancyguo-gm\server\node_modules\@babel\runtime\helpers\asyncToGenerator.js:32:7
    at new Promise (<anonymous>)
    at GmAnnouncementService.<anonymous> (H:\致命代码\fancyguo-gm\server\node_modules\@babel\runtime\helpers\asyncToGenerator.js:21:12)
    at GmAnnouncementService.queryBulletin (H:\致命代码\fancyguo-gm\server\src\app\service\gm-announcement.js:172:31)
    at _callee2$ (H:\致命代码\fancyguo-gm\server\src\app\controllers\/gm-announcement.js:33:44)
    at tryCatch (H:\致命代码\fancyguo-gm\server\node_modules\regenerator-runtime\runtime.js:45:40)
    at Generator.invoke [as _invoke] (H:\致命代码\fancyguo-gm\server\node_modules\regenerator-runtime\runtime.js:281:22)
    at Generator.prototype.<computed> [as next] (H:\致命代码\fancyguo-gm\server\node_modules\regenerator-runtime\runtime.js:106:21)
    at asyncGeneratorStep (H:\致命代码\fancyguo-gm\server\node_modules\@babel\runtime\helpers\asyncToGenerator.js:3:24)
    at _next (H:\致命代码\fancyguo-gm\server\node_modules\@babel\runtime\helpers\asyncToGenerator.js:25:9)
    at H:\致命代码\fancyguo-gm\server\node_modules\@babel\runtime\helpers\asyncToGenerator.js:32:7
    at new Promise (<anonymous>)
    at H:\致命代码\fancyguo-gm\server\node_modules\@babel\runtime\helpers\asyncToGenerator.js:21:12
    at query (H:\致命代码\fancyguo-gm\server\src\app\controllers\gm-announcement.js:139:23)
    at dispatch (H:\致命代码\fancyguo-gm\server\node_modules\koa-compose\index.js:44:32)
    at next (H:\致命代码\fancyguo-gm\server\node_modules\koa-compose\index.js:45:18)
    at H:\致命代码\fancyguo-gm\server\node_modules\koa-router\lib\router.js:346:16
    at dispatch (H:\致命代码\fancyguo-gm\server\node_modules\koa-compose\index.js:44:32)
    at H:\致命代码\fancyguo-gm\server\node_modules\koa-compose\index.js:36:12
    at dispatch (H:\致命代码\fancyguo-gm\server\node_modules\koa-router\lib\router.js:351:31)
    at next (H:\致命代码\fancyguo-gm\server\node_modules\koa\node_modules\koa-compose\index.js:42:32)
    at _callee$ (H:\致命代码\fancyguo-gm\server\src\middleware\/index.js:47:11)
    at tryCatch (H:\致命代码\fancyguo-gm\server\node_modules\regenerator-runtime\runtime.js:45:40)
    at Generator.invoke [as _invoke] (H:\致命代码\fancyguo-gm\server\node_modules\regenerator-runtime\runtime.js:281:22)
    at Generator.prototype.<computed> [as next] (H:\致命代码\fancyguo-gm\server\node_modules\regenerator-runtime\runtime.js:106:21)
    at asyncGeneratorStep (H:\致命代码\fancyguo-gm\server\node_modules\@babel\runtime\helpers\asyncToGenerator.js:3:24)
    at _next (H:\致命代码\fancyguo-gm\server\node_modules\@babel\runtime\helpers\asyncToGenerator.js:25:9)
    at H:\致命代码\fancyguo-gm\server\node_modules\@babel\runtime\helpers\asyncToGenerator.js:32:7
    at new Promise (<anonymous>)
    at H:\致命代码\fancyguo-gm\server\node_modules\@babel\runtime\helpers\asyncToGenerator.js:21:12
    at H:\致命代码\fancyguo-gm\server\src\middleware\/index.js:42:2
*************** error log end ***************

[2020-10-20T16:09:23.011] [ERROR] errorLogger - 
*************** error log start ***************
request method: GET
request originalUrl:  /api/announcement/query?bulletinid=&setime=&plaform=&channel=&servername=&type=&page=1&pagesize=10
request client ip:  ::ffff:127.0.0.1
request query:  {"bulletinid":"","setime":"","plaform":"","channel":"","servername":"","type":"","page":"1","pagesize":"10","gameid":"1"}
response time: 1603181363010
err name: SequelizeDatabaseError
err message: cannot extract elements from a scalar
err stack: SequelizeDatabaseError: cannot extract elements from a scalar
    at Query.formatError (H:\致命代码\fancyguo-gm\server\node_modules\sequelize\lib\dialects\postgres\query.js:366:16)
    at H:\致命代码\fancyguo-gm\server\node_modules\sequelize\lib\dialects\postgres\query.js:72:18
From previous event:
    at Query.run (H:\致命代码\fancyguo-gm\server\node_modules\sequelize\lib\dialects\postgres\query.js:64:23)
    at H:\致命代码\fancyguo-gm\server\node_modules\sequelize\lib\sequelize.js:655:29
From previous event:
    at H:\致命代码\fancyguo-gm\server\node_modules\sequelize\lib\sequelize.js:655:12
    at processImmediate (internal/timers.js:456:21)
From previous event:
    at H:\致命代码\fancyguo-gm\server\node_modules\sequelize\lib\sequelize.js:651:10
    at H:\致命代码\fancyguo-gm\server\node_modules\retry-as-promised\index.js:70:21
    at new Promise (<anonymous>)
    at retryAsPromised (H:\致命代码\fancyguo-gm\server\node_modules\retry-as-promised\index.js:60:10)
    at H:\致命代码\fancyguo-gm\server\node_modules\sequelize\lib\sequelize.js:641:30
From previous event:
    at Sequelize.query (H:\致命代码\fancyguo-gm\server\node_modules\sequelize\lib\sequelize.js:590:23)
    at _callee$ (H:\致命代码\fancyguo-gm\server\src\app\service\/gm-announcement.js:46:31)
    at tryCatch (H:\致命代码\fancyguo-gm\server\node_modules\regenerator-runtime\runtime.js:45:40)
    at Generator.invoke [as _invoke] (H:\致命代码\fancyguo-gm\server\node_modules\regenerator-runtime\runtime.js:281:22)
    at Generator.prototype.<computed> [as next] (H:\致命代码\fancyguo-gm\server\node_modules\regenerator-runtime\runtime.js:106:21)
    at asyncGeneratorStep (H:\致命代码\fancyguo-gm\server\node_modules\@babel\runtime\helpers\asyncToGenerator.js:3:24)
    at _next (H:\致命代码\fancyguo-gm\server\node_modules\@babel\runtime\helpers\asyncToGenerator.js:25:9)
    at H:\致命代码\fancyguo-gm\server\node_modules\@babel\runtime\helpers\asyncToGenerator.js:32:7
    at new Promise (<anonymous>)
    at GmAnnouncementService.<anonymous> (H:\致命代码\fancyguo-gm\server\node_modules\@babel\runtime\helpers\asyncToGenerator.js:21:12)
    at GmAnnouncementService.queryBulletin (H:\致命代码\fancyguo-gm\server\src\app\service\gm-announcement.js:173:31)
    at _callee2$ (H:\致命代码\fancyguo-gm\server\src\app\controllers\/gm-announcement.js:33:44)
    at tryCatch (H:\致命代码\fancyguo-gm\server\node_modules\regenerator-runtime\runtime.js:45:40)
    at Generator.invoke [as _invoke] (H:\致命代码\fancyguo-gm\server\node_modules\regenerator-runtime\runtime.js:281:22)
    at Generator.prototype.<computed> [as next] (H:\致命代码\fancyguo-gm\server\node_modules\regenerator-runtime\runtime.js:106:21)
    at asyncGeneratorStep (H:\致命代码\fancyguo-gm\server\node_modules\@babel\runtime\helpers\asyncToGenerator.js:3:24)
    at _next (H:\致命代码\fancyguo-gm\server\node_modules\@babel\runtime\helpers\asyncToGenerator.js:25:9)
    at H:\致命代码\fancyguo-gm\server\node_modules\@babel\runtime\helpers\asyncToGenerator.js:32:7
    at new Promise (<anonymous>)
    at H:\致命代码\fancyguo-gm\server\node_modules\@babel\runtime\helpers\asyncToGenerator.js:21:12
    at query (H:\致命代码\fancyguo-gm\server\src\app\controllers\gm-announcement.js:139:23)
    at dispatch (H:\致命代码\fancyguo-gm\server\node_modules\koa-compose\index.js:44:32)
    at next (H:\致命代码\fancyguo-gm\server\node_modules\koa-compose\index.js:45:18)
    at H:\致命代码\fancyguo-gm\server\node_modules\koa-router\lib\router.js:346:16
    at dispatch (H:\致命代码\fancyguo-gm\server\node_modules\koa-compose\index.js:44:32)
    at H:\致命代码\fancyguo-gm\server\node_modules\koa-compose\index.js:36:12
    at dispatch (H:\致命代码\fancyguo-gm\server\node_modules\koa-router\lib\router.js:351:31)
    at next (H:\致命代码\fancyguo-gm\server\node_modules\koa\node_modules\koa-compose\index.js:42:32)
    at _callee$ (H:\致命代码\fancyguo-gm\server\src\middleware\/index.js:47:11)
    at tryCatch (H:\致命代码\fancyguo-gm\server\node_modules\regenerator-runtime\runtime.js:45:40)
    at Generator.invoke [as _invoke] (H:\致命代码\fancyguo-gm\server\node_modules\regenerator-runtime\runtime.js:281:22)
    at Generator.prototype.<computed> [as next] (H:\致命代码\fancyguo-gm\server\node_modules\regenerator-runtime\runtime.js:106:21)
    at asyncGeneratorStep (H:\致命代码\fancyguo-gm\server\node_modules\@babel\runtime\helpers\asyncToGenerator.js:3:24)
    at _next (H:\致命代码\fancyguo-gm\server\node_modules\@babel\runtime\helpers\asyncToGenerator.js:25:9)
    at H:\致命代码\fancyguo-gm\server\node_modules\@babel\runtime\helpers\asyncToGenerator.js:32:7
    at new Promise (<anonymous>)
    at H:\致命代码\fancyguo-gm\server\node_modules\@babel\runtime\helpers\asyncToGenerator.js:21:12
    at H:\致命代码\fancyguo-gm\server\src\middleware\/index.js:42:2
*************** error log end ***************

