[2020-09-08T17:01:05.118] [ERROR] errorLogger - 
*************** error log start ***************
request method: GET
request originalUrl:  /api/mail/query?Id=&plaform=&channel=&annex=&serverName=&createTime=&page=1&pagesize=50&servername[]=39&servername[]=
request client ip:  ::ffff:127.0.0.1
request query:  {"Id":"","plaform":"","channel":"","annex":"","serverName":"","createTime":"","page":"1","pagesize":"50","servername[]":["39",""],"servername":["39",""],"gameid":"1"}
response time: 1599555665117
err name: SequelizeDatabaseError
err message: invalid input syntax for type json
err stack: SequelizeDatabaseError: invalid input syntax for type json
    at Query.formatError (H:\fancyguo-gm\server\node_modules\sequelize\lib\dialects\postgres\query.js:366:16)
    at H:\fancyguo-gm\server\node_modules\sequelize\lib\dialects\postgres\query.js:72:18
From previous event:
    at Query.run (H:\fancyguo-gm\server\node_modules\sequelize\lib\dialects\postgres\query.js:64:23)
    at H:\fancyguo-gm\server\node_modules\sequelize\lib\sequelize.js:655:29
From previous event:
    at H:\fancyguo-gm\server\node_modules\sequelize\lib\sequelize.js:655:12
    at processImmediate (internal/timers.js:456:21)
From previous event:
    at H:\fancyguo-gm\server\node_modules\sequelize\lib\sequelize.js:651:10
    at H:\fancyguo-gm\server\node_modules\retry-as-promised\index.js:70:21
    at new Promise (<anonymous>)
    at retryAsPromised (H:\fancyguo-gm\server\node_modules\retry-as-promised\index.js:60:10)
    at H:\fancyguo-gm\server\node_modules\sequelize\lib\sequelize.js:641:30
From previous event:
    at Sequelize.query (H:\fancyguo-gm\server\node_modules\sequelize\lib\sequelize.js:590:23)
    at _callee$ (H:\fancyguo-gm\server\src\app\service\/mail.js:41:31)
    at tryCatch (H:\fancyguo-gm\server\node_modules\regenerator-runtime\runtime.js:45:40)
    at Generator.invoke [as _invoke] (H:\fancyguo-gm\server\node_modules\regenerator-runtime\runtime.js:281:22)
    at Generator.prototype.<computed> [as next] (H:\fancyguo-gm\server\node_modules\regenerator-runtime\runtime.js:106:21)
    at asyncGeneratorStep (H:\fancyguo-gm\server\node_modules\@babel\runtime\helpers\asyncToGenerator.js:3:24)
    at _next (H:\fancyguo-gm\server\node_modules\@babel\runtime\helpers\asyncToGenerator.js:25:9)
    at H:\fancyguo-gm\server\node_modules\@babel\runtime\helpers\asyncToGenerator.js:32:7
    at new Promise (<anonymous>)
    at MailService.<anonymous> (H:\fancyguo-gm\server\node_modules\@babel\runtime\helpers\asyncToGenerator.js:21:12)
    at MailService.queryByParms (H:\fancyguo-gm\server\src\app\service\mail.js:127:30)
    at _callee$ (H:\fancyguo-gm\server\src\app\controllers\/mail.js:10:34)
    at tryCatch (H:\fancyguo-gm\server\node_modules\regenerator-runtime\runtime.js:45:40)
    at Generator.invoke [as _invoke] (H:\fancyguo-gm\server\node_modules\regenerator-runtime\runtime.js:281:22)
    at Generator.prototype.<computed> [as next] (H:\fancyguo-gm\server\node_modules\regenerator-runtime\runtime.js:106:21)
    at asyncGeneratorStep (H:\fancyguo-gm\server\node_modules\@babel\runtime\helpers\asyncToGenerator.js:3:24)
    at _next (H:\fancyguo-gm\server\node_modules\@babel\runtime\helpers\asyncToGenerator.js:25:9)
    at H:\fancyguo-gm\server\node_modules\@babel\runtime\helpers\asyncToGenerator.js:32:7
    at new Promise (<anonymous>)
    at H:\fancyguo-gm\server\node_modules\@babel\runtime\helpers\asyncToGenerator.js:21:12
    at querymail (H:\fancyguo-gm\server\src\app\controllers\mail.js:76:27)
    at dispatch (H:\fancyguo-gm\server\node_modules\koa-compose\index.js:44:32)
    at next (H:\fancyguo-gm\server\node_modules\koa-compose\index.js:45:18)
    at H:\fancyguo-gm\server\node_modules\koa-router\lib\router.js:346:16
    at dispatch (H:\fancyguo-gm\server\node_modules\koa-compose\index.js:44:32)
    at H:\fancyguo-gm\server\node_modules\koa-compose\index.js:36:12
    at dispatch (H:\fancyguo-gm\server\node_modules\koa-router\lib\router.js:351:31)
    at next (H:\fancyguo-gm\server\node_modules\koa\node_modules\koa-compose\index.js:42:32)
    at _callee$ (H:\fancyguo-gm\server\src\middleware\/index.js:48:11)
    at tryCatch (H:\fancyguo-gm\server\node_modules\regenerator-runtime\runtime.js:45:40)
    at Generator.invoke [as _invoke] (H:\fancyguo-gm\server\node_modules\regenerator-runtime\runtime.js:281:22)
    at Generator.prototype.<computed> [as next] (H:\fancyguo-gm\server\node_modules\regenerator-runtime\runtime.js:106:21)
    at asyncGeneratorStep (H:\fancyguo-gm\server\node_modules\@babel\runtime\helpers\asyncToGenerator.js:3:24)
    at _next (H:\fancyguo-gm\server\node_modules\@babel\runtime\helpers\asyncToGenerator.js:25:9)
    at H:\fancyguo-gm\server\node_modules\@babel\runtime\helpers\asyncToGenerator.js:32:7
    at new Promise (<anonymous>)
    at H:\fancyguo-gm\server\node_modules\@babel\runtime\helpers\asyncToGenerator.js:21:12
    at H:\fancyguo-gm\server\src\middleware\/index.js:43:2
*************** error log end ***************

[2020-09-08T17:24:08.392] [ERROR] errorLogger - 
*************** error log start ***************
request method: POST
request originalUrl:  /api/mail/postMailToCreate
request client ip:  ::ffff:127.0.0.1
request body: 
{"title":"1","text":"1","allServerTrue":false,"roleId":[{"serverid":1,"id":1231231},{"serverid":2,"id":5456465},{"serverid":3,"id":9681699},{"serverid":4,"id":13906933},{"serverid":5,"id":18132167},{"serverid":6,"id":22357401},{"serverid":7,"id":26582635},{"serverid":8,"id":30807869},{"serverid":9,"id":35033103},{"serverid":10,"id":39258337},{"serverid":11,"id":43483571},{"serverid":12,"id":47708805},{"serverid":13,"id":51934039},{"serverid":14,"id":56159273},{"serverid":15,"id":60384507},{"serverid":16,"id":64609741},{"serverid":17,"id":68834975},{"serverid":18,"id":73060209},{"serverid":19,"id":77285443},{"serverid":20,"id":81510677},{"serverid":21,"id":85735911},{"serverid":22,"id":89961145},{"serverid":23,"id":94186379},{"serverid":24,"id":98411613},{"serverid":25,"id":102636847},{"serverid":26,"id":106862081},{"serverid":27,"id":111087315},{"serverid":28,"id":115312549},{"serverid":29,"id":23},{"serverid":30,"id":31},{"serverid":31,"id":2312},{"serverid":32,"id":123},{"serverid":33,"id":1},{"serverid":34,"id":12313},{"serverid":35,"id":23},{"serverid":36,"id":2321},{"serverid":37,"id":31231},{"serverid":38,"id":123},{"serverid":39,"id":312},{"serverid":40,"id":23},{"serverid":41,"id":12},{"serverid":42,"id":1212312313},{"serverid":43,"id":23},{"serverid":44,"id":23},{"serverid":45,"id":23},{"serverid":46,"id":12},{"serverid":47,"id":31231},{"serverid":48,"id":123},{"serverid":49,"id":12312},{"serverid":50,"id":12},{"serverid":51,"id":31},{"serverid":52,"id":123},{"serverid":53,"id":31231},{"serverid":54,"id":231},{"serverid":55,"id":23},{"serverid":56,"id":12},{"serverid":57,"id":312},{"serverid":58,"id":2312}],"sendTime":true,"mailLink":"1","plaform":"","channel":"","serverName":"","carryAnnex":false,"sendDateTime":"","smtpId":"3912","gameid":"1"}
response time: 1599557048391
err name: TypeError
err message: Cannot read property 'plaform' of undefined
err stack: TypeError: Cannot read property 'plaform' of undefined
    at _callee6$ (H:\fancyguo-gm\server\src\app\service\/mail.js:126:8)
    at tryCatch (H:\fancyguo-gm\server\node_modules\regenerator-runtime\runtime.js:45:40)
    at Generator.invoke [as _invoke] (H:\fancyguo-gm\server\node_modules\regenerator-runtime\runtime.js:281:22)
    at Generator.prototype.<computed> [as next] (H:\fancyguo-gm\server\node_modules\regenerator-runtime\runtime.js:106:21)
    at asyncGeneratorStep (H:\fancyguo-gm\server\node_modules\@babel\runtime\helpers\asyncToGenerator.js:3:24)
    at _next (H:\fancyguo-gm\server\node_modules\@babel\runtime\helpers\asyncToGenerator.js:25:9)
    at processTicksAndRejections (internal/process/task_queues.js:97:5)
*************** error log end ***************

[2020-09-08T17:28:23.491] [ERROR] errorLogger - 
*************** error log start ***************
request method: POST
request originalUrl:  /api/mail/postMailToCreate
request client ip:  ::ffff:127.0.0.1
request body: 
{"title":"1","text":"1","allServerTrue":false,"roleId":"","mailLink":"1","plaform":"","channel":"","serverName":"","carryAnnex":false,"sendTime":true,"smtpId":"281613","gameid":"1"}
response time: 1599557303491
err name: TypeError
err message: roleId.map is not a function
err stack: TypeError: roleId.map is not a function
    at _callee6$ (H:\fancyguo-gm\server\src\app\service\/mail.js:114:80)
    at tryCatch (H:\fancyguo-gm\server\node_modules\regenerator-runtime\runtime.js:45:40)
    at Generator.invoke [as _invoke] (H:\fancyguo-gm\server\node_modules\regenerator-runtime\runtime.js:281:22)
    at Generator.prototype.<computed> [as next] (H:\fancyguo-gm\server\node_modules\regenerator-runtime\runtime.js:106:21)
    at asyncGeneratorStep (H:\fancyguo-gm\server\node_modules\@babel\runtime\helpers\asyncToGenerator.js:3:24)
    at _next (H:\fancyguo-gm\server\node_modules\@babel\runtime\helpers\asyncToGenerator.js:25:9)
    at H:\fancyguo-gm\server\node_modules\@babel\runtime\helpers\asyncToGenerator.js:32:7
    at new Promise (<anonymous>)
    at MailService.<anonymous> (H:\fancyguo-gm\server\node_modules\@babel\runtime\helpers\asyncToGenerator.js:21:12)
    at MailService.postMailToCreate (H:\fancyguo-gm\server\src\app\service\mail.js:344:34)
    at _callee6$ (H:\fancyguo-gm\server\src\app\controllers\/mail.js:45:37)
    at tryCatch (H:\fancyguo-gm\server\node_modules\regenerator-runtime\runtime.js:45:40)
    at Generator.invoke [as _invoke] (H:\fancyguo-gm\server\node_modules\regenerator-runtime\runtime.js:281:22)
    at Generator.prototype.<computed> [as next] (H:\fancyguo-gm\server\node_modules\regenerator-runtime\runtime.js:106:21)
    at asyncGeneratorStep (H:\fancyguo-gm\server\node_modules\@babel\runtime\helpers\asyncToGenerator.js:3:24)
    at _next (H:\fancyguo-gm\server\node_modules\@babel\runtime\helpers\asyncToGenerator.js:25:9)
    at H:\fancyguo-gm\server\node_modules\@babel\runtime\helpers\asyncToGenerator.js:32:7
    at new Promise (<anonymous>)
    at H:\fancyguo-gm\server\node_modules\@babel\runtime\helpers\asyncToGenerator.js:21:12
    at postMailToCreate (H:\fancyguo-gm\server\src\app\controllers\mail.js:236:34)
    at dispatch (H:\fancyguo-gm\server\node_modules\koa-compose\index.js:44:32)
    at next (H:\fancyguo-gm\server\node_modules\koa-compose\index.js:45:18)
    at H:\fancyguo-gm\server\node_modules\koa-router\lib\router.js:346:16
    at dispatch (H:\fancyguo-gm\server\node_modules\koa-compose\index.js:44:32)
    at H:\fancyguo-gm\server\node_modules\koa-compose\index.js:36:12
    at dispatch (H:\fancyguo-gm\server\node_modules\koa-router\lib\router.js:351:31)
    at next (H:\fancyguo-gm\server\node_modules\koa\node_modules\koa-compose\index.js:42:32)
    at _callee$ (H:\fancyguo-gm\server\src\middleware\/index.js:48:11)
    at tryCatch (H:\fancyguo-gm\server\node_modules\regenerator-runtime\runtime.js:45:40)
    at Generator.invoke [as _invoke] (H:\fancyguo-gm\server\node_modules\regenerator-runtime\runtime.js:281:22)
    at Generator.prototype.<computed> [as next] (H:\fancyguo-gm\server\node_modules\regenerator-runtime\runtime.js:106:21)
    at asyncGeneratorStep (H:\fancyguo-gm\server\node_modules\@babel\runtime\helpers\asyncToGenerator.js:3:24)
    at _next (H:\fancyguo-gm\server\node_modules\@babel\runtime\helpers\asyncToGenerator.js:25:9)
    at H:\fancyguo-gm\server\node_modules\@babel\runtime\helpers\asyncToGenerator.js:32:7
*************** error log end ***************

[2020-09-08T17:32:57.180] [ERROR] errorLogger - 
*************** error log start ***************
request method: POST
request originalUrl:  /api/mail/postMailToCreate
request client ip:  ::ffff:127.0.0.1
request body: 
{"title":"1","text":"1","allServerTrue":false,"roleId":"","mailLink":"1","plaform":"","channel":"","serverName":"","carryAnnex":false,"sendTime":true,"smtpId":"324814","gameid":"1"}
response time: 1599557577180
err name: TypeError
err message: roleId.map is not a function
err stack: TypeError: roleId.map is not a function
    at _callee6$ (H:\fancyguo-gm\server\src\app\service\/mail.js:114:80)
    at tryCatch (H:\fancyguo-gm\server\node_modules\regenerator-runtime\runtime.js:45:40)
    at Generator.invoke [as _invoke] (H:\fancyguo-gm\server\node_modules\regenerator-runtime\runtime.js:281:22)
    at Generator.prototype.<computed> [as next] (H:\fancyguo-gm\server\node_modules\regenerator-runtime\runtime.js:106:21)
    at asyncGeneratorStep (H:\fancyguo-gm\server\node_modules\@babel\runtime\helpers\asyncToGenerator.js:3:24)
    at _next (H:\fancyguo-gm\server\node_modules\@babel\runtime\helpers\asyncToGenerator.js:25:9)
    at H:\fancyguo-gm\server\node_modules\@babel\runtime\helpers\asyncToGenerator.js:32:7
    at new Promise (<anonymous>)
    at MailService.<anonymous> (H:\fancyguo-gm\server\node_modules\@babel\runtime\helpers\asyncToGenerator.js:21:12)
    at MailService.postMailToCreate (H:\fancyguo-gm\server\src\app\service\mail.js:344:34)
    at _callee6$ (H:\fancyguo-gm\server\src\app\controllers\/mail.js:45:37)
    at tryCatch (H:\fancyguo-gm\server\node_modules\regenerator-runtime\runtime.js:45:40)
    at Generator.invoke [as _invoke] (H:\fancyguo-gm\server\node_modules\regenerator-runtime\runtime.js:281:22)
    at Generator.prototype.<computed> [as next] (H:\fancyguo-gm\server\node_modules\regenerator-runtime\runtime.js:106:21)
    at asyncGeneratorStep (H:\fancyguo-gm\server\node_modules\@babel\runtime\helpers\asyncToGenerator.js:3:24)
    at _next (H:\fancyguo-gm\server\node_modules\@babel\runtime\helpers\asyncToGenerator.js:25:9)
    at H:\fancyguo-gm\server\node_modules\@babel\runtime\helpers\asyncToGenerator.js:32:7
    at new Promise (<anonymous>)
    at H:\fancyguo-gm\server\node_modules\@babel\runtime\helpers\asyncToGenerator.js:21:12
    at postMailToCreate (H:\fancyguo-gm\server\src\app\controllers\mail.js:236:34)
    at dispatch (H:\fancyguo-gm\server\node_modules\koa-compose\index.js:44:32)
    at next (H:\fancyguo-gm\server\node_modules\koa-compose\index.js:45:18)
    at H:\fancyguo-gm\server\node_modules\koa-router\lib\router.js:346:16
    at dispatch (H:\fancyguo-gm\server\node_modules\koa-compose\index.js:44:32)
    at H:\fancyguo-gm\server\node_modules\koa-compose\index.js:36:12
    at dispatch (H:\fancyguo-gm\server\node_modules\koa-router\lib\router.js:351:31)
    at next (H:\fancyguo-gm\server\node_modules\koa\node_modules\koa-compose\index.js:42:32)
    at _callee$ (H:\fancyguo-gm\server\src\middleware\/index.js:48:11)
    at tryCatch (H:\fancyguo-gm\server\node_modules\regenerator-runtime\runtime.js:45:40)
    at Generator.invoke [as _invoke] (H:\fancyguo-gm\server\node_modules\regenerator-runtime\runtime.js:281:22)
    at Generator.prototype.<computed> [as next] (H:\fancyguo-gm\server\node_modules\regenerator-runtime\runtime.js:106:21)
    at asyncGeneratorStep (H:\fancyguo-gm\server\node_modules\@babel\runtime\helpers\asyncToGenerator.js:3:24)
    at _next (H:\fancyguo-gm\server\node_modules\@babel\runtime\helpers\asyncToGenerator.js:25:9)
    at H:\fancyguo-gm\server\node_modules\@babel\runtime\helpers\asyncToGenerator.js:32:7
*************** error log end ***************

[2020-09-08T17:37:37.149] [ERROR] errorLogger - 
*************** error log start ***************
request method: POST
request originalUrl:  /api/mail/postMailToCreate
request client ip:  ::ffff:127.0.0.1
request body: 
{"title":"1","text":"1","allServerTrue":false,"roleId":[{"serverid":1,"id":1231231},{"serverid":2,"id":5456465},{"serverid":3,"id":9681699},{"serverid":4,"id":13906933},{"serverid":5,"id":18132167},{"serverid":6,"id":22357401},{"serverid":7,"id":26582635},{"serverid":8,"id":30807869},{"serverid":9,"id":35033103},{"serverid":10,"id":39258337},{"serverid":11,"id":43483571},{"serverid":12,"id":47708805},{"serverid":13,"id":51934039},{"serverid":14,"id":56159273},{"serverid":15,"id":60384507},{"serverid":16,"id":64609741},{"serverid":17,"id":68834975},{"serverid":18,"id":73060209},{"serverid":19,"id":77285443},{"serverid":20,"id":81510677},{"serverid":21,"id":85735911},{"serverid":22,"id":89961145},{"serverid":23,"id":94186379},{"serverid":24,"id":98411613},{"serverid":25,"id":102636847},{"serverid":26,"id":106862081},{"serverid":27,"id":111087315},{"serverid":28,"id":115312549},{"serverid":29,"id":23},{"serverid":30,"id":31},{"serverid":31,"id":2312},{"serverid":32,"id":123},{"serverid":33,"id":1},{"serverid":34,"id":12313},{"serverid":35,"id":23},{"serverid":36,"id":2321},{"serverid":37,"id":31231},{"serverid":38,"id":123},{"serverid":39,"id":312},{"serverid":40,"id":23},{"serverid":41,"id":12},{"serverid":42,"id":1212312313},{"serverid":43,"id":23},{"serverid":44,"id":23},{"serverid":45,"id":23},{"serverid":46,"id":12},{"serverid":47,"id":31231},{"serverid":48,"id":123},{"serverid":49,"id":12312},{"serverid":50,"id":12},{"serverid":51,"id":31},{"serverid":52,"id":123},{"serverid":53,"id":31231},{"serverid":54,"id":231},{"serverid":55,"id":23},{"serverid":56,"id":12},{"serverid":57,"id":312},{"serverid":58,"id":2312}],"mailLink":"1","plaform":"","channel":"","serverName":"","carryAnnex":false,"sendTime":true,"smtpId":"324814","gameid":"1"}
response time: 1599557857148
err name: SequelizeDatabaseError
err message: 字段 "servername" 不存在
err stack: SequelizeDatabaseError: 字段 "servername" 不存在
    at Query.formatError (H:\fancyguo-gm\server\node_modules\sequelize\lib\dialects\postgres\query.js:366:16)
    at H:\fancyguo-gm\server\node_modules\sequelize\lib\dialects\postgres\query.js:72:18
From previous event:
    at Query.run (H:\fancyguo-gm\server\node_modules\sequelize\lib\dialects\postgres\query.js:64:23)
    at H:\fancyguo-gm\server\node_modules\sequelize\lib\sequelize.js:655:29
From previous event:
    at H:\fancyguo-gm\server\node_modules\sequelize\lib\sequelize.js:655:12
    at processImmediate (internal/timers.js:456:21)
From previous event:
    at H:\fancyguo-gm\server\node_modules\sequelize\lib\sequelize.js:651:10
    at H:\fancyguo-gm\server\node_modules\retry-as-promised\index.js:70:21
    at new Promise (<anonymous>)
    at retryAsPromised (H:\fancyguo-gm\server\node_modules\retry-as-promised\index.js:60:10)
    at H:\fancyguo-gm\server\node_modules\sequelize\lib\sequelize.js:641:30
From previous event:
    at Sequelize.query (H:\fancyguo-gm\server\node_modules\sequelize\lib\sequelize.js:590:23)
    at _callee6$ (H:\fancyguo-gm\server\src\app\service\/mail.js:125:34)
    at tryCatch (H:\fancyguo-gm\server\node_modules\regenerator-runtime\runtime.js:45:40)
    at Generator.invoke [as _invoke] (H:\fancyguo-gm\server\node_modules\regenerator-runtime\runtime.js:281:22)
    at Generator.prototype.<computed> [as next] (H:\fancyguo-gm\server\node_modules\regenerator-runtime\runtime.js:106:21)
    at asyncGeneratorStep (H:\fancyguo-gm\server\node_modules\@babel\runtime\helpers\asyncToGenerator.js:3:24)
    at _next (H:\fancyguo-gm\server\node_modules\@babel\runtime\helpers\asyncToGenerator.js:25:9)
    at H:\fancyguo-gm\server\node_modules\@babel\runtime\helpers\asyncToGenerator.js:32:7
    at new Promise (<anonymous>)
    at MailService.<anonymous> (H:\fancyguo-gm\server\node_modules\@babel\runtime\helpers\asyncToGenerator.js:21:12)
    at MailService.postMailToCreate (H:\fancyguo-gm\server\src\app\service\mail.js:344:34)
    at _callee6$ (H:\fancyguo-gm\server\src\app\controllers\/mail.js:45:37)
    at tryCatch (H:\fancyguo-gm\server\node_modules\regenerator-runtime\runtime.js:45:40)
    at Generator.invoke [as _invoke] (H:\fancyguo-gm\server\node_modules\regenerator-runtime\runtime.js:281:22)
    at Generator.prototype.<computed> [as next] (H:\fancyguo-gm\server\node_modules\regenerator-runtime\runtime.js:106:21)
    at asyncGeneratorStep (H:\fancyguo-gm\server\node_modules\@babel\runtime\helpers\asyncToGenerator.js:3:24)
    at _next (H:\fancyguo-gm\server\node_modules\@babel\runtime\helpers\asyncToGenerator.js:25:9)
    at H:\fancyguo-gm\server\node_modules\@babel\runtime\helpers\asyncToGenerator.js:32:7
    at new Promise (<anonymous>)
    at H:\fancyguo-gm\server\node_modules\@babel\runtime\helpers\asyncToGenerator.js:21:12
    at postMailToCreate (H:\fancyguo-gm\server\src\app\controllers\mail.js:236:34)
    at dispatch (H:\fancyguo-gm\server\node_modules\koa-compose\index.js:44:32)
    at next (H:\fancyguo-gm\server\node_modules\koa-compose\index.js:45:18)
    at H:\fancyguo-gm\server\node_modules\koa-router\lib\router.js:346:16
    at dispatch (H:\fancyguo-gm\server\node_modules\koa-compose\index.js:44:32)
    at H:\fancyguo-gm\server\node_modules\koa-compose\index.js:36:12
    at dispatch (H:\fancyguo-gm\server\node_modules\koa-router\lib\router.js:351:31)
    at next (H:\fancyguo-gm\server\node_modules\koa\node_modules\koa-compose\index.js:42:32)
    at _callee$ (H:\fancyguo-gm\server\src\middleware\/index.js:48:11)
    at tryCatch (H:\fancyguo-gm\server\node_modules\regenerator-runtime\runtime.js:45:40)
    at Generator.invoke [as _invoke] (H:\fancyguo-gm\server\node_modules\regenerator-runtime\runtime.js:281:22)
    at Generator.prototype.<computed> [as next] (H:\fancyguo-gm\server\node_modules\regenerator-runtime\runtime.js:106:21)
    at asyncGeneratorStep (H:\fancyguo-gm\server\node_modules\@babel\runtime\helpers\asyncToGenerator.js:3:24)
    at _next (H:\fancyguo-gm\server\node_modules\@babel\runtime\helpers\asyncToGenerator.js:25:9)
    at H:\fancyguo-gm\server\node_modules\@babel\runtime\helpers\asyncToGenerator.js:32:7
    at new Promise (<anonymous>)
    at H:\fancyguo-gm\server\node_modules\@babel\runtime\helpers\asyncToGenerator.js:21:12
    at H:\fancyguo-gm\server\src\middleware\/index.js:43:2
*************** error log end ***************

[2020-09-08T17:41:58.694] [ERROR] errorLogger - 
*************** error log start ***************
request method: POST
request originalUrl:  /api/mail/postMailToCreate
request client ip:  ::ffff:127.0.0.1
request body: 
{"title":"1","text":"1","allServerTrue":false,"roleId":[{"serverid":1,"id":1231231},{"serverid":2,"id":5456465},{"serverid":3,"id":9681699},{"serverid":4,"id":13906933},{"serverid":5,"id":18132167},{"serverid":6,"id":22357401},{"serverid":7,"id":26582635},{"serverid":8,"id":30807869},{"serverid":9,"id":35033103},{"serverid":10,"id":39258337},{"serverid":11,"id":43483571},{"serverid":12,"id":47708805},{"serverid":13,"id":51934039},{"serverid":14,"id":56159273},{"serverid":15,"id":60384507},{"serverid":16,"id":64609741},{"serverid":17,"id":68834975},{"serverid":18,"id":73060209},{"serverid":19,"id":77285443},{"serverid":20,"id":81510677},{"serverid":21,"id":85735911},{"serverid":22,"id":89961145},{"serverid":23,"id":94186379},{"serverid":24,"id":98411613},{"serverid":25,"id":102636847},{"serverid":26,"id":106862081},{"serverid":27,"id":111087315},{"serverid":28,"id":115312549},{"serverid":29,"id":23},{"serverid":30,"id":31},{"serverid":31,"id":2312},{"serverid":32,"id":123},{"serverid":33,"id":1},{"serverid":34,"id":12313},{"serverid":35,"id":23},{"serverid":36,"id":2321},{"serverid":37,"id":31231},{"serverid":38,"id":123},{"serverid":39,"id":312},{"serverid":40,"id":23},{"serverid":41,"id":12},{"serverid":42,"id":1212312313},{"serverid":43,"id":23},{"serverid":44,"id":23},{"serverid":45,"id":23},{"serverid":46,"id":12},{"serverid":47,"id":31231},{"serverid":48,"id":123},{"serverid":49,"id":12312},{"serverid":50,"id":12},{"serverid":51,"id":31},{"serverid":52,"id":123},{"serverid":53,"id":31231},{"serverid":54,"id":231},{"serverid":55,"id":23},{"serverid":56,"id":12},{"serverid":57,"id":312},{"serverid":58,"id":2312}],"sendTime":true,"mailLink":"1","plaform":"","channel":"","serverName":"","carryAnnex":false,"sendDateTime":"","smtpId":"41471","gameid":"1"}
response time: 1599558118694
err name: TypeError
err message: Cannot read property 'plaform' of undefined
err stack: TypeError: Cannot read property 'plaform' of undefined
    at _callee6$ (H:\fancyguo-gm\server\src\app\service\/mail.js:128:14)
    at tryCatch (H:\fancyguo-gm\server\node_modules\regenerator-runtime\runtime.js:45:40)
    at Generator.invoke [as _invoke] (H:\fancyguo-gm\server\node_modules\regenerator-runtime\runtime.js:281:22)
    at Generator.prototype.<computed> [as next] (H:\fancyguo-gm\server\node_modules\regenerator-runtime\runtime.js:106:21)
    at asyncGeneratorStep (H:\fancyguo-gm\server\node_modules\@babel\runtime\helpers\asyncToGenerator.js:3:24)
    at _next (H:\fancyguo-gm\server\node_modules\@babel\runtime\helpers\asyncToGenerator.js:25:9)
*************** error log end ***************

[2020-09-08T17:42:42.129] [ERROR] errorLogger - 
*************** error log start ***************
request method: POST
request originalUrl:  /api/mail/postMailToCreate
request client ip:  ::ffff:127.0.0.1
request body: 
{"title":"1","text":"1","allServerTrue":false,"roleId":[{"serverid":1,"id":1231231},{"serverid":2,"id":5456465},{"serverid":3,"id":9681699},{"serverid":4,"id":13906933},{"serverid":5,"id":18132167},{"serverid":6,"id":22357401},{"serverid":7,"id":26582635},{"serverid":8,"id":30807869},{"serverid":9,"id":35033103},{"serverid":10,"id":39258337},{"serverid":11,"id":43483571},{"serverid":12,"id":47708805},{"serverid":13,"id":51934039},{"serverid":14,"id":56159273},{"serverid":15,"id":60384507},{"serverid":16,"id":64609741},{"serverid":17,"id":68834975},{"serverid":18,"id":73060209},{"serverid":19,"id":77285443},{"serverid":20,"id":81510677},{"serverid":21,"id":85735911},{"serverid":22,"id":89961145},{"serverid":23,"id":94186379},{"serverid":24,"id":98411613},{"serverid":25,"id":102636847},{"serverid":26,"id":106862081},{"serverid":27,"id":111087315},{"serverid":28,"id":115312549},{"serverid":29,"id":23},{"serverid":30,"id":31},{"serverid":31,"id":2312},{"serverid":32,"id":123},{"serverid":33,"id":1},{"serverid":34,"id":12313},{"serverid":35,"id":23},{"serverid":36,"id":2321},{"serverid":37,"id":31231},{"serverid":38,"id":123},{"serverid":39,"id":312},{"serverid":40,"id":23},{"serverid":41,"id":12},{"serverid":42,"id":1212312313},{"serverid":43,"id":23},{"serverid":44,"id":23},{"serverid":45,"id":23},{"serverid":46,"id":12},{"serverid":47,"id":31231},{"serverid":48,"id":123},{"serverid":49,"id":12312},{"serverid":50,"id":12},{"serverid":51,"id":31},{"serverid":52,"id":123},{"serverid":53,"id":31231},{"serverid":54,"id":231},{"serverid":55,"id":23},{"serverid":56,"id":12},{"serverid":57,"id":312},{"serverid":58,"id":2312}],"sendTime":true,"mailLink":"1","plaform":"","channel":"","serverName":"","carryAnnex":false,"sendDateTime":"","smtpId":"41471","gameid":"1"}
response time: 1599558162128
err name: TypeError
err message: Cannot read property 'plaform' of undefined
err stack: TypeError: Cannot read property 'plaform' of undefined
    at _callee6$ (H:\fancyguo-gm\server\src\app\service\/mail.js:128:14)
    at tryCatch (H:\fancyguo-gm\server\node_modules\regenerator-runtime\runtime.js:45:40)
    at Generator.invoke [as _invoke] (H:\fancyguo-gm\server\node_modules\regenerator-runtime\runtime.js:281:22)
    at Generator.prototype.<computed> [as next] (H:\fancyguo-gm\server\node_modules\regenerator-runtime\runtime.js:106:21)
    at asyncGeneratorStep (H:\fancyguo-gm\server\node_modules\@babel\runtime\helpers\asyncToGenerator.js:3:24)
    at _next (H:\fancyguo-gm\server\node_modules\@babel\runtime\helpers\asyncToGenerator.js:25:9)
*************** error log end ***************

[2020-09-08T17:43:25.920] [ERROR] errorLogger - 
*************** error log start ***************
request method: POST
request originalUrl:  /api/mail/postMailToCreate
request client ip:  ::ffff:127.0.0.1
request body: 
{"title":"1","text":"1","allServerTrue":false,"roleId":[{"serverid":1,"id":1231231},{"serverid":2,"id":5456465},{"serverid":3,"id":9681699},{"serverid":4,"id":13906933},{"serverid":5,"id":18132167},{"serverid":6,"id":22357401},{"serverid":7,"id":26582635},{"serverid":8,"id":30807869},{"serverid":9,"id":35033103},{"serverid":10,"id":39258337},{"serverid":11,"id":43483571},{"serverid":12,"id":47708805},{"serverid":13,"id":51934039},{"serverid":14,"id":56159273},{"serverid":15,"id":60384507},{"serverid":16,"id":64609741},{"serverid":17,"id":68834975},{"serverid":18,"id":73060209},{"serverid":19,"id":77285443},{"serverid":20,"id":81510677},{"serverid":21,"id":85735911},{"serverid":22,"id":89961145},{"serverid":23,"id":94186379},{"serverid":24,"id":98411613},{"serverid":25,"id":102636847},{"serverid":26,"id":106862081},{"serverid":27,"id":111087315},{"serverid":28,"id":115312549},{"serverid":29,"id":23},{"serverid":30,"id":31},{"serverid":31,"id":2312},{"serverid":32,"id":123},{"serverid":33,"id":1},{"serverid":34,"id":12313},{"serverid":35,"id":23},{"serverid":36,"id":2321},{"serverid":37,"id":31231},{"serverid":38,"id":123},{"serverid":39,"id":312},{"serverid":40,"id":23},{"serverid":41,"id":12},{"serverid":42,"id":1212312313},{"serverid":43,"id":23},{"serverid":44,"id":23},{"serverid":45,"id":23},{"serverid":46,"id":12},{"serverid":47,"id":31231},{"serverid":48,"id":123},{"serverid":49,"id":12312},{"serverid":50,"id":12},{"serverid":51,"id":31},{"serverid":52,"id":123},{"serverid":53,"id":31231},{"serverid":54,"id":231},{"serverid":55,"id":23},{"serverid":56,"id":12},{"serverid":57,"id":312},{"serverid":58,"id":2312}],"sendTime":true,"mailLink":"1","plaform":"","channel":"","serverName":"","carryAnnex":false,"sendDateTime":"","smtpId":"41471","gameid":"1"}
response time: 1599558205919
err name: TypeError
err message: Cannot read property 'plaform' of undefined
err stack: TypeError: Cannot read property 'plaform' of undefined
    at _callee6$ (H:\fancyguo-gm\server\src\app\service\/mail.js:127:14)
    at tryCatch (H:\fancyguo-gm\server\node_modules\regenerator-runtime\runtime.js:45:40)
    at Generator.invoke [as _invoke] (H:\fancyguo-gm\server\node_modules\regenerator-runtime\runtime.js:281:22)
    at Generator.prototype.<computed> [as next] (H:\fancyguo-gm\server\node_modules\regenerator-runtime\runtime.js:106:21)
    at asyncGeneratorStep (H:\fancyguo-gm\server\node_modules\@babel\runtime\helpers\asyncToGenerator.js:3:24)
    at _next (H:\fancyguo-gm\server\node_modules\@babel\runtime\helpers\asyncToGenerator.js:25:9)
    at processTicksAndRejections (internal/process/task_queues.js:97:5)
*************** error log end ***************

[2020-09-08T17:44:00.725] [ERROR] errorLogger - 
*************** error log start ***************
request method: POST
request originalUrl:  /api/mail/postMailToCreate
request client ip:  ::ffff:127.0.0.1
request body: 
{"title":"1","text":"1","allServerTrue":false,"roleId":[{"serverid":1,"id":1231231},{"serverid":2,"id":5456465},{"serverid":3,"id":9681699},{"serverid":4,"id":13906933},{"serverid":5,"id":18132167},{"serverid":6,"id":22357401},{"serverid":7,"id":26582635},{"serverid":8,"id":30807869},{"serverid":9,"id":35033103},{"serverid":10,"id":39258337},{"serverid":11,"id":43483571},{"serverid":12,"id":47708805},{"serverid":13,"id":51934039},{"serverid":14,"id":56159273},{"serverid":15,"id":60384507},{"serverid":16,"id":64609741},{"serverid":17,"id":68834975},{"serverid":18,"id":73060209},{"serverid":19,"id":77285443},{"serverid":20,"id":81510677},{"serverid":21,"id":85735911},{"serverid":22,"id":89961145},{"serverid":23,"id":94186379},{"serverid":24,"id":98411613},{"serverid":25,"id":102636847},{"serverid":26,"id":106862081},{"serverid":27,"id":111087315},{"serverid":28,"id":115312549},{"serverid":29,"id":23},{"serverid":30,"id":31},{"serverid":31,"id":2312},{"serverid":32,"id":123},{"serverid":33,"id":1},{"serverid":34,"id":12313},{"serverid":35,"id":23},{"serverid":36,"id":2321},{"serverid":37,"id":31231},{"serverid":38,"id":123},{"serverid":39,"id":312},{"serverid":40,"id":23},{"serverid":41,"id":12},{"serverid":42,"id":1212312313},{"serverid":43,"id":23},{"serverid":44,"id":23},{"serverid":45,"id":23},{"serverid":46,"id":12},{"serverid":47,"id":31231},{"serverid":48,"id":123},{"serverid":49,"id":12312},{"serverid":50,"id":12},{"serverid":51,"id":31},{"serverid":52,"id":123},{"serverid":53,"id":31231},{"serverid":54,"id":231},{"serverid":55,"id":23},{"serverid":56,"id":12},{"serverid":57,"id":312},{"serverid":58,"id":2312}],"sendTime":true,"mailLink":"1","plaform":"","channel":"","serverName":"","carryAnnex":false,"sendDateTime":"","smtpId":"41471","gameid":"1"}
response time: 1599558240725
err name: TypeError
err message: Cannot read property 'plaform' of undefined
err stack: TypeError: Cannot read property 'plaform' of undefined
    at _callee6$ (H:\fancyguo-gm\server\src\app\service\/mail.js:129:14)
    at tryCatch (H:\fancyguo-gm\server\node_modules\regenerator-runtime\runtime.js:45:40)
    at Generator.invoke [as _invoke] (H:\fancyguo-gm\server\node_modules\regenerator-runtime\runtime.js:281:22)
    at Generator.prototype.<computed> [as next] (H:\fancyguo-gm\server\node_modules\regenerator-runtime\runtime.js:106:21)
    at asyncGeneratorStep (H:\fancyguo-gm\server\node_modules\@babel\runtime\helpers\asyncToGenerator.js:3:24)
    at _next (H:\fancyguo-gm\server\node_modules\@babel\runtime\helpers\asyncToGenerator.js:25:9)
    at processTicksAndRejections (internal/process/task_queues.js:97:5)
*************** error log end ***************

[2020-09-08T17:44:24.865] [ERROR] errorLogger - 
*************** error log start ***************
request method: POST
request originalUrl:  /api/mail/postMailToCreate
request client ip:  ::ffff:127.0.0.1
request body: 
{"title":"1","text":"1","allServerTrue":false,"roleId":[{"serverid":1,"id":1231231},{"serverid":2,"id":5456465},{"serverid":3,"id":9681699},{"serverid":4,"id":13906933},{"serverid":5,"id":18132167},{"serverid":6,"id":22357401},{"serverid":7,"id":26582635},{"serverid":8,"id":30807869},{"serverid":9,"id":35033103},{"serverid":10,"id":39258337},{"serverid":11,"id":43483571},{"serverid":12,"id":47708805},{"serverid":13,"id":51934039},{"serverid":14,"id":56159273},{"serverid":15,"id":60384507},{"serverid":16,"id":64609741},{"serverid":17,"id":68834975},{"serverid":18,"id":73060209},{"serverid":19,"id":77285443},{"serverid":20,"id":81510677},{"serverid":21,"id":85735911},{"serverid":22,"id":89961145},{"serverid":23,"id":94186379},{"serverid":24,"id":98411613},{"serverid":25,"id":102636847},{"serverid":26,"id":106862081},{"serverid":27,"id":111087315},{"serverid":28,"id":115312549},{"serverid":29,"id":23},{"serverid":30,"id":31},{"serverid":31,"id":2312},{"serverid":32,"id":123},{"serverid":33,"id":1},{"serverid":34,"id":12313},{"serverid":35,"id":23},{"serverid":36,"id":2321},{"serverid":37,"id":31231},{"serverid":38,"id":123},{"serverid":39,"id":312},{"serverid":40,"id":23},{"serverid":41,"id":12},{"serverid":42,"id":1212312313},{"serverid":43,"id":23},{"serverid":44,"id":23},{"serverid":45,"id":23},{"serverid":46,"id":12},{"serverid":47,"id":31231},{"serverid":48,"id":123},{"serverid":49,"id":12312},{"serverid":50,"id":12},{"serverid":51,"id":31},{"serverid":52,"id":123},{"serverid":53,"id":31231},{"serverid":54,"id":231},{"serverid":55,"id":23},{"serverid":56,"id":12},{"serverid":57,"id":312},{"serverid":58,"id":2312}],"sendTime":true,"mailLink":"1","plaform":"","channel":"","serverName":"","carryAnnex":false,"sendDateTime":"","smtpId":"41471","gameid":"1"}
response time: 1599558264865
err name: TypeError
err message: Cannot read property 'plaform' of undefined
err stack: TypeError: Cannot read property 'plaform' of undefined
    at _callee6$ (H:\fancyguo-gm\server\src\app\service\/mail.js:130:14)
    at tryCatch (H:\fancyguo-gm\server\node_modules\regenerator-runtime\runtime.js:45:40)
    at Generator.invoke [as _invoke] (H:\fancyguo-gm\server\node_modules\regenerator-runtime\runtime.js:281:22)
    at Generator.prototype.<computed> [as next] (H:\fancyguo-gm\server\node_modules\regenerator-runtime\runtime.js:106:21)
    at asyncGeneratorStep (H:\fancyguo-gm\server\node_modules\@babel\runtime\helpers\asyncToGenerator.js:3:24)
    at _next (H:\fancyguo-gm\server\node_modules\@babel\runtime\helpers\asyncToGenerator.js:25:9)
    at processTicksAndRejections (internal/process/task_queues.js:97:5)
*************** error log end ***************

[2020-09-08T18:32:41.690] [ERROR] errorLogger - 
*************** error log start ***************
request method: GET
request originalUrl:  /api/mail/query?Id=&plaform[]=1&plaform[]=2&serverName=&createTime=&page=1&pagesize=50
request client ip:  ::ffff:127.0.0.1
request query:  {"Id":"","plaform[]":["1","2"],"serverName":"","createTime":"","page":"1","pagesize":"50","plaform":["1","2"],"gameid":"1"}
response time: 1599561161689
err name: SequelizeDatabaseError
err message: invalid input syntax for type json
err stack: SequelizeDatabaseError: invalid input syntax for type json
    at Query.formatError (H:\fancyguo-gm\server\node_modules\sequelize\lib\dialects\postgres\query.js:366:16)
    at H:\fancyguo-gm\server\node_modules\sequelize\lib\dialects\postgres\query.js:72:18
From previous event:
    at Query.run (H:\fancyguo-gm\server\node_modules\sequelize\lib\dialects\postgres\query.js:64:23)
    at H:\fancyguo-gm\server\node_modules\sequelize\lib\sequelize.js:655:29
From previous event:
    at H:\fancyguo-gm\server\node_modules\sequelize\lib\sequelize.js:655:12
    at processImmediate (internal/timers.js:456:21)
From previous event:
    at H:\fancyguo-gm\server\node_modules\sequelize\lib\sequelize.js:651:10
    at H:\fancyguo-gm\server\node_modules\retry-as-promised\index.js:70:21
    at new Promise (<anonymous>)
    at retryAsPromised (H:\fancyguo-gm\server\node_modules\retry-as-promised\index.js:60:10)
    at H:\fancyguo-gm\server\node_modules\sequelize\lib\sequelize.js:641:30
From previous event:
    at Sequelize.query (H:\fancyguo-gm\server\node_modules\sequelize\lib\sequelize.js:590:23)
    at _callee$ (H:\fancyguo-gm\server\src\app\service\/mail.js:41:31)
    at tryCatch (H:\fancyguo-gm\server\node_modules\regenerator-runtime\runtime.js:45:40)
    at Generator.invoke [as _invoke] (H:\fancyguo-gm\server\node_modules\regenerator-runtime\runtime.js:281:22)
    at Generator.prototype.<computed> [as next] (H:\fancyguo-gm\server\node_modules\regenerator-runtime\runtime.js:106:21)
    at asyncGeneratorStep (H:\fancyguo-gm\server\node_modules\@babel\runtime\helpers\asyncToGenerator.js:3:24)
    at _next (H:\fancyguo-gm\server\node_modules\@babel\runtime\helpers\asyncToGenerator.js:25:9)
    at H:\fancyguo-gm\server\node_modules\@babel\runtime\helpers\asyncToGenerator.js:32:7
    at new Promise (<anonymous>)
    at MailService.<anonymous> (H:\fancyguo-gm\server\node_modules\@babel\runtime\helpers\asyncToGenerator.js:21:12)
    at MailService.queryByParms (H:\fancyguo-gm\server\src\app\service\mail.js:127:30)
    at _callee$ (H:\fancyguo-gm\server\src\app\controllers\/mail.js:10:34)
    at tryCatch (H:\fancyguo-gm\server\node_modules\regenerator-runtime\runtime.js:45:40)
    at Generator.invoke [as _invoke] (H:\fancyguo-gm\server\node_modules\regenerator-runtime\runtime.js:281:22)
    at Generator.prototype.<computed> [as next] (H:\fancyguo-gm\server\node_modules\regenerator-runtime\runtime.js:106:21)
    at asyncGeneratorStep (H:\fancyguo-gm\server\node_modules\@babel\runtime\helpers\asyncToGenerator.js:3:24)
    at _next (H:\fancyguo-gm\server\node_modules\@babel\runtime\helpers\asyncToGenerator.js:25:9)
    at H:\fancyguo-gm\server\node_modules\@babel\runtime\helpers\asyncToGenerator.js:32:7
    at new Promise (<anonymous>)
    at H:\fancyguo-gm\server\node_modules\@babel\runtime\helpers\asyncToGenerator.js:21:12
    at querymail (H:\fancyguo-gm\server\src\app\controllers\mail.js:76:27)
    at dispatch (H:\fancyguo-gm\server\node_modules\koa-compose\index.js:44:32)
    at next (H:\fancyguo-gm\server\node_modules\koa-compose\index.js:45:18)
    at H:\fancyguo-gm\server\node_modules\koa-router\lib\router.js:346:16
    at dispatch (H:\fancyguo-gm\server\node_modules\koa-compose\index.js:44:32)
    at H:\fancyguo-gm\server\node_modules\koa-compose\index.js:36:12
    at dispatch (H:\fancyguo-gm\server\node_modules\koa-router\lib\router.js:351:31)
    at next (H:\fancyguo-gm\server\node_modules\koa\node_modules\koa-compose\index.js:42:32)
    at _callee$ (H:\fancyguo-gm\server\src\middleware\/index.js:48:11)
    at tryCatch (H:\fancyguo-gm\server\node_modules\regenerator-runtime\runtime.js:45:40)
    at Generator.invoke [as _invoke] (H:\fancyguo-gm\server\node_modules\regenerator-runtime\runtime.js:281:22)
    at Generator.prototype.<computed> [as next] (H:\fancyguo-gm\server\node_modules\regenerator-runtime\runtime.js:106:21)
    at asyncGeneratorStep (H:\fancyguo-gm\server\node_modules\@babel\runtime\helpers\asyncToGenerator.js:3:24)
    at _next (H:\fancyguo-gm\server\node_modules\@babel\runtime\helpers\asyncToGenerator.js:25:9)
    at H:\fancyguo-gm\server\node_modules\@babel\runtime\helpers\asyncToGenerator.js:32:7
    at new Promise (<anonymous>)
    at H:\fancyguo-gm\server\node_modules\@babel\runtime\helpers\asyncToGenerator.js:21:12
    at H:\fancyguo-gm\server\src\middleware\/index.js:43:2
*************** error log end ***************

[2020-09-08T18:55:35.818] [ERROR] errorLogger - 
*************** error log start ***************
request method: GET
request originalUrl:  /api/mail/query?Id=&plaform[]=1&serverName=&createTime=&page=1&pagesize=50
request client ip:  ::ffff:127.0.0.1
request query:  {"Id":"","plaform[]":"1","serverName":"","createTime":"","page":"1","pagesize":"50","plaform":"1","gameid":"1"}
response time: 1599562535817
err name: SequelizeDatabaseError
err message: 语法错误 在 "and" 或附近的
err stack: SequelizeDatabaseError: 语法错误 在 "and" 或附近的
    at Query.formatError (H:\fancyguo-gm\server\node_modules\sequelize\lib\dialects\postgres\query.js:366:16)
    at H:\fancyguo-gm\server\node_modules\sequelize\lib\dialects\postgres\query.js:72:18
From previous event:
    at Query.run (H:\fancyguo-gm\server\node_modules\sequelize\lib\dialects\postgres\query.js:64:23)
    at H:\fancyguo-gm\server\node_modules\sequelize\lib\sequelize.js:655:29
From previous event:
    at H:\fancyguo-gm\server\node_modules\sequelize\lib\sequelize.js:655:12
    at processImmediate (internal/timers.js:456:21)
From previous event:
    at H:\fancyguo-gm\server\node_modules\sequelize\lib\sequelize.js:651:10
    at H:\fancyguo-gm\server\node_modules\retry-as-promised\index.js:70:21
    at new Promise (<anonymous>)
    at retryAsPromised (H:\fancyguo-gm\server\node_modules\retry-as-promised\index.js:60:10)
    at H:\fancyguo-gm\server\node_modules\sequelize\lib\sequelize.js:641:30
From previous event:
    at Sequelize.query (H:\fancyguo-gm\server\node_modules\sequelize\lib\sequelize.js:590:23)
    at _callee$ (H:\fancyguo-gm\server\src\app\service\/mail.js:47:31)
    at tryCatch (H:\fancyguo-gm\server\node_modules\regenerator-runtime\runtime.js:45:40)
    at Generator.invoke [as _invoke] (H:\fancyguo-gm\server\node_modules\regenerator-runtime\runtime.js:281:22)
    at Generator.prototype.<computed> [as next] (H:\fancyguo-gm\server\node_modules\regenerator-runtime\runtime.js:106:21)
    at asyncGeneratorStep (H:\fancyguo-gm\server\node_modules\@babel\runtime\helpers\asyncToGenerator.js:3:24)
    at _next (H:\fancyguo-gm\server\node_modules\@babel\runtime\helpers\asyncToGenerator.js:25:9)
    at H:\fancyguo-gm\server\node_modules\@babel\runtime\helpers\asyncToGenerator.js:32:7
    at new Promise (<anonymous>)
    at MailService.<anonymous> (H:\fancyguo-gm\server\node_modules\@babel\runtime\helpers\asyncToGenerator.js:21:12)
    at MailService.queryByParms (H:\fancyguo-gm\server\src\app\service\mail.js:137:30)
    at _callee$ (H:\fancyguo-gm\server\src\app\controllers\/mail.js:10:34)
    at tryCatch (H:\fancyguo-gm\server\node_modules\regenerator-runtime\runtime.js:45:40)
    at Generator.invoke [as _invoke] (H:\fancyguo-gm\server\node_modules\regenerator-runtime\runtime.js:281:22)
    at Generator.prototype.<computed> [as next] (H:\fancyguo-gm\server\node_modules\regenerator-runtime\runtime.js:106:21)
    at asyncGeneratorStep (H:\fancyguo-gm\server\node_modules\@babel\runtime\helpers\asyncToGenerator.js:3:24)
    at _next (H:\fancyguo-gm\server\node_modules\@babel\runtime\helpers\asyncToGenerator.js:25:9)
    at H:\fancyguo-gm\server\node_modules\@babel\runtime\helpers\asyncToGenerator.js:32:7
    at new Promise (<anonymous>)
    at H:\fancyguo-gm\server\node_modules\@babel\runtime\helpers\asyncToGenerator.js:21:12
    at querymail (H:\fancyguo-gm\server\src\app\controllers\mail.js:76:27)
    at dispatch (H:\fancyguo-gm\server\node_modules\koa-compose\index.js:44:32)
    at next (H:\fancyguo-gm\server\node_modules\koa-compose\index.js:45:18)
    at H:\fancyguo-gm\server\node_modules\koa-router\lib\router.js:346:16
    at dispatch (H:\fancyguo-gm\server\node_modules\koa-compose\index.js:44:32)
    at H:\fancyguo-gm\server\node_modules\koa-compose\index.js:36:12
    at dispatch (H:\fancyguo-gm\server\node_modules\koa-router\lib\router.js:351:31)
    at next (H:\fancyguo-gm\server\node_modules\koa\node_modules\koa-compose\index.js:42:32)
    at _callee$ (H:\fancyguo-gm\server\src\middleware\/index.js:48:11)
    at tryCatch (H:\fancyguo-gm\server\node_modules\regenerator-runtime\runtime.js:45:40)
    at Generator.invoke [as _invoke] (H:\fancyguo-gm\server\node_modules\regenerator-runtime\runtime.js:281:22)
    at Generator.prototype.<computed> [as next] (H:\fancyguo-gm\server\node_modules\regenerator-runtime\runtime.js:106:21)
    at asyncGeneratorStep (H:\fancyguo-gm\server\node_modules\@babel\runtime\helpers\asyncToGenerator.js:3:24)
    at _next (H:\fancyguo-gm\server\node_modules\@babel\runtime\helpers\asyncToGenerator.js:25:9)
    at H:\fancyguo-gm\server\node_modules\@babel\runtime\helpers\asyncToGenerator.js:32:7
    at new Promise (<anonymous>)
    at H:\fancyguo-gm\server\node_modules\@babel\runtime\helpers\asyncToGenerator.js:21:12
    at H:\fancyguo-gm\server\src\middleware\/index.js:43:2
*************** error log end ***************

[2020-09-08T19:17:52.378] [ERROR] errorLogger - 
*************** error log start ***************
request method: GET
request originalUrl:  /api/mail/query?Id=&serverName=&createTime=&page=1&pagesize=50&servername[]=40
request client ip:  ::ffff:127.0.0.1
request query:  {"Id":"","serverName":"","createTime":"","page":"1","pagesize":"50","servername[]":"40","servername":"40","gameid":"1"}
response time: 1599563872378
err name: SequelizeDatabaseError
err message: invalid input syntax for type json
err stack: SequelizeDatabaseError: invalid input syntax for type json
    at Query.formatError (H:\fancyguo-gm\server\node_modules\sequelize\lib\dialects\postgres\query.js:366:16)
    at H:\fancyguo-gm\server\node_modules\sequelize\lib\dialects\postgres\query.js:72:18
From previous event:
    at Query.run (H:\fancyguo-gm\server\node_modules\sequelize\lib\dialects\postgres\query.js:64:23)
    at H:\fancyguo-gm\server\node_modules\sequelize\lib\sequelize.js:655:29
From previous event:
    at H:\fancyguo-gm\server\node_modules\sequelize\lib\sequelize.js:655:12
    at processImmediate (internal/timers.js:456:21)
From previous event:
    at H:\fancyguo-gm\server\node_modules\sequelize\lib\sequelize.js:651:10
    at H:\fancyguo-gm\server\node_modules\retry-as-promised\index.js:70:21
    at new Promise (<anonymous>)
    at retryAsPromised (H:\fancyguo-gm\server\node_modules\retry-as-promised\index.js:60:10)
    at H:\fancyguo-gm\server\node_modules\sequelize\lib\sequelize.js:641:30
From previous event:
    at Sequelize.query (H:\fancyguo-gm\server\node_modules\sequelize\lib\sequelize.js:590:23)
    at _callee$ (H:\fancyguo-gm\server\src\app\service\/mail.js:53:31)
    at tryCatch (H:\fancyguo-gm\server\node_modules\regenerator-runtime\runtime.js:45:40)
    at Generator.invoke [as _invoke] (H:\fancyguo-gm\server\node_modules\regenerator-runtime\runtime.js:281:22)
    at Generator.prototype.<computed> [as next] (H:\fancyguo-gm\server\node_modules\regenerator-runtime\runtime.js:106:21)
    at asyncGeneratorStep (H:\fancyguo-gm\server\node_modules\@babel\runtime\helpers\asyncToGenerator.js:3:24)
    at _next (H:\fancyguo-gm\server\node_modules\@babel\runtime\helpers\asyncToGenerator.js:25:9)
    at H:\fancyguo-gm\server\node_modules\@babel\runtime\helpers\asyncToGenerator.js:32:7
    at new Promise (<anonymous>)
    at MailService.<anonymous> (H:\fancyguo-gm\server\node_modules\@babel\runtime\helpers\asyncToGenerator.js:21:12)
    at MailService.queryByParms (H:\fancyguo-gm\server\src\app\service\mail.js:139:30)
    at _callee$ (H:\fancyguo-gm\server\src\app\controllers\/mail.js:10:34)
    at tryCatch (H:\fancyguo-gm\server\node_modules\regenerator-runtime\runtime.js:45:40)
    at Generator.invoke [as _invoke] (H:\fancyguo-gm\server\node_modules\regenerator-runtime\runtime.js:281:22)
    at Generator.prototype.<computed> [as next] (H:\fancyguo-gm\server\node_modules\regenerator-runtime\runtime.js:106:21)
    at asyncGeneratorStep (H:\fancyguo-gm\server\node_modules\@babel\runtime\helpers\asyncToGenerator.js:3:24)
    at _next (H:\fancyguo-gm\server\node_modules\@babel\runtime\helpers\asyncToGenerator.js:25:9)
    at H:\fancyguo-gm\server\node_modules\@babel\runtime\helpers\asyncToGenerator.js:32:7
    at new Promise (<anonymous>)
    at H:\fancyguo-gm\server\node_modules\@babel\runtime\helpers\asyncToGenerator.js:21:12
    at querymail (H:\fancyguo-gm\server\src\app\controllers\mail.js:76:27)
    at dispatch (H:\fancyguo-gm\server\node_modules\koa-compose\index.js:44:32)
    at next (H:\fancyguo-gm\server\node_modules\koa-compose\index.js:45:18)
    at H:\fancyguo-gm\server\node_modules\koa-router\lib\router.js:346:16
    at dispatch (H:\fancyguo-gm\server\node_modules\koa-compose\index.js:44:32)
    at H:\fancyguo-gm\server\node_modules\koa-compose\index.js:36:12
    at dispatch (H:\fancyguo-gm\server\node_modules\koa-router\lib\router.js:351:31)
    at next (H:\fancyguo-gm\server\node_modules\koa\node_modules\koa-compose\index.js:42:32)
    at _callee$ (H:\fancyguo-gm\server\src\middleware\/index.js:48:11)
    at tryCatch (H:\fancyguo-gm\server\node_modules\regenerator-runtime\runtime.js:45:40)
    at Generator.invoke [as _invoke] (H:\fancyguo-gm\server\node_modules\regenerator-runtime\runtime.js:281:22)
    at Generator.prototype.<computed> [as next] (H:\fancyguo-gm\server\node_modules\regenerator-runtime\runtime.js:106:21)
    at asyncGeneratorStep (H:\fancyguo-gm\server\node_modules\@babel\runtime\helpers\asyncToGenerator.js:3:24)
    at _next (H:\fancyguo-gm\server\node_modules\@babel\runtime\helpers\asyncToGenerator.js:25:9)
    at H:\fancyguo-gm\server\node_modules\@babel\runtime\helpers\asyncToGenerator.js:32:7
    at new Promise (<anonymous>)
    at H:\fancyguo-gm\server\node_modules\@babel\runtime\helpers\asyncToGenerator.js:21:12
    at H:\fancyguo-gm\server\src\middleware\/index.js:43:2
*************** error log end ***************

[2020-09-08T19:18:58.995] [ERROR] errorLogger - 
*************** error log start ***************
request method: GET
request originalUrl:  /api/mail/query?Id=&serverName=&createTime=&page=1&pagesize=50&servername[]=40
request client ip:  ::ffff:127.0.0.1
request query:  {"Id":"","serverName":"","createTime":"","page":"1","pagesize":"50","servername[]":"40","servername":"40","gameid":"1"}
response time: 1599563938994
err name: SequelizeDatabaseError
err message: invalid input syntax for type json
err stack: SequelizeDatabaseError: invalid input syntax for type json
    at Query.formatError (H:\fancyguo-gm\server\node_modules\sequelize\lib\dialects\postgres\query.js:366:16)
    at H:\fancyguo-gm\server\node_modules\sequelize\lib\dialects\postgres\query.js:72:18
From previous event:
    at Query.run (H:\fancyguo-gm\server\node_modules\sequelize\lib\dialects\postgres\query.js:64:23)
    at H:\fancyguo-gm\server\node_modules\sequelize\lib\sequelize.js:655:29
From previous event:
    at H:\fancyguo-gm\server\node_modules\sequelize\lib\sequelize.js:655:12
    at processImmediate (internal/timers.js:456:21)
From previous event:
    at H:\fancyguo-gm\server\node_modules\sequelize\lib\sequelize.js:651:10
    at H:\fancyguo-gm\server\node_modules\retry-as-promised\index.js:70:21
    at new Promise (<anonymous>)
    at retryAsPromised (H:\fancyguo-gm\server\node_modules\retry-as-promised\index.js:60:10)
    at H:\fancyguo-gm\server\node_modules\sequelize\lib\sequelize.js:641:30
From previous event:
    at Sequelize.query (H:\fancyguo-gm\server\node_modules\sequelize\lib\sequelize.js:590:23)
    at _callee$ (H:\fancyguo-gm\server\src\app\service\/mail.js:53:31)
    at tryCatch (H:\fancyguo-gm\server\node_modules\regenerator-runtime\runtime.js:45:40)
    at Generator.invoke [as _invoke] (H:\fancyguo-gm\server\node_modules\regenerator-runtime\runtime.js:281:22)
    at Generator.prototype.<computed> [as next] (H:\fancyguo-gm\server\node_modules\regenerator-runtime\runtime.js:106:21)
    at asyncGeneratorStep (H:\fancyguo-gm\server\node_modules\@babel\runtime\helpers\asyncToGenerator.js:3:24)
    at _next (H:\fancyguo-gm\server\node_modules\@babel\runtime\helpers\asyncToGenerator.js:25:9)
    at H:\fancyguo-gm\server\node_modules\@babel\runtime\helpers\asyncToGenerator.js:32:7
    at new Promise (<anonymous>)
    at MailService.<anonymous> (H:\fancyguo-gm\server\node_modules\@babel\runtime\helpers\asyncToGenerator.js:21:12)
    at MailService.queryByParms (H:\fancyguo-gm\server\src\app\service\mail.js:139:30)
    at _callee$ (H:\fancyguo-gm\server\src\app\controllers\/mail.js:10:34)
    at tryCatch (H:\fancyguo-gm\server\node_modules\regenerator-runtime\runtime.js:45:40)
    at Generator.invoke [as _invoke] (H:\fancyguo-gm\server\node_modules\regenerator-runtime\runtime.js:281:22)
    at Generator.prototype.<computed> [as next] (H:\fancyguo-gm\server\node_modules\regenerator-runtime\runtime.js:106:21)
    at asyncGeneratorStep (H:\fancyguo-gm\server\node_modules\@babel\runtime\helpers\asyncToGenerator.js:3:24)
    at _next (H:\fancyguo-gm\server\node_modules\@babel\runtime\helpers\asyncToGenerator.js:25:9)
    at H:\fancyguo-gm\server\node_modules\@babel\runtime\helpers\asyncToGenerator.js:32:7
    at new Promise (<anonymous>)
    at H:\fancyguo-gm\server\node_modules\@babel\runtime\helpers\asyncToGenerator.js:21:12
    at querymail (H:\fancyguo-gm\server\src\app\controllers\mail.js:76:27)
    at dispatch (H:\fancyguo-gm\server\node_modules\koa-compose\index.js:44:32)
    at next (H:\fancyguo-gm\server\node_modules\koa-compose\index.js:45:18)
    at H:\fancyguo-gm\server\node_modules\koa-router\lib\router.js:346:16
    at dispatch (H:\fancyguo-gm\server\node_modules\koa-compose\index.js:44:32)
    at H:\fancyguo-gm\server\node_modules\koa-compose\index.js:36:12
    at dispatch (H:\fancyguo-gm\server\node_modules\koa-router\lib\router.js:351:31)
    at next (H:\fancyguo-gm\server\node_modules\koa\node_modules\koa-compose\index.js:42:32)
    at _callee$ (H:\fancyguo-gm\server\src\middleware\/index.js:48:11)
    at tryCatch (H:\fancyguo-gm\server\node_modules\regenerator-runtime\runtime.js:45:40)
    at Generator.invoke [as _invoke] (H:\fancyguo-gm\server\node_modules\regenerator-runtime\runtime.js:281:22)
    at Generator.prototype.<computed> [as next] (H:\fancyguo-gm\server\node_modules\regenerator-runtime\runtime.js:106:21)
    at asyncGeneratorStep (H:\fancyguo-gm\server\node_modules\@babel\runtime\helpers\asyncToGenerator.js:3:24)
    at _next (H:\fancyguo-gm\server\node_modules\@babel\runtime\helpers\asyncToGenerator.js:25:9)
    at H:\fancyguo-gm\server\node_modules\@babel\runtime\helpers\asyncToGenerator.js:32:7
    at new Promise (<anonymous>)
    at H:\fancyguo-gm\server\node_modules\@babel\runtime\helpers\asyncToGenerator.js:21:12
    at H:\fancyguo-gm\server\src\middleware\/index.js:43:2
*************** error log end ***************

[2020-09-08T19:33:00.998] [ERROR] errorLogger - 
*************** error log start ***************
request method: POST
request originalUrl:  /api/mail/postMailToCreate
request client ip:  ::ffff:127.0.0.1
request body: 
{"title":"1","text":"1","allServerTrue":true,"roleId":"","sendTime":true,"mailLink":"1","plaform":"","channel":"","serverName":["40","39","41"],"carryAnnex":true,"sendDateTime":"","smtpId":"324817","Annex":["{\"ID\":\"9001\",\"name\":\"特殊道具\",\"number\":\"2\"}"],"gameid":"1"}
response time: 1599564780998
err name: TypeError
err message: roleId.map is not a function
err stack: TypeError: roleId.map is not a function
    at _callee6$ (H:\fancyguo-gm\server\src\app\service\/mail.js:153:24)
    at tryCatch (H:\fancyguo-gm\server\node_modules\regenerator-runtime\runtime.js:45:40)
    at Generator.invoke [as _invoke] (H:\fancyguo-gm\server\node_modules\regenerator-runtime\runtime.js:281:22)
    at Generator.prototype.<computed> [as next] (H:\fancyguo-gm\server\node_modules\regenerator-runtime\runtime.js:106:21)
    at asyncGeneratorStep (H:\fancyguo-gm\server\node_modules\@babel\runtime\helpers\asyncToGenerator.js:3:24)
    at _next (H:\fancyguo-gm\server\node_modules\@babel\runtime\helpers\asyncToGenerator.js:25:9)
    at H:\fancyguo-gm\server\node_modules\@babel\runtime\helpers\asyncToGenerator.js:32:7
    at new Promise (<anonymous>)
    at MailService.<anonymous> (H:\fancyguo-gm\server\node_modules\@babel\runtime\helpers\asyncToGenerator.js:21:12)
    at MailService.postMailToCreate (H:\fancyguo-gm\server\src\app\service\mail.js:377:34)
    at _callee6$ (H:\fancyguo-gm\server\src\app\controllers\/mail.js:45:37)
    at tryCatch (H:\fancyguo-gm\server\node_modules\regenerator-runtime\runtime.js:45:40)
    at Generator.invoke [as _invoke] (H:\fancyguo-gm\server\node_modules\regenerator-runtime\runtime.js:281:22)
    at Generator.prototype.<computed> [as next] (H:\fancyguo-gm\server\node_modules\regenerator-runtime\runtime.js:106:21)
    at asyncGeneratorStep (H:\fancyguo-gm\server\node_modules\@babel\runtime\helpers\asyncToGenerator.js:3:24)
    at _next (H:\fancyguo-gm\server\node_modules\@babel\runtime\helpers\asyncToGenerator.js:25:9)
    at H:\fancyguo-gm\server\node_modules\@babel\runtime\helpers\asyncToGenerator.js:32:7
    at new Promise (<anonymous>)
    at H:\fancyguo-gm\server\node_modules\@babel\runtime\helpers\asyncToGenerator.js:21:12
    at postMailToCreate (H:\fancyguo-gm\server\src\app\controllers\mail.js:236:34)
    at dispatch (H:\fancyguo-gm\server\node_modules\koa-compose\index.js:44:32)
    at next (H:\fancyguo-gm\server\node_modules\koa-compose\index.js:45:18)
    at H:\fancyguo-gm\server\node_modules\koa-router\lib\router.js:346:16
    at dispatch (H:\fancyguo-gm\server\node_modules\koa-compose\index.js:44:32)
    at H:\fancyguo-gm\server\node_modules\koa-compose\index.js:36:12
    at dispatch (H:\fancyguo-gm\server\node_modules\koa-router\lib\router.js:351:31)
    at next (H:\fancyguo-gm\server\node_modules\koa\node_modules\koa-compose\index.js:42:32)
    at _callee$ (H:\fancyguo-gm\server\src\middleware\/index.js:48:11)
    at tryCatch (H:\fancyguo-gm\server\node_modules\regenerator-runtime\runtime.js:45:40)
    at Generator.invoke [as _invoke] (H:\fancyguo-gm\server\node_modules\regenerator-runtime\runtime.js:281:22)
    at Generator.prototype.<computed> [as next] (H:\fancyguo-gm\server\node_modules\regenerator-runtime\runtime.js:106:21)
    at asyncGeneratorStep (H:\fancyguo-gm\server\node_modules\@babel\runtime\helpers\asyncToGenerator.js:3:24)
    at _next (H:\fancyguo-gm\server\node_modules\@babel\runtime\helpers\asyncToGenerator.js:25:9)
    at H:\fancyguo-gm\server\node_modules\@babel\runtime\helpers\asyncToGenerator.js:32:7
*************** error log end ***************

[2020-09-08T19:34:20.358] [ERROR] errorLogger - 
*************** error log start ***************
request method: POST
request originalUrl:  /api/mail/postMailToCreate
request client ip:  ::ffff:127.0.0.1
request body: 
{"title":"1","text":"1","allServerTrue":true,"roleId":"","sendTime":true,"mailLink":"1","plaform":"","channel":"","serverName":["40","39","41"],"carryAnnex":true,"sendDateTime":"","smtpId":"324817","Annex":["{\"ID\":\"9001\",\"name\":\"特殊道具\",\"number\":\"2\"}"],"gameid":"1"}
response time: 1599564860357
err name: TypeError
err message: Cannot read property 'length' of undefined
err stack: TypeError: Cannot read property 'length' of undefined
    at _callee6$ (H:\fancyguo-gm\server\src\app\service\/mail.js:160:24)
    at tryCatch (H:\fancyguo-gm\server\node_modules\regenerator-runtime\runtime.js:45:40)
    at Generator.invoke [as _invoke] (H:\fancyguo-gm\server\node_modules\regenerator-runtime\runtime.js:281:22)
    at Generator.prototype.<computed> [as next] (H:\fancyguo-gm\server\node_modules\regenerator-runtime\runtime.js:106:21)
    at asyncGeneratorStep (H:\fancyguo-gm\server\node_modules\@babel\runtime\helpers\asyncToGenerator.js:3:24)
    at _next (H:\fancyguo-gm\server\node_modules\@babel\runtime\helpers\asyncToGenerator.js:25:9)
    at H:\fancyguo-gm\server\node_modules\@babel\runtime\helpers\asyncToGenerator.js:32:7
    at new Promise (<anonymous>)
    at MailService.<anonymous> (H:\fancyguo-gm\server\node_modules\@babel\runtime\helpers\asyncToGenerator.js:21:12)
    at MailService.postMailToCreate (H:\fancyguo-gm\server\src\app\service\mail.js:377:34)
    at _callee6$ (H:\fancyguo-gm\server\src\app\controllers\/mail.js:45:37)
    at tryCatch (H:\fancyguo-gm\server\node_modules\regenerator-runtime\runtime.js:45:40)
    at Generator.invoke [as _invoke] (H:\fancyguo-gm\server\node_modules\regenerator-runtime\runtime.js:281:22)
    at Generator.prototype.<computed> [as next] (H:\fancyguo-gm\server\node_modules\regenerator-runtime\runtime.js:106:21)
    at asyncGeneratorStep (H:\fancyguo-gm\server\node_modules\@babel\runtime\helpers\asyncToGenerator.js:3:24)
    at _next (H:\fancyguo-gm\server\node_modules\@babel\runtime\helpers\asyncToGenerator.js:25:9)
    at H:\fancyguo-gm\server\node_modules\@babel\runtime\helpers\asyncToGenerator.js:32:7
    at new Promise (<anonymous>)
    at H:\fancyguo-gm\server\node_modules\@babel\runtime\helpers\asyncToGenerator.js:21:12
    at postMailToCreate (H:\fancyguo-gm\server\src\app\controllers\mail.js:236:34)
    at dispatch (H:\fancyguo-gm\server\node_modules\koa-compose\index.js:44:32)
    at next (H:\fancyguo-gm\server\node_modules\koa-compose\index.js:45:18)
    at H:\fancyguo-gm\server\node_modules\koa-router\lib\router.js:346:16
    at dispatch (H:\fancyguo-gm\server\node_modules\koa-compose\index.js:44:32)
    at H:\fancyguo-gm\server\node_modules\koa-compose\index.js:36:12
    at dispatch (H:\fancyguo-gm\server\node_modules\koa-router\lib\router.js:351:31)
    at next (H:\fancyguo-gm\server\node_modules\koa\node_modules\koa-compose\index.js:42:32)
    at _callee$ (H:\fancyguo-gm\server\src\middleware\/index.js:48:11)
    at tryCatch (H:\fancyguo-gm\server\node_modules\regenerator-runtime\runtime.js:45:40)
    at Generator.invoke [as _invoke] (H:\fancyguo-gm\server\node_modules\regenerator-runtime\runtime.js:281:22)
    at Generator.prototype.<computed> [as next] (H:\fancyguo-gm\server\node_modules\regenerator-runtime\runtime.js:106:21)
    at asyncGeneratorStep (H:\fancyguo-gm\server\node_modules\@babel\runtime\helpers\asyncToGenerator.js:3:24)
    at _next (H:\fancyguo-gm\server\node_modules\@babel\runtime\helpers\asyncToGenerator.js:25:9)
    at H:\fancyguo-gm\server\node_modules\@babel\runtime\helpers\asyncToGenerator.js:32:7
*************** error log end ***************

[2020-09-08T19:34:59.907] [ERROR] errorLogger - 
*************** error log start ***************
request method: POST
request originalUrl:  /api/mail/postMailToCreate
request client ip:  ::ffff:127.0.0.1
request body: 
{"title":"1","text":"1","allServerTrue":true,"roleId":"","sendTime":true,"mailLink":"1","plaform":"","channel":"","serverName":["40","39","41"],"carryAnnex":true,"sendDateTime":"","smtpId":"324817","Annex":["{\"ID\":\"9001\",\"name\":\"特殊道具\",\"number\":\"2\"}"],"gameid":"1"}
response time: 1599564899907
err name: SequelizeDatabaseError
err message: 语法错误 在 "[" 或附近的
err stack: SequelizeDatabaseError: 语法错误 在 "[" 或附近的
    at Query.formatError (H:\fancyguo-gm\server\node_modules\sequelize\lib\dialects\postgres\query.js:366:16)
    at H:\fancyguo-gm\server\node_modules\sequelize\lib\dialects\postgres\query.js:72:18
From previous event:
    at Query.run (H:\fancyguo-gm\server\node_modules\sequelize\lib\dialects\postgres\query.js:64:23)
    at H:\fancyguo-gm\server\node_modules\sequelize\lib\sequelize.js:655:29
From previous event:
    at H:\fancyguo-gm\server\node_modules\sequelize\lib\sequelize.js:655:12
    at processImmediate (internal/timers.js:456:21)
From previous event:
    at H:\fancyguo-gm\server\node_modules\sequelize\lib\sequelize.js:651:10
    at H:\fancyguo-gm\server\node_modules\retry-as-promised\index.js:70:21
    at new Promise (<anonymous>)
    at retryAsPromised (H:\fancyguo-gm\server\node_modules\retry-as-promised\index.js:60:10)
    at H:\fancyguo-gm\server\node_modules\sequelize\lib\sequelize.js:641:30
From previous event:
    at Sequelize.query (H:\fancyguo-gm\server\node_modules\sequelize\lib\sequelize.js:590:23)
    at _callee6$ (H:\fancyguo-gm\server\src\app\service\/mail.js:168:31)
    at tryCatch (H:\fancyguo-gm\server\node_modules\regenerator-runtime\runtime.js:45:40)
    at Generator.invoke [as _invoke] (H:\fancyguo-gm\server\node_modules\regenerator-runtime\runtime.js:281:22)
    at Generator.prototype.<computed> [as next] (H:\fancyguo-gm\server\node_modules\regenerator-runtime\runtime.js:106:21)
    at asyncGeneratorStep (H:\fancyguo-gm\server\node_modules\@babel\runtime\helpers\asyncToGenerator.js:3:24)
    at _next (H:\fancyguo-gm\server\node_modules\@babel\runtime\helpers\asyncToGenerator.js:25:9)
    at H:\fancyguo-gm\server\node_modules\@babel\runtime\helpers\asyncToGenerator.js:32:7
    at new Promise (<anonymous>)
    at MailService.<anonymous> (H:\fancyguo-gm\server\node_modules\@babel\runtime\helpers\asyncToGenerator.js:21:12)
    at MailService.postMailToCreate (H:\fancyguo-gm\server\src\app\service\mail.js:377:34)
    at _callee6$ (H:\fancyguo-gm\server\src\app\controllers\/mail.js:45:37)
    at tryCatch (H:\fancyguo-gm\server\node_modules\regenerator-runtime\runtime.js:45:40)
    at Generator.invoke [as _invoke] (H:\fancyguo-gm\server\node_modules\regenerator-runtime\runtime.js:281:22)
    at Generator.prototype.<computed> [as next] (H:\fancyguo-gm\server\node_modules\regenerator-runtime\runtime.js:106:21)
    at asyncGeneratorStep (H:\fancyguo-gm\server\node_modules\@babel\runtime\helpers\asyncToGenerator.js:3:24)
    at _next (H:\fancyguo-gm\server\node_modules\@babel\runtime\helpers\asyncToGenerator.js:25:9)
    at H:\fancyguo-gm\server\node_modules\@babel\runtime\helpers\asyncToGenerator.js:32:7
    at new Promise (<anonymous>)
    at H:\fancyguo-gm\server\node_modules\@babel\runtime\helpers\asyncToGenerator.js:21:12
    at postMailToCreate (H:\fancyguo-gm\server\src\app\controllers\mail.js:236:34)
    at dispatch (H:\fancyguo-gm\server\node_modules\koa-compose\index.js:44:32)
    at next (H:\fancyguo-gm\server\node_modules\koa-compose\index.js:45:18)
    at H:\fancyguo-gm\server\node_modules\koa-router\lib\router.js:346:16
    at dispatch (H:\fancyguo-gm\server\node_modules\koa-compose\index.js:44:32)
    at H:\fancyguo-gm\server\node_modules\koa-compose\index.js:36:12
    at dispatch (H:\fancyguo-gm\server\node_modules\koa-router\lib\router.js:351:31)
    at next (H:\fancyguo-gm\server\node_modules\koa\node_modules\koa-compose\index.js:42:32)
    at _callee$ (H:\fancyguo-gm\server\src\middleware\/index.js:48:11)
    at tryCatch (H:\fancyguo-gm\server\node_modules\regenerator-runtime\runtime.js:45:40)
    at Generator.invoke [as _invoke] (H:\fancyguo-gm\server\node_modules\regenerator-runtime\runtime.js:281:22)
    at Generator.prototype.<computed> [as next] (H:\fancyguo-gm\server\node_modules\regenerator-runtime\runtime.js:106:21)
    at asyncGeneratorStep (H:\fancyguo-gm\server\node_modules\@babel\runtime\helpers\asyncToGenerator.js:3:24)
    at _next (H:\fancyguo-gm\server\node_modules\@babel\runtime\helpers\asyncToGenerator.js:25:9)
    at H:\fancyguo-gm\server\node_modules\@babel\runtime\helpers\asyncToGenerator.js:32:7
    at new Promise (<anonymous>)
    at H:\fancyguo-gm\server\node_modules\@babel\runtime\helpers\asyncToGenerator.js:21:12
    at H:\fancyguo-gm\server\src\middleware\/index.js:43:2
*************** error log end ***************

[2020-09-08T19:36:35.155] [ERROR] errorLogger - 
*************** error log start ***************
request method: POST
request originalUrl:  /api/mail/postMailToCreate
request client ip:  ::ffff:127.0.0.1
request body: 
{"title":"1","text":"1","allServerTrue":true,"roleId":"","sendTime":true,"mailLink":"1","plaform":"","channel":"","serverName":["test ones","test one","test onew"],"carryAnnex":true,"sendDateTime":"","smtpId":"362317","Annex":["{\"ID\":\"9001\",\"name\":\"特殊道具\",\"number\":\"12\"}"],"gameid":"1"}
response time: 1599564995155
err name: SequelizeDatabaseError
err message: 语法错误 在 "[" 或附近的
err stack: SequelizeDatabaseError: 语法错误 在 "[" 或附近的
    at Query.formatError (H:\fancyguo-gm\server\node_modules\sequelize\lib\dialects\postgres\query.js:366:16)
    at H:\fancyguo-gm\server\node_modules\sequelize\lib\dialects\postgres\query.js:72:18
From previous event:
    at Query.run (H:\fancyguo-gm\server\node_modules\sequelize\lib\dialects\postgres\query.js:64:23)
    at H:\fancyguo-gm\server\node_modules\sequelize\lib\sequelize.js:655:29
From previous event:
    at H:\fancyguo-gm\server\node_modules\sequelize\lib\sequelize.js:655:12
    at processImmediate (internal/timers.js:456:21)
From previous event:
    at H:\fancyguo-gm\server\node_modules\sequelize\lib\sequelize.js:651:10
    at H:\fancyguo-gm\server\node_modules\retry-as-promised\index.js:70:21
    at new Promise (<anonymous>)
    at retryAsPromised (H:\fancyguo-gm\server\node_modules\retry-as-promised\index.js:60:10)
    at H:\fancyguo-gm\server\node_modules\sequelize\lib\sequelize.js:641:30
From previous event:
    at Sequelize.query (H:\fancyguo-gm\server\node_modules\sequelize\lib\sequelize.js:590:23)
    at _callee6$ (H:\fancyguo-gm\server\src\app\service\/mail.js:168:31)
    at tryCatch (H:\fancyguo-gm\server\node_modules\regenerator-runtime\runtime.js:45:40)
    at Generator.invoke [as _invoke] (H:\fancyguo-gm\server\node_modules\regenerator-runtime\runtime.js:281:22)
    at Generator.prototype.<computed> [as next] (H:\fancyguo-gm\server\node_modules\regenerator-runtime\runtime.js:106:21)
    at asyncGeneratorStep (H:\fancyguo-gm\server\node_modules\@babel\runtime\helpers\asyncToGenerator.js:3:24)
    at _next (H:\fancyguo-gm\server\node_modules\@babel\runtime\helpers\asyncToGenerator.js:25:9)
    at H:\fancyguo-gm\server\node_modules\@babel\runtime\helpers\asyncToGenerator.js:32:7
    at new Promise (<anonymous>)
    at MailService.<anonymous> (H:\fancyguo-gm\server\node_modules\@babel\runtime\helpers\asyncToGenerator.js:21:12)
    at MailService.postMailToCreate (H:\fancyguo-gm\server\src\app\service\mail.js:377:34)
    at _callee6$ (H:\fancyguo-gm\server\src\app\controllers\/mail.js:45:37)
    at tryCatch (H:\fancyguo-gm\server\node_modules\regenerator-runtime\runtime.js:45:40)
    at Generator.invoke [as _invoke] (H:\fancyguo-gm\server\node_modules\regenerator-runtime\runtime.js:281:22)
    at Generator.prototype.<computed> [as next] (H:\fancyguo-gm\server\node_modules\regenerator-runtime\runtime.js:106:21)
    at asyncGeneratorStep (H:\fancyguo-gm\server\node_modules\@babel\runtime\helpers\asyncToGenerator.js:3:24)
    at _next (H:\fancyguo-gm\server\node_modules\@babel\runtime\helpers\asyncToGenerator.js:25:9)
    at H:\fancyguo-gm\server\node_modules\@babel\runtime\helpers\asyncToGenerator.js:32:7
    at new Promise (<anonymous>)
    at H:\fancyguo-gm\server\node_modules\@babel\runtime\helpers\asyncToGenerator.js:21:12
    at postMailToCreate (H:\fancyguo-gm\server\src\app\controllers\mail.js:236:34)
    at dispatch (H:\fancyguo-gm\server\node_modules\koa-compose\index.js:44:32)
    at next (H:\fancyguo-gm\server\node_modules\koa-compose\index.js:45:18)
    at H:\fancyguo-gm\server\node_modules\koa-router\lib\router.js:346:16
    at dispatch (H:\fancyguo-gm\server\node_modules\koa-compose\index.js:44:32)
    at H:\fancyguo-gm\server\node_modules\koa-compose\index.js:36:12
    at dispatch (H:\fancyguo-gm\server\node_modules\koa-router\lib\router.js:351:31)
    at next (H:\fancyguo-gm\server\node_modules\koa\node_modules\koa-compose\index.js:42:32)
    at _callee$ (H:\fancyguo-gm\server\src\middleware\/index.js:48:11)
    at tryCatch (H:\fancyguo-gm\server\node_modules\regenerator-runtime\runtime.js:45:40)
    at Generator.invoke [as _invoke] (H:\fancyguo-gm\server\node_modules\regenerator-runtime\runtime.js:281:22)
    at Generator.prototype.<computed> [as next] (H:\fancyguo-gm\server\node_modules\regenerator-runtime\runtime.js:106:21)
    at asyncGeneratorStep (H:\fancyguo-gm\server\node_modules\@babel\runtime\helpers\asyncToGenerator.js:3:24)
    at _next (H:\fancyguo-gm\server\node_modules\@babel\runtime\helpers\asyncToGenerator.js:25:9)
    at H:\fancyguo-gm\server\node_modules\@babel\runtime\helpers\asyncToGenerator.js:32:7
    at new Promise (<anonymous>)
    at H:\fancyguo-gm\server\node_modules\@babel\runtime\helpers\asyncToGenerator.js:21:12
    at H:\fancyguo-gm\server\src\middleware\/index.js:43:2
*************** error log end ***************

[2020-09-08T19:37:38.025] [ERROR] errorLogger - 
*************** error log start ***************
request method: POST
request originalUrl:  /api/mail/postMailToCreate
request client ip:  ::ffff:127.0.0.1
request body: 
{"title":"1","text":"1","allServerTrue":true,"roleId":"","sendTime":true,"mailLink":"1","plaform":"","channel":"","serverName":["test ones","test one","test onew"],"carryAnnex":true,"sendDateTime":"","smtpId":"362317","Annex":["{\"ID\":\"9001\",\"name\":\"特殊道具\",\"number\":\"12\"}"],"gameid":"1"}
response time: 1599565058025
err name: ReferenceError
err message: res is not defined
err stack: ReferenceError: res is not defined
    at _callee6$ (H:\fancyguo-gm\server\src\app\service\/mail.js:175:10)
    at tryCatch (H:\fancyguo-gm\server\node_modules\regenerator-runtime\runtime.js:45:40)
    at Generator.invoke [as _invoke] (H:\fancyguo-gm\server\node_modules\regenerator-runtime\runtime.js:281:22)
    at Generator.prototype.<computed> [as next] (H:\fancyguo-gm\server\node_modules\regenerator-runtime\runtime.js:106:21)
    at asyncGeneratorStep (H:\fancyguo-gm\server\node_modules\@babel\runtime\helpers\asyncToGenerator.js:3:24)
    at _next (H:\fancyguo-gm\server\node_modules\@babel\runtime\helpers\asyncToGenerator.js:25:9)
    at H:\fancyguo-gm\server\node_modules\@babel\runtime\helpers\asyncToGenerator.js:32:7
    at new Promise (<anonymous>)
    at MailService.<anonymous> (H:\fancyguo-gm\server\node_modules\@babel\runtime\helpers\asyncToGenerator.js:21:12)
    at MailService.postMailToCreate (H:\fancyguo-gm\server\src\app\service\mail.js:374:34)
    at _callee6$ (H:\fancyguo-gm\server\src\app\controllers\/mail.js:45:37)
    at tryCatch (H:\fancyguo-gm\server\node_modules\regenerator-runtime\runtime.js:45:40)
    at Generator.invoke [as _invoke] (H:\fancyguo-gm\server\node_modules\regenerator-runtime\runtime.js:281:22)
    at Generator.prototype.<computed> [as next] (H:\fancyguo-gm\server\node_modules\regenerator-runtime\runtime.js:106:21)
    at asyncGeneratorStep (H:\fancyguo-gm\server\node_modules\@babel\runtime\helpers\asyncToGenerator.js:3:24)
    at _next (H:\fancyguo-gm\server\node_modules\@babel\runtime\helpers\asyncToGenerator.js:25:9)
    at H:\fancyguo-gm\server\node_modules\@babel\runtime\helpers\asyncToGenerator.js:32:7
    at new Promise (<anonymous>)
    at H:\fancyguo-gm\server\node_modules\@babel\runtime\helpers\asyncToGenerator.js:21:12
    at postMailToCreate (H:\fancyguo-gm\server\src\app\controllers\mail.js:236:34)
    at dispatch (H:\fancyguo-gm\server\node_modules\koa-compose\index.js:44:32)
    at next (H:\fancyguo-gm\server\node_modules\koa-compose\index.js:45:18)
    at H:\fancyguo-gm\server\node_modules\koa-router\lib\router.js:346:16
    at dispatch (H:\fancyguo-gm\server\node_modules\koa-compose\index.js:44:32)
    at H:\fancyguo-gm\server\node_modules\koa-compose\index.js:36:12
    at dispatch (H:\fancyguo-gm\server\node_modules\koa-router\lib\router.js:351:31)
    at next (H:\fancyguo-gm\server\node_modules\koa\node_modules\koa-compose\index.js:42:32)
    at _callee$ (H:\fancyguo-gm\server\src\middleware\/index.js:48:11)
    at tryCatch (H:\fancyguo-gm\server\node_modules\regenerator-runtime\runtime.js:45:40)
    at Generator.invoke [as _invoke] (H:\fancyguo-gm\server\node_modules\regenerator-runtime\runtime.js:281:22)
    at Generator.prototype.<computed> [as next] (H:\fancyguo-gm\server\node_modules\regenerator-runtime\runtime.js:106:21)
    at asyncGeneratorStep (H:\fancyguo-gm\server\node_modules\@babel\runtime\helpers\asyncToGenerator.js:3:24)
    at _next (H:\fancyguo-gm\server\node_modules\@babel\runtime\helpers\asyncToGenerator.js:25:9)
    at H:\fancyguo-gm\server\node_modules\@babel\runtime\helpers\asyncToGenerator.js:32:7
*************** error log end ***************

