[2020-09-14T11:31:37.505] [ERROR] errorLogger - 
*************** error log start ***************
request method: GET
request originalUrl:  /api/white/clickFind?value=&page=1&pagesize=10
request client ip:  ::ffff:127.0.0.1
request query:  {"value":"","page":"1","pagesize":"10","gameid":"1"}
response time: 1600054297505
err name: SequelizeDatabaseError
err message: 字段 "gameid" 不存在
err stack: SequelizeDatabaseError: 字段 "gameid" 不存在
    at Query.formatError (H:\fancyguo-gm\server\node_modules\sequelize\lib\dialects\postgres\query.js:366:16)
    at H:\fancyguo-gm\server\node_modules\sequelize\lib\dialects\postgres\query.js:72:18
From previous event:
    at Query.run (H:\fancyguo-gm\server\node_modules\sequelize\lib\dialects\postgres\query.js:64:23)
    at H:\fancyguo-gm\server\node_modules\sequelize\lib\sequelize.js:655:29
From previous event:
    at H:\fancyguo-gm\server\node_modules\sequelize\lib\sequelize.js:655:12
    at processImmediate (internal/timers.js:456:21)
From previous event:
    at H:\fancyguo-gm\server\node_modules\sequelize\lib\sequelize.js:651:10
    at H:\fancyguo-gm\server\node_modules\retry-as-promised\index.js:70:21
    at new Promise (<anonymous>)
    at retryAsPromised (H:\fancyguo-gm\server\node_modules\retry-as-promised\index.js:60:10)
    at H:\fancyguo-gm\server\node_modules\sequelize\lib\sequelize.js:641:30
From previous event:
    at Sequelize.query (H:\fancyguo-gm\server\node_modules\sequelize\lib\sequelize.js:590:23)
    at _callee10$ (H:\fancyguo-gm\server\src\app\service\/white.js:162:31)
    at tryCatch (H:\fancyguo-gm\server\node_modules\regenerator-runtime\runtime.js:45:40)
    at Generator.invoke [as _invoke] (H:\fancyguo-gm\server\node_modules\regenerator-runtime\runtime.js:281:22)
    at Generator.prototype.<computed> [as next] (H:\fancyguo-gm\server\node_modules\regenerator-runtime\runtime.js:106:21)
    at asyncGeneratorStep (H:\fancyguo-gm\server\node_modules\@babel\runtime\helpers\asyncToGenerator.js:3:24)
    at _next (H:\fancyguo-gm\server\node_modules\@babel\runtime\helpers\asyncToGenerator.js:25:9)
    at H:\fancyguo-gm\server\node_modules\@babel\runtime\helpers\asyncToGenerator.js:32:7
    at new Promise (<anonymous>)
    at whiteServer.<anonymous> (H:\fancyguo-gm\server\node_modules\@babel\runtime\helpers\asyncToGenerator.js:21:12)
    at whiteServer.clickFind (H:\fancyguo-gm\server\src\app\service\white.js:480:27)
    at _callee10$ (H:\fancyguo-gm\server\src\app\controllers\/white.js:83:33)
    at tryCatch (H:\fancyguo-gm\server\node_modules\regenerator-runtime\runtime.js:45:40)
    at Generator.invoke [as _invoke] (H:\fancyguo-gm\server\node_modules\regenerator-runtime\runtime.js:281:22)
    at Generator.prototype.<computed> [as next] (H:\fancyguo-gm\server\node_modules\regenerator-runtime\runtime.js:106:21)
    at asyncGeneratorStep (H:\fancyguo-gm\server\node_modules\@babel\runtime\helpers\asyncToGenerator.js:3:24)
    at _next (H:\fancyguo-gm\server\node_modules\@babel\runtime\helpers\asyncToGenerator.js:25:9)
    at H:\fancyguo-gm\server\node_modules\@babel\runtime\helpers\asyncToGenerator.js:32:7
    at new Promise (<anonymous>)
    at H:\fancyguo-gm\server\node_modules\@babel\runtime\helpers\asyncToGenerator.js:21:12
    at clickFind (H:\fancyguo-gm\server\src\app\controllers\white.js:367:27)
    at dispatch (H:\fancyguo-gm\server\node_modules\koa-compose\index.js:44:32)
    at next (H:\fancyguo-gm\server\node_modules\koa-compose\index.js:45:18)
    at H:\fancyguo-gm\server\node_modules\koa-router\lib\router.js:346:16
    at dispatch (H:\fancyguo-gm\server\node_modules\koa-compose\index.js:44:32)
    at H:\fancyguo-gm\server\node_modules\koa-compose\index.js:36:12
    at dispatch (H:\fancyguo-gm\server\node_modules\koa-router\lib\router.js:351:31)
    at next (H:\fancyguo-gm\server\node_modules\koa\node_modules\koa-compose\index.js:42:32)
    at _callee$ (H:\fancyguo-gm\server\src\middleware\/index.js:48:11)
    at tryCatch (H:\fancyguo-gm\server\node_modules\regenerator-runtime\runtime.js:45:40)
    at Generator.invoke [as _invoke] (H:\fancyguo-gm\server\node_modules\regenerator-runtime\runtime.js:281:22)
    at Generator.prototype.<computed> [as next] (H:\fancyguo-gm\server\node_modules\regenerator-runtime\runtime.js:106:21)
    at asyncGeneratorStep (H:\fancyguo-gm\server\node_modules\@babel\runtime\helpers\asyncToGenerator.js:3:24)
    at _next (H:\fancyguo-gm\server\node_modules\@babel\runtime\helpers\asyncToGenerator.js:25:9)
    at H:\fancyguo-gm\server\node_modules\@babel\runtime\helpers\asyncToGenerator.js:32:7
    at new Promise (<anonymous>)
    at H:\fancyguo-gm\server\node_modules\@babel\runtime\helpers\asyncToGenerator.js:21:12
    at H:\fancyguo-gm\server\src\middleware\/index.js:43:2
*************** error log end ***************

[2020-09-14T11:31:43.244] [ERROR] errorLogger - 
*************** error log start ***************
request method: GET
request originalUrl:  /api/white/clickFind?value=&page=1&pagesize=10
request client ip:  ::ffff:127.0.0.1
request query:  {"value":"","page":"1","pagesize":"10","gameid":"1"}
response time: 1600054303244
err name: SequelizeDatabaseError
err message: 字段 "gameid" 不存在
err stack: SequelizeDatabaseError: 字段 "gameid" 不存在
    at Query.formatError (H:\fancyguo-gm\server\node_modules\sequelize\lib\dialects\postgres\query.js:366:16)
    at H:\fancyguo-gm\server\node_modules\sequelize\lib\dialects\postgres\query.js:72:18
From previous event:
    at Query.run (H:\fancyguo-gm\server\node_modules\sequelize\lib\dialects\postgres\query.js:64:23)
    at H:\fancyguo-gm\server\node_modules\sequelize\lib\sequelize.js:655:29
From previous event:
    at H:\fancyguo-gm\server\node_modules\sequelize\lib\sequelize.js:655:12
    at processImmediate (internal/timers.js:456:21)
From previous event:
    at H:\fancyguo-gm\server\node_modules\sequelize\lib\sequelize.js:651:10
    at H:\fancyguo-gm\server\node_modules\retry-as-promised\index.js:70:21
    at new Promise (<anonymous>)
    at retryAsPromised (H:\fancyguo-gm\server\node_modules\retry-as-promised\index.js:60:10)
    at H:\fancyguo-gm\server\node_modules\sequelize\lib\sequelize.js:641:30
From previous event:
    at Sequelize.query (H:\fancyguo-gm\server\node_modules\sequelize\lib\sequelize.js:590:23)
    at _callee10$ (H:\fancyguo-gm\server\src\app\service\/white.js:162:31)
    at tryCatch (H:\fancyguo-gm\server\node_modules\regenerator-runtime\runtime.js:45:40)
    at Generator.invoke [as _invoke] (H:\fancyguo-gm\server\node_modules\regenerator-runtime\runtime.js:281:22)
    at Generator.prototype.<computed> [as next] (H:\fancyguo-gm\server\node_modules\regenerator-runtime\runtime.js:106:21)
    at asyncGeneratorStep (H:\fancyguo-gm\server\node_modules\@babel\runtime\helpers\asyncToGenerator.js:3:24)
    at _next (H:\fancyguo-gm\server\node_modules\@babel\runtime\helpers\asyncToGenerator.js:25:9)
    at H:\fancyguo-gm\server\node_modules\@babel\runtime\helpers\asyncToGenerator.js:32:7
    at new Promise (<anonymous>)
    at whiteServer.<anonymous> (H:\fancyguo-gm\server\node_modules\@babel\runtime\helpers\asyncToGenerator.js:21:12)
    at whiteServer.clickFind (H:\fancyguo-gm\server\src\app\service\white.js:480:27)
    at _callee10$ (H:\fancyguo-gm\server\src\app\controllers\/white.js:83:33)
    at tryCatch (H:\fancyguo-gm\server\node_modules\regenerator-runtime\runtime.js:45:40)
    at Generator.invoke [as _invoke] (H:\fancyguo-gm\server\node_modules\regenerator-runtime\runtime.js:281:22)
    at Generator.prototype.<computed> [as next] (H:\fancyguo-gm\server\node_modules\regenerator-runtime\runtime.js:106:21)
    at asyncGeneratorStep (H:\fancyguo-gm\server\node_modules\@babel\runtime\helpers\asyncToGenerator.js:3:24)
    at _next (H:\fancyguo-gm\server\node_modules\@babel\runtime\helpers\asyncToGenerator.js:25:9)
    at H:\fancyguo-gm\server\node_modules\@babel\runtime\helpers\asyncToGenerator.js:32:7
    at new Promise (<anonymous>)
    at H:\fancyguo-gm\server\node_modules\@babel\runtime\helpers\asyncToGenerator.js:21:12
    at clickFind (H:\fancyguo-gm\server\src\app\controllers\white.js:367:27)
    at dispatch (H:\fancyguo-gm\server\node_modules\koa-compose\index.js:44:32)
    at next (H:\fancyguo-gm\server\node_modules\koa-compose\index.js:45:18)
    at H:\fancyguo-gm\server\node_modules\koa-router\lib\router.js:346:16
    at dispatch (H:\fancyguo-gm\server\node_modules\koa-compose\index.js:44:32)
    at H:\fancyguo-gm\server\node_modules\koa-compose\index.js:36:12
    at dispatch (H:\fancyguo-gm\server\node_modules\koa-router\lib\router.js:351:31)
    at next (H:\fancyguo-gm\server\node_modules\koa\node_modules\koa-compose\index.js:42:32)
    at _callee$ (H:\fancyguo-gm\server\src\middleware\/index.js:48:11)
    at tryCatch (H:\fancyguo-gm\server\node_modules\regenerator-runtime\runtime.js:45:40)
    at Generator.invoke [as _invoke] (H:\fancyguo-gm\server\node_modules\regenerator-runtime\runtime.js:281:22)
    at Generator.prototype.<computed> [as next] (H:\fancyguo-gm\server\node_modules\regenerator-runtime\runtime.js:106:21)
    at asyncGeneratorStep (H:\fancyguo-gm\server\node_modules\@babel\runtime\helpers\asyncToGenerator.js:3:24)
    at _next (H:\fancyguo-gm\server\node_modules\@babel\runtime\helpers\asyncToGenerator.js:25:9)
    at H:\fancyguo-gm\server\node_modules\@babel\runtime\helpers\asyncToGenerator.js:32:7
    at new Promise (<anonymous>)
    at H:\fancyguo-gm\server\node_modules\@babel\runtime\helpers\asyncToGenerator.js:21:12
    at H:\fancyguo-gm\server\src\middleware\/index.js:43:2
*************** error log end ***************

[2020-09-14T11:31:48.611] [ERROR] errorLogger - 
*************** error log start ***************
request method: GET
request originalUrl:  /api/white/clickFind?value=&page=1&pagesize=10
request client ip:  ::ffff:127.0.0.1
request query:  {"value":"","page":"1","pagesize":"10","gameid":"1"}
response time: 1600054308611
err name: SequelizeDatabaseError
err message: 字段 "gameid" 不存在
err stack: SequelizeDatabaseError: 字段 "gameid" 不存在
    at Query.formatError (H:\fancyguo-gm\server\node_modules\sequelize\lib\dialects\postgres\query.js:366:16)
    at H:\fancyguo-gm\server\node_modules\sequelize\lib\dialects\postgres\query.js:72:18
From previous event:
    at Query.run (H:\fancyguo-gm\server\node_modules\sequelize\lib\dialects\postgres\query.js:64:23)
    at H:\fancyguo-gm\server\node_modules\sequelize\lib\sequelize.js:655:29
From previous event:
    at H:\fancyguo-gm\server\node_modules\sequelize\lib\sequelize.js:655:12
    at processImmediate (internal/timers.js:456:21)
From previous event:
    at H:\fancyguo-gm\server\node_modules\sequelize\lib\sequelize.js:651:10
    at H:\fancyguo-gm\server\node_modules\retry-as-promised\index.js:70:21
    at new Promise (<anonymous>)
    at retryAsPromised (H:\fancyguo-gm\server\node_modules\retry-as-promised\index.js:60:10)
    at H:\fancyguo-gm\server\node_modules\sequelize\lib\sequelize.js:641:30
From previous event:
    at Sequelize.query (H:\fancyguo-gm\server\node_modules\sequelize\lib\sequelize.js:590:23)
    at _callee10$ (H:\fancyguo-gm\server\src\app\service\/white.js:162:31)
    at tryCatch (H:\fancyguo-gm\server\node_modules\regenerator-runtime\runtime.js:45:40)
    at Generator.invoke [as _invoke] (H:\fancyguo-gm\server\node_modules\regenerator-runtime\runtime.js:281:22)
    at Generator.prototype.<computed> [as next] (H:\fancyguo-gm\server\node_modules\regenerator-runtime\runtime.js:106:21)
    at asyncGeneratorStep (H:\fancyguo-gm\server\node_modules\@babel\runtime\helpers\asyncToGenerator.js:3:24)
    at _next (H:\fancyguo-gm\server\node_modules\@babel\runtime\helpers\asyncToGenerator.js:25:9)
    at H:\fancyguo-gm\server\node_modules\@babel\runtime\helpers\asyncToGenerator.js:32:7
    at new Promise (<anonymous>)
    at whiteServer.<anonymous> (H:\fancyguo-gm\server\node_modules\@babel\runtime\helpers\asyncToGenerator.js:21:12)
    at whiteServer.clickFind (H:\fancyguo-gm\server\src\app\service\white.js:480:27)
    at _callee10$ (H:\fancyguo-gm\server\src\app\controllers\/white.js:83:33)
    at tryCatch (H:\fancyguo-gm\server\node_modules\regenerator-runtime\runtime.js:45:40)
    at Generator.invoke [as _invoke] (H:\fancyguo-gm\server\node_modules\regenerator-runtime\runtime.js:281:22)
    at Generator.prototype.<computed> [as next] (H:\fancyguo-gm\server\node_modules\regenerator-runtime\runtime.js:106:21)
    at asyncGeneratorStep (H:\fancyguo-gm\server\node_modules\@babel\runtime\helpers\asyncToGenerator.js:3:24)
    at _next (H:\fancyguo-gm\server\node_modules\@babel\runtime\helpers\asyncToGenerator.js:25:9)
    at H:\fancyguo-gm\server\node_modules\@babel\runtime\helpers\asyncToGenerator.js:32:7
    at new Promise (<anonymous>)
    at H:\fancyguo-gm\server\node_modules\@babel\runtime\helpers\asyncToGenerator.js:21:12
    at clickFind (H:\fancyguo-gm\server\src\app\controllers\white.js:367:27)
    at dispatch (H:\fancyguo-gm\server\node_modules\koa-compose\index.js:44:32)
    at next (H:\fancyguo-gm\server\node_modules\koa-compose\index.js:45:18)
    at H:\fancyguo-gm\server\node_modules\koa-router\lib\router.js:346:16
    at dispatch (H:\fancyguo-gm\server\node_modules\koa-compose\index.js:44:32)
    at H:\fancyguo-gm\server\node_modules\koa-compose\index.js:36:12
    at dispatch (H:\fancyguo-gm\server\node_modules\koa-router\lib\router.js:351:31)
    at next (H:\fancyguo-gm\server\node_modules\koa\node_modules\koa-compose\index.js:42:32)
    at _callee$ (H:\fancyguo-gm\server\src\middleware\/index.js:48:11)
    at tryCatch (H:\fancyguo-gm\server\node_modules\regenerator-runtime\runtime.js:45:40)
    at Generator.invoke [as _invoke] (H:\fancyguo-gm\server\node_modules\regenerator-runtime\runtime.js:281:22)
    at Generator.prototype.<computed> [as next] (H:\fancyguo-gm\server\node_modules\regenerator-runtime\runtime.js:106:21)
    at asyncGeneratorStep (H:\fancyguo-gm\server\node_modules\@babel\runtime\helpers\asyncToGenerator.js:3:24)
    at _next (H:\fancyguo-gm\server\node_modules\@babel\runtime\helpers\asyncToGenerator.js:25:9)
    at H:\fancyguo-gm\server\node_modules\@babel\runtime\helpers\asyncToGenerator.js:32:7
    at new Promise (<anonymous>)
    at H:\fancyguo-gm\server\node_modules\@babel\runtime\helpers\asyncToGenerator.js:21:12
    at H:\fancyguo-gm\server\src\middleware\/index.js:43:2
*************** error log end ***************

[2020-09-14T11:38:08.874] [ERROR] errorLogger - 
*************** error log start ***************
request method: GET
request originalUrl:  /api/white/clickFind?value=&page=1&pagesize=10
request client ip:  ::ffff:127.0.0.1
request query:  {"value":"","page":"1","pagesize":"10","gameid":"1"}
response time: 1600054688874
err name: SequelizeDatabaseError
err message: 语法错误 在 "'
		select * from gm_white_user where roleids @> '" 或附近的
err stack: SequelizeDatabaseError: 语法错误 在 "'
		select * from gm_white_user where roleids @> '" 或附近的
    at Query.formatError (H:\fancyguo-gm\server\node_modules\sequelize\lib\dialects\postgres\query.js:366:16)
    at H:\fancyguo-gm\server\node_modules\sequelize\lib\dialects\postgres\query.js:72:18
From previous event:
    at Query.run (H:\fancyguo-gm\server\node_modules\sequelize\lib\dialects\postgres\query.js:64:23)
    at H:\fancyguo-gm\server\node_modules\sequelize\lib\sequelize.js:655:29
From previous event:
    at H:\fancyguo-gm\server\node_modules\sequelize\lib\sequelize.js:655:12
    at processImmediate (internal/timers.js:456:21)
From previous event:
    at H:\fancyguo-gm\server\node_modules\sequelize\lib\sequelize.js:651:10
    at H:\fancyguo-gm\server\node_modules\retry-as-promised\index.js:70:21
    at new Promise (<anonymous>)
    at retryAsPromised (H:\fancyguo-gm\server\node_modules\retry-as-promised\index.js:60:10)
    at H:\fancyguo-gm\server\node_modules\sequelize\lib\sequelize.js:641:30
From previous event:
    at Sequelize.query (H:\fancyguo-gm\server\node_modules\sequelize\lib\sequelize.js:590:23)
    at _callee10$ (H:\fancyguo-gm\server\src\app\service\/white.js:164:31)
    at tryCatch (H:\fancyguo-gm\server\node_modules\regenerator-runtime\runtime.js:45:40)
    at Generator.invoke [as _invoke] (H:\fancyguo-gm\server\node_modules\regenerator-runtime\runtime.js:281:22)
    at Generator.prototype.<computed> [as next] (H:\fancyguo-gm\server\node_modules\regenerator-runtime\runtime.js:106:21)
    at asyncGeneratorStep (H:\fancyguo-gm\server\node_modules\@babel\runtime\helpers\asyncToGenerator.js:3:24)
    at _next (H:\fancyguo-gm\server\node_modules\@babel\runtime\helpers\asyncToGenerator.js:25:9)
    at H:\fancyguo-gm\server\node_modules\@babel\runtime\helpers\asyncToGenerator.js:32:7
    at new Promise (<anonymous>)
    at whiteServer.<anonymous> (H:\fancyguo-gm\server\node_modules\@babel\runtime\helpers\asyncToGenerator.js:21:12)
    at whiteServer.clickFind (H:\fancyguo-gm\server\src\app\service\white.js:481:27)
    at _callee10$ (H:\fancyguo-gm\server\src\app\controllers\/white.js:83:33)
    at tryCatch (H:\fancyguo-gm\server\node_modules\regenerator-runtime\runtime.js:45:40)
    at Generator.invoke [as _invoke] (H:\fancyguo-gm\server\node_modules\regenerator-runtime\runtime.js:281:22)
    at Generator.prototype.<computed> [as next] (H:\fancyguo-gm\server\node_modules\regenerator-runtime\runtime.js:106:21)
    at asyncGeneratorStep (H:\fancyguo-gm\server\node_modules\@babel\runtime\helpers\asyncToGenerator.js:3:24)
    at _next (H:\fancyguo-gm\server\node_modules\@babel\runtime\helpers\asyncToGenerator.js:25:9)
    at H:\fancyguo-gm\server\node_modules\@babel\runtime\helpers\asyncToGenerator.js:32:7
    at new Promise (<anonymous>)
    at H:\fancyguo-gm\server\node_modules\@babel\runtime\helpers\asyncToGenerator.js:21:12
    at clickFind (H:\fancyguo-gm\server\src\app\controllers\white.js:367:27)
    at dispatch (H:\fancyguo-gm\server\node_modules\koa-compose\index.js:44:32)
    at next (H:\fancyguo-gm\server\node_modules\koa-compose\index.js:45:18)
    at H:\fancyguo-gm\server\node_modules\koa-router\lib\router.js:346:16
    at dispatch (H:\fancyguo-gm\server\node_modules\koa-compose\index.js:44:32)
    at H:\fancyguo-gm\server\node_modules\koa-compose\index.js:36:12
    at dispatch (H:\fancyguo-gm\server\node_modules\koa-router\lib\router.js:351:31)
    at next (H:\fancyguo-gm\server\node_modules\koa\node_modules\koa-compose\index.js:42:32)
    at _callee$ (H:\fancyguo-gm\server\src\middleware\/index.js:48:11)
    at tryCatch (H:\fancyguo-gm\server\node_modules\regenerator-runtime\runtime.js:45:40)
    at Generator.invoke [as _invoke] (H:\fancyguo-gm\server\node_modules\regenerator-runtime\runtime.js:281:22)
    at Generator.prototype.<computed> [as next] (H:\fancyguo-gm\server\node_modules\regenerator-runtime\runtime.js:106:21)
    at asyncGeneratorStep (H:\fancyguo-gm\server\node_modules\@babel\runtime\helpers\asyncToGenerator.js:3:24)
    at _next (H:\fancyguo-gm\server\node_modules\@babel\runtime\helpers\asyncToGenerator.js:25:9)
    at H:\fancyguo-gm\server\node_modules\@babel\runtime\helpers\asyncToGenerator.js:32:7
    at new Promise (<anonymous>)
    at H:\fancyguo-gm\server\node_modules\@babel\runtime\helpers\asyncToGenerator.js:21:12
    at H:\fancyguo-gm\server\src\middleware\/index.js:43:2
*************** error log end ***************

[2020-09-14T11:39:14.948] [ERROR] errorLogger - 
*************** error log start ***************
request method: GET
request originalUrl:  /api/white/clickFind?value=&page=1&pagesize=10
request client ip:  ::ffff:127.0.0.1
request query:  {"value":"","page":"1","pagesize":"10","gameid":"1"}
response time: 1600054754947
err name: SequelizeDatabaseError
err message: 语法错误 在 "'
		select * from gm_white_user where roleids @> '" 或附近的
err stack: SequelizeDatabaseError: 语法错误 在 "'
		select * from gm_white_user where roleids @> '" 或附近的
    at Query.formatError (H:\fancyguo-gm\server\node_modules\sequelize\lib\dialects\postgres\query.js:366:16)
    at H:\fancyguo-gm\server\node_modules\sequelize\lib\dialects\postgres\query.js:72:18
From previous event:
    at Query.run (H:\fancyguo-gm\server\node_modules\sequelize\lib\dialects\postgres\query.js:64:23)
    at H:\fancyguo-gm\server\node_modules\sequelize\lib\sequelize.js:655:29
From previous event:
    at H:\fancyguo-gm\server\node_modules\sequelize\lib\sequelize.js:655:12
    at processImmediate (internal/timers.js:456:21)
From previous event:
    at H:\fancyguo-gm\server\node_modules\sequelize\lib\sequelize.js:651:10
    at H:\fancyguo-gm\server\node_modules\retry-as-promised\index.js:70:21
    at new Promise (<anonymous>)
    at retryAsPromised (H:\fancyguo-gm\server\node_modules\retry-as-promised\index.js:60:10)
    at H:\fancyguo-gm\server\node_modules\sequelize\lib\sequelize.js:641:30
From previous event:
    at Sequelize.query (H:\fancyguo-gm\server\node_modules\sequelize\lib\sequelize.js:590:23)
    at _callee10$ (H:\fancyguo-gm\server\src\app\service\/white.js:163:31)
    at tryCatch (H:\fancyguo-gm\server\node_modules\regenerator-runtime\runtime.js:45:40)
    at Generator.invoke [as _invoke] (H:\fancyguo-gm\server\node_modules\regenerator-runtime\runtime.js:281:22)
    at Generator.prototype.<computed> [as next] (H:\fancyguo-gm\server\node_modules\regenerator-runtime\runtime.js:106:21)
    at asyncGeneratorStep (H:\fancyguo-gm\server\node_modules\@babel\runtime\helpers\asyncToGenerator.js:3:24)
    at _next (H:\fancyguo-gm\server\node_modules\@babel\runtime\helpers\asyncToGenerator.js:25:9)
    at H:\fancyguo-gm\server\node_modules\@babel\runtime\helpers\asyncToGenerator.js:32:7
    at new Promise (<anonymous>)
    at whiteServer.<anonymous> (H:\fancyguo-gm\server\node_modules\@babel\runtime\helpers\asyncToGenerator.js:21:12)
    at whiteServer.clickFind (H:\fancyguo-gm\server\src\app\service\white.js:480:27)
    at _callee10$ (H:\fancyguo-gm\server\src\app\controllers\/white.js:83:33)
    at tryCatch (H:\fancyguo-gm\server\node_modules\regenerator-runtime\runtime.js:45:40)
    at Generator.invoke [as _invoke] (H:\fancyguo-gm\server\node_modules\regenerator-runtime\runtime.js:281:22)
    at Generator.prototype.<computed> [as next] (H:\fancyguo-gm\server\node_modules\regenerator-runtime\runtime.js:106:21)
    at asyncGeneratorStep (H:\fancyguo-gm\server\node_modules\@babel\runtime\helpers\asyncToGenerator.js:3:24)
    at _next (H:\fancyguo-gm\server\node_modules\@babel\runtime\helpers\asyncToGenerator.js:25:9)
    at H:\fancyguo-gm\server\node_modules\@babel\runtime\helpers\asyncToGenerator.js:32:7
    at new Promise (<anonymous>)
    at H:\fancyguo-gm\server\node_modules\@babel\runtime\helpers\asyncToGenerator.js:21:12
    at clickFind (H:\fancyguo-gm\server\src\app\controllers\white.js:367:27)
    at dispatch (H:\fancyguo-gm\server\node_modules\koa-compose\index.js:44:32)
    at next (H:\fancyguo-gm\server\node_modules\koa-compose\index.js:45:18)
    at H:\fancyguo-gm\server\node_modules\koa-router\lib\router.js:346:16
    at dispatch (H:\fancyguo-gm\server\node_modules\koa-compose\index.js:44:32)
    at H:\fancyguo-gm\server\node_modules\koa-compose\index.js:36:12
    at dispatch (H:\fancyguo-gm\server\node_modules\koa-router\lib\router.js:351:31)
    at next (H:\fancyguo-gm\server\node_modules\koa\node_modules\koa-compose\index.js:42:32)
    at _callee$ (H:\fancyguo-gm\server\src\middleware\/index.js:48:11)
    at tryCatch (H:\fancyguo-gm\server\node_modules\regenerator-runtime\runtime.js:45:40)
    at Generator.invoke [as _invoke] (H:\fancyguo-gm\server\node_modules\regenerator-runtime\runtime.js:281:22)
    at Generator.prototype.<computed> [as next] (H:\fancyguo-gm\server\node_modules\regenerator-runtime\runtime.js:106:21)
    at asyncGeneratorStep (H:\fancyguo-gm\server\node_modules\@babel\runtime\helpers\asyncToGenerator.js:3:24)
    at _next (H:\fancyguo-gm\server\node_modules\@babel\runtime\helpers\asyncToGenerator.js:25:9)
    at H:\fancyguo-gm\server\node_modules\@babel\runtime\helpers\asyncToGenerator.js:32:7
    at new Promise (<anonymous>)
    at H:\fancyguo-gm\server\node_modules\@babel\runtime\helpers\asyncToGenerator.js:21:12
    at H:\fancyguo-gm\server\src\middleware\/index.js:43:2
*************** error log end ***************

[2020-09-14T12:47:59.853] [ERROR] errorLogger - 
*************** error log start ***************
request method: GET
request originalUrl:  /api/white/find?plaform[]=1&plaform[]=2&channel[]=%E8%85%BE%E8%AE%AF&channel[]=2&channel[]=4&channel[]=5&type=&page=1&pagesize=10
request client ip:  ::ffff:127.0.0.1
request query:  {"plaform[]":["1","2"],"channel[]":["腾讯","2","4","5"],"type":"","page":"1","pagesize":"10","plaform":["1","2"],"channel":["腾讯","2","4","5"],"gameid":"1"}
response time: 1600058879852
err name: SequelizeDatabaseError
err message: 语法错误 在 "'
		select * from gm_white_user   where game_id = '" 或附近的
err stack: SequelizeDatabaseError: 语法错误 在 "'
		select * from gm_white_user   where game_id = '" 或附近的
    at Query.formatError (H:\fancyguo-gm\server\node_modules\sequelize\lib\dialects\postgres\query.js:366:16)
    at H:\fancyguo-gm\server\node_modules\sequelize\lib\dialects\postgres\query.js:72:18
From previous event:
    at Query.run (H:\fancyguo-gm\server\node_modules\sequelize\lib\dialects\postgres\query.js:64:23)
    at H:\fancyguo-gm\server\node_modules\sequelize\lib\sequelize.js:655:29
From previous event:
    at H:\fancyguo-gm\server\node_modules\sequelize\lib\sequelize.js:655:12
    at processImmediate (internal/timers.js:456:21)
From previous event:
    at H:\fancyguo-gm\server\node_modules\sequelize\lib\sequelize.js:651:10
    at H:\fancyguo-gm\server\node_modules\retry-as-promised\index.js:70:21
    at new Promise (<anonymous>)
    at retryAsPromised (H:\fancyguo-gm\server\node_modules\retry-as-promised\index.js:60:10)
    at H:\fancyguo-gm\server\node_modules\sequelize\lib\sequelize.js:641:30
From previous event:
    at Sequelize.query (H:\fancyguo-gm\server\node_modules\sequelize\lib\sequelize.js:590:23)
    at _callee10$ (H:\fancyguo-gm\server\src\app\service\/white.js:181:31)
    at tryCatch (H:\fancyguo-gm\server\node_modules\regenerator-runtime\runtime.js:45:40)
    at Generator.invoke [as _invoke] (H:\fancyguo-gm\server\node_modules\regenerator-runtime\runtime.js:281:22)
    at Generator.prototype.<computed> [as next] (H:\fancyguo-gm\server\node_modules\regenerator-runtime\runtime.js:106:21)
    at asyncGeneratorStep (H:\fancyguo-gm\server\node_modules\@babel\runtime\helpers\asyncToGenerator.js:3:24)
    at _next (H:\fancyguo-gm\server\node_modules\@babel\runtime\helpers\asyncToGenerator.js:25:9)
    at H:\fancyguo-gm\server\node_modules\@babel\runtime\helpers\asyncToGenerator.js:32:7
    at new Promise (<anonymous>)
    at whiteServer.<anonymous> (H:\fancyguo-gm\server\node_modules\@babel\runtime\helpers\asyncToGenerator.js:21:12)
    at whiteServer.find (H:\fancyguo-gm\server\src\app\service\white.js:507:22)
    at _callee10$ (H:\fancyguo-gm\server\src\app\controllers\/white.js:83:33)
    at tryCatch (H:\fancyguo-gm\server\node_modules\regenerator-runtime\runtime.js:45:40)
    at Generator.invoke [as _invoke] (H:\fancyguo-gm\server\node_modules\regenerator-runtime\runtime.js:281:22)
    at Generator.prototype.<computed> [as next] (H:\fancyguo-gm\server\node_modules\regenerator-runtime\runtime.js:106:21)
    at asyncGeneratorStep (H:\fancyguo-gm\server\node_modules\@babel\runtime\helpers\asyncToGenerator.js:3:24)
    at _next (H:\fancyguo-gm\server\node_modules\@babel\runtime\helpers\asyncToGenerator.js:25:9)
    at H:\fancyguo-gm\server\node_modules\@babel\runtime\helpers\asyncToGenerator.js:32:7
    at new Promise (<anonymous>)
    at H:\fancyguo-gm\server\node_modules\@babel\runtime\helpers\asyncToGenerator.js:21:12
    at find (H:\fancyguo-gm\server\src\app\controllers\white.js:367:22)
    at dispatch (H:\fancyguo-gm\server\node_modules\koa-compose\index.js:44:32)
    at next (H:\fancyguo-gm\server\node_modules\koa-compose\index.js:45:18)
    at H:\fancyguo-gm\server\node_modules\koa-router\lib\router.js:346:16
    at dispatch (H:\fancyguo-gm\server\node_modules\koa-compose\index.js:44:32)
    at H:\fancyguo-gm\server\node_modules\koa-compose\index.js:36:12
    at dispatch (H:\fancyguo-gm\server\node_modules\koa-router\lib\router.js:351:31)
    at next (H:\fancyguo-gm\server\node_modules\koa\node_modules\koa-compose\index.js:42:32)
    at _callee$ (H:\fancyguo-gm\server\src\middleware\/index.js:48:11)
    at tryCatch (H:\fancyguo-gm\server\node_modules\regenerator-runtime\runtime.js:45:40)
    at Generator.invoke [as _invoke] (H:\fancyguo-gm\server\node_modules\regenerator-runtime\runtime.js:281:22)
    at Generator.prototype.<computed> [as next] (H:\fancyguo-gm\server\node_modules\regenerator-runtime\runtime.js:106:21)
    at asyncGeneratorStep (H:\fancyguo-gm\server\node_modules\@babel\runtime\helpers\asyncToGenerator.js:3:24)
    at _next (H:\fancyguo-gm\server\node_modules\@babel\runtime\helpers\asyncToGenerator.js:25:9)
    at H:\fancyguo-gm\server\node_modules\@babel\runtime\helpers\asyncToGenerator.js:32:7
    at new Promise (<anonymous>)
    at H:\fancyguo-gm\server\node_modules\@babel\runtime\helpers\asyncToGenerator.js:21:12
    at H:\fancyguo-gm\server\src\middleware\/index.js:43:2
*************** error log end ***************

[2020-09-14T13:40:00.457] [ERROR] errorLogger - 
*************** error log start ***************
request method: GET
request originalUrl:  /api/white/find?plaform[]=1&plaform[]=2&channel[]=%E8%85%BE%E8%AE%AF&channel[]=2&channel[]=4&channel[]=5&channel[]=6&type=&page=1&pagesize=10
request client ip:  ::ffff:127.0.0.1
request query:  {"plaform[]":["1","2"],"channel[]":["腾讯","2","4","5","6"],"type":"","page":"1","pagesize":"10","plaform":["1","2"],"channel":["腾讯","2","4","5","6"],"gameid":"1"}
response time: 1600062000456
err name: SequelizeDatabaseError
err message: 语法错误 在 "'
		select * from gm_white_user where game_id = '" 或附近的
err stack: SequelizeDatabaseError: 语法错误 在 "'
		select * from gm_white_user where game_id = '" 或附近的
    at Query.formatError (H:\fancyguo-gm\server\node_modules\sequelize\lib\dialects\postgres\query.js:366:16)
    at H:\fancyguo-gm\server\node_modules\sequelize\lib\dialects\postgres\query.js:72:18
From previous event:
    at Query.run (H:\fancyguo-gm\server\node_modules\sequelize\lib\dialects\postgres\query.js:64:23)
    at H:\fancyguo-gm\server\node_modules\sequelize\lib\sequelize.js:655:29
From previous event:
    at H:\fancyguo-gm\server\node_modules\sequelize\lib\sequelize.js:655:12
    at processImmediate (internal/timers.js:456:21)
From previous event:
    at H:\fancyguo-gm\server\node_modules\sequelize\lib\sequelize.js:651:10
    at H:\fancyguo-gm\server\node_modules\retry-as-promised\index.js:70:21
    at new Promise (<anonymous>)
    at retryAsPromised (H:\fancyguo-gm\server\node_modules\retry-as-promised\index.js:60:10)
    at H:\fancyguo-gm\server\node_modules\sequelize\lib\sequelize.js:641:30
From previous event:
    at Sequelize.query (H:\fancyguo-gm\server\node_modules\sequelize\lib\sequelize.js:590:23)
    at _callee10$ (H:\fancyguo-gm\server\src\app\service\/white.js:181:31)
    at tryCatch (H:\fancyguo-gm\server\node_modules\regenerator-runtime\runtime.js:45:40)
    at Generator.invoke [as _invoke] (H:\fancyguo-gm\server\node_modules\regenerator-runtime\runtime.js:281:22)
    at Generator.prototype.<computed> [as next] (H:\fancyguo-gm\server\node_modules\regenerator-runtime\runtime.js:106:21)
    at asyncGeneratorStep (H:\fancyguo-gm\server\node_modules\@babel\runtime\helpers\asyncToGenerator.js:3:24)
    at _next (H:\fancyguo-gm\server\node_modules\@babel\runtime\helpers\asyncToGenerator.js:25:9)
    at H:\fancyguo-gm\server\node_modules\@babel\runtime\helpers\asyncToGenerator.js:32:7
    at new Promise (<anonymous>)
    at whiteServer.<anonymous> (H:\fancyguo-gm\server\node_modules\@babel\runtime\helpers\asyncToGenerator.js:21:12)
    at whiteServer.find (H:\fancyguo-gm\server\src\app\service\white.js:507:22)
    at _callee10$ (H:\fancyguo-gm\server\src\app\controllers\/white.js:83:33)
    at tryCatch (H:\fancyguo-gm\server\node_modules\regenerator-runtime\runtime.js:45:40)
    at Generator.invoke [as _invoke] (H:\fancyguo-gm\server\node_modules\regenerator-runtime\runtime.js:281:22)
    at Generator.prototype.<computed> [as next] (H:\fancyguo-gm\server\node_modules\regenerator-runtime\runtime.js:106:21)
    at asyncGeneratorStep (H:\fancyguo-gm\server\node_modules\@babel\runtime\helpers\asyncToGenerator.js:3:24)
    at _next (H:\fancyguo-gm\server\node_modules\@babel\runtime\helpers\asyncToGenerator.js:25:9)
    at H:\fancyguo-gm\server\node_modules\@babel\runtime\helpers\asyncToGenerator.js:32:7
    at new Promise (<anonymous>)
    at H:\fancyguo-gm\server\node_modules\@babel\runtime\helpers\asyncToGenerator.js:21:12
    at find (H:\fancyguo-gm\server\src\app\controllers\white.js:367:22)
    at dispatch (H:\fancyguo-gm\server\node_modules\koa-compose\index.js:44:32)
    at next (H:\fancyguo-gm\server\node_modules\koa-compose\index.js:45:18)
    at H:\fancyguo-gm\server\node_modules\koa-router\lib\router.js:346:16
    at dispatch (H:\fancyguo-gm\server\node_modules\koa-compose\index.js:44:32)
    at H:\fancyguo-gm\server\node_modules\koa-compose\index.js:36:12
    at dispatch (H:\fancyguo-gm\server\node_modules\koa-router\lib\router.js:351:31)
    at next (H:\fancyguo-gm\server\node_modules\koa\node_modules\koa-compose\index.js:42:32)
    at _callee$ (H:\fancyguo-gm\server\src\middleware\/index.js:48:11)
    at tryCatch (H:\fancyguo-gm\server\node_modules\regenerator-runtime\runtime.js:45:40)
    at Generator.invoke [as _invoke] (H:\fancyguo-gm\server\node_modules\regenerator-runtime\runtime.js:281:22)
    at Generator.prototype.<computed> [as next] (H:\fancyguo-gm\server\node_modules\regenerator-runtime\runtime.js:106:21)
    at asyncGeneratorStep (H:\fancyguo-gm\server\node_modules\@babel\runtime\helpers\asyncToGenerator.js:3:24)
    at _next (H:\fancyguo-gm\server\node_modules\@babel\runtime\helpers\asyncToGenerator.js:25:9)
    at H:\fancyguo-gm\server\node_modules\@babel\runtime\helpers\asyncToGenerator.js:32:7
    at new Promise (<anonymous>)
    at H:\fancyguo-gm\server\node_modules\@babel\runtime\helpers\asyncToGenerator.js:21:12
    at H:\fancyguo-gm\server\src\middleware\/index.js:43:2
*************** error log end ***************

[2020-09-14T13:48:20.014] [ERROR] errorLogger - 
*************** error log start ***************
request method: GET
request originalUrl:  /api/white/find?value=1231231&page=1&pagesize=10
request client ip:  ::ffff:127.0.0.1
request query:  {"value":"1231231","page":"1","pagesize":"10","gameid":"1"}
response time: 1600062500013
err name: SequelizeDatabaseError
err message: 语法错误 在 "roleids" 或附近的
err stack: SequelizeDatabaseError: 语法错误 在 "roleids" 或附近的
    at Query.formatError (H:\fancyguo-gm\server\node_modules\sequelize\lib\dialects\postgres\query.js:366:16)
    at H:\fancyguo-gm\server\node_modules\sequelize\lib\dialects\postgres\query.js:72:18
From previous event:
    at Query.run (H:\fancyguo-gm\server\node_modules\sequelize\lib\dialects\postgres\query.js:64:23)
    at H:\fancyguo-gm\server\node_modules\sequelize\lib\sequelize.js:655:29
From previous event:
    at H:\fancyguo-gm\server\node_modules\sequelize\lib\sequelize.js:655:12
    at processImmediate (internal/timers.js:456:21)
From previous event:
    at H:\fancyguo-gm\server\node_modules\sequelize\lib\sequelize.js:651:10
    at H:\fancyguo-gm\server\node_modules\retry-as-promised\index.js:70:21
    at new Promise (<anonymous>)
    at retryAsPromised (H:\fancyguo-gm\server\node_modules\retry-as-promised\index.js:60:10)
    at H:\fancyguo-gm\server\node_modules\sequelize\lib\sequelize.js:641:30
From previous event:
    at Sequelize.query (H:\fancyguo-gm\server\node_modules\sequelize\lib\sequelize.js:590:23)
    at _callee10$ (H:\fancyguo-gm\server\src\app\service\/white.js:177:31)
    at tryCatch (H:\fancyguo-gm\server\node_modules\regenerator-runtime\runtime.js:45:40)
    at Generator.invoke [as _invoke] (H:\fancyguo-gm\server\node_modules\regenerator-runtime\runtime.js:281:22)
    at Generator.prototype.<computed> [as next] (H:\fancyguo-gm\server\node_modules\regenerator-runtime\runtime.js:106:21)
    at asyncGeneratorStep (H:\fancyguo-gm\server\node_modules\@babel\runtime\helpers\asyncToGenerator.js:3:24)
    at _next (H:\fancyguo-gm\server\node_modules\@babel\runtime\helpers\asyncToGenerator.js:25:9)
    at H:\fancyguo-gm\server\node_modules\@babel\runtime\helpers\asyncToGenerator.js:32:7
    at new Promise (<anonymous>)
    at whiteServer.<anonymous> (H:\fancyguo-gm\server\node_modules\@babel\runtime\helpers\asyncToGenerator.js:21:12)
    at whiteServer.find (H:\fancyguo-gm\server\src\app\service\white.js:506:22)
    at _callee10$ (H:\fancyguo-gm\server\src\app\controllers\/white.js:83:33)
    at tryCatch (H:\fancyguo-gm\server\node_modules\regenerator-runtime\runtime.js:45:40)
    at Generator.invoke [as _invoke] (H:\fancyguo-gm\server\node_modules\regenerator-runtime\runtime.js:281:22)
    at Generator.prototype.<computed> [as next] (H:\fancyguo-gm\server\node_modules\regenerator-runtime\runtime.js:106:21)
    at asyncGeneratorStep (H:\fancyguo-gm\server\node_modules\@babel\runtime\helpers\asyncToGenerator.js:3:24)
    at _next (H:\fancyguo-gm\server\node_modules\@babel\runtime\helpers\asyncToGenerator.js:25:9)
    at H:\fancyguo-gm\server\node_modules\@babel\runtime\helpers\asyncToGenerator.js:32:7
    at new Promise (<anonymous>)
    at H:\fancyguo-gm\server\node_modules\@babel\runtime\helpers\asyncToGenerator.js:21:12
    at find (H:\fancyguo-gm\server\src\app\controllers\white.js:367:22)
    at dispatch (H:\fancyguo-gm\server\node_modules\koa-compose\index.js:44:32)
    at next (H:\fancyguo-gm\server\node_modules\koa-compose\index.js:45:18)
    at H:\fancyguo-gm\server\node_modules\koa-router\lib\router.js:346:16
    at dispatch (H:\fancyguo-gm\server\node_modules\koa-compose\index.js:44:32)
    at H:\fancyguo-gm\server\node_modules\koa-compose\index.js:36:12
    at dispatch (H:\fancyguo-gm\server\node_modules\koa-router\lib\router.js:351:31)
    at next (H:\fancyguo-gm\server\node_modules\koa\node_modules\koa-compose\index.js:42:32)
    at _callee$ (H:\fancyguo-gm\server\src\middleware\/index.js:48:11)
    at tryCatch (H:\fancyguo-gm\server\node_modules\regenerator-runtime\runtime.js:45:40)
    at Generator.invoke [as _invoke] (H:\fancyguo-gm\server\node_modules\regenerator-runtime\runtime.js:281:22)
    at Generator.prototype.<computed> [as next] (H:\fancyguo-gm\server\node_modules\regenerator-runtime\runtime.js:106:21)
    at asyncGeneratorStep (H:\fancyguo-gm\server\node_modules\@babel\runtime\helpers\asyncToGenerator.js:3:24)
    at _next (H:\fancyguo-gm\server\node_modules\@babel\runtime\helpers\asyncToGenerator.js:25:9)
    at H:\fancyguo-gm\server\node_modules\@babel\runtime\helpers\asyncToGenerator.js:32:7
    at new Promise (<anonymous>)
    at H:\fancyguo-gm\server\node_modules\@babel\runtime\helpers\asyncToGenerator.js:21:12
    at H:\fancyguo-gm\server\src\middleware\/index.js:43:2
*************** error log end ***************

[2020-09-14T13:48:26.501] [ERROR] errorLogger - 
*************** error log start ***************
request method: GET
request originalUrl:  /api/white/find?value=15998194741&page=1&pagesize=10
request client ip:  ::ffff:127.0.0.1
request query:  {"value":"15998194741","page":"1","pagesize":"10","gameid":"1"}
response time: 1600062506501
err name: SequelizeDatabaseError
err message: 语法错误 在 "roleids" 或附近的
err stack: SequelizeDatabaseError: 语法错误 在 "roleids" 或附近的
    at Query.formatError (H:\fancyguo-gm\server\node_modules\sequelize\lib\dialects\postgres\query.js:366:16)
    at H:\fancyguo-gm\server\node_modules\sequelize\lib\dialects\postgres\query.js:72:18
From previous event:
    at Query.run (H:\fancyguo-gm\server\node_modules\sequelize\lib\dialects\postgres\query.js:64:23)
    at H:\fancyguo-gm\server\node_modules\sequelize\lib\sequelize.js:655:29
From previous event:
    at H:\fancyguo-gm\server\node_modules\sequelize\lib\sequelize.js:655:12
    at processImmediate (internal/timers.js:456:21)
From previous event:
    at H:\fancyguo-gm\server\node_modules\sequelize\lib\sequelize.js:651:10
    at H:\fancyguo-gm\server\node_modules\retry-as-promised\index.js:70:21
    at new Promise (<anonymous>)
    at retryAsPromised (H:\fancyguo-gm\server\node_modules\retry-as-promised\index.js:60:10)
    at H:\fancyguo-gm\server\node_modules\sequelize\lib\sequelize.js:641:30
From previous event:
    at Sequelize.query (H:\fancyguo-gm\server\node_modules\sequelize\lib\sequelize.js:590:23)
    at _callee10$ (H:\fancyguo-gm\server\src\app\service\/white.js:177:31)
    at tryCatch (H:\fancyguo-gm\server\node_modules\regenerator-runtime\runtime.js:45:40)
    at Generator.invoke [as _invoke] (H:\fancyguo-gm\server\node_modules\regenerator-runtime\runtime.js:281:22)
    at Generator.prototype.<computed> [as next] (H:\fancyguo-gm\server\node_modules\regenerator-runtime\runtime.js:106:21)
    at asyncGeneratorStep (H:\fancyguo-gm\server\node_modules\@babel\runtime\helpers\asyncToGenerator.js:3:24)
    at _next (H:\fancyguo-gm\server\node_modules\@babel\runtime\helpers\asyncToGenerator.js:25:9)
    at H:\fancyguo-gm\server\node_modules\@babel\runtime\helpers\asyncToGenerator.js:32:7
    at new Promise (<anonymous>)
    at whiteServer.<anonymous> (H:\fancyguo-gm\server\node_modules\@babel\runtime\helpers\asyncToGenerator.js:21:12)
    at whiteServer.find (H:\fancyguo-gm\server\src\app\service\white.js:506:22)
    at _callee10$ (H:\fancyguo-gm\server\src\app\controllers\/white.js:83:33)
    at tryCatch (H:\fancyguo-gm\server\node_modules\regenerator-runtime\runtime.js:45:40)
    at Generator.invoke [as _invoke] (H:\fancyguo-gm\server\node_modules\regenerator-runtime\runtime.js:281:22)
    at Generator.prototype.<computed> [as next] (H:\fancyguo-gm\server\node_modules\regenerator-runtime\runtime.js:106:21)
    at asyncGeneratorStep (H:\fancyguo-gm\server\node_modules\@babel\runtime\helpers\asyncToGenerator.js:3:24)
    at _next (H:\fancyguo-gm\server\node_modules\@babel\runtime\helpers\asyncToGenerator.js:25:9)
    at H:\fancyguo-gm\server\node_modules\@babel\runtime\helpers\asyncToGenerator.js:32:7
    at new Promise (<anonymous>)
    at H:\fancyguo-gm\server\node_modules\@babel\runtime\helpers\asyncToGenerator.js:21:12
    at find (H:\fancyguo-gm\server\src\app\controllers\white.js:367:22)
    at dispatch (H:\fancyguo-gm\server\node_modules\koa-compose\index.js:44:32)
    at next (H:\fancyguo-gm\server\node_modules\koa-compose\index.js:45:18)
    at H:\fancyguo-gm\server\node_modules\koa-router\lib\router.js:346:16
    at dispatch (H:\fancyguo-gm\server\node_modules\koa-compose\index.js:44:32)
    at H:\fancyguo-gm\server\node_modules\koa-compose\index.js:36:12
    at dispatch (H:\fancyguo-gm\server\node_modules\koa-router\lib\router.js:351:31)
    at next (H:\fancyguo-gm\server\node_modules\koa\node_modules\koa-compose\index.js:42:32)
    at _callee$ (H:\fancyguo-gm\server\src\middleware\/index.js:48:11)
    at tryCatch (H:\fancyguo-gm\server\node_modules\regenerator-runtime\runtime.js:45:40)
    at Generator.invoke [as _invoke] (H:\fancyguo-gm\server\node_modules\regenerator-runtime\runtime.js:281:22)
    at Generator.prototype.<computed> [as next] (H:\fancyguo-gm\server\node_modules\regenerator-runtime\runtime.js:106:21)
    at asyncGeneratorStep (H:\fancyguo-gm\server\node_modules\@babel\runtime\helpers\asyncToGenerator.js:3:24)
    at _next (H:\fancyguo-gm\server\node_modules\@babel\runtime\helpers\asyncToGenerator.js:25:9)
    at H:\fancyguo-gm\server\node_modules\@babel\runtime\helpers\asyncToGenerator.js:32:7
    at new Promise (<anonymous>)
    at H:\fancyguo-gm\server\node_modules\@babel\runtime\helpers\asyncToGenerator.js:21:12
    at H:\fancyguo-gm\server\src\middleware\/index.js:43:2
*************** error log end ***************

[2020-09-14T13:48:32.717] [ERROR] errorLogger - 
*************** error log start ***************
request method: GET
request originalUrl:  /api/white/find?value=15998194741&page=1&pagesize=10
request client ip:  ::ffff:127.0.0.1
request query:  {"value":"15998194741","page":"1","pagesize":"10","gameid":"1"}
response time: 1600062512717
err name: SequelizeDatabaseError
err message: 语法错误 在 "roleids" 或附近的
err stack: SequelizeDatabaseError: 语法错误 在 "roleids" 或附近的
    at Query.formatError (H:\fancyguo-gm\server\node_modules\sequelize\lib\dialects\postgres\query.js:366:16)
    at H:\fancyguo-gm\server\node_modules\sequelize\lib\dialects\postgres\query.js:72:18
From previous event:
    at Query.run (H:\fancyguo-gm\server\node_modules\sequelize\lib\dialects\postgres\query.js:64:23)
    at H:\fancyguo-gm\server\node_modules\sequelize\lib\sequelize.js:655:29
From previous event:
    at H:\fancyguo-gm\server\node_modules\sequelize\lib\sequelize.js:655:12
    at processImmediate (internal/timers.js:456:21)
From previous event:
    at H:\fancyguo-gm\server\node_modules\sequelize\lib\sequelize.js:651:10
    at H:\fancyguo-gm\server\node_modules\retry-as-promised\index.js:70:21
    at new Promise (<anonymous>)
    at retryAsPromised (H:\fancyguo-gm\server\node_modules\retry-as-promised\index.js:60:10)
    at H:\fancyguo-gm\server\node_modules\sequelize\lib\sequelize.js:641:30
From previous event:
    at Sequelize.query (H:\fancyguo-gm\server\node_modules\sequelize\lib\sequelize.js:590:23)
    at _callee10$ (H:\fancyguo-gm\server\src\app\service\/white.js:177:31)
    at tryCatch (H:\fancyguo-gm\server\node_modules\regenerator-runtime\runtime.js:45:40)
    at Generator.invoke [as _invoke] (H:\fancyguo-gm\server\node_modules\regenerator-runtime\runtime.js:281:22)
    at Generator.prototype.<computed> [as next] (H:\fancyguo-gm\server\node_modules\regenerator-runtime\runtime.js:106:21)
    at asyncGeneratorStep (H:\fancyguo-gm\server\node_modules\@babel\runtime\helpers\asyncToGenerator.js:3:24)
    at _next (H:\fancyguo-gm\server\node_modules\@babel\runtime\helpers\asyncToGenerator.js:25:9)
    at H:\fancyguo-gm\server\node_modules\@babel\runtime\helpers\asyncToGenerator.js:32:7
    at new Promise (<anonymous>)
    at whiteServer.<anonymous> (H:\fancyguo-gm\server\node_modules\@babel\runtime\helpers\asyncToGenerator.js:21:12)
    at whiteServer.find (H:\fancyguo-gm\server\src\app\service\white.js:506:22)
    at _callee10$ (H:\fancyguo-gm\server\src\app\controllers\/white.js:83:33)
    at tryCatch (H:\fancyguo-gm\server\node_modules\regenerator-runtime\runtime.js:45:40)
    at Generator.invoke [as _invoke] (H:\fancyguo-gm\server\node_modules\regenerator-runtime\runtime.js:281:22)
    at Generator.prototype.<computed> [as next] (H:\fancyguo-gm\server\node_modules\regenerator-runtime\runtime.js:106:21)
    at asyncGeneratorStep (H:\fancyguo-gm\server\node_modules\@babel\runtime\helpers\asyncToGenerator.js:3:24)
    at _next (H:\fancyguo-gm\server\node_modules\@babel\runtime\helpers\asyncToGenerator.js:25:9)
    at H:\fancyguo-gm\server\node_modules\@babel\runtime\helpers\asyncToGenerator.js:32:7
    at new Promise (<anonymous>)
    at H:\fancyguo-gm\server\node_modules\@babel\runtime\helpers\asyncToGenerator.js:21:12
    at find (H:\fancyguo-gm\server\src\app\controllers\white.js:367:22)
    at dispatch (H:\fancyguo-gm\server\node_modules\koa-compose\index.js:44:32)
    at next (H:\fancyguo-gm\server\node_modules\koa-compose\index.js:45:18)
    at H:\fancyguo-gm\server\node_modules\koa-router\lib\router.js:346:16
    at dispatch (H:\fancyguo-gm\server\node_modules\koa-compose\index.js:44:32)
    at H:\fancyguo-gm\server\node_modules\koa-compose\index.js:36:12
    at dispatch (H:\fancyguo-gm\server\node_modules\koa-router\lib\router.js:351:31)
    at next (H:\fancyguo-gm\server\node_modules\koa\node_modules\koa-compose\index.js:42:32)
    at _callee$ (H:\fancyguo-gm\server\src\middleware\/index.js:48:11)
    at tryCatch (H:\fancyguo-gm\server\node_modules\regenerator-runtime\runtime.js:45:40)
    at Generator.invoke [as _invoke] (H:\fancyguo-gm\server\node_modules\regenerator-runtime\runtime.js:281:22)
    at Generator.prototype.<computed> [as next] (H:\fancyguo-gm\server\node_modules\regenerator-runtime\runtime.js:106:21)
    at asyncGeneratorStep (H:\fancyguo-gm\server\node_modules\@babel\runtime\helpers\asyncToGenerator.js:3:24)
    at _next (H:\fancyguo-gm\server\node_modules\@babel\runtime\helpers\asyncToGenerator.js:25:9)
    at H:\fancyguo-gm\server\node_modules\@babel\runtime\helpers\asyncToGenerator.js:32:7
    at new Promise (<anonymous>)
    at H:\fancyguo-gm\server\node_modules\@babel\runtime\helpers\asyncToGenerator.js:21:12
    at H:\fancyguo-gm\server\src\middleware\/index.js:43:2
*************** error log end ***************

[2020-09-14T13:49:05.050] [ERROR] errorLogger - 
*************** error log start ***************
request method: GET
request originalUrl:  /api/white/find?value=15998194741&page=1&pagesize=10
request client ip:  ::ffff:127.0.0.1
request query:  {"value":"15998194741","page":"1","pagesize":"10","gameid":"1"}
response time: 1600062545049
err name: SequelizeDatabaseError
err message: 语法错误 在 "roleids" 或附近的
err stack: SequelizeDatabaseError: 语法错误 在 "roleids" 或附近的
    at Query.formatError (H:\fancyguo-gm\server\node_modules\sequelize\lib\dialects\postgres\query.js:366:16)
    at H:\fancyguo-gm\server\node_modules\sequelize\lib\dialects\postgres\query.js:72:18
From previous event:
    at Query.run (H:\fancyguo-gm\server\node_modules\sequelize\lib\dialects\postgres\query.js:64:23)
    at H:\fancyguo-gm\server\node_modules\sequelize\lib\sequelize.js:655:29
From previous event:
    at H:\fancyguo-gm\server\node_modules\sequelize\lib\sequelize.js:655:12
    at processImmediate (internal/timers.js:456:21)
From previous event:
    at H:\fancyguo-gm\server\node_modules\sequelize\lib\sequelize.js:651:10
    at H:\fancyguo-gm\server\node_modules\retry-as-promised\index.js:70:21
    at new Promise (<anonymous>)
    at retryAsPromised (H:\fancyguo-gm\server\node_modules\retry-as-promised\index.js:60:10)
    at H:\fancyguo-gm\server\node_modules\sequelize\lib\sequelize.js:641:30
From previous event:
    at Sequelize.query (H:\fancyguo-gm\server\node_modules\sequelize\lib\sequelize.js:590:23)
    at _callee10$ (H:\fancyguo-gm\server\src\app\service\/white.js:177:31)
    at tryCatch (H:\fancyguo-gm\server\node_modules\regenerator-runtime\runtime.js:45:40)
    at Generator.invoke [as _invoke] (H:\fancyguo-gm\server\node_modules\regenerator-runtime\runtime.js:281:22)
    at Generator.prototype.<computed> [as next] (H:\fancyguo-gm\server\node_modules\regenerator-runtime\runtime.js:106:21)
    at asyncGeneratorStep (H:\fancyguo-gm\server\node_modules\@babel\runtime\helpers\asyncToGenerator.js:3:24)
    at _next (H:\fancyguo-gm\server\node_modules\@babel\runtime\helpers\asyncToGenerator.js:25:9)
    at H:\fancyguo-gm\server\node_modules\@babel\runtime\helpers\asyncToGenerator.js:32:7
    at new Promise (<anonymous>)
    at whiteServer.<anonymous> (H:\fancyguo-gm\server\node_modules\@babel\runtime\helpers\asyncToGenerator.js:21:12)
    at whiteServer.find (H:\fancyguo-gm\server\src\app\service\white.js:506:22)
    at _callee10$ (H:\fancyguo-gm\server\src\app\controllers\/white.js:83:33)
    at tryCatch (H:\fancyguo-gm\server\node_modules\regenerator-runtime\runtime.js:45:40)
    at Generator.invoke [as _invoke] (H:\fancyguo-gm\server\node_modules\regenerator-runtime\runtime.js:281:22)
    at Generator.prototype.<computed> [as next] (H:\fancyguo-gm\server\node_modules\regenerator-runtime\runtime.js:106:21)
    at asyncGeneratorStep (H:\fancyguo-gm\server\node_modules\@babel\runtime\helpers\asyncToGenerator.js:3:24)
    at _next (H:\fancyguo-gm\server\node_modules\@babel\runtime\helpers\asyncToGenerator.js:25:9)
    at H:\fancyguo-gm\server\node_modules\@babel\runtime\helpers\asyncToGenerator.js:32:7
    at new Promise (<anonymous>)
    at H:\fancyguo-gm\server\node_modules\@babel\runtime\helpers\asyncToGenerator.js:21:12
    at find (H:\fancyguo-gm\server\src\app\controllers\white.js:367:22)
    at dispatch (H:\fancyguo-gm\server\node_modules\koa-compose\index.js:44:32)
    at next (H:\fancyguo-gm\server\node_modules\koa-compose\index.js:45:18)
    at H:\fancyguo-gm\server\node_modules\koa-router\lib\router.js:346:16
    at dispatch (H:\fancyguo-gm\server\node_modules\koa-compose\index.js:44:32)
    at H:\fancyguo-gm\server\node_modules\koa-compose\index.js:36:12
    at dispatch (H:\fancyguo-gm\server\node_modules\koa-router\lib\router.js:351:31)
    at next (H:\fancyguo-gm\server\node_modules\koa\node_modules\koa-compose\index.js:42:32)
    at _callee$ (H:\fancyguo-gm\server\src\middleware\/index.js:48:11)
    at tryCatch (H:\fancyguo-gm\server\node_modules\regenerator-runtime\runtime.js:45:40)
    at Generator.invoke [as _invoke] (H:\fancyguo-gm\server\node_modules\regenerator-runtime\runtime.js:281:22)
    at Generator.prototype.<computed> [as next] (H:\fancyguo-gm\server\node_modules\regenerator-runtime\runtime.js:106:21)
    at asyncGeneratorStep (H:\fancyguo-gm\server\node_modules\@babel\runtime\helpers\asyncToGenerator.js:3:24)
    at _next (H:\fancyguo-gm\server\node_modules\@babel\runtime\helpers\asyncToGenerator.js:25:9)
    at H:\fancyguo-gm\server\node_modules\@babel\runtime\helpers\asyncToGenerator.js:32:7
    at new Promise (<anonymous>)
    at H:\fancyguo-gm\server\node_modules\@babel\runtime\helpers\asyncToGenerator.js:21:12
    at H:\fancyguo-gm\server\src\middleware\/index.js:43:2
*************** error log end ***************

