[2020-11-18T11:24:15.713] [ERROR] errorLogger - 
*************** error log start ***************
request method: PUT
request originalUrl:  /api/character/BannedAskCancel
request client ip:  ::ffff:127.0.0.1
request body: 
{"value":[{"user_id":776414477533188100,"event_name":"Logout","event_time":"2020-11-12 13:45:51.932","app_id":"ba36ec84b57a4057adb5db94a7e1b2b1","account_id":"99998|dj","distinct_id":"5DEA2D56-EF0B-43B3-9054-5A64BBACD208","server_time":"2020-11-12 13:46:53.878","kafka_offset":18655186,"country_code":"CN","ip":"123.121.13.160","serverid":"99998","server_version":"server_73131.zip","timestamp":"2020-11-12 13:45:51","province":"北京","country":null,"channel":"0","roleid":"799998","platform":"Android","machine":"iPhone11,6","system":"Android14.1","loader_step":null,"city":"北京","guild_id":0,"sum_online":6,"reg_time":"2020-11-12 11:52:54.247","weapon_type":"双轮","ttime":407,"sum_recharge":"0","vip_level":"0","role_name":"[99998]艾咪特丽莎","createtime":null,"oldsid":"99998","server_id":"99998","role_id":"799998","role_attributes":null,"guild_name":"","force":1975,"role_gender":"女","sum_logindays":1,"role_class":"控术师","level":"3","task_step":null,"task_id":null,"log_type":1,"heartbeat":null,"change_force":null,"now_force":null,"grownsys_name_en":null,"grownsys_name_cn":null,"after_level":null,"object_type":null,"object_id":null,"object_status_id":null,"object_number":null,"object_method_cn":null,"object_name":null,"object_total":null,"object_method_en":null,"grownsys_level":null,"grownsys_unit_cn":null,"grownsys_part_cn":null,"tut_name":null,"tut_step":null,"regtime":"2020-11-12T03:52:54.000Z","onlinesum":null,"targets":null,"kill":null,"battle_status":null,"zone_id":null,"battle_result":null,"user":null,"game_time":668,"guild":null,"game_name_cn":null,"event_type":null,"subid":null,"milestone_id":null,"star":null,"store_open":null,"mall_entrance":null,"old_wtype":null,"grownsys_change_force":null,"parent_mall":null,"chat_content":null,"chat_channel_cn":null,"channel_order":null,"client_order":null,"recharge_status":null,"commodity_name":null,"currency":null,"commodity_id":null,"recharge_type":null,"money":null,"sdk_order":null,"type":null,"category":null,"status":1,"in_order":null,"create_time":"2020-11-17T10:17:20.721Z","$part_event":"Logout","$part_date":"2020-11-12","id":183,"create_user_id":null,"update_user_id":null,"gameid":13,"update_time":"2020-11-12T05:45:51.000Z","banned_type":"2","banned_area":"2","banned_reason":"123","banned_time":"1123","stime":"2020-11-17T18:17:21.000Z","servername":"undefined"}],"gameid":"13"}
response time: 1605669855713
err name: Error
err message: seneca: [TIMEOUT] Action  timed out. Timeout was: 22222 (start: 1605669833302, end: 1605669855557. Message was: {
  module: 'char',
  char: 'BannedAskCancel',
  args: { query: undefined, body: { value: [Array], gameid: '13' } }
}.
err stack: Error: seneca: [TIMEOUT] Action  timed out. Timeout was: 22222 (start: 1605669833302, end: 1605669855557. Message was: {
  module: 'char',
  char: 'BannedAskCancel',
  args: { query: undefined, body: { value: [Array], gameid: '13' } }
}.
    at Object.errormaker (H:\致命代码\fancyguo-gm\server\node_modules\eraro\eraro.js:112:15)
    at Object.act_tm [as ontm] (H:\致命代码\fancyguo-gm\server\node_modules\seneca\lib\act.js:86:32)
    at Timeout.timeout_check [as _onTimeout] (H:\致命代码\fancyguo-gm\server\node_modules\gate-executor\gate-executor.js:207:16)
    at listOnTimeout (internal/timers.js:549:17)
    at processTimers (internal/timers.js:492:7)
From previous event:
    at SenecaClient._callee$ (H:\致命代码\fancyguo-gm\server\src\xiaolu\/senecaclient.js:16:21)
    at tryCatch (H:\致命代码\fancyguo-gm\server\node_modules\regenerator-runtime\runtime.js:45:40)
    at Generator.invoke [as _invoke] (H:\致命代码\fancyguo-gm\server\node_modules\regenerator-runtime\runtime.js:281:22)
    at Generator.prototype.<computed> [as next] (H:\致命代码\fancyguo-gm\server\node_modules\regenerator-runtime\runtime.js:106:21)
    at asyncGeneratorStep (H:\致命代码\fancyguo-gm\server\node_modules\@babel\runtime\helpers\asyncToGenerator.js:3:24)
    at _next (H:\致命代码\fancyguo-gm\server\node_modules\@babel\runtime\helpers\asyncToGenerator.js:25:9)
    at H:\致命代码\fancyguo-gm\server\node_modules\@babel\runtime\helpers\asyncToGenerator.js:32:7
    at new Promise (<anonymous>)
    at SenecaClient.<anonymous> (H:\致命代码\fancyguo-gm\server\node_modules\@babel\runtime\helpers\asyncToGenerator.js:21:12)
    at SenecaClient.get (H:\致命代码\fancyguo-gm\server\src\xiaolu\senecaclient.js:86:21)
    at CharacterService._callee11$ (H:\致命代码\fancyguo-gm\server\src\app\service\/Character.js:355:48)
    at tryCatch (H:\致命代码\fancyguo-gm\server\node_modules\regenerator-runtime\runtime.js:45:40)
    at Generator.invoke [as _invoke] (H:\致命代码\fancyguo-gm\server\node_modules\regenerator-runtime\runtime.js:281:22)
    at Generator.prototype.<computed> [as next] (H:\致命代码\fancyguo-gm\server\node_modules\regenerator-runtime\runtime.js:106:21)
    at asyncGeneratorStep (H:\致命代码\fancyguo-gm\server\node_modules\@babel\runtime\helpers\asyncToGenerator.js:3:24)
    at _next (H:\致命代码\fancyguo-gm\server\node_modules\@babel\runtime\helpers\asyncToGenerator.js:25:9)
    at H:\致命代码\fancyguo-gm\server\node_modules\@babel\runtime\helpers\asyncToGenerator.js:32:7
    at new Promise (<anonymous>)
    at CharacterService.<anonymous> (H:\致命代码\fancyguo-gm\server\node_modules\@babel\runtime\helpers\asyncToGenerator.js:21:12)
    at CharacterService.BannedAskCancel (H:\致命代码\fancyguo-gm\server\src\app\service\Character.js:691:33)
    at _callee10$ (H:\致命代码\fancyguo-gm\server\src\app\controllers\/Character.js:88:39)
    at tryCatch (H:\致命代码\fancyguo-gm\server\node_modules\regenerator-runtime\runtime.js:45:40)
    at Generator.invoke [as _invoke] (H:\致命代码\fancyguo-gm\server\node_modules\regenerator-runtime\runtime.js:281:22)
    at Generator.prototype.<computed> [as next] (H:\致命代码\fancyguo-gm\server\node_modules\regenerator-runtime\runtime.js:106:21)
    at asyncGeneratorStep (H:\致命代码\fancyguo-gm\server\node_modules\@babel\runtime\helpers\asyncToGenerator.js:3:24)
    at _next (H:\致命代码\fancyguo-gm\server\node_modules\@babel\runtime\helpers\asyncToGenerator.js:25:9)
    at H:\致命代码\fancyguo-gm\server\node_modules\@babel\runtime\helpers\asyncToGenerator.js:32:7
    at new Promise (<anonymous>)
    at H:\致命代码\fancyguo-gm\server\node_modules\@babel\runtime\helpers\asyncToGenerator.js:21:12
    at BannedAskCancel (H:\致命代码\fancyguo-gm\server\src\app\controllers\Character.js:390:33)
    at dispatch (H:\致命代码\fancyguo-gm\server\node_modules\koa-compose\index.js:44:32)
    at next (H:\致命代码\fancyguo-gm\server\node_modules\koa-compose\index.js:45:18)
    at H:\致命代码\fancyguo-gm\server\node_modules\koa-router\lib\router.js:346:16
    at dispatch (H:\致命代码\fancyguo-gm\server\node_modules\koa-compose\index.js:44:32)
    at H:\致命代码\fancyguo-gm\server\node_modules\koa-compose\index.js:36:12
    at dispatch (H:\致命代码\fancyguo-gm\server\node_modules\koa-router\lib\router.js:351:31)
    at next (H:\致命代码\fancyguo-gm\server\node_modules\koa\node_modules\koa-compose\index.js:42:32)
    at _callee$ (H:\致命代码\fancyguo-gm\server\src\middleware\/index.js:47:11)
*************** error log end ***************

